<?xml version="1.0" encoding="UTF-8"?>
<testsuites name="test_suite_for_excel_automation" time="1261.158" tests="1" failures="0" errors="0">
   <testsuite name="test_suite_for_excel_automation" tests="1" failures="0" errors="0" time="1261.158" skipped="0" timestamp="12-08-2024T16:36:42" hostname="DELL - host.docker.internal" id="Test Suites/test_suite_for_excel_automation">
      <properties>
         <property name="deviceName" value=""/>
         <property name="devicePlatform"/>
         <property name="logFolder" value="C:\\Users\\DELL\\git\\excel_automation\\Reports\\20240812_163639\\test_suite_for_excel_automation\\20240812_163639"/>
         <property name="logFiles" value="C:\\Users\\DELL\\git\\excel_automation\\Reports\\20240812_163639\\test_suite_for_excel_automation\\20240812_163639\\execution0.log"/>
         <property name="attachments" value=""/>
         <property name="hostName" value="DELL - host.docker.internal"/>
         <property name="os" value="Windows 11 64bit"/>
         <property name="katalonVersion" value="9.5.0.217"/>
         <property name="browser" value="Chrome 127.0.0.0"/>
         <property name="hostAddress" value="192.168.31.251"/>
         <property name="sessionId" value="be1d25f2833a111c600a74bb92888f9c"/>
         <property name="seleniumVersion" value="3.141.59"/>
         <property name="proxyInformation" value="ProxyInformation { proxyOption=NO_PROXY, proxyServerType=HTTP, username=, password=********, proxyServerAddress=, proxyServerPort=0, executionList=&quot;&quot;, isApplyToDesiredCapabilities=true }"/>
         <property name="platform" value="Windows 11"/>
      </properties>
      <testcase name="Test Cases/test_case_for_excel_automation" time="1260.968" classname="Test Cases/test_case_for_excel_automation" status="PASSED">
         <system-out><![CDATA[12-08-2024T16:36:43 - [TEST_CASE][PASSED] - Test Cases/test_case_for_excel_automation: Test Cases/test_case_for_excel_automation

12-08-2024T16:36:43 - [TEST_STEP][PASSED] - callTestCase(findTestCase("LOGIN_TEST_CASE_FOR_ORANGE_HRM"), [:], STOP_ON_FAILURE): Call Test Case 'Test Cases/LOGIN_TEST_CASE_FOR_ORANGE_HRM' successfully

12-08-2024T16:36:43 - [TEST_CASE][PASSED] - Test Cases/LOGIN_TEST_CASE_FOR_ORANGE_HRM: Test Cases/LOGIN_TEST_CASE_FOR_ORANGE_HRM

12-08-2024T16:36:44 - [TEST_STEP][PASSED] - openBrowser(""): Browser is opened with url: ''

12-08-2024T16:36:44 - [MESSAGE][INFO] - Starting 'Chrome' driver

12-08-2024T16:36:44 - [MESSAGE][INFO] - Action delay is set to 0 milliseconds

12-08-2024T16:36:45 - [MESSAGE][PASSED] - Browser is opened with url: ''

12-08-2024T16:36:45 - [TEST_STEP][PASSED] - maximizeWindow(): Current window maximized

12-08-2024T16:36:45 - [MESSAGE][PASSED] - Current window maximized

12-08-2024T16:36:45 - [TEST_STEP][PASSED] - navigateToUrl("https://opensource-demo.orangehrmlive.com/web/index.php/auth/login"): Navigate to 'https://opensource-demo.orangehrmlive.com/web/index.php/auth/login' successfully

12-08-2024T16:37:14 - [MESSAGE][PASSED] - Navigate to 'https://opensource-demo.orangehrmlive.com/web/index.php/auth/login' successfully

12-08-2024T16:37:14 - [TEST_STEP][PASSED] - verifyElementPresent(findTestObject("Object Repository/LOGIN_TEST_CASE_FOR_ORANGE_HRM/username_text_box_login_page"), 10): Object 'Object Repository/LOGIN_TEST_CASE_FOR_ORANGE_HRM/username_text_box_login_page' is present

12-08-2024T16:37:16 - [MESSAGE][PASSED] - Object 'Object Repository/LOGIN_TEST_CASE_FOR_ORANGE_HRM/username_text_box_login_page' is present

12-08-2024T16:37:16 - [TEST_STEP][PASSED] - click(findTestObject("Object Repository/LOGIN_TEST_CASE_FOR_ORANGE_HRM/username_text_box_login_page")): Object: 'Object Repository/LOGIN_TEST_CASE_FOR_ORANGE_HRM/username_text_box_login_page' is clicked on

12-08-2024T16:37:17 - [MESSAGE][PASSED] - Object: 'Object Repository/LOGIN_TEST_CASE_FOR_ORANGE_HRM/username_text_box_login_page' is clicked on

12-08-2024T16:37:17 - [TEST_STEP][PASSED] - setText(findTestObject("Object Repository/LOGIN_TEST_CASE_FOR_ORANGE_HRM/username_text_box_login_page"), "Admin"): Text 'Admin' is set on object 'Object Repository/LOGIN_TEST_CASE_FOR_ORANGE_HRM/username_text_box_login_page'

12-08-2024T16:37:17 - [MESSAGE][PASSED] - Text 'Admin' is set on object 'Object Repository/LOGIN_TEST_CASE_FOR_ORANGE_HRM/username_text_box_login_page'

12-08-2024T16:37:17 - [TEST_STEP][PASSED] - verifyElementPresent(findTestObject("Object Repository/LOGIN_TEST_CASE_FOR_ORANGE_HRM/password_text_box_for_login_page"), 10): Object 'Object Repository/LOGIN_TEST_CASE_FOR_ORANGE_HRM/password_text_box_for_login_page' is present

12-08-2024T16:37:18 - [MESSAGE][PASSED] - Object 'Object Repository/LOGIN_TEST_CASE_FOR_ORANGE_HRM/password_text_box_for_login_page' is present

12-08-2024T16:37:18 - [TEST_STEP][PASSED] - click(findTestObject("Object Repository/LOGIN_TEST_CASE_FOR_ORANGE_HRM/password_text_box_for_login_page")): Object: 'Object Repository/LOGIN_TEST_CASE_FOR_ORANGE_HRM/password_text_box_for_login_page' is clicked on

12-08-2024T16:37:18 - [MESSAGE][PASSED] - Object: 'Object Repository/LOGIN_TEST_CASE_FOR_ORANGE_HRM/password_text_box_for_login_page' is clicked on

12-08-2024T16:37:18 - [TEST_STEP][PASSED] - setText(findTestObject("Object Repository/LOGIN_TEST_CASE_FOR_ORANGE_HRM/password_text_box_for_login_page"), "admin123"): Text 'admin123' is set on object 'Object Repository/LOGIN_TEST_CASE_FOR_ORANGE_HRM/password_text_box_for_login_page'

12-08-2024T16:37:19 - [MESSAGE][PASSED] - Text 'admin123' is set on object 'Object Repository/LOGIN_TEST_CASE_FOR_ORANGE_HRM/password_text_box_for_login_page'

12-08-2024T16:37:19 - [TEST_STEP][PASSED] - verifyElementPresent(findTestObject("Object Repository/LOGIN_TEST_CASE_FOR_ORANGE_HRM/login_button_for_login_page"), 0): Object 'Object Repository/LOGIN_TEST_CASE_FOR_ORANGE_HRM/login_button_for_login_page' is present

12-08-2024T16:37:19 - [MESSAGE][WARNING] - Timeout '0' is invalid. Using default page load timeout: '30'

12-08-2024T16:37:19 - [MESSAGE][PASSED] - Object 'Object Repository/LOGIN_TEST_CASE_FOR_ORANGE_HRM/login_button_for_login_page' is present

12-08-2024T16:37:19 - [TEST_STEP][PASSED] - click(findTestObject("Object Repository/LOGIN_TEST_CASE_FOR_ORANGE_HRM/login_button_for_login_page")): Object: 'Object Repository/LOGIN_TEST_CASE_FOR_ORANGE_HRM/login_button_for_login_page' is clicked on

12-08-2024T16:37:21 - [MESSAGE][PASSED] - Object: 'Object Repository/LOGIN_TEST_CASE_FOR_ORANGE_HRM/login_button_for_login_page' is clicked on

12-08-2024T16:37:21 - [MESSAGE][PASSED] - Call Test Case 'Test Cases/LOGIN_TEST_CASE_FOR_ORANGE_HRM' successfully

12-08-2024T16:37:21 - [TEST_STEP][PASSED] - excelFilePath = "C:\Users\DELL\OneDrive\Desktop\mail\add_employee_data.xlsx": null

12-08-2024T16:37:21 - [TEST_STEP][PASSED] - sheetName = "Sheet1": null

12-08-2024T16:37:21 - [TEST_STEP][PASSED] - file = new java.io.File(excelFilePath): null

12-08-2024T16:37:21 - [TEST_STEP][PASSED] - workbook = <not implemented yet for class: org.codehaus.groovy.ast.expr.EmptyExpression>: null

12-08-2024T16:37:21 - [TEST_STEP][PASSED] - sheet = <not implemented yet for class: org.codehaus.groovy.ast.expr.EmptyExpression>: null

12-08-2024T16:37:21 - [TEST_STEP][PASSED] - if (!(file.exists())): null

12-08-2024T16:37:21 - [TEST_STEP][PASSED] - fis = new java.io.FileInputStream(file): null

12-08-2024T16:37:21 - [TEST_STEP][PASSED] - workbook = new org.apache.poi.xssf.usermodel.XSSFWorkbook(fis): null

12-08-2024T16:37:22 - [TEST_STEP][PASSED] - sheet = workbook.getSheet(sheetName): null

12-08-2024T16:37:22 - [TEST_STEP][PASSED] - if (sheet == null): null

12-08-2024T16:37:22 - [TEST_STEP][PASSED] - if (sheet.getPhysicalNumberOfRows() == 0): null

12-08-2024T16:37:22 - [TEST_STEP][PASSED] - headerRow = sheet.createRow(0): null

12-08-2024T16:37:22 - [TEST_STEP][PASSED] - createCell(0).setCellValue("First_name"): null

12-08-2024T16:37:22 - [TEST_STEP][PASSED] - createCell(1).setCellValue("Middle_name"): null

12-08-2024T16:37:22 - [TEST_STEP][PASSED] - createCell(2).setCellValue("Last_name"): null

12-08-2024T16:37:22 - [TEST_STEP][PASSED] - createCell(3).setCellValue("Username"): null

12-08-2024T16:37:22 - [TEST_STEP][PASSED] - createCell(4).setCellValue("Password"): null

12-08-2024T16:37:22 - [TEST_STEP][PASSED] - createCell(5).setCellValue("Employee_id"): null

12-08-2024T16:37:22 - [TEST_STEP][PASSED] - loopCount = Integer.parseInt(RandomStringUtils.randomNumeric(2)) % 11 + 15: null

12-08-2024T16:37:22 - [TEST_STEP][PASSED] - for ([i = 1, i <= loopCount, (i++)]): null

12-08-2024T16:37:22 - [TEST_STEP][PASSED] - callTestCase(findTestCase("ADDING_A_NEW_EMPLOYEE"), [:], STOP_ON_FAILURE): Call Test Case 'Test Cases/ADDING_A_NEW_EMPLOYEE' successfully

12-08-2024T16:37:22 - [TEST_CASE][PASSED] - Test Cases/ADDING_A_NEW_EMPLOYEE: Test Cases/ADDING_A_NEW_EMPLOYEE

12-08-2024T16:37:22 - [TEST_STEP][PASSED] - verifyElementPresent(findTestObject("ADDING_A_NEW_EMPLOYEE/pim_option_from_side_bar"), 10): Object 'Object Repository/ADDING_A_NEW_EMPLOYEE/pim_option_from_side_bar' is present

12-08-2024T16:37:25 - [MESSAGE][PASSED] - Object 'Object Repository/ADDING_A_NEW_EMPLOYEE/pim_option_from_side_bar' is present

12-08-2024T16:37:25 - [TEST_STEP][PASSED] - click(findTestObject("ADDING_A_NEW_EMPLOYEE/pim_option_from_side_bar")): Object: 'Object Repository/ADDING_A_NEW_EMPLOYEE/pim_option_from_side_bar' is clicked on

12-08-2024T16:37:38 - [MESSAGE][PASSED] - Object: 'Object Repository/ADDING_A_NEW_EMPLOYEE/pim_option_from_side_bar' is clicked on

12-08-2024T16:37:38 - [TEST_STEP][PASSED] - waitForElementPresent(findTestObject("ADDING_A_NEW_EMPLOYEE/adding_new_employee_button_in_pim_page"), 10): Object 'Object Repository/ADDING_A_NEW_EMPLOYEE/adding_new_employee_button_in_pim_page' is present

12-08-2024T16:37:42 - [MESSAGE][PASSED] - Object 'Object Repository/ADDING_A_NEW_EMPLOYEE/adding_new_employee_button_in_pim_page' is present

12-08-2024T16:37:42 - [TEST_STEP][PASSED] - click(findTestObject("ADDING_A_NEW_EMPLOYEE/adding_new_employee_button_in_pim_page")): Object: 'Object Repository/ADDING_A_NEW_EMPLOYEE/adding_new_employee_button_in_pim_page' is clicked on

12-08-2024T16:37:43 - [MESSAGE][PASSED] - Object: 'Object Repository/ADDING_A_NEW_EMPLOYEE/adding_new_employee_button_in_pim_page' is clicked on

12-08-2024T16:37:43 - [TEST_STEP][PASSED] - verifyElementPresent(findTestObject("ADDING_A_NEW_EMPLOYEE/create_login_details_checkbox"), 10): Object 'Object Repository/ADDING_A_NEW_EMPLOYEE/create_login_details_checkbox' is present

12-08-2024T16:37:44 - [MESSAGE][PASSED] - Object 'Object Repository/ADDING_A_NEW_EMPLOYEE/create_login_details_checkbox' is present

12-08-2024T16:37:44 - [TEST_STEP][PASSED] - click(findTestObject("ADDING_A_NEW_EMPLOYEE/create_login_details_checkbox")): Object: 'Object Repository/ADDING_A_NEW_EMPLOYEE/create_login_details_checkbox' is clicked on

12-08-2024T16:37:45 - [MESSAGE][PASSED] - Object: 'Object Repository/ADDING_A_NEW_EMPLOYEE/create_login_details_checkbox' is clicked on

12-08-2024T16:37:45 - [TEST_STEP][PASSED] - verifyElementPresent(findTestObject("Object Repository/ADDING_A_NEW_EMPLOYEE/Add_employee_enabled_radio_button"), 10): Object 'Object Repository/ADDING_A_NEW_EMPLOYEE/Add_employee_enabled_radio_button' is present

12-08-2024T16:37:45 - [MESSAGE][PASSED] - Object 'Object Repository/ADDING_A_NEW_EMPLOYEE/Add_employee_enabled_radio_button' is present

12-08-2024T16:37:45 - [TEST_STEP][PASSED] - click(findTestObject("Object Repository/ADDING_A_NEW_EMPLOYEE/Add_employee_enabled_radio_button")): Object: 'Object Repository/ADDING_A_NEW_EMPLOYEE/Add_employee_enabled_radio_button' is clicked on

12-08-2024T16:37:46 - [MESSAGE][PASSED] - Object: 'Object Repository/ADDING_A_NEW_EMPLOYEE/Add_employee_enabled_radio_button' is clicked on

12-08-2024T16:37:46 - [TEST_STEP][PASSED] - verifyElementPresent(findTestObject("Object Repository/ADDING_A_NEW_EMPLOYEE/Add_Employee_first_name"), 10): Object 'Object Repository/ADDING_A_NEW_EMPLOYEE/Add_Employee_first_name' is present

12-08-2024T16:37:46 - [MESSAGE][PASSED] - Object 'Object Repository/ADDING_A_NEW_EMPLOYEE/Add_Employee_first_name' is present

12-08-2024T16:37:46 - [TEST_STEP][PASSED] - click(findTestObject("Object Repository/ADDING_A_NEW_EMPLOYEE/Add_Employee_first_name")): Object: 'Object Repository/ADDING_A_NEW_EMPLOYEE/Add_Employee_first_name' is clicked on

12-08-2024T16:37:46 - [MESSAGE][PASSED] - Object: 'Object Repository/ADDING_A_NEW_EMPLOYEE/Add_Employee_first_name' is clicked on

12-08-2024T16:37:46 - [TEST_STEP][PASSED] - setText(findTestObject("Object Repository/ADDING_A_NEW_EMPLOYEE/Add_Employee_first_name"), "First_name_" + RandomStringUtils.randomAlphabetic(7)): Text 'First_name_ZHZuiiL' is set on object 'Object Repository/ADDING_A_NEW_EMPLOYEE/Add_Employee_first_name'

12-08-2024T16:37:47 - [MESSAGE][PASSED] - Text 'First_name_ZHZuiiL' is set on object 'Object Repository/ADDING_A_NEW_EMPLOYEE/Add_Employee_first_name'

12-08-2024T16:37:47 - [TEST_STEP][PASSED] - verifyElementPresent(findTestObject("Object Repository/ADDING_A_NEW_EMPLOYEE/Add_employee_middle_name"), 10): Object 'Object Repository/ADDING_A_NEW_EMPLOYEE/Add_employee_middle_name' is present

12-08-2024T16:37:47 - [MESSAGE][PASSED] - Object 'Object Repository/ADDING_A_NEW_EMPLOYEE/Add_employee_middle_name' is present

12-08-2024T16:37:47 - [TEST_STEP][PASSED] - click(findTestObject("Object Repository/ADDING_A_NEW_EMPLOYEE/Add_employee_middle_name")): Object: 'Object Repository/ADDING_A_NEW_EMPLOYEE/Add_employee_middle_name' is clicked on

12-08-2024T16:37:48 - [MESSAGE][PASSED] - Object: 'Object Repository/ADDING_A_NEW_EMPLOYEE/Add_employee_middle_name' is clicked on

12-08-2024T16:37:48 - [TEST_STEP][PASSED] - setText(findTestObject("Object Repository/ADDING_A_NEW_EMPLOYEE/Add_employee_middle_name"), "Middle_name_" + RandomStringUtils.randomAlphabetic(7)): Text 'Middle_name_HFOSHHZ' is set on object 'Object Repository/ADDING_A_NEW_EMPLOYEE/Add_employee_middle_name'

12-08-2024T16:37:48 - [MESSAGE][PASSED] - Text 'Middle_name_HFOSHHZ' is set on object 'Object Repository/ADDING_A_NEW_EMPLOYEE/Add_employee_middle_name'

12-08-2024T16:37:48 - [TEST_STEP][PASSED] - verifyElementPresent(findTestObject("Object Repository/ADDING_A_NEW_EMPLOYEE/Add_employee_last_name"), 10): Object 'Object Repository/ADDING_A_NEW_EMPLOYEE/Add_employee_last_name' is present

12-08-2024T16:37:49 - [MESSAGE][PASSED] - Object 'Object Repository/ADDING_A_NEW_EMPLOYEE/Add_employee_last_name' is present

12-08-2024T16:37:49 - [TEST_STEP][PASSED] - click(findTestObject("Object Repository/ADDING_A_NEW_EMPLOYEE/Add_employee_last_name")): Object: 'Object Repository/ADDING_A_NEW_EMPLOYEE/Add_employee_last_name' is clicked on

12-08-2024T16:37:49 - [MESSAGE][PASSED] - Object: 'Object Repository/ADDING_A_NEW_EMPLOYEE/Add_employee_last_name' is clicked on

12-08-2024T16:37:49 - [TEST_STEP][PASSED] - setText(findTestObject("Object Repository/ADDING_A_NEW_EMPLOYEE/Add_employee_last_name"), "Last_name_" + RandomStringUtils.randomAlphabetic(7)): Text 'Last_name_DjvZpPD' is set on object 'Object Repository/ADDING_A_NEW_EMPLOYEE/Add_employee_last_name'

12-08-2024T16:37:50 - [MESSAGE][PASSED] - Text 'Last_name_DjvZpPD' is set on object 'Object Repository/ADDING_A_NEW_EMPLOYEE/Add_employee_last_name'

12-08-2024T16:37:50 - [TEST_STEP][PASSED] - randomString_001 = RandomStringUtils.randomNumeric(6): null

12-08-2024T16:37:50 - [TEST_STEP][PASSED] - newValue_001 = "333" + randomString_001: null

12-08-2024T16:37:50 - [TEST_STEP][PASSED] - xpath_for_employee_id = "//label[text()='Employee Id']/ancestor::div[@class='oxd-input-group__label-wrapper']/following-sibling::div//input[@class='oxd-input oxd-input--active']": null

12-08-2024T16:37:50 - [TEST_STEP][PASSED] - inputField_001 = TestObject().addProperty("xpath", EQUALS, xpath_for_employee_id): null

12-08-2024T16:37:50 - [TEST_STEP][PASSED] - executeJavaScript(
    var element = document.evaluate("$xpath_for_employee_id", document, null, XPathResult.FIRST_ORDERED_NODE_TYPE, null).singleNodeValue;
    if (element) {
        element.value = '$newValue_001';
        var event = new Event('input', { bubbles: true });
        element.dispatchEvent(event);
    }
    , null): Execute JavaScript '
    var element = document.evaluate("//label[text()='Employee Id']/ancestor::div[@class='oxd-input-group__label-wrapper']/following-sibling::div//input[@class='oxd-input oxd-input--active']", document, null, XPathResult.FIRST_ORDERED_NODE_TYPE, null).singleNodeValue;
    if (element) {
        element.value = '333255959';
        var event = new Event('input', { bubbles: true });
        element.dispatchEvent(event);
    }
    ' successfully

12-08-2024T16:37:50 - [MESSAGE][PASSED] - Execute JavaScript '
    var element = document.evaluate("//label[text()='Employee Id']/ancestor::div[@class='oxd-input-group__label-wrapper']/following-sibling::div//input[@class='oxd-input oxd-input--active']", document, null, XPathResult.FIRST_ORDERED_NODE_TYPE, null).singleNodeValue;
    if (element) {
        element.value = '333255959';
        var event = new Event('input', { bubbles: true });
        element.dispatchEvent(event);
    }
    ' successfully

12-08-2024T16:37:50 - [TEST_STEP][PASSED] - delay(3): Delayed 3 second(s)

12-08-2024T16:37:53 - [MESSAGE][PASSED] - Delayed 3 second(s)

12-08-2024T16:37:53 - [TEST_STEP][PASSED] - randomString_for_password = RandomStringUtils.randomNumeric(6): null

12-08-2024T16:37:53 - [TEST_STEP][PASSED] - new_Value_for_password = "Fiboo" + randomString_for_password + "@@": null

12-08-2024T16:37:53 - [TEST_STEP][PASSED] - xpath_for_password = "//label[text()='Username']/ancestor::div[@class='oxd-input-group__label-wrapper']/following-sibling::div//input[@class='oxd-input oxd-input--active']": null

12-08-2024T16:37:53 - [TEST_STEP][PASSED] - inputField_for_password = TestObject().addProperty("xpath", EQUALS, xpath_for_password): null

12-08-2024T16:37:53 - [TEST_STEP][PASSED] - executeJavaScript(
    var element = document.evaluate("$xpath_for_password", document, null, XPathResult.FIRST_ORDERED_NODE_TYPE, null).singleNodeValue;
    if (element) {
        element.value = '$new_Value_for_password';
        var event = new Event('input', { bubbles: true });
        element.dispatchEvent(event);
    }
    , null): Execute JavaScript '
    var element = document.evaluate("//label[text()='Username']/ancestor::div[@class='oxd-input-group__label-wrapper']/following-sibling::div//input[@class='oxd-input oxd-input--active']", document, null, XPathResult.FIRST_ORDERED_NODE_TYPE, null).singleNodeValue;
    if (element) {
        element.value = 'Fiboo229210@@';
        var event = new Event('input', { bubbles: true });
        element.dispatchEvent(event);
    }
    ' successfully

12-08-2024T16:37:53 - [MESSAGE][PASSED] - Execute JavaScript '
    var element = document.evaluate("//label[text()='Username']/ancestor::div[@class='oxd-input-group__label-wrapper']/following-sibling::div//input[@class='oxd-input oxd-input--active']", document, null, XPathResult.FIRST_ORDERED_NODE_TYPE, null).singleNodeValue;
    if (element) {
        element.value = 'Fiboo229210@@';
        var event = new Event('input', { bubbles: true });
        element.dispatchEvent(event);
    }
    ' successfully

12-08-2024T16:37:53 - [TEST_STEP][PASSED] - delay(1): Delayed 1 second(s)

12-08-2024T16:37:54 - [MESSAGE][PASSED] - Delayed 1 second(s)

12-08-2024T16:37:54 - [TEST_STEP][PASSED] - Password = getAttribute(findTestObject("Object Repository/ADDING_A_NEW_EMPLOYEE/Add_employee_username"), "value"): Attribute 'value' of object 'Object Repository/ADDING_A_NEW_EMPLOYEE/Add_employee_username' is: 'Fiboo229210@@'

12-08-2024T16:37:54 - [MESSAGE][PASSED] - Attribute 'value' of object 'Object Repository/ADDING_A_NEW_EMPLOYEE/Add_employee_username' is: 'Fiboo229210@@'

12-08-2024T16:37:54 - [TEST_STEP][PASSED] - out.println(Password): null

12-08-2024T16:37:54 - [TEST_STEP][PASSED] - new_Value_for_password_001 = Password: null

12-08-2024T16:37:54 - [TEST_STEP][PASSED] - xpath_for_password_001 = "//label[text()='Password']/ancestor::div[@class='oxd-input-group__label-wrapper']/following-sibling::div//input[@class='oxd-input oxd-input--active']": null

12-08-2024T16:37:54 - [TEST_STEP][PASSED] - inputField_for_password_001 = TestObject().addProperty("xpath", EQUALS, xpath_for_password_001): null

12-08-2024T16:37:54 - [TEST_STEP][PASSED] - executeJavaScript(
    var element = document.evaluate("$xpath_for_password_001", document, null, XPathResult.FIRST_ORDERED_NODE_TYPE, null).singleNodeValue;
    if (element) {
        element.value = '$new_Value_for_password_001';
        var event = new Event('input', { bubbles: true });
        element.dispatchEvent(event);
    }
    , null): Execute JavaScript '
    var element = document.evaluate("//label[text()='Password']/ancestor::div[@class='oxd-input-group__label-wrapper']/following-sibling::div//input[@class='oxd-input oxd-input--active']", document, null, XPathResult.FIRST_ORDERED_NODE_TYPE, null).singleNodeValue;
    if (element) {
        element.value = 'Fiboo229210@@';
        var event = new Event('input', { bubbles: true });
        element.dispatchEvent(event);
    }
    ' successfully

12-08-2024T16:37:55 - [MESSAGE][PASSED] - Execute JavaScript '
    var element = document.evaluate("//label[text()='Password']/ancestor::div[@class='oxd-input-group__label-wrapper']/following-sibling::div//input[@class='oxd-input oxd-input--active']", document, null, XPathResult.FIRST_ORDERED_NODE_TYPE, null).singleNodeValue;
    if (element) {
        element.value = 'Fiboo229210@@';
        var event = new Event('input', { bubbles: true });
        element.dispatchEvent(event);
    }
    ' successfully

12-08-2024T16:37:55 - [TEST_STEP][PASSED] - delay(1): Delayed 1 second(s)

12-08-2024T16:37:56 - [MESSAGE][PASSED] - Delayed 1 second(s)

12-08-2024T16:37:56 - [TEST_STEP][PASSED] - new_Value_for_password_002 = Password: null

12-08-2024T16:37:56 - [TEST_STEP][PASSED] - xpath_for_password_002 = "//label[text()='Confirm Password']/ancestor::div[@class='oxd-input-group__label-wrapper']/following-sibling::div//input[@class='oxd-input oxd-input--active']": null

12-08-2024T16:37:56 - [TEST_STEP][PASSED] - inputField_for_password_002 = TestObject().addProperty("xpath", EQUALS, xpath_for_password_002): null

12-08-2024T16:37:56 - [TEST_STEP][PASSED] - executeJavaScript(
    var element = document.evaluate("$xpath_for_password_002", document, null, XPathResult.FIRST_ORDERED_NODE_TYPE, null).singleNodeValue;
    if (element) {
        element.value = '$new_Value_for_password_002';
        var event = new Event('input', { bubbles: true });
        element.dispatchEvent(event);
    }
    , null): Execute JavaScript '
    var element = document.evaluate("//label[text()='Confirm Password']/ancestor::div[@class='oxd-input-group__label-wrapper']/following-sibling::div//input[@class='oxd-input oxd-input--active']", document, null, XPathResult.FIRST_ORDERED_NODE_TYPE, null).singleNodeValue;
    if (element) {
        element.value = 'Fiboo229210@@';
        var event = new Event('input', { bubbles: true });
        element.dispatchEvent(event);
    }
    ' successfully

12-08-2024T16:37:56 - [MESSAGE][PASSED] - Execute JavaScript '
    var element = document.evaluate("//label[text()='Confirm Password']/ancestor::div[@class='oxd-input-group__label-wrapper']/following-sibling::div//input[@class='oxd-input oxd-input--active']", document, null, XPathResult.FIRST_ORDERED_NODE_TYPE, null).singleNodeValue;
    if (element) {
        element.value = 'Fiboo229210@@';
        var event = new Event('input', { bubbles: true });
        element.dispatchEvent(event);
    }
    ' successfully

12-08-2024T16:37:56 - [TEST_STEP][PASSED] - delay(1): Delayed 1 second(s)

12-08-2024T16:37:57 - [MESSAGE][PASSED] - Delayed 1 second(s)

12-08-2024T16:37:57 - [TEST_STEP][PASSED] - randomString = RandomStringUtils.randomAlphabetic(7): null

12-08-2024T16:37:57 - [TEST_STEP][PASSED] - newValue = "User_name_" + randomString: null

12-08-2024T16:37:57 - [TEST_STEP][PASSED] - xpath_for_user_name = "//label[text()='Username']/ancestor::div[@class='oxd-input-group__label-wrapper']/following-sibling::div//input[@class='oxd-input oxd-input--active']": null

12-08-2024T16:37:57 - [TEST_STEP][PASSED] - inputField = TestObject().addProperty("xpath", EQUALS, xpath_for_user_name): null

12-08-2024T16:37:57 - [TEST_STEP][PASSED] - executeJavaScript(
    var element = document.evaluate("$xpath_for_user_name", document, null, XPathResult.FIRST_ORDERED_NODE_TYPE, null).singleNodeValue;
    if (element) {
        element.value = '$newValue';
        var event = new Event('input', { bubbles: true });
        element.dispatchEvent(event);
    }
    , null): Execute JavaScript '
    var element = document.evaluate("//label[text()='Username']/ancestor::div[@class='oxd-input-group__label-wrapper']/following-sibling::div//input[@class='oxd-input oxd-input--active']", document, null, XPathResult.FIRST_ORDERED_NODE_TYPE, null).singleNodeValue;
    if (element) {
        element.value = 'User_name_RWNAyci';
        var event = new Event('input', { bubbles: true });
        element.dispatchEvent(event);
    }
    ' successfully

12-08-2024T16:37:57 - [MESSAGE][PASSED] - Execute JavaScript '
    var element = document.evaluate("//label[text()='Username']/ancestor::div[@class='oxd-input-group__label-wrapper']/following-sibling::div//input[@class='oxd-input oxd-input--active']", document, null, XPathResult.FIRST_ORDERED_NODE_TYPE, null).singleNodeValue;
    if (element) {
        element.value = 'User_name_RWNAyci';
        var event = new Event('input', { bubbles: true });
        element.dispatchEvent(event);
    }
    ' successfully

12-08-2024T16:37:57 - [TEST_STEP][PASSED] - delay(1): Delayed 1 second(s)

12-08-2024T16:37:58 - [MESSAGE][PASSED] - Delayed 1 second(s)

12-08-2024T16:37:58 - [TEST_STEP][PASSED] - User_name = getAttribute(findTestObject("Object Repository/ADDING_A_NEW_EMPLOYEE/Add_employee_username"), "value"): Attribute 'value' of object 'Object Repository/ADDING_A_NEW_EMPLOYEE/Add_employee_username' is: 'User_name_RWNAyci'

12-08-2024T16:37:58 - [MESSAGE][PASSED] - Attribute 'value' of object 'Object Repository/ADDING_A_NEW_EMPLOYEE/Add_employee_username' is: 'User_name_RWNAyci'

12-08-2024T16:37:58 - [TEST_STEP][PASSED] - out.println(User_name): null

12-08-2024T16:37:58 - [TEST_STEP][PASSED] - out.println(Password): null

12-08-2024T16:37:58 - [TEST_STEP][PASSED] - First_name = getAttribute(findTestObject("Object Repository/ADDING_A_NEW_EMPLOYEE/Add_Employee_first_name"), "value"): Attribute 'value' of object 'Object Repository/ADDING_A_NEW_EMPLOYEE/Add_Employee_first_name' is: 'First_name_ZHZuiiL'

12-08-2024T16:37:58 - [MESSAGE][PASSED] - Attribute 'value' of object 'Object Repository/ADDING_A_NEW_EMPLOYEE/Add_Employee_first_name' is: 'First_name_ZHZuiiL'

12-08-2024T16:37:58 - [TEST_STEP][PASSED] - out.println(First_name): null

12-08-2024T16:37:58 - [TEST_STEP][PASSED] - Middle_name = getAttribute(findTestObject("Object Repository/ADDING_A_NEW_EMPLOYEE/Add_employee_middle_name"), "value"): Attribute 'value' of object 'Object Repository/ADDING_A_NEW_EMPLOYEE/Add_employee_middle_name' is: 'Middle_name_HFOSHHZ'

12-08-2024T16:37:59 - [MESSAGE][PASSED] - Attribute 'value' of object 'Object Repository/ADDING_A_NEW_EMPLOYEE/Add_employee_middle_name' is: 'Middle_name_HFOSHHZ'

12-08-2024T16:37:59 - [TEST_STEP][PASSED] - out.println(Middle_name): null

12-08-2024T16:37:59 - [TEST_STEP][PASSED] - Last_name = getAttribute(findTestObject("Object Repository/ADDING_A_NEW_EMPLOYEE/Add_employee_last_name"), "value"): Attribute 'value' of object 'Object Repository/ADDING_A_NEW_EMPLOYEE/Add_employee_last_name' is: 'Last_name_DjvZpPD'

12-08-2024T16:37:59 - [MESSAGE][PASSED] - Attribute 'value' of object 'Object Repository/ADDING_A_NEW_EMPLOYEE/Add_employee_last_name' is: 'Last_name_DjvZpPD'

12-08-2024T16:37:59 - [TEST_STEP][PASSED] - out.println(Last_name): null

12-08-2024T16:37:59 - [TEST_STEP][PASSED] - employee_id = getAttribute(findTestObject("Object Repository/ADDING_A_NEW_EMPLOYEE/Add_employee_id"), "value"): Attribute 'value' of object 'Object Repository/ADDING_A_NEW_EMPLOYEE/Add_employee_id' is: '333255959'

12-08-2024T16:37:59 - [MESSAGE][PASSED] - Attribute 'value' of object 'Object Repository/ADDING_A_NEW_EMPLOYEE/Add_employee_id' is: '333255959'

12-08-2024T16:37:59 - [TEST_STEP][PASSED] - out.println(employee_id): null

12-08-2024T16:37:59 - [TEST_STEP][PASSED] - delay(3): Delayed 3 second(s)

12-08-2024T16:38:02 - [MESSAGE][PASSED] - Delayed 3 second(s)

12-08-2024T16:38:02 - [TEST_STEP][PASSED] - click(findTestObject("Object Repository/ADDING_A_NEW_EMPLOYEE/Add_employee_save_button")): Object: 'Object Repository/ADDING_A_NEW_EMPLOYEE/Add_employee_save_button' is clicked on

12-08-2024T16:38:03 - [MESSAGE][PASSED] - Object: 'Object Repository/ADDING_A_NEW_EMPLOYEE/Add_employee_save_button' is clicked on

12-08-2024T16:38:03 - [TEST_STEP][PASSED] - delay(2): Delayed 2 second(s)

12-08-2024T16:38:05 - [MESSAGE][PASSED] - Delayed 2 second(s)

12-08-2024T16:38:05 - [MESSAGE][PASSED] - Call Test Case 'Test Cases/ADDING_A_NEW_EMPLOYEE' successfully

12-08-2024T16:38:05 - [TEST_STEP][PASSED] - rowIndex = sheet.getLastRowNum() + 1: null

12-08-2024T16:38:05 - [TEST_STEP][PASSED] - row = sheet.createRow(rowIndex): null

12-08-2024T16:38:05 - [TEST_STEP][PASSED] - createCell(0).setCellValue(First_name): null

12-08-2024T16:38:05 - [TEST_STEP][PASSED] - createCell(1).setCellValue(Middle_name): null

12-08-2024T16:38:05 - [TEST_STEP][PASSED] - createCell(2).setCellValue(Last_name): null

12-08-2024T16:38:05 - [TEST_STEP][PASSED] - createCell(3).setCellValue(User_name): null

12-08-2024T16:38:05 - [TEST_STEP][PASSED] - createCell(4).setCellValue(Password): null

12-08-2024T16:38:05 - [TEST_STEP][PASSED] - createCell(5).setCellValue(employee_id): null

12-08-2024T16:38:05 - [TEST_STEP][PASSED] - callTestCase(findTestCase("ADDING_A_NEW_EMPLOYEE"), [:], STOP_ON_FAILURE): Call Test Case 'Test Cases/ADDING_A_NEW_EMPLOYEE' successfully

12-08-2024T16:38:05 - [TEST_CASE][PASSED] - Test Cases/ADDING_A_NEW_EMPLOYEE: Test Cases/ADDING_A_NEW_EMPLOYEE

12-08-2024T16:38:05 - [TEST_STEP][PASSED] - verifyElementPresent(findTestObject("ADDING_A_NEW_EMPLOYEE/pim_option_from_side_bar"), 10): Object 'Object Repository/ADDING_A_NEW_EMPLOYEE/pim_option_from_side_bar' is present

12-08-2024T16:38:05 - [MESSAGE][PASSED] - Object 'Object Repository/ADDING_A_NEW_EMPLOYEE/pim_option_from_side_bar' is present

12-08-2024T16:38:05 - [TEST_STEP][PASSED] - click(findTestObject("ADDING_A_NEW_EMPLOYEE/pim_option_from_side_bar")): Object: 'Object Repository/ADDING_A_NEW_EMPLOYEE/pim_option_from_side_bar' is clicked on

12-08-2024T16:38:07 - [MESSAGE][PASSED] - Object: 'Object Repository/ADDING_A_NEW_EMPLOYEE/pim_option_from_side_bar' is clicked on

12-08-2024T16:38:07 - [TEST_STEP][PASSED] - waitForElementPresent(findTestObject("ADDING_A_NEW_EMPLOYEE/adding_new_employee_button_in_pim_page"), 10): Object 'Object Repository/ADDING_A_NEW_EMPLOYEE/adding_new_employee_button_in_pim_page' is present

12-08-2024T16:38:09 - [MESSAGE][PASSED] - Object 'Object Repository/ADDING_A_NEW_EMPLOYEE/adding_new_employee_button_in_pim_page' is present

12-08-2024T16:38:09 - [TEST_STEP][PASSED] - click(findTestObject("ADDING_A_NEW_EMPLOYEE/adding_new_employee_button_in_pim_page")): Object: 'Object Repository/ADDING_A_NEW_EMPLOYEE/adding_new_employee_button_in_pim_page' is clicked on

12-08-2024T16:38:10 - [MESSAGE][PASSED] - Object: 'Object Repository/ADDING_A_NEW_EMPLOYEE/adding_new_employee_button_in_pim_page' is clicked on

12-08-2024T16:38:10 - [TEST_STEP][PASSED] - verifyElementPresent(findTestObject("ADDING_A_NEW_EMPLOYEE/create_login_details_checkbox"), 10): Object 'Object Repository/ADDING_A_NEW_EMPLOYEE/create_login_details_checkbox' is present

12-08-2024T16:38:11 - [MESSAGE][PASSED] - Object 'Object Repository/ADDING_A_NEW_EMPLOYEE/create_login_details_checkbox' is present

12-08-2024T16:38:11 - [TEST_STEP][PASSED] - click(findTestObject("ADDING_A_NEW_EMPLOYEE/create_login_details_checkbox")): Object: 'Object Repository/ADDING_A_NEW_EMPLOYEE/create_login_details_checkbox' is clicked on

12-08-2024T16:38:11 - [MESSAGE][PASSED] - Object: 'Object Repository/ADDING_A_NEW_EMPLOYEE/create_login_details_checkbox' is clicked on

12-08-2024T16:38:11 - [TEST_STEP][PASSED] - verifyElementPresent(findTestObject("Object Repository/ADDING_A_NEW_EMPLOYEE/Add_employee_enabled_radio_button"), 10): Object 'Object Repository/ADDING_A_NEW_EMPLOYEE/Add_employee_enabled_radio_button' is present

12-08-2024T16:38:12 - [MESSAGE][PASSED] - Object 'Object Repository/ADDING_A_NEW_EMPLOYEE/Add_employee_enabled_radio_button' is present

12-08-2024T16:38:12 - [TEST_STEP][PASSED] - click(findTestObject("Object Repository/ADDING_A_NEW_EMPLOYEE/Add_employee_enabled_radio_button")): Object: 'Object Repository/ADDING_A_NEW_EMPLOYEE/Add_employee_enabled_radio_button' is clicked on

12-08-2024T16:38:12 - [MESSAGE][PASSED] - Object: 'Object Repository/ADDING_A_NEW_EMPLOYEE/Add_employee_enabled_radio_button' is clicked on

12-08-2024T16:38:12 - [TEST_STEP][PASSED] - verifyElementPresent(findTestObject("Object Repository/ADDING_A_NEW_EMPLOYEE/Add_Employee_first_name"), 10): Object 'Object Repository/ADDING_A_NEW_EMPLOYEE/Add_Employee_first_name' is present

12-08-2024T16:38:12 - [MESSAGE][PASSED] - Object 'Object Repository/ADDING_A_NEW_EMPLOYEE/Add_Employee_first_name' is present

12-08-2024T16:38:12 - [TEST_STEP][PASSED] - click(findTestObject("Object Repository/ADDING_A_NEW_EMPLOYEE/Add_Employee_first_name")): Object: 'Object Repository/ADDING_A_NEW_EMPLOYEE/Add_Employee_first_name' is clicked on

12-08-2024T16:38:13 - [MESSAGE][PASSED] - Object: 'Object Repository/ADDING_A_NEW_EMPLOYEE/Add_Employee_first_name' is clicked on

12-08-2024T16:38:13 - [TEST_STEP][PASSED] - setText(findTestObject("Object Repository/ADDING_A_NEW_EMPLOYEE/Add_Employee_first_name"), "First_name_" + RandomStringUtils.randomAlphabetic(7)): Text 'First_name_CcWEyEk' is set on object 'Object Repository/ADDING_A_NEW_EMPLOYEE/Add_Employee_first_name'

12-08-2024T16:38:13 - [MESSAGE][PASSED] - Text 'First_name_CcWEyEk' is set on object 'Object Repository/ADDING_A_NEW_EMPLOYEE/Add_Employee_first_name'

12-08-2024T16:38:13 - [TEST_STEP][PASSED] - verifyElementPresent(findTestObject("Object Repository/ADDING_A_NEW_EMPLOYEE/Add_employee_middle_name"), 10): Object 'Object Repository/ADDING_A_NEW_EMPLOYEE/Add_employee_middle_name' is present

12-08-2024T16:38:14 - [MESSAGE][PASSED] - Object 'Object Repository/ADDING_A_NEW_EMPLOYEE/Add_employee_middle_name' is present

12-08-2024T16:38:14 - [TEST_STEP][PASSED] - click(findTestObject("Object Repository/ADDING_A_NEW_EMPLOYEE/Add_employee_middle_name")): Object: 'Object Repository/ADDING_A_NEW_EMPLOYEE/Add_employee_middle_name' is clicked on

12-08-2024T16:38:14 - [MESSAGE][PASSED] - Object: 'Object Repository/ADDING_A_NEW_EMPLOYEE/Add_employee_middle_name' is clicked on

12-08-2024T16:38:14 - [TEST_STEP][PASSED] - setText(findTestObject("Object Repository/ADDING_A_NEW_EMPLOYEE/Add_employee_middle_name"), "Middle_name_" + RandomStringUtils.randomAlphabetic(7)): Text 'Middle_name_ocbosYE' is set on object 'Object Repository/ADDING_A_NEW_EMPLOYEE/Add_employee_middle_name'

12-08-2024T16:38:15 - [MESSAGE][PASSED] - Text 'Middle_name_ocbosYE' is set on object 'Object Repository/ADDING_A_NEW_EMPLOYEE/Add_employee_middle_name'

12-08-2024T16:38:15 - [TEST_STEP][PASSED] - verifyElementPresent(findTestObject("Object Repository/ADDING_A_NEW_EMPLOYEE/Add_employee_last_name"), 10): Object 'Object Repository/ADDING_A_NEW_EMPLOYEE/Add_employee_last_name' is present

12-08-2024T16:38:15 - [MESSAGE][PASSED] - Object 'Object Repository/ADDING_A_NEW_EMPLOYEE/Add_employee_last_name' is present

12-08-2024T16:38:15 - [TEST_STEP][PASSED] - click(findTestObject("Object Repository/ADDING_A_NEW_EMPLOYEE/Add_employee_last_name")): Object: 'Object Repository/ADDING_A_NEW_EMPLOYEE/Add_employee_last_name' is clicked on

12-08-2024T16:38:15 - [MESSAGE][PASSED] - Object: 'Object Repository/ADDING_A_NEW_EMPLOYEE/Add_employee_last_name' is clicked on

12-08-2024T16:38:15 - [TEST_STEP][PASSED] - setText(findTestObject("Object Repository/ADDING_A_NEW_EMPLOYEE/Add_employee_last_name"), "Last_name_" + RandomStringUtils.randomAlphabetic(7)): Text 'Last_name_mJuScLm' is set on object 'Object Repository/ADDING_A_NEW_EMPLOYEE/Add_employee_last_name'

12-08-2024T16:38:16 - [MESSAGE][PASSED] - Text 'Last_name_mJuScLm' is set on object 'Object Repository/ADDING_A_NEW_EMPLOYEE/Add_employee_last_name'

12-08-2024T16:38:16 - [TEST_STEP][PASSED] - randomString_001 = RandomStringUtils.randomNumeric(6): null

12-08-2024T16:38:16 - [TEST_STEP][PASSED] - newValue_001 = "333" + randomString_001: null

12-08-2024T16:38:16 - [TEST_STEP][PASSED] - xpath_for_employee_id = "//label[text()='Employee Id']/ancestor::div[@class='oxd-input-group__label-wrapper']/following-sibling::div//input[@class='oxd-input oxd-input--active']": null

12-08-2024T16:38:16 - [TEST_STEP][PASSED] - inputField_001 = TestObject().addProperty("xpath", EQUALS, xpath_for_employee_id): null

12-08-2024T16:38:16 - [TEST_STEP][PASSED] - executeJavaScript(
    var element = document.evaluate("$xpath_for_employee_id", document, null, XPathResult.FIRST_ORDERED_NODE_TYPE, null).singleNodeValue;
    if (element) {
        element.value = '$newValue_001';
        var event = new Event('input', { bubbles: true });
        element.dispatchEvent(event);
    }
    , null): Execute JavaScript '
    var element = document.evaluate("//label[text()='Employee Id']/ancestor::div[@class='oxd-input-group__label-wrapper']/following-sibling::div//input[@class='oxd-input oxd-input--active']", document, null, XPathResult.FIRST_ORDERED_NODE_TYPE, null).singleNodeValue;
    if (element) {
        element.value = '333869842';
        var event = new Event('input', { bubbles: true });
        element.dispatchEvent(event);
    }
    ' successfully

12-08-2024T16:38:16 - [MESSAGE][PASSED] - Execute JavaScript '
    var element = document.evaluate("//label[text()='Employee Id']/ancestor::div[@class='oxd-input-group__label-wrapper']/following-sibling::div//input[@class='oxd-input oxd-input--active']", document, null, XPathResult.FIRST_ORDERED_NODE_TYPE, null).singleNodeValue;
    if (element) {
        element.value = '333869842';
        var event = new Event('input', { bubbles: true });
        element.dispatchEvent(event);
    }
    ' successfully

12-08-2024T16:38:16 - [TEST_STEP][PASSED] - delay(3): Delayed 3 second(s)

12-08-2024T16:38:19 - [MESSAGE][PASSED] - Delayed 3 second(s)

12-08-2024T16:38:19 - [TEST_STEP][PASSED] - randomString_for_password = RandomStringUtils.randomNumeric(6): null

12-08-2024T16:38:19 - [TEST_STEP][PASSED] - new_Value_for_password = "Fiboo" + randomString_for_password + "@@": null

12-08-2024T16:38:19 - [TEST_STEP][PASSED] - xpath_for_password = "//label[text()='Username']/ancestor::div[@class='oxd-input-group__label-wrapper']/following-sibling::div//input[@class='oxd-input oxd-input--active']": null

12-08-2024T16:38:19 - [TEST_STEP][PASSED] - inputField_for_password = TestObject().addProperty("xpath", EQUALS, xpath_for_password): null

12-08-2024T16:38:19 - [TEST_STEP][PASSED] - executeJavaScript(
    var element = document.evaluate("$xpath_for_password", document, null, XPathResult.FIRST_ORDERED_NODE_TYPE, null).singleNodeValue;
    if (element) {
        element.value = '$new_Value_for_password';
        var event = new Event('input', { bubbles: true });
        element.dispatchEvent(event);
    }
    , null): Execute JavaScript '
    var element = document.evaluate("//label[text()='Username']/ancestor::div[@class='oxd-input-group__label-wrapper']/following-sibling::div//input[@class='oxd-input oxd-input--active']", document, null, XPathResult.FIRST_ORDERED_NODE_TYPE, null).singleNodeValue;
    if (element) {
        element.value = 'Fiboo631010@@';
        var event = new Event('input', { bubbles: true });
        element.dispatchEvent(event);
    }
    ' successfully

12-08-2024T16:38:19 - [MESSAGE][PASSED] - Execute JavaScript '
    var element = document.evaluate("//label[text()='Username']/ancestor::div[@class='oxd-input-group__label-wrapper']/following-sibling::div//input[@class='oxd-input oxd-input--active']", document, null, XPathResult.FIRST_ORDERED_NODE_TYPE, null).singleNodeValue;
    if (element) {
        element.value = 'Fiboo631010@@';
        var event = new Event('input', { bubbles: true });
        element.dispatchEvent(event);
    }
    ' successfully

12-08-2024T16:38:19 - [TEST_STEP][PASSED] - delay(1): Delayed 1 second(s)

12-08-2024T16:38:20 - [MESSAGE][PASSED] - Delayed 1 second(s)

12-08-2024T16:38:20 - [TEST_STEP][PASSED] - Password = getAttribute(findTestObject("Object Repository/ADDING_A_NEW_EMPLOYEE/Add_employee_username"), "value"): Attribute 'value' of object 'Object Repository/ADDING_A_NEW_EMPLOYEE/Add_employee_username' is: 'Fiboo631010@@'

12-08-2024T16:38:20 - [MESSAGE][PASSED] - Attribute 'value' of object 'Object Repository/ADDING_A_NEW_EMPLOYEE/Add_employee_username' is: 'Fiboo631010@@'

12-08-2024T16:38:20 - [TEST_STEP][PASSED] - out.println(Password): null

12-08-2024T16:38:20 - [TEST_STEP][PASSED] - new_Value_for_password_001 = Password: null

12-08-2024T16:38:20 - [TEST_STEP][PASSED] - xpath_for_password_001 = "//label[text()='Password']/ancestor::div[@class='oxd-input-group__label-wrapper']/following-sibling::div//input[@class='oxd-input oxd-input--active']": null

12-08-2024T16:38:20 - [TEST_STEP][PASSED] - inputField_for_password_001 = TestObject().addProperty("xpath", EQUALS, xpath_for_password_001): null

12-08-2024T16:38:20 - [TEST_STEP][PASSED] - executeJavaScript(
    var element = document.evaluate("$xpath_for_password_001", document, null, XPathResult.FIRST_ORDERED_NODE_TYPE, null).singleNodeValue;
    if (element) {
        element.value = '$new_Value_for_password_001';
        var event = new Event('input', { bubbles: true });
        element.dispatchEvent(event);
    }
    , null): Execute JavaScript '
    var element = document.evaluate("//label[text()='Password']/ancestor::div[@class='oxd-input-group__label-wrapper']/following-sibling::div//input[@class='oxd-input oxd-input--active']", document, null, XPathResult.FIRST_ORDERED_NODE_TYPE, null).singleNodeValue;
    if (element) {
        element.value = 'Fiboo631010@@';
        var event = new Event('input', { bubbles: true });
        element.dispatchEvent(event);
    }
    ' successfully

12-08-2024T16:38:20 - [MESSAGE][PASSED] - Execute JavaScript '
    var element = document.evaluate("//label[text()='Password']/ancestor::div[@class='oxd-input-group__label-wrapper']/following-sibling::div//input[@class='oxd-input oxd-input--active']", document, null, XPathResult.FIRST_ORDERED_NODE_TYPE, null).singleNodeValue;
    if (element) {
        element.value = 'Fiboo631010@@';
        var event = new Event('input', { bubbles: true });
        element.dispatchEvent(event);
    }
    ' successfully

12-08-2024T16:38:20 - [TEST_STEP][PASSED] - delay(1): Delayed 1 second(s)

12-08-2024T16:38:21 - [MESSAGE][PASSED] - Delayed 1 second(s)

12-08-2024T16:38:21 - [TEST_STEP][PASSED] - new_Value_for_password_002 = Password: null

12-08-2024T16:38:21 - [TEST_STEP][PASSED] - xpath_for_password_002 = "//label[text()='Confirm Password']/ancestor::div[@class='oxd-input-group__label-wrapper']/following-sibling::div//input[@class='oxd-input oxd-input--active']": null

12-08-2024T16:38:21 - [TEST_STEP][PASSED] - inputField_for_password_002 = TestObject().addProperty("xpath", EQUALS, xpath_for_password_002): null

12-08-2024T16:38:21 - [TEST_STEP][PASSED] - executeJavaScript(
    var element = document.evaluate("$xpath_for_password_002", document, null, XPathResult.FIRST_ORDERED_NODE_TYPE, null).singleNodeValue;
    if (element) {
        element.value = '$new_Value_for_password_002';
        var event = new Event('input', { bubbles: true });
        element.dispatchEvent(event);
    }
    , null): Execute JavaScript '
    var element = document.evaluate("//label[text()='Confirm Password']/ancestor::div[@class='oxd-input-group__label-wrapper']/following-sibling::div//input[@class='oxd-input oxd-input--active']", document, null, XPathResult.FIRST_ORDERED_NODE_TYPE, null).singleNodeValue;
    if (element) {
        element.value = 'Fiboo631010@@';
        var event = new Event('input', { bubbles: true });
        element.dispatchEvent(event);
    }
    ' successfully

12-08-2024T16:38:21 - [MESSAGE][PASSED] - Execute JavaScript '
    var element = document.evaluate("//label[text()='Confirm Password']/ancestor::div[@class='oxd-input-group__label-wrapper']/following-sibling::div//input[@class='oxd-input oxd-input--active']", document, null, XPathResult.FIRST_ORDERED_NODE_TYPE, null).singleNodeValue;
    if (element) {
        element.value = 'Fiboo631010@@';
        var event = new Event('input', { bubbles: true });
        element.dispatchEvent(event);
    }
    ' successfully

12-08-2024T16:38:21 - [TEST_STEP][PASSED] - delay(1): Delayed 1 second(s)

12-08-2024T16:38:22 - [MESSAGE][PASSED] - Delayed 1 second(s)

12-08-2024T16:38:22 - [TEST_STEP][PASSED] - randomString = RandomStringUtils.randomAlphabetic(7): null

12-08-2024T16:38:22 - [TEST_STEP][PASSED] - newValue = "User_name_" + randomString: null

12-08-2024T16:38:22 - [TEST_STEP][PASSED] - xpath_for_user_name = "//label[text()='Username']/ancestor::div[@class='oxd-input-group__label-wrapper']/following-sibling::div//input[@class='oxd-input oxd-input--active']": null

12-08-2024T16:38:22 - [TEST_STEP][PASSED] - inputField = TestObject().addProperty("xpath", EQUALS, xpath_for_user_name): null

12-08-2024T16:38:22 - [TEST_STEP][PASSED] - executeJavaScript(
    var element = document.evaluate("$xpath_for_user_name", document, null, XPathResult.FIRST_ORDERED_NODE_TYPE, null).singleNodeValue;
    if (element) {
        element.value = '$newValue';
        var event = new Event('input', { bubbles: true });
        element.dispatchEvent(event);
    }
    , null): Execute JavaScript '
    var element = document.evaluate("//label[text()='Username']/ancestor::div[@class='oxd-input-group__label-wrapper']/following-sibling::div//input[@class='oxd-input oxd-input--active']", document, null, XPathResult.FIRST_ORDERED_NODE_TYPE, null).singleNodeValue;
    if (element) {
        element.value = 'User_name_MJtdKfy';
        var event = new Event('input', { bubbles: true });
        element.dispatchEvent(event);
    }
    ' successfully

12-08-2024T16:38:22 - [MESSAGE][PASSED] - Execute JavaScript '
    var element = document.evaluate("//label[text()='Username']/ancestor::div[@class='oxd-input-group__label-wrapper']/following-sibling::div//input[@class='oxd-input oxd-input--active']", document, null, XPathResult.FIRST_ORDERED_NODE_TYPE, null).singleNodeValue;
    if (element) {
        element.value = 'User_name_MJtdKfy';
        var event = new Event('input', { bubbles: true });
        element.dispatchEvent(event);
    }
    ' successfully

12-08-2024T16:38:22 - [TEST_STEP][PASSED] - delay(1): Delayed 1 second(s)

12-08-2024T16:38:23 - [MESSAGE][PASSED] - Delayed 1 second(s)

12-08-2024T16:38:23 - [TEST_STEP][PASSED] - User_name = getAttribute(findTestObject("Object Repository/ADDING_A_NEW_EMPLOYEE/Add_employee_username"), "value"): Attribute 'value' of object 'Object Repository/ADDING_A_NEW_EMPLOYEE/Add_employee_username' is: 'User_name_MJtdKfy'

12-08-2024T16:38:24 - [MESSAGE][PASSED] - Attribute 'value' of object 'Object Repository/ADDING_A_NEW_EMPLOYEE/Add_employee_username' is: 'User_name_MJtdKfy'

12-08-2024T16:38:24 - [TEST_STEP][PASSED] - out.println(User_name): null

12-08-2024T16:38:24 - [TEST_STEP][PASSED] - out.println(Password): null

12-08-2024T16:38:24 - [TEST_STEP][PASSED] - First_name = getAttribute(findTestObject("Object Repository/ADDING_A_NEW_EMPLOYEE/Add_Employee_first_name"), "value"): Attribute 'value' of object 'Object Repository/ADDING_A_NEW_EMPLOYEE/Add_Employee_first_name' is: 'First_name_CcWEyEk'

12-08-2024T16:38:24 - [MESSAGE][PASSED] - Attribute 'value' of object 'Object Repository/ADDING_A_NEW_EMPLOYEE/Add_Employee_first_name' is: 'First_name_CcWEyEk'

12-08-2024T16:38:24 - [TEST_STEP][PASSED] - out.println(First_name): null

12-08-2024T16:38:24 - [TEST_STEP][PASSED] - Middle_name = getAttribute(findTestObject("Object Repository/ADDING_A_NEW_EMPLOYEE/Add_employee_middle_name"), "value"): Attribute 'value' of object 'Object Repository/ADDING_A_NEW_EMPLOYEE/Add_employee_middle_name' is: 'Middle_name_ocbosYE'

12-08-2024T16:38:24 - [MESSAGE][PASSED] - Attribute 'value' of object 'Object Repository/ADDING_A_NEW_EMPLOYEE/Add_employee_middle_name' is: 'Middle_name_ocbosYE'

12-08-2024T16:38:24 - [TEST_STEP][PASSED] - out.println(Middle_name): null

12-08-2024T16:38:24 - [TEST_STEP][PASSED] - Last_name = getAttribute(findTestObject("Object Repository/ADDING_A_NEW_EMPLOYEE/Add_employee_last_name"), "value"): Attribute 'value' of object 'Object Repository/ADDING_A_NEW_EMPLOYEE/Add_employee_last_name' is: 'Last_name_mJuScLm'

12-08-2024T16:38:25 - [MESSAGE][PASSED] - Attribute 'value' of object 'Object Repository/ADDING_A_NEW_EMPLOYEE/Add_employee_last_name' is: 'Last_name_mJuScLm'

12-08-2024T16:38:25 - [TEST_STEP][PASSED] - out.println(Last_name): null

12-08-2024T16:38:25 - [TEST_STEP][PASSED] - employee_id = getAttribute(findTestObject("Object Repository/ADDING_A_NEW_EMPLOYEE/Add_employee_id"), "value"): Attribute 'value' of object 'Object Repository/ADDING_A_NEW_EMPLOYEE/Add_employee_id' is: '333869842'

12-08-2024T16:38:25 - [MESSAGE][PASSED] - Attribute 'value' of object 'Object Repository/ADDING_A_NEW_EMPLOYEE/Add_employee_id' is: '333869842'

12-08-2024T16:38:25 - [TEST_STEP][PASSED] - out.println(employee_id): null

12-08-2024T16:38:25 - [TEST_STEP][PASSED] - delay(3): Delayed 3 second(s)

12-08-2024T16:38:28 - [MESSAGE][PASSED] - Delayed 3 second(s)

12-08-2024T16:38:28 - [TEST_STEP][PASSED] - click(findTestObject("Object Repository/ADDING_A_NEW_EMPLOYEE/Add_employee_save_button")): Object: 'Object Repository/ADDING_A_NEW_EMPLOYEE/Add_employee_save_button' is clicked on

12-08-2024T16:38:28 - [MESSAGE][PASSED] - Object: 'Object Repository/ADDING_A_NEW_EMPLOYEE/Add_employee_save_button' is clicked on

12-08-2024T16:38:28 - [TEST_STEP][PASSED] - delay(2): Delayed 2 second(s)

12-08-2024T16:38:30 - [MESSAGE][PASSED] - Delayed 2 second(s)

12-08-2024T16:38:30 - [MESSAGE][PASSED] - Call Test Case 'Test Cases/ADDING_A_NEW_EMPLOYEE' successfully

12-08-2024T16:38:30 - [TEST_STEP][PASSED] - rowIndex = sheet.getLastRowNum() + 1: null

12-08-2024T16:38:30 - [TEST_STEP][PASSED] - row = sheet.createRow(rowIndex): null

12-08-2024T16:38:30 - [TEST_STEP][PASSED] - createCell(0).setCellValue(First_name): null

12-08-2024T16:38:30 - [TEST_STEP][PASSED] - createCell(1).setCellValue(Middle_name): null

12-08-2024T16:38:30 - [TEST_STEP][PASSED] - createCell(2).setCellValue(Last_name): null

12-08-2024T16:38:30 - [TEST_STEP][PASSED] - createCell(3).setCellValue(User_name): null

12-08-2024T16:38:30 - [TEST_STEP][PASSED] - createCell(4).setCellValue(Password): null

12-08-2024T16:38:30 - [TEST_STEP][PASSED] - createCell(5).setCellValue(employee_id): null

12-08-2024T16:38:30 - [TEST_STEP][PASSED] - callTestCase(findTestCase("ADDING_A_NEW_EMPLOYEE"), [:], STOP_ON_FAILURE): Call Test Case 'Test Cases/ADDING_A_NEW_EMPLOYEE' successfully

12-08-2024T16:38:30 - [TEST_CASE][PASSED] - Test Cases/ADDING_A_NEW_EMPLOYEE: Test Cases/ADDING_A_NEW_EMPLOYEE

12-08-2024T16:38:31 - [TEST_STEP][PASSED] - verifyElementPresent(findTestObject("ADDING_A_NEW_EMPLOYEE/pim_option_from_side_bar"), 10): Object 'Object Repository/ADDING_A_NEW_EMPLOYEE/pim_option_from_side_bar' is present

12-08-2024T16:38:32 - [MESSAGE][PASSED] - Object 'Object Repository/ADDING_A_NEW_EMPLOYEE/pim_option_from_side_bar' is present

12-08-2024T16:38:32 - [TEST_STEP][PASSED] - click(findTestObject("ADDING_A_NEW_EMPLOYEE/pim_option_from_side_bar")): Object: 'Object Repository/ADDING_A_NEW_EMPLOYEE/pim_option_from_side_bar' is clicked on

12-08-2024T16:38:33 - [MESSAGE][PASSED] - Object: 'Object Repository/ADDING_A_NEW_EMPLOYEE/pim_option_from_side_bar' is clicked on

12-08-2024T16:38:33 - [TEST_STEP][PASSED] - waitForElementPresent(findTestObject("ADDING_A_NEW_EMPLOYEE/adding_new_employee_button_in_pim_page"), 10): Object 'Object Repository/ADDING_A_NEW_EMPLOYEE/adding_new_employee_button_in_pim_page' is present

12-08-2024T16:38:34 - [MESSAGE][PASSED] - Object 'Object Repository/ADDING_A_NEW_EMPLOYEE/adding_new_employee_button_in_pim_page' is present

12-08-2024T16:38:34 - [TEST_STEP][PASSED] - click(findTestObject("ADDING_A_NEW_EMPLOYEE/adding_new_employee_button_in_pim_page")): Object: 'Object Repository/ADDING_A_NEW_EMPLOYEE/adding_new_employee_button_in_pim_page' is clicked on

12-08-2024T16:38:35 - [MESSAGE][PASSED] - Object: 'Object Repository/ADDING_A_NEW_EMPLOYEE/adding_new_employee_button_in_pim_page' is clicked on

12-08-2024T16:38:35 - [TEST_STEP][PASSED] - verifyElementPresent(findTestObject("ADDING_A_NEW_EMPLOYEE/create_login_details_checkbox"), 10): Object 'Object Repository/ADDING_A_NEW_EMPLOYEE/create_login_details_checkbox' is present

12-08-2024T16:38:37 - [MESSAGE][PASSED] - Object 'Object Repository/ADDING_A_NEW_EMPLOYEE/create_login_details_checkbox' is present

12-08-2024T16:38:37 - [TEST_STEP][PASSED] - click(findTestObject("ADDING_A_NEW_EMPLOYEE/create_login_details_checkbox")): Object: 'Object Repository/ADDING_A_NEW_EMPLOYEE/create_login_details_checkbox' is clicked on

12-08-2024T16:38:37 - [MESSAGE][PASSED] - Object: 'Object Repository/ADDING_A_NEW_EMPLOYEE/create_login_details_checkbox' is clicked on

12-08-2024T16:38:37 - [TEST_STEP][PASSED] - verifyElementPresent(findTestObject("Object Repository/ADDING_A_NEW_EMPLOYEE/Add_employee_enabled_radio_button"), 10): Object 'Object Repository/ADDING_A_NEW_EMPLOYEE/Add_employee_enabled_radio_button' is present

12-08-2024T16:38:38 - [MESSAGE][PASSED] - Object 'Object Repository/ADDING_A_NEW_EMPLOYEE/Add_employee_enabled_radio_button' is present

12-08-2024T16:38:38 - [TEST_STEP][PASSED] - click(findTestObject("Object Repository/ADDING_A_NEW_EMPLOYEE/Add_employee_enabled_radio_button")): Object: 'Object Repository/ADDING_A_NEW_EMPLOYEE/Add_employee_enabled_radio_button' is clicked on

12-08-2024T16:38:38 - [MESSAGE][PASSED] - Object: 'Object Repository/ADDING_A_NEW_EMPLOYEE/Add_employee_enabled_radio_button' is clicked on

12-08-2024T16:38:38 - [TEST_STEP][PASSED] - verifyElementPresent(findTestObject("Object Repository/ADDING_A_NEW_EMPLOYEE/Add_Employee_first_name"), 10): Object 'Object Repository/ADDING_A_NEW_EMPLOYEE/Add_Employee_first_name' is present

12-08-2024T16:38:39 - [MESSAGE][PASSED] - Object 'Object Repository/ADDING_A_NEW_EMPLOYEE/Add_Employee_first_name' is present

12-08-2024T16:38:39 - [TEST_STEP][PASSED] - click(findTestObject("Object Repository/ADDING_A_NEW_EMPLOYEE/Add_Employee_first_name")): Object: 'Object Repository/ADDING_A_NEW_EMPLOYEE/Add_Employee_first_name' is clicked on

12-08-2024T16:38:39 - [MESSAGE][PASSED] - Object: 'Object Repository/ADDING_A_NEW_EMPLOYEE/Add_Employee_first_name' is clicked on

12-08-2024T16:38:39 - [TEST_STEP][PASSED] - setText(findTestObject("Object Repository/ADDING_A_NEW_EMPLOYEE/Add_Employee_first_name"), "First_name_" + RandomStringUtils.randomAlphabetic(7)): Text 'First_name_fSPRHlG' is set on object 'Object Repository/ADDING_A_NEW_EMPLOYEE/Add_Employee_first_name'

12-08-2024T16:38:39 - [MESSAGE][PASSED] - Text 'First_name_fSPRHlG' is set on object 'Object Repository/ADDING_A_NEW_EMPLOYEE/Add_Employee_first_name'

12-08-2024T16:38:39 - [TEST_STEP][PASSED] - verifyElementPresent(findTestObject("Object Repository/ADDING_A_NEW_EMPLOYEE/Add_employee_middle_name"), 10): Object 'Object Repository/ADDING_A_NEW_EMPLOYEE/Add_employee_middle_name' is present

12-08-2024T16:38:40 - [MESSAGE][PASSED] - Object 'Object Repository/ADDING_A_NEW_EMPLOYEE/Add_employee_middle_name' is present

12-08-2024T16:38:40 - [TEST_STEP][PASSED] - click(findTestObject("Object Repository/ADDING_A_NEW_EMPLOYEE/Add_employee_middle_name")): Object: 'Object Repository/ADDING_A_NEW_EMPLOYEE/Add_employee_middle_name' is clicked on

12-08-2024T16:38:40 - [MESSAGE][PASSED] - Object: 'Object Repository/ADDING_A_NEW_EMPLOYEE/Add_employee_middle_name' is clicked on

12-08-2024T16:38:40 - [TEST_STEP][PASSED] - setText(findTestObject("Object Repository/ADDING_A_NEW_EMPLOYEE/Add_employee_middle_name"), "Middle_name_" + RandomStringUtils.randomAlphabetic(7)): Text 'Middle_name_pcRWIje' is set on object 'Object Repository/ADDING_A_NEW_EMPLOYEE/Add_employee_middle_name'

12-08-2024T16:38:41 - [MESSAGE][PASSED] - Text 'Middle_name_pcRWIje' is set on object 'Object Repository/ADDING_A_NEW_EMPLOYEE/Add_employee_middle_name'

12-08-2024T16:38:41 - [TEST_STEP][PASSED] - verifyElementPresent(findTestObject("Object Repository/ADDING_A_NEW_EMPLOYEE/Add_employee_last_name"), 10): Object 'Object Repository/ADDING_A_NEW_EMPLOYEE/Add_employee_last_name' is present

12-08-2024T16:38:41 - [MESSAGE][PASSED] - Object 'Object Repository/ADDING_A_NEW_EMPLOYEE/Add_employee_last_name' is present

12-08-2024T16:38:41 - [TEST_STEP][PASSED] - click(findTestObject("Object Repository/ADDING_A_NEW_EMPLOYEE/Add_employee_last_name")): Object: 'Object Repository/ADDING_A_NEW_EMPLOYEE/Add_employee_last_name' is clicked on

12-08-2024T16:38:41 - [MESSAGE][PASSED] - Object: 'Object Repository/ADDING_A_NEW_EMPLOYEE/Add_employee_last_name' is clicked on

12-08-2024T16:38:41 - [TEST_STEP][PASSED] - setText(findTestObject("Object Repository/ADDING_A_NEW_EMPLOYEE/Add_employee_last_name"), "Last_name_" + RandomStringUtils.randomAlphabetic(7)): Text 'Last_name_YIQcsFx' is set on object 'Object Repository/ADDING_A_NEW_EMPLOYEE/Add_employee_last_name'

12-08-2024T16:38:42 - [MESSAGE][PASSED] - Text 'Last_name_YIQcsFx' is set on object 'Object Repository/ADDING_A_NEW_EMPLOYEE/Add_employee_last_name'

12-08-2024T16:38:42 - [TEST_STEP][PASSED] - randomString_001 = RandomStringUtils.randomNumeric(6): null

12-08-2024T16:38:42 - [TEST_STEP][PASSED] - newValue_001 = "333" + randomString_001: null

12-08-2024T16:38:42 - [TEST_STEP][PASSED] - xpath_for_employee_id = "//label[text()='Employee Id']/ancestor::div[@class='oxd-input-group__label-wrapper']/following-sibling::div//input[@class='oxd-input oxd-input--active']": null

12-08-2024T16:38:42 - [TEST_STEP][PASSED] - inputField_001 = TestObject().addProperty("xpath", EQUALS, xpath_for_employee_id): null

12-08-2024T16:38:42 - [TEST_STEP][PASSED] - executeJavaScript(
    var element = document.evaluate("$xpath_for_employee_id", document, null, XPathResult.FIRST_ORDERED_NODE_TYPE, null).singleNodeValue;
    if (element) {
        element.value = '$newValue_001';
        var event = new Event('input', { bubbles: true });
        element.dispatchEvent(event);
    }
    , null): Execute JavaScript '
    var element = document.evaluate("//label[text()='Employee Id']/ancestor::div[@class='oxd-input-group__label-wrapper']/following-sibling::div//input[@class='oxd-input oxd-input--active']", document, null, XPathResult.FIRST_ORDERED_NODE_TYPE, null).singleNodeValue;
    if (element) {
        element.value = '333259772';
        var event = new Event('input', { bubbles: true });
        element.dispatchEvent(event);
    }
    ' successfully

12-08-2024T16:38:42 - [MESSAGE][PASSED] - Execute JavaScript '
    var element = document.evaluate("//label[text()='Employee Id']/ancestor::div[@class='oxd-input-group__label-wrapper']/following-sibling::div//input[@class='oxd-input oxd-input--active']", document, null, XPathResult.FIRST_ORDERED_NODE_TYPE, null).singleNodeValue;
    if (element) {
        element.value = '333259772';
        var event = new Event('input', { bubbles: true });
        element.dispatchEvent(event);
    }
    ' successfully

12-08-2024T16:38:42 - [TEST_STEP][PASSED] - delay(3): Delayed 3 second(s)

12-08-2024T16:38:45 - [MESSAGE][PASSED] - Delayed 3 second(s)

12-08-2024T16:38:45 - [TEST_STEP][PASSED] - randomString_for_password = RandomStringUtils.randomNumeric(6): null

12-08-2024T16:38:45 - [TEST_STEP][PASSED] - new_Value_for_password = "Fiboo" + randomString_for_password + "@@": null

12-08-2024T16:38:45 - [TEST_STEP][PASSED] - xpath_for_password = "//label[text()='Username']/ancestor::div[@class='oxd-input-group__label-wrapper']/following-sibling::div//input[@class='oxd-input oxd-input--active']": null

12-08-2024T16:38:45 - [TEST_STEP][PASSED] - inputField_for_password = TestObject().addProperty("xpath", EQUALS, xpath_for_password): null

12-08-2024T16:38:45 - [TEST_STEP][PASSED] - executeJavaScript(
    var element = document.evaluate("$xpath_for_password", document, null, XPathResult.FIRST_ORDERED_NODE_TYPE, null).singleNodeValue;
    if (element) {
        element.value = '$new_Value_for_password';
        var event = new Event('input', { bubbles: true });
        element.dispatchEvent(event);
    }
    , null): Execute JavaScript '
    var element = document.evaluate("//label[text()='Username']/ancestor::div[@class='oxd-input-group__label-wrapper']/following-sibling::div//input[@class='oxd-input oxd-input--active']", document, null, XPathResult.FIRST_ORDERED_NODE_TYPE, null).singleNodeValue;
    if (element) {
        element.value = 'Fiboo893143@@';
        var event = new Event('input', { bubbles: true });
        element.dispatchEvent(event);
    }
    ' successfully

12-08-2024T16:38:45 - [MESSAGE][PASSED] - Execute JavaScript '
    var element = document.evaluate("//label[text()='Username']/ancestor::div[@class='oxd-input-group__label-wrapper']/following-sibling::div//input[@class='oxd-input oxd-input--active']", document, null, XPathResult.FIRST_ORDERED_NODE_TYPE, null).singleNodeValue;
    if (element) {
        element.value = 'Fiboo893143@@';
        var event = new Event('input', { bubbles: true });
        element.dispatchEvent(event);
    }
    ' successfully

12-08-2024T16:38:45 - [TEST_STEP][PASSED] - delay(1): Delayed 1 second(s)

12-08-2024T16:38:46 - [MESSAGE][PASSED] - Delayed 1 second(s)

12-08-2024T16:38:46 - [TEST_STEP][PASSED] - Password = getAttribute(findTestObject("Object Repository/ADDING_A_NEW_EMPLOYEE/Add_employee_username"), "value"): Attribute 'value' of object 'Object Repository/ADDING_A_NEW_EMPLOYEE/Add_employee_username' is: 'Fiboo893143@@'

12-08-2024T16:38:47 - [MESSAGE][PASSED] - Attribute 'value' of object 'Object Repository/ADDING_A_NEW_EMPLOYEE/Add_employee_username' is: 'Fiboo893143@@'

12-08-2024T16:38:47 - [TEST_STEP][PASSED] - out.println(Password): null

12-08-2024T16:38:47 - [TEST_STEP][PASSED] - new_Value_for_password_001 = Password: null

12-08-2024T16:38:47 - [TEST_STEP][PASSED] - xpath_for_password_001 = "//label[text()='Password']/ancestor::div[@class='oxd-input-group__label-wrapper']/following-sibling::div//input[@class='oxd-input oxd-input--active']": null

12-08-2024T16:38:47 - [TEST_STEP][PASSED] - inputField_for_password_001 = TestObject().addProperty("xpath", EQUALS, xpath_for_password_001): null

12-08-2024T16:38:47 - [TEST_STEP][PASSED] - executeJavaScript(
    var element = document.evaluate("$xpath_for_password_001", document, null, XPathResult.FIRST_ORDERED_NODE_TYPE, null).singleNodeValue;
    if (element) {
        element.value = '$new_Value_for_password_001';
        var event = new Event('input', { bubbles: true });
        element.dispatchEvent(event);
    }
    , null): Execute JavaScript '
    var element = document.evaluate("//label[text()='Password']/ancestor::div[@class='oxd-input-group__label-wrapper']/following-sibling::div//input[@class='oxd-input oxd-input--active']", document, null, XPathResult.FIRST_ORDERED_NODE_TYPE, null).singleNodeValue;
    if (element) {
        element.value = 'Fiboo893143@@';
        var event = new Event('input', { bubbles: true });
        element.dispatchEvent(event);
    }
    ' successfully

12-08-2024T16:38:47 - [MESSAGE][PASSED] - Execute JavaScript '
    var element = document.evaluate("//label[text()='Password']/ancestor::div[@class='oxd-input-group__label-wrapper']/following-sibling::div//input[@class='oxd-input oxd-input--active']", document, null, XPathResult.FIRST_ORDERED_NODE_TYPE, null).singleNodeValue;
    if (element) {
        element.value = 'Fiboo893143@@';
        var event = new Event('input', { bubbles: true });
        element.dispatchEvent(event);
    }
    ' successfully

12-08-2024T16:38:47 - [TEST_STEP][PASSED] - delay(1): Delayed 1 second(s)

12-08-2024T16:38:48 - [MESSAGE][PASSED] - Delayed 1 second(s)

12-08-2024T16:38:48 - [TEST_STEP][PASSED] - new_Value_for_password_002 = Password: null

12-08-2024T16:38:48 - [TEST_STEP][PASSED] - xpath_for_password_002 = "//label[text()='Confirm Password']/ancestor::div[@class='oxd-input-group__label-wrapper']/following-sibling::div//input[@class='oxd-input oxd-input--active']": null

12-08-2024T16:38:48 - [TEST_STEP][PASSED] - inputField_for_password_002 = TestObject().addProperty("xpath", EQUALS, xpath_for_password_002): null

12-08-2024T16:38:48 - [TEST_STEP][PASSED] - executeJavaScript(
    var element = document.evaluate("$xpath_for_password_002", document, null, XPathResult.FIRST_ORDERED_NODE_TYPE, null).singleNodeValue;
    if (element) {
        element.value = '$new_Value_for_password_002';
        var event = new Event('input', { bubbles: true });
        element.dispatchEvent(event);
    }
    , null): Execute JavaScript '
    var element = document.evaluate("//label[text()='Confirm Password']/ancestor::div[@class='oxd-input-group__label-wrapper']/following-sibling::div//input[@class='oxd-input oxd-input--active']", document, null, XPathResult.FIRST_ORDERED_NODE_TYPE, null).singleNodeValue;
    if (element) {
        element.value = 'Fiboo893143@@';
        var event = new Event('input', { bubbles: true });
        element.dispatchEvent(event);
    }
    ' successfully

12-08-2024T16:38:48 - [MESSAGE][PASSED] - Execute JavaScript '
    var element = document.evaluate("//label[text()='Confirm Password']/ancestor::div[@class='oxd-input-group__label-wrapper']/following-sibling::div//input[@class='oxd-input oxd-input--active']", document, null, XPathResult.FIRST_ORDERED_NODE_TYPE, null).singleNodeValue;
    if (element) {
        element.value = 'Fiboo893143@@';
        var event = new Event('input', { bubbles: true });
        element.dispatchEvent(event);
    }
    ' successfully

12-08-2024T16:38:48 - [TEST_STEP][PASSED] - delay(1): Delayed 1 second(s)

12-08-2024T16:38:49 - [MESSAGE][PASSED] - Delayed 1 second(s)

12-08-2024T16:38:49 - [TEST_STEP][PASSED] - randomString = RandomStringUtils.randomAlphabetic(7): null

12-08-2024T16:38:49 - [TEST_STEP][PASSED] - newValue = "User_name_" + randomString: null

12-08-2024T16:38:49 - [TEST_STEP][PASSED] - xpath_for_user_name = "//label[text()='Username']/ancestor::div[@class='oxd-input-group__label-wrapper']/following-sibling::div//input[@class='oxd-input oxd-input--active']": null

12-08-2024T16:38:49 - [TEST_STEP][PASSED] - inputField = TestObject().addProperty("xpath", EQUALS, xpath_for_user_name): null

12-08-2024T16:38:49 - [TEST_STEP][PASSED] - executeJavaScript(
    var element = document.evaluate("$xpath_for_user_name", document, null, XPathResult.FIRST_ORDERED_NODE_TYPE, null).singleNodeValue;
    if (element) {
        element.value = '$newValue';
        var event = new Event('input', { bubbles: true });
        element.dispatchEvent(event);
    }
    , null): Execute JavaScript '
    var element = document.evaluate("//label[text()='Username']/ancestor::div[@class='oxd-input-group__label-wrapper']/following-sibling::div//input[@class='oxd-input oxd-input--active']", document, null, XPathResult.FIRST_ORDERED_NODE_TYPE, null).singleNodeValue;
    if (element) {
        element.value = 'User_name_wBQKmre';
        var event = new Event('input', { bubbles: true });
        element.dispatchEvent(event);
    }
    ' successfully

12-08-2024T16:38:49 - [MESSAGE][PASSED] - Execute JavaScript '
    var element = document.evaluate("//label[text()='Username']/ancestor::div[@class='oxd-input-group__label-wrapper']/following-sibling::div//input[@class='oxd-input oxd-input--active']", document, null, XPathResult.FIRST_ORDERED_NODE_TYPE, null).singleNodeValue;
    if (element) {
        element.value = 'User_name_wBQKmre';
        var event = new Event('input', { bubbles: true });
        element.dispatchEvent(event);
    }
    ' successfully

12-08-2024T16:38:49 - [TEST_STEP][PASSED] - delay(1): Delayed 1 second(s)

12-08-2024T16:38:50 - [MESSAGE][PASSED] - Delayed 1 second(s)

12-08-2024T16:38:50 - [TEST_STEP][PASSED] - User_name = getAttribute(findTestObject("Object Repository/ADDING_A_NEW_EMPLOYEE/Add_employee_username"), "value"): Attribute 'value' of object 'Object Repository/ADDING_A_NEW_EMPLOYEE/Add_employee_username' is: 'User_name_wBQKmre'

12-08-2024T16:38:50 - [MESSAGE][PASSED] - Attribute 'value' of object 'Object Repository/ADDING_A_NEW_EMPLOYEE/Add_employee_username' is: 'User_name_wBQKmre'

12-08-2024T16:38:50 - [TEST_STEP][PASSED] - out.println(User_name): null

12-08-2024T16:38:50 - [TEST_STEP][PASSED] - out.println(Password): null

12-08-2024T16:38:50 - [TEST_STEP][PASSED] - First_name = getAttribute(findTestObject("Object Repository/ADDING_A_NEW_EMPLOYEE/Add_Employee_first_name"), "value"): Attribute 'value' of object 'Object Repository/ADDING_A_NEW_EMPLOYEE/Add_Employee_first_name' is: 'First_name_fSPRHlG'

12-08-2024T16:38:50 - [MESSAGE][PASSED] - Attribute 'value' of object 'Object Repository/ADDING_A_NEW_EMPLOYEE/Add_Employee_first_name' is: 'First_name_fSPRHlG'

12-08-2024T16:38:50 - [TEST_STEP][PASSED] - out.println(First_name): null

12-08-2024T16:38:50 - [TEST_STEP][PASSED] - Middle_name = getAttribute(findTestObject("Object Repository/ADDING_A_NEW_EMPLOYEE/Add_employee_middle_name"), "value"): Attribute 'value' of object 'Object Repository/ADDING_A_NEW_EMPLOYEE/Add_employee_middle_name' is: 'Middle_name_pcRWIje'

12-08-2024T16:38:51 - [MESSAGE][PASSED] - Attribute 'value' of object 'Object Repository/ADDING_A_NEW_EMPLOYEE/Add_employee_middle_name' is: 'Middle_name_pcRWIje'

12-08-2024T16:38:51 - [TEST_STEP][PASSED] - out.println(Middle_name): null

12-08-2024T16:38:51 - [TEST_STEP][PASSED] - Last_name = getAttribute(findTestObject("Object Repository/ADDING_A_NEW_EMPLOYEE/Add_employee_last_name"), "value"): Attribute 'value' of object 'Object Repository/ADDING_A_NEW_EMPLOYEE/Add_employee_last_name' is: 'Last_name_YIQcsFx'

12-08-2024T16:38:51 - [MESSAGE][PASSED] - Attribute 'value' of object 'Object Repository/ADDING_A_NEW_EMPLOYEE/Add_employee_last_name' is: 'Last_name_YIQcsFx'

12-08-2024T16:38:51 - [TEST_STEP][PASSED] - out.println(Last_name): null

12-08-2024T16:38:51 - [TEST_STEP][PASSED] - employee_id = getAttribute(findTestObject("Object Repository/ADDING_A_NEW_EMPLOYEE/Add_employee_id"), "value"): Attribute 'value' of object 'Object Repository/ADDING_A_NEW_EMPLOYEE/Add_employee_id' is: '333259772'

12-08-2024T16:38:51 - [MESSAGE][PASSED] - Attribute 'value' of object 'Object Repository/ADDING_A_NEW_EMPLOYEE/Add_employee_id' is: '333259772'

12-08-2024T16:38:51 - [TEST_STEP][PASSED] - out.println(employee_id): null

12-08-2024T16:38:51 - [TEST_STEP][PASSED] - delay(3): Delayed 3 second(s)

12-08-2024T16:38:54 - [MESSAGE][PASSED] - Delayed 3 second(s)

12-08-2024T16:38:54 - [TEST_STEP][PASSED] - click(findTestObject("Object Repository/ADDING_A_NEW_EMPLOYEE/Add_employee_save_button")): Object: 'Object Repository/ADDING_A_NEW_EMPLOYEE/Add_employee_save_button' is clicked on

12-08-2024T16:38:55 - [MESSAGE][PASSED] - Object: 'Object Repository/ADDING_A_NEW_EMPLOYEE/Add_employee_save_button' is clicked on

12-08-2024T16:38:55 - [TEST_STEP][PASSED] - delay(2): Delayed 2 second(s)

12-08-2024T16:38:57 - [MESSAGE][PASSED] - Delayed 2 second(s)

12-08-2024T16:38:57 - [MESSAGE][PASSED] - Call Test Case 'Test Cases/ADDING_A_NEW_EMPLOYEE' successfully

12-08-2024T16:38:57 - [TEST_STEP][PASSED] - rowIndex = sheet.getLastRowNum() + 1: null

12-08-2024T16:38:57 - [TEST_STEP][PASSED] - row = sheet.createRow(rowIndex): null

12-08-2024T16:38:57 - [TEST_STEP][PASSED] - createCell(0).setCellValue(First_name): null

12-08-2024T16:38:57 - [TEST_STEP][PASSED] - createCell(1).setCellValue(Middle_name): null

12-08-2024T16:38:57 - [TEST_STEP][PASSED] - createCell(2).setCellValue(Last_name): null

12-08-2024T16:38:57 - [TEST_STEP][PASSED] - createCell(3).setCellValue(User_name): null

12-08-2024T16:38:57 - [TEST_STEP][PASSED] - createCell(4).setCellValue(Password): null

12-08-2024T16:38:57 - [TEST_STEP][PASSED] - createCell(5).setCellValue(employee_id): null

12-08-2024T16:38:57 - [TEST_STEP][PASSED] - callTestCase(findTestCase("ADDING_A_NEW_EMPLOYEE"), [:], STOP_ON_FAILURE): Call Test Case 'Test Cases/ADDING_A_NEW_EMPLOYEE' successfully

12-08-2024T16:38:57 - [TEST_CASE][PASSED] - Test Cases/ADDING_A_NEW_EMPLOYEE: Test Cases/ADDING_A_NEW_EMPLOYEE

12-08-2024T16:38:57 - [TEST_STEP][PASSED] - verifyElementPresent(findTestObject("ADDING_A_NEW_EMPLOYEE/pim_option_from_side_bar"), 10): Object 'Object Repository/ADDING_A_NEW_EMPLOYEE/pim_option_from_side_bar' is present

12-08-2024T16:38:58 - [MESSAGE][PASSED] - Object 'Object Repository/ADDING_A_NEW_EMPLOYEE/pim_option_from_side_bar' is present

12-08-2024T16:38:58 - [TEST_STEP][PASSED] - click(findTestObject("ADDING_A_NEW_EMPLOYEE/pim_option_from_side_bar")): Object: 'Object Repository/ADDING_A_NEW_EMPLOYEE/pim_option_from_side_bar' is clicked on

12-08-2024T16:39:00 - [MESSAGE][PASSED] - Object: 'Object Repository/ADDING_A_NEW_EMPLOYEE/pim_option_from_side_bar' is clicked on

12-08-2024T16:39:00 - [TEST_STEP][PASSED] - waitForElementPresent(findTestObject("ADDING_A_NEW_EMPLOYEE/adding_new_employee_button_in_pim_page"), 10): Object 'Object Repository/ADDING_A_NEW_EMPLOYEE/adding_new_employee_button_in_pim_page' is present

12-08-2024T16:39:01 - [MESSAGE][PASSED] - Object 'Object Repository/ADDING_A_NEW_EMPLOYEE/adding_new_employee_button_in_pim_page' is present

12-08-2024T16:39:01 - [TEST_STEP][PASSED] - click(findTestObject("ADDING_A_NEW_EMPLOYEE/adding_new_employee_button_in_pim_page")): Object: 'Object Repository/ADDING_A_NEW_EMPLOYEE/adding_new_employee_button_in_pim_page' is clicked on

12-08-2024T16:39:02 - [MESSAGE][PASSED] - Object: 'Object Repository/ADDING_A_NEW_EMPLOYEE/adding_new_employee_button_in_pim_page' is clicked on

12-08-2024T16:39:02 - [TEST_STEP][PASSED] - verifyElementPresent(findTestObject("ADDING_A_NEW_EMPLOYEE/create_login_details_checkbox"), 10): Object 'Object Repository/ADDING_A_NEW_EMPLOYEE/create_login_details_checkbox' is present

12-08-2024T16:39:04 - [MESSAGE][PASSED] - Object 'Object Repository/ADDING_A_NEW_EMPLOYEE/create_login_details_checkbox' is present

12-08-2024T16:39:04 - [TEST_STEP][PASSED] - click(findTestObject("ADDING_A_NEW_EMPLOYEE/create_login_details_checkbox")): Object: 'Object Repository/ADDING_A_NEW_EMPLOYEE/create_login_details_checkbox' is clicked on

12-08-2024T16:39:04 - [MESSAGE][PASSED] - Object: 'Object Repository/ADDING_A_NEW_EMPLOYEE/create_login_details_checkbox' is clicked on

12-08-2024T16:39:04 - [TEST_STEP][PASSED] - verifyElementPresent(findTestObject("Object Repository/ADDING_A_NEW_EMPLOYEE/Add_employee_enabled_radio_button"), 10): Object 'Object Repository/ADDING_A_NEW_EMPLOYEE/Add_employee_enabled_radio_button' is present

12-08-2024T16:39:05 - [MESSAGE][PASSED] - Object 'Object Repository/ADDING_A_NEW_EMPLOYEE/Add_employee_enabled_radio_button' is present

12-08-2024T16:39:05 - [TEST_STEP][PASSED] - click(findTestObject("Object Repository/ADDING_A_NEW_EMPLOYEE/Add_employee_enabled_radio_button")): Object: 'Object Repository/ADDING_A_NEW_EMPLOYEE/Add_employee_enabled_radio_button' is clicked on

12-08-2024T16:39:05 - [MESSAGE][PASSED] - Object: 'Object Repository/ADDING_A_NEW_EMPLOYEE/Add_employee_enabled_radio_button' is clicked on

12-08-2024T16:39:05 - [TEST_STEP][PASSED] - verifyElementPresent(findTestObject("Object Repository/ADDING_A_NEW_EMPLOYEE/Add_Employee_first_name"), 10): Object 'Object Repository/ADDING_A_NEW_EMPLOYEE/Add_Employee_first_name' is present

12-08-2024T16:39:05 - [MESSAGE][PASSED] - Object 'Object Repository/ADDING_A_NEW_EMPLOYEE/Add_Employee_first_name' is present

12-08-2024T16:39:05 - [TEST_STEP][PASSED] - click(findTestObject("Object Repository/ADDING_A_NEW_EMPLOYEE/Add_Employee_first_name")): Object: 'Object Repository/ADDING_A_NEW_EMPLOYEE/Add_Employee_first_name' is clicked on

12-08-2024T16:39:05 - [MESSAGE][PASSED] - Object: 'Object Repository/ADDING_A_NEW_EMPLOYEE/Add_Employee_first_name' is clicked on

12-08-2024T16:39:05 - [TEST_STEP][PASSED] - setText(findTestObject("Object Repository/ADDING_A_NEW_EMPLOYEE/Add_Employee_first_name"), "First_name_" + RandomStringUtils.randomAlphabetic(7)): Text 'First_name_mbTJNXN' is set on object 'Object Repository/ADDING_A_NEW_EMPLOYEE/Add_Employee_first_name'

12-08-2024T16:39:06 - [MESSAGE][PASSED] - Text 'First_name_mbTJNXN' is set on object 'Object Repository/ADDING_A_NEW_EMPLOYEE/Add_Employee_first_name'

12-08-2024T16:39:06 - [TEST_STEP][PASSED] - verifyElementPresent(findTestObject("Object Repository/ADDING_A_NEW_EMPLOYEE/Add_employee_middle_name"), 10): Object 'Object Repository/ADDING_A_NEW_EMPLOYEE/Add_employee_middle_name' is present

12-08-2024T16:39:06 - [MESSAGE][PASSED] - Object 'Object Repository/ADDING_A_NEW_EMPLOYEE/Add_employee_middle_name' is present

12-08-2024T16:39:06 - [TEST_STEP][PASSED] - click(findTestObject("Object Repository/ADDING_A_NEW_EMPLOYEE/Add_employee_middle_name")): Object: 'Object Repository/ADDING_A_NEW_EMPLOYEE/Add_employee_middle_name' is clicked on

12-08-2024T16:39:07 - [MESSAGE][PASSED] - Object: 'Object Repository/ADDING_A_NEW_EMPLOYEE/Add_employee_middle_name' is clicked on

12-08-2024T16:39:07 - [TEST_STEP][PASSED] - setText(findTestObject("Object Repository/ADDING_A_NEW_EMPLOYEE/Add_employee_middle_name"), "Middle_name_" + RandomStringUtils.randomAlphabetic(7)): Text 'Middle_name_uPEIhuG' is set on object 'Object Repository/ADDING_A_NEW_EMPLOYEE/Add_employee_middle_name'

12-08-2024T16:39:07 - [MESSAGE][PASSED] - Text 'Middle_name_uPEIhuG' is set on object 'Object Repository/ADDING_A_NEW_EMPLOYEE/Add_employee_middle_name'

12-08-2024T16:39:07 - [TEST_STEP][PASSED] - verifyElementPresent(findTestObject("Object Repository/ADDING_A_NEW_EMPLOYEE/Add_employee_last_name"), 10): Object 'Object Repository/ADDING_A_NEW_EMPLOYEE/Add_employee_last_name' is present

12-08-2024T16:39:08 - [MESSAGE][PASSED] - Object 'Object Repository/ADDING_A_NEW_EMPLOYEE/Add_employee_last_name' is present

12-08-2024T16:39:08 - [TEST_STEP][PASSED] - click(findTestObject("Object Repository/ADDING_A_NEW_EMPLOYEE/Add_employee_last_name")): Object: 'Object Repository/ADDING_A_NEW_EMPLOYEE/Add_employee_last_name' is clicked on

12-08-2024T16:39:08 - [MESSAGE][PASSED] - Object: 'Object Repository/ADDING_A_NEW_EMPLOYEE/Add_employee_last_name' is clicked on

12-08-2024T16:39:08 - [TEST_STEP][PASSED] - setText(findTestObject("Object Repository/ADDING_A_NEW_EMPLOYEE/Add_employee_last_name"), "Last_name_" + RandomStringUtils.randomAlphabetic(7)): Text 'Last_name_vPDXBep' is set on object 'Object Repository/ADDING_A_NEW_EMPLOYEE/Add_employee_last_name'

12-08-2024T16:39:09 - [MESSAGE][PASSED] - Text 'Last_name_vPDXBep' is set on object 'Object Repository/ADDING_A_NEW_EMPLOYEE/Add_employee_last_name'

12-08-2024T16:39:09 - [TEST_STEP][PASSED] - randomString_001 = RandomStringUtils.randomNumeric(6): null

12-08-2024T16:39:09 - [TEST_STEP][PASSED] - newValue_001 = "333" + randomString_001: null

12-08-2024T16:39:09 - [TEST_STEP][PASSED] - xpath_for_employee_id = "//label[text()='Employee Id']/ancestor::div[@class='oxd-input-group__label-wrapper']/following-sibling::div//input[@class='oxd-input oxd-input--active']": null

12-08-2024T16:39:09 - [TEST_STEP][PASSED] - inputField_001 = TestObject().addProperty("xpath", EQUALS, xpath_for_employee_id): null

12-08-2024T16:39:09 - [TEST_STEP][PASSED] - executeJavaScript(
    var element = document.evaluate("$xpath_for_employee_id", document, null, XPathResult.FIRST_ORDERED_NODE_TYPE, null).singleNodeValue;
    if (element) {
        element.value = '$newValue_001';
        var event = new Event('input', { bubbles: true });
        element.dispatchEvent(event);
    }
    , null): Execute JavaScript '
    var element = document.evaluate("//label[text()='Employee Id']/ancestor::div[@class='oxd-input-group__label-wrapper']/following-sibling::div//input[@class='oxd-input oxd-input--active']", document, null, XPathResult.FIRST_ORDERED_NODE_TYPE, null).singleNodeValue;
    if (element) {
        element.value = '333043470';
        var event = new Event('input', { bubbles: true });
        element.dispatchEvent(event);
    }
    ' successfully

12-08-2024T16:39:09 - [MESSAGE][PASSED] - Execute JavaScript '
    var element = document.evaluate("//label[text()='Employee Id']/ancestor::div[@class='oxd-input-group__label-wrapper']/following-sibling::div//input[@class='oxd-input oxd-input--active']", document, null, XPathResult.FIRST_ORDERED_NODE_TYPE, null).singleNodeValue;
    if (element) {
        element.value = '333043470';
        var event = new Event('input', { bubbles: true });
        element.dispatchEvent(event);
    }
    ' successfully

12-08-2024T16:39:09 - [TEST_STEP][PASSED] - delay(3): Delayed 3 second(s)

12-08-2024T16:39:12 - [MESSAGE][PASSED] - Delayed 3 second(s)

12-08-2024T16:39:12 - [TEST_STEP][PASSED] - randomString_for_password = RandomStringUtils.randomNumeric(6): null

12-08-2024T16:39:12 - [TEST_STEP][PASSED] - new_Value_for_password = "Fiboo" + randomString_for_password + "@@": null

12-08-2024T16:39:12 - [TEST_STEP][PASSED] - xpath_for_password = "//label[text()='Username']/ancestor::div[@class='oxd-input-group__label-wrapper']/following-sibling::div//input[@class='oxd-input oxd-input--active']": null

12-08-2024T16:39:12 - [TEST_STEP][PASSED] - inputField_for_password = TestObject().addProperty("xpath", EQUALS, xpath_for_password): null

12-08-2024T16:39:12 - [TEST_STEP][PASSED] - executeJavaScript(
    var element = document.evaluate("$xpath_for_password", document, null, XPathResult.FIRST_ORDERED_NODE_TYPE, null).singleNodeValue;
    if (element) {
        element.value = '$new_Value_for_password';
        var event = new Event('input', { bubbles: true });
        element.dispatchEvent(event);
    }
    , null): Execute JavaScript '
    var element = document.evaluate("//label[text()='Username']/ancestor::div[@class='oxd-input-group__label-wrapper']/following-sibling::div//input[@class='oxd-input oxd-input--active']", document, null, XPathResult.FIRST_ORDERED_NODE_TYPE, null).singleNodeValue;
    if (element) {
        element.value = 'Fiboo983448@@';
        var event = new Event('input', { bubbles: true });
        element.dispatchEvent(event);
    }
    ' successfully

12-08-2024T16:39:12 - [MESSAGE][PASSED] - Execute JavaScript '
    var element = document.evaluate("//label[text()='Username']/ancestor::div[@class='oxd-input-group__label-wrapper']/following-sibling::div//input[@class='oxd-input oxd-input--active']", document, null, XPathResult.FIRST_ORDERED_NODE_TYPE, null).singleNodeValue;
    if (element) {
        element.value = 'Fiboo983448@@';
        var event = new Event('input', { bubbles: true });
        element.dispatchEvent(event);
    }
    ' successfully

12-08-2024T16:39:12 - [TEST_STEP][PASSED] - delay(1): Delayed 1 second(s)

12-08-2024T16:39:13 - [MESSAGE][PASSED] - Delayed 1 second(s)

12-08-2024T16:39:13 - [TEST_STEP][PASSED] - Password = getAttribute(findTestObject("Object Repository/ADDING_A_NEW_EMPLOYEE/Add_employee_username"), "value"): Attribute 'value' of object 'Object Repository/ADDING_A_NEW_EMPLOYEE/Add_employee_username' is: 'Fiboo983448@@'

12-08-2024T16:39:13 - [MESSAGE][PASSED] - Attribute 'value' of object 'Object Repository/ADDING_A_NEW_EMPLOYEE/Add_employee_username' is: 'Fiboo983448@@'

12-08-2024T16:39:13 - [TEST_STEP][PASSED] - out.println(Password): null

12-08-2024T16:39:13 - [TEST_STEP][PASSED] - new_Value_for_password_001 = Password: null

12-08-2024T16:39:13 - [TEST_STEP][PASSED] - xpath_for_password_001 = "//label[text()='Password']/ancestor::div[@class='oxd-input-group__label-wrapper']/following-sibling::div//input[@class='oxd-input oxd-input--active']": null

12-08-2024T16:39:13 - [TEST_STEP][PASSED] - inputField_for_password_001 = TestObject().addProperty("xpath", EQUALS, xpath_for_password_001): null

12-08-2024T16:39:13 - [TEST_STEP][PASSED] - executeJavaScript(
    var element = document.evaluate("$xpath_for_password_001", document, null, XPathResult.FIRST_ORDERED_NODE_TYPE, null).singleNodeValue;
    if (element) {
        element.value = '$new_Value_for_password_001';
        var event = new Event('input', { bubbles: true });
        element.dispatchEvent(event);
    }
    , null): Execute JavaScript '
    var element = document.evaluate("//label[text()='Password']/ancestor::div[@class='oxd-input-group__label-wrapper']/following-sibling::div//input[@class='oxd-input oxd-input--active']", document, null, XPathResult.FIRST_ORDERED_NODE_TYPE, null).singleNodeValue;
    if (element) {
        element.value = 'Fiboo983448@@';
        var event = new Event('input', { bubbles: true });
        element.dispatchEvent(event);
    }
    ' successfully

12-08-2024T16:39:13 - [MESSAGE][PASSED] - Execute JavaScript '
    var element = document.evaluate("//label[text()='Password']/ancestor::div[@class='oxd-input-group__label-wrapper']/following-sibling::div//input[@class='oxd-input oxd-input--active']", document, null, XPathResult.FIRST_ORDERED_NODE_TYPE, null).singleNodeValue;
    if (element) {
        element.value = 'Fiboo983448@@';
        var event = new Event('input', { bubbles: true });
        element.dispatchEvent(event);
    }
    ' successfully

12-08-2024T16:39:13 - [TEST_STEP][PASSED] - delay(1): Delayed 1 second(s)

12-08-2024T16:39:14 - [MESSAGE][PASSED] - Delayed 1 second(s)

12-08-2024T16:39:14 - [TEST_STEP][PASSED] - new_Value_for_password_002 = Password: null

12-08-2024T16:39:14 - [TEST_STEP][PASSED] - xpath_for_password_002 = "//label[text()='Confirm Password']/ancestor::div[@class='oxd-input-group__label-wrapper']/following-sibling::div//input[@class='oxd-input oxd-input--active']": null

12-08-2024T16:39:14 - [TEST_STEP][PASSED] - inputField_for_password_002 = TestObject().addProperty("xpath", EQUALS, xpath_for_password_002): null

12-08-2024T16:39:14 - [TEST_STEP][PASSED] - executeJavaScript(
    var element = document.evaluate("$xpath_for_password_002", document, null, XPathResult.FIRST_ORDERED_NODE_TYPE, null).singleNodeValue;
    if (element) {
        element.value = '$new_Value_for_password_002';
        var event = new Event('input', { bubbles: true });
        element.dispatchEvent(event);
    }
    , null): Execute JavaScript '
    var element = document.evaluate("//label[text()='Confirm Password']/ancestor::div[@class='oxd-input-group__label-wrapper']/following-sibling::div//input[@class='oxd-input oxd-input--active']", document, null, XPathResult.FIRST_ORDERED_NODE_TYPE, null).singleNodeValue;
    if (element) {
        element.value = 'Fiboo983448@@';
        var event = new Event('input', { bubbles: true });
        element.dispatchEvent(event);
    }
    ' successfully

12-08-2024T16:39:14 - [MESSAGE][PASSED] - Execute JavaScript '
    var element = document.evaluate("//label[text()='Confirm Password']/ancestor::div[@class='oxd-input-group__label-wrapper']/following-sibling::div//input[@class='oxd-input oxd-input--active']", document, null, XPathResult.FIRST_ORDERED_NODE_TYPE, null).singleNodeValue;
    if (element) {
        element.value = 'Fiboo983448@@';
        var event = new Event('input', { bubbles: true });
        element.dispatchEvent(event);
    }
    ' successfully

12-08-2024T16:39:14 - [TEST_STEP][PASSED] - delay(1): Delayed 1 second(s)

12-08-2024T16:39:15 - [MESSAGE][PASSED] - Delayed 1 second(s)

12-08-2024T16:39:15 - [TEST_STEP][PASSED] - randomString = RandomStringUtils.randomAlphabetic(7): null

12-08-2024T16:39:15 - [TEST_STEP][PASSED] - newValue = "User_name_" + randomString: null

12-08-2024T16:39:15 - [TEST_STEP][PASSED] - xpath_for_user_name = "//label[text()='Username']/ancestor::div[@class='oxd-input-group__label-wrapper']/following-sibling::div//input[@class='oxd-input oxd-input--active']": null

12-08-2024T16:39:15 - [TEST_STEP][PASSED] - inputField = TestObject().addProperty("xpath", EQUALS, xpath_for_user_name): null

12-08-2024T16:39:15 - [TEST_STEP][PASSED] - executeJavaScript(
    var element = document.evaluate("$xpath_for_user_name", document, null, XPathResult.FIRST_ORDERED_NODE_TYPE, null).singleNodeValue;
    if (element) {
        element.value = '$newValue';
        var event = new Event('input', { bubbles: true });
        element.dispatchEvent(event);
    }
    , null): Execute JavaScript '
    var element = document.evaluate("//label[text()='Username']/ancestor::div[@class='oxd-input-group__label-wrapper']/following-sibling::div//input[@class='oxd-input oxd-input--active']", document, null, XPathResult.FIRST_ORDERED_NODE_TYPE, null).singleNodeValue;
    if (element) {
        element.value = 'User_name_zlduYHk';
        var event = new Event('input', { bubbles: true });
        element.dispatchEvent(event);
    }
    ' successfully

12-08-2024T16:39:15 - [MESSAGE][PASSED] - Execute JavaScript '
    var element = document.evaluate("//label[text()='Username']/ancestor::div[@class='oxd-input-group__label-wrapper']/following-sibling::div//input[@class='oxd-input oxd-input--active']", document, null, XPathResult.FIRST_ORDERED_NODE_TYPE, null).singleNodeValue;
    if (element) {
        element.value = 'User_name_zlduYHk';
        var event = new Event('input', { bubbles: true });
        element.dispatchEvent(event);
    }
    ' successfully

12-08-2024T16:39:15 - [TEST_STEP][PASSED] - delay(1): Delayed 1 second(s)

12-08-2024T16:39:16 - [MESSAGE][PASSED] - Delayed 1 second(s)

12-08-2024T16:39:16 - [TEST_STEP][PASSED] - User_name = getAttribute(findTestObject("Object Repository/ADDING_A_NEW_EMPLOYEE/Add_employee_username"), "value"): Attribute 'value' of object 'Object Repository/ADDING_A_NEW_EMPLOYEE/Add_employee_username' is: 'User_name_zlduYHk'

12-08-2024T16:39:17 - [MESSAGE][PASSED] - Attribute 'value' of object 'Object Repository/ADDING_A_NEW_EMPLOYEE/Add_employee_username' is: 'User_name_zlduYHk'

12-08-2024T16:39:17 - [TEST_STEP][PASSED] - out.println(User_name): null

12-08-2024T16:39:17 - [TEST_STEP][PASSED] - out.println(Password): null

12-08-2024T16:39:17 - [TEST_STEP][PASSED] - First_name = getAttribute(findTestObject("Object Repository/ADDING_A_NEW_EMPLOYEE/Add_Employee_first_name"), "value"): Attribute 'value' of object 'Object Repository/ADDING_A_NEW_EMPLOYEE/Add_Employee_first_name' is: 'First_name_mbTJNXN'

12-08-2024T16:39:17 - [MESSAGE][PASSED] - Attribute 'value' of object 'Object Repository/ADDING_A_NEW_EMPLOYEE/Add_Employee_first_name' is: 'First_name_mbTJNXN'

12-08-2024T16:39:17 - [TEST_STEP][PASSED] - out.println(First_name): null

12-08-2024T16:39:17 - [TEST_STEP][PASSED] - Middle_name = getAttribute(findTestObject("Object Repository/ADDING_A_NEW_EMPLOYEE/Add_employee_middle_name"), "value"): Attribute 'value' of object 'Object Repository/ADDING_A_NEW_EMPLOYEE/Add_employee_middle_name' is: 'Middle_name_uPEIhuG'

12-08-2024T16:39:17 - [MESSAGE][PASSED] - Attribute 'value' of object 'Object Repository/ADDING_A_NEW_EMPLOYEE/Add_employee_middle_name' is: 'Middle_name_uPEIhuG'

12-08-2024T16:39:17 - [TEST_STEP][PASSED] - out.println(Middle_name): null

12-08-2024T16:39:17 - [TEST_STEP][PASSED] - Last_name = getAttribute(findTestObject("Object Repository/ADDING_A_NEW_EMPLOYEE/Add_employee_last_name"), "value"): Attribute 'value' of object 'Object Repository/ADDING_A_NEW_EMPLOYEE/Add_employee_last_name' is: 'Last_name_vPDXBep'

12-08-2024T16:39:18 - [MESSAGE][PASSED] - Attribute 'value' of object 'Object Repository/ADDING_A_NEW_EMPLOYEE/Add_employee_last_name' is: 'Last_name_vPDXBep'

12-08-2024T16:39:18 - [TEST_STEP][PASSED] - out.println(Last_name): null

12-08-2024T16:39:18 - [TEST_STEP][PASSED] - employee_id = getAttribute(findTestObject("Object Repository/ADDING_A_NEW_EMPLOYEE/Add_employee_id"), "value"): Attribute 'value' of object 'Object Repository/ADDING_A_NEW_EMPLOYEE/Add_employee_id' is: '333043470'

12-08-2024T16:39:18 - [MESSAGE][PASSED] - Attribute 'value' of object 'Object Repository/ADDING_A_NEW_EMPLOYEE/Add_employee_id' is: '333043470'

12-08-2024T16:39:18 - [TEST_STEP][PASSED] - out.println(employee_id): null

12-08-2024T16:39:18 - [TEST_STEP][PASSED] - delay(3): Delayed 3 second(s)

12-08-2024T16:39:21 - [MESSAGE][PASSED] - Delayed 3 second(s)

12-08-2024T16:39:21 - [TEST_STEP][PASSED] - click(findTestObject("Object Repository/ADDING_A_NEW_EMPLOYEE/Add_employee_save_button")): Object: 'Object Repository/ADDING_A_NEW_EMPLOYEE/Add_employee_save_button' is clicked on

12-08-2024T16:39:21 - [MESSAGE][PASSED] - Object: 'Object Repository/ADDING_A_NEW_EMPLOYEE/Add_employee_save_button' is clicked on

12-08-2024T16:39:21 - [TEST_STEP][PASSED] - delay(2): Delayed 2 second(s)

12-08-2024T16:39:23 - [MESSAGE][PASSED] - Delayed 2 second(s)

12-08-2024T16:39:23 - [MESSAGE][PASSED] - Call Test Case 'Test Cases/ADDING_A_NEW_EMPLOYEE' successfully

12-08-2024T16:39:23 - [TEST_STEP][PASSED] - rowIndex = sheet.getLastRowNum() + 1: null

12-08-2024T16:39:23 - [TEST_STEP][PASSED] - row = sheet.createRow(rowIndex): null

12-08-2024T16:39:23 - [TEST_STEP][PASSED] - createCell(0).setCellValue(First_name): null

12-08-2024T16:39:23 - [TEST_STEP][PASSED] - createCell(1).setCellValue(Middle_name): null

12-08-2024T16:39:23 - [TEST_STEP][PASSED] - createCell(2).setCellValue(Last_name): null

12-08-2024T16:39:23 - [TEST_STEP][PASSED] - createCell(3).setCellValue(User_name): null

12-08-2024T16:39:23 - [TEST_STEP][PASSED] - createCell(4).setCellValue(Password): null

12-08-2024T16:39:23 - [TEST_STEP][PASSED] - createCell(5).setCellValue(employee_id): null

12-08-2024T16:39:23 - [TEST_STEP][PASSED] - callTestCase(findTestCase("ADDING_A_NEW_EMPLOYEE"), [:], STOP_ON_FAILURE): Call Test Case 'Test Cases/ADDING_A_NEW_EMPLOYEE' successfully

12-08-2024T16:39:24 - [TEST_CASE][PASSED] - Test Cases/ADDING_A_NEW_EMPLOYEE: Test Cases/ADDING_A_NEW_EMPLOYEE

12-08-2024T16:39:24 - [TEST_STEP][PASSED] - verifyElementPresent(findTestObject("ADDING_A_NEW_EMPLOYEE/pim_option_from_side_bar"), 10): Object 'Object Repository/ADDING_A_NEW_EMPLOYEE/pim_option_from_side_bar' is present

12-08-2024T16:39:24 - [MESSAGE][PASSED] - Object 'Object Repository/ADDING_A_NEW_EMPLOYEE/pim_option_from_side_bar' is present

12-08-2024T16:39:24 - [TEST_STEP][PASSED] - click(findTestObject("ADDING_A_NEW_EMPLOYEE/pim_option_from_side_bar")): Object: 'Object Repository/ADDING_A_NEW_EMPLOYEE/pim_option_from_side_bar' is clicked on

12-08-2024T16:39:26 - [MESSAGE][PASSED] - Object: 'Object Repository/ADDING_A_NEW_EMPLOYEE/pim_option_from_side_bar' is clicked on

12-08-2024T16:39:26 - [TEST_STEP][PASSED] - waitForElementPresent(findTestObject("ADDING_A_NEW_EMPLOYEE/adding_new_employee_button_in_pim_page"), 10): Object 'Object Repository/ADDING_A_NEW_EMPLOYEE/adding_new_employee_button_in_pim_page' is present

12-08-2024T16:39:28 - [MESSAGE][PASSED] - Object 'Object Repository/ADDING_A_NEW_EMPLOYEE/adding_new_employee_button_in_pim_page' is present

12-08-2024T16:39:28 - [TEST_STEP][PASSED] - click(findTestObject("ADDING_A_NEW_EMPLOYEE/adding_new_employee_button_in_pim_page")): Object: 'Object Repository/ADDING_A_NEW_EMPLOYEE/adding_new_employee_button_in_pim_page' is clicked on

12-08-2024T16:39:29 - [MESSAGE][PASSED] - Object: 'Object Repository/ADDING_A_NEW_EMPLOYEE/adding_new_employee_button_in_pim_page' is clicked on

12-08-2024T16:39:29 - [TEST_STEP][PASSED] - verifyElementPresent(findTestObject("ADDING_A_NEW_EMPLOYEE/create_login_details_checkbox"), 10): Object 'Object Repository/ADDING_A_NEW_EMPLOYEE/create_login_details_checkbox' is present

12-08-2024T16:39:31 - [MESSAGE][PASSED] - Object 'Object Repository/ADDING_A_NEW_EMPLOYEE/create_login_details_checkbox' is present

12-08-2024T16:39:31 - [TEST_STEP][PASSED] - click(findTestObject("ADDING_A_NEW_EMPLOYEE/create_login_details_checkbox")): Object: 'Object Repository/ADDING_A_NEW_EMPLOYEE/create_login_details_checkbox' is clicked on

12-08-2024T16:39:31 - [MESSAGE][PASSED] - Object: 'Object Repository/ADDING_A_NEW_EMPLOYEE/create_login_details_checkbox' is clicked on

12-08-2024T16:39:31 - [TEST_STEP][PASSED] - verifyElementPresent(findTestObject("Object Repository/ADDING_A_NEW_EMPLOYEE/Add_employee_enabled_radio_button"), 10): Object 'Object Repository/ADDING_A_NEW_EMPLOYEE/Add_employee_enabled_radio_button' is present

12-08-2024T16:39:31 - [MESSAGE][PASSED] - Object 'Object Repository/ADDING_A_NEW_EMPLOYEE/Add_employee_enabled_radio_button' is present

12-08-2024T16:39:31 - [TEST_STEP][PASSED] - click(findTestObject("Object Repository/ADDING_A_NEW_EMPLOYEE/Add_employee_enabled_radio_button")): Object: 'Object Repository/ADDING_A_NEW_EMPLOYEE/Add_employee_enabled_radio_button' is clicked on

12-08-2024T16:39:32 - [MESSAGE][PASSED] - Object: 'Object Repository/ADDING_A_NEW_EMPLOYEE/Add_employee_enabled_radio_button' is clicked on

12-08-2024T16:39:32 - [TEST_STEP][PASSED] - verifyElementPresent(findTestObject("Object Repository/ADDING_A_NEW_EMPLOYEE/Add_Employee_first_name"), 10): Object 'Object Repository/ADDING_A_NEW_EMPLOYEE/Add_Employee_first_name' is present

12-08-2024T16:39:32 - [MESSAGE][PASSED] - Object 'Object Repository/ADDING_A_NEW_EMPLOYEE/Add_Employee_first_name' is present

12-08-2024T16:39:32 - [TEST_STEP][PASSED] - click(findTestObject("Object Repository/ADDING_A_NEW_EMPLOYEE/Add_Employee_first_name")): Object: 'Object Repository/ADDING_A_NEW_EMPLOYEE/Add_Employee_first_name' is clicked on

12-08-2024T16:39:32 - [MESSAGE][PASSED] - Object: 'Object Repository/ADDING_A_NEW_EMPLOYEE/Add_Employee_first_name' is clicked on

12-08-2024T16:39:32 - [TEST_STEP][PASSED] - setText(findTestObject("Object Repository/ADDING_A_NEW_EMPLOYEE/Add_Employee_first_name"), "First_name_" + RandomStringUtils.randomAlphabetic(7)): Text 'First_name_MGmViaK' is set on object 'Object Repository/ADDING_A_NEW_EMPLOYEE/Add_Employee_first_name'

12-08-2024T16:39:33 - [MESSAGE][PASSED] - Text 'First_name_MGmViaK' is set on object 'Object Repository/ADDING_A_NEW_EMPLOYEE/Add_Employee_first_name'

12-08-2024T16:39:33 - [TEST_STEP][PASSED] - verifyElementPresent(findTestObject("Object Repository/ADDING_A_NEW_EMPLOYEE/Add_employee_middle_name"), 10): Object 'Object Repository/ADDING_A_NEW_EMPLOYEE/Add_employee_middle_name' is present

12-08-2024T16:39:33 - [MESSAGE][PASSED] - Object 'Object Repository/ADDING_A_NEW_EMPLOYEE/Add_employee_middle_name' is present

12-08-2024T16:39:33 - [TEST_STEP][PASSED] - click(findTestObject("Object Repository/ADDING_A_NEW_EMPLOYEE/Add_employee_middle_name")): Object: 'Object Repository/ADDING_A_NEW_EMPLOYEE/Add_employee_middle_name' is clicked on

12-08-2024T16:39:34 - [MESSAGE][PASSED] - Object: 'Object Repository/ADDING_A_NEW_EMPLOYEE/Add_employee_middle_name' is clicked on

12-08-2024T16:39:34 - [TEST_STEP][PASSED] - setText(findTestObject("Object Repository/ADDING_A_NEW_EMPLOYEE/Add_employee_middle_name"), "Middle_name_" + RandomStringUtils.randomAlphabetic(7)): Text 'Middle_name_oKSypVj' is set on object 'Object Repository/ADDING_A_NEW_EMPLOYEE/Add_employee_middle_name'

12-08-2024T16:39:34 - [MESSAGE][PASSED] - Text 'Middle_name_oKSypVj' is set on object 'Object Repository/ADDING_A_NEW_EMPLOYEE/Add_employee_middle_name'

12-08-2024T16:39:34 - [TEST_STEP][PASSED] - verifyElementPresent(findTestObject("Object Repository/ADDING_A_NEW_EMPLOYEE/Add_employee_last_name"), 10): Object 'Object Repository/ADDING_A_NEW_EMPLOYEE/Add_employee_last_name' is present

12-08-2024T16:39:35 - [MESSAGE][PASSED] - Object 'Object Repository/ADDING_A_NEW_EMPLOYEE/Add_employee_last_name' is present

12-08-2024T16:39:35 - [TEST_STEP][PASSED] - click(findTestObject("Object Repository/ADDING_A_NEW_EMPLOYEE/Add_employee_last_name")): Object: 'Object Repository/ADDING_A_NEW_EMPLOYEE/Add_employee_last_name' is clicked on

12-08-2024T16:39:35 - [MESSAGE][PASSED] - Object: 'Object Repository/ADDING_A_NEW_EMPLOYEE/Add_employee_last_name' is clicked on

12-08-2024T16:39:35 - [TEST_STEP][PASSED] - setText(findTestObject("Object Repository/ADDING_A_NEW_EMPLOYEE/Add_employee_last_name"), "Last_name_" + RandomStringUtils.randomAlphabetic(7)): Text 'Last_name_fFWGgZP' is set on object 'Object Repository/ADDING_A_NEW_EMPLOYEE/Add_employee_last_name'

12-08-2024T16:39:36 - [MESSAGE][PASSED] - Text 'Last_name_fFWGgZP' is set on object 'Object Repository/ADDING_A_NEW_EMPLOYEE/Add_employee_last_name'

12-08-2024T16:39:36 - [TEST_STEP][PASSED] - randomString_001 = RandomStringUtils.randomNumeric(6): null

12-08-2024T16:39:36 - [TEST_STEP][PASSED] - newValue_001 = "333" + randomString_001: null

12-08-2024T16:39:36 - [TEST_STEP][PASSED] - xpath_for_employee_id = "//label[text()='Employee Id']/ancestor::div[@class='oxd-input-group__label-wrapper']/following-sibling::div//input[@class='oxd-input oxd-input--active']": null

12-08-2024T16:39:36 - [TEST_STEP][PASSED] - inputField_001 = TestObject().addProperty("xpath", EQUALS, xpath_for_employee_id): null

12-08-2024T16:39:36 - [TEST_STEP][PASSED] - executeJavaScript(
    var element = document.evaluate("$xpath_for_employee_id", document, null, XPathResult.FIRST_ORDERED_NODE_TYPE, null).singleNodeValue;
    if (element) {
        element.value = '$newValue_001';
        var event = new Event('input', { bubbles: true });
        element.dispatchEvent(event);
    }
    , null): Execute JavaScript '
    var element = document.evaluate("//label[text()='Employee Id']/ancestor::div[@class='oxd-input-group__label-wrapper']/following-sibling::div//input[@class='oxd-input oxd-input--active']", document, null, XPathResult.FIRST_ORDERED_NODE_TYPE, null).singleNodeValue;
    if (element) {
        element.value = '333012133';
        var event = new Event('input', { bubbles: true });
        element.dispatchEvent(event);
    }
    ' successfully

12-08-2024T16:39:36 - [MESSAGE][PASSED] - Execute JavaScript '
    var element = document.evaluate("//label[text()='Employee Id']/ancestor::div[@class='oxd-input-group__label-wrapper']/following-sibling::div//input[@class='oxd-input oxd-input--active']", document, null, XPathResult.FIRST_ORDERED_NODE_TYPE, null).singleNodeValue;
    if (element) {
        element.value = '333012133';
        var event = new Event('input', { bubbles: true });
        element.dispatchEvent(event);
    }
    ' successfully

12-08-2024T16:39:36 - [TEST_STEP][PASSED] - delay(3): Delayed 3 second(s)

12-08-2024T16:39:39 - [MESSAGE][PASSED] - Delayed 3 second(s)

12-08-2024T16:39:39 - [TEST_STEP][PASSED] - randomString_for_password = RandomStringUtils.randomNumeric(6): null

12-08-2024T16:39:39 - [TEST_STEP][PASSED] - new_Value_for_password = "Fiboo" + randomString_for_password + "@@": null

12-08-2024T16:39:39 - [TEST_STEP][PASSED] - xpath_for_password = "//label[text()='Username']/ancestor::div[@class='oxd-input-group__label-wrapper']/following-sibling::div//input[@class='oxd-input oxd-input--active']": null

12-08-2024T16:39:39 - [TEST_STEP][PASSED] - inputField_for_password = TestObject().addProperty("xpath", EQUALS, xpath_for_password): null

12-08-2024T16:39:39 - [TEST_STEP][PASSED] - executeJavaScript(
    var element = document.evaluate("$xpath_for_password", document, null, XPathResult.FIRST_ORDERED_NODE_TYPE, null).singleNodeValue;
    if (element) {
        element.value = '$new_Value_for_password';
        var event = new Event('input', { bubbles: true });
        element.dispatchEvent(event);
    }
    , null): Execute JavaScript '
    var element = document.evaluate("//label[text()='Username']/ancestor::div[@class='oxd-input-group__label-wrapper']/following-sibling::div//input[@class='oxd-input oxd-input--active']", document, null, XPathResult.FIRST_ORDERED_NODE_TYPE, null).singleNodeValue;
    if (element) {
        element.value = 'Fiboo875888@@';
        var event = new Event('input', { bubbles: true });
        element.dispatchEvent(event);
    }
    ' successfully

12-08-2024T16:39:39 - [MESSAGE][PASSED] - Execute JavaScript '
    var element = document.evaluate("//label[text()='Username']/ancestor::div[@class='oxd-input-group__label-wrapper']/following-sibling::div//input[@class='oxd-input oxd-input--active']", document, null, XPathResult.FIRST_ORDERED_NODE_TYPE, null).singleNodeValue;
    if (element) {
        element.value = 'Fiboo875888@@';
        var event = new Event('input', { bubbles: true });
        element.dispatchEvent(event);
    }
    ' successfully

12-08-2024T16:39:39 - [TEST_STEP][PASSED] - delay(1): Delayed 1 second(s)

12-08-2024T16:39:40 - [MESSAGE][PASSED] - Delayed 1 second(s)

12-08-2024T16:39:40 - [TEST_STEP][PASSED] - Password = getAttribute(findTestObject("Object Repository/ADDING_A_NEW_EMPLOYEE/Add_employee_username"), "value"): Attribute 'value' of object 'Object Repository/ADDING_A_NEW_EMPLOYEE/Add_employee_username' is: 'Fiboo875888@@'

12-08-2024T16:39:40 - [MESSAGE][PASSED] - Attribute 'value' of object 'Object Repository/ADDING_A_NEW_EMPLOYEE/Add_employee_username' is: 'Fiboo875888@@'

12-08-2024T16:39:40 - [TEST_STEP][PASSED] - out.println(Password): null

12-08-2024T16:39:40 - [TEST_STEP][PASSED] - new_Value_for_password_001 = Password: null

12-08-2024T16:39:40 - [TEST_STEP][PASSED] - xpath_for_password_001 = "//label[text()='Password']/ancestor::div[@class='oxd-input-group__label-wrapper']/following-sibling::div//input[@class='oxd-input oxd-input--active']": null

12-08-2024T16:39:40 - [TEST_STEP][PASSED] - inputField_for_password_001 = TestObject().addProperty("xpath", EQUALS, xpath_for_password_001): null

12-08-2024T16:39:40 - [TEST_STEP][PASSED] - executeJavaScript(
    var element = document.evaluate("$xpath_for_password_001", document, null, XPathResult.FIRST_ORDERED_NODE_TYPE, null).singleNodeValue;
    if (element) {
        element.value = '$new_Value_for_password_001';
        var event = new Event('input', { bubbles: true });
        element.dispatchEvent(event);
    }
    , null): Execute JavaScript '
    var element = document.evaluate("//label[text()='Password']/ancestor::div[@class='oxd-input-group__label-wrapper']/following-sibling::div//input[@class='oxd-input oxd-input--active']", document, null, XPathResult.FIRST_ORDERED_NODE_TYPE, null).singleNodeValue;
    if (element) {
        element.value = 'Fiboo875888@@';
        var event = new Event('input', { bubbles: true });
        element.dispatchEvent(event);
    }
    ' successfully

12-08-2024T16:39:40 - [MESSAGE][PASSED] - Execute JavaScript '
    var element = document.evaluate("//label[text()='Password']/ancestor::div[@class='oxd-input-group__label-wrapper']/following-sibling::div//input[@class='oxd-input oxd-input--active']", document, null, XPathResult.FIRST_ORDERED_NODE_TYPE, null).singleNodeValue;
    if (element) {
        element.value = 'Fiboo875888@@';
        var event = new Event('input', { bubbles: true });
        element.dispatchEvent(event);
    }
    ' successfully

12-08-2024T16:39:40 - [TEST_STEP][PASSED] - delay(1): Delayed 1 second(s)

12-08-2024T16:39:41 - [MESSAGE][PASSED] - Delayed 1 second(s)

12-08-2024T16:39:41 - [TEST_STEP][PASSED] - new_Value_for_password_002 = Password: null

12-08-2024T16:39:41 - [TEST_STEP][PASSED] - xpath_for_password_002 = "//label[text()='Confirm Password']/ancestor::div[@class='oxd-input-group__label-wrapper']/following-sibling::div//input[@class='oxd-input oxd-input--active']": null

12-08-2024T16:39:41 - [TEST_STEP][PASSED] - inputField_for_password_002 = TestObject().addProperty("xpath", EQUALS, xpath_for_password_002): null

12-08-2024T16:39:41 - [TEST_STEP][PASSED] - executeJavaScript(
    var element = document.evaluate("$xpath_for_password_002", document, null, XPathResult.FIRST_ORDERED_NODE_TYPE, null).singleNodeValue;
    if (element) {
        element.value = '$new_Value_for_password_002';
        var event = new Event('input', { bubbles: true });
        element.dispatchEvent(event);
    }
    , null): Execute JavaScript '
    var element = document.evaluate("//label[text()='Confirm Password']/ancestor::div[@class='oxd-input-group__label-wrapper']/following-sibling::div//input[@class='oxd-input oxd-input--active']", document, null, XPathResult.FIRST_ORDERED_NODE_TYPE, null).singleNodeValue;
    if (element) {
        element.value = 'Fiboo875888@@';
        var event = new Event('input', { bubbles: true });
        element.dispatchEvent(event);
    }
    ' successfully

12-08-2024T16:39:41 - [MESSAGE][PASSED] - Execute JavaScript '
    var element = document.evaluate("//label[text()='Confirm Password']/ancestor::div[@class='oxd-input-group__label-wrapper']/following-sibling::div//input[@class='oxd-input oxd-input--active']", document, null, XPathResult.FIRST_ORDERED_NODE_TYPE, null).singleNodeValue;
    if (element) {
        element.value = 'Fiboo875888@@';
        var event = new Event('input', { bubbles: true });
        element.dispatchEvent(event);
    }
    ' successfully

12-08-2024T16:39:41 - [TEST_STEP][PASSED] - delay(1): Delayed 1 second(s)

12-08-2024T16:39:42 - [MESSAGE][PASSED] - Delayed 1 second(s)

12-08-2024T16:39:42 - [TEST_STEP][PASSED] - randomString = RandomStringUtils.randomAlphabetic(7): null

12-08-2024T16:39:42 - [TEST_STEP][PASSED] - newValue = "User_name_" + randomString: null

12-08-2024T16:39:42 - [TEST_STEP][PASSED] - xpath_for_user_name = "//label[text()='Username']/ancestor::div[@class='oxd-input-group__label-wrapper']/following-sibling::div//input[@class='oxd-input oxd-input--active']": null

12-08-2024T16:39:42 - [TEST_STEP][PASSED] - inputField = TestObject().addProperty("xpath", EQUALS, xpath_for_user_name): null

12-08-2024T16:39:42 - [TEST_STEP][PASSED] - executeJavaScript(
    var element = document.evaluate("$xpath_for_user_name", document, null, XPathResult.FIRST_ORDERED_NODE_TYPE, null).singleNodeValue;
    if (element) {
        element.value = '$newValue';
        var event = new Event('input', { bubbles: true });
        element.dispatchEvent(event);
    }
    , null): Execute JavaScript '
    var element = document.evaluate("//label[text()='Username']/ancestor::div[@class='oxd-input-group__label-wrapper']/following-sibling::div//input[@class='oxd-input oxd-input--active']", document, null, XPathResult.FIRST_ORDERED_NODE_TYPE, null).singleNodeValue;
    if (element) {
        element.value = 'User_name_ZjFskSS';
        var event = new Event('input', { bubbles: true });
        element.dispatchEvent(event);
    }
    ' successfully

12-08-2024T16:39:42 - [MESSAGE][PASSED] - Execute JavaScript '
    var element = document.evaluate("//label[text()='Username']/ancestor::div[@class='oxd-input-group__label-wrapper']/following-sibling::div//input[@class='oxd-input oxd-input--active']", document, null, XPathResult.FIRST_ORDERED_NODE_TYPE, null).singleNodeValue;
    if (element) {
        element.value = 'User_name_ZjFskSS';
        var event = new Event('input', { bubbles: true });
        element.dispatchEvent(event);
    }
    ' successfully

12-08-2024T16:39:42 - [TEST_STEP][PASSED] - delay(1): Delayed 1 second(s)

12-08-2024T16:39:43 - [MESSAGE][PASSED] - Delayed 1 second(s)

12-08-2024T16:39:43 - [TEST_STEP][PASSED] - User_name = getAttribute(findTestObject("Object Repository/ADDING_A_NEW_EMPLOYEE/Add_employee_username"), "value"): Attribute 'value' of object 'Object Repository/ADDING_A_NEW_EMPLOYEE/Add_employee_username' is: 'User_name_ZjFskSS'

12-08-2024T16:39:43 - [MESSAGE][PASSED] - Attribute 'value' of object 'Object Repository/ADDING_A_NEW_EMPLOYEE/Add_employee_username' is: 'User_name_ZjFskSS'

12-08-2024T16:39:43 - [TEST_STEP][PASSED] - out.println(User_name): null

12-08-2024T16:39:43 - [TEST_STEP][PASSED] - out.println(Password): null

12-08-2024T16:39:43 - [TEST_STEP][PASSED] - First_name = getAttribute(findTestObject("Object Repository/ADDING_A_NEW_EMPLOYEE/Add_Employee_first_name"), "value"): Attribute 'value' of object 'Object Repository/ADDING_A_NEW_EMPLOYEE/Add_Employee_first_name' is: 'First_name_MGmViaK'

12-08-2024T16:39:44 - [MESSAGE][PASSED] - Attribute 'value' of object 'Object Repository/ADDING_A_NEW_EMPLOYEE/Add_Employee_first_name' is: 'First_name_MGmViaK'

12-08-2024T16:39:44 - [TEST_STEP][PASSED] - out.println(First_name): null

12-08-2024T16:39:44 - [TEST_STEP][PASSED] - Middle_name = getAttribute(findTestObject("Object Repository/ADDING_A_NEW_EMPLOYEE/Add_employee_middle_name"), "value"): Attribute 'value' of object 'Object Repository/ADDING_A_NEW_EMPLOYEE/Add_employee_middle_name' is: 'Middle_name_oKSypVj'

12-08-2024T16:39:44 - [MESSAGE][PASSED] - Attribute 'value' of object 'Object Repository/ADDING_A_NEW_EMPLOYEE/Add_employee_middle_name' is: 'Middle_name_oKSypVj'

12-08-2024T16:39:44 - [TEST_STEP][PASSED] - out.println(Middle_name): null

12-08-2024T16:39:44 - [TEST_STEP][PASSED] - Last_name = getAttribute(findTestObject("Object Repository/ADDING_A_NEW_EMPLOYEE/Add_employee_last_name"), "value"): Attribute 'value' of object 'Object Repository/ADDING_A_NEW_EMPLOYEE/Add_employee_last_name' is: 'Last_name_fFWGgZP'

12-08-2024T16:39:44 - [MESSAGE][PASSED] - Attribute 'value' of object 'Object Repository/ADDING_A_NEW_EMPLOYEE/Add_employee_last_name' is: 'Last_name_fFWGgZP'

12-08-2024T16:39:44 - [TEST_STEP][PASSED] - out.println(Last_name): null

12-08-2024T16:39:44 - [TEST_STEP][PASSED] - employee_id = getAttribute(findTestObject("Object Repository/ADDING_A_NEW_EMPLOYEE/Add_employee_id"), "value"): Attribute 'value' of object 'Object Repository/ADDING_A_NEW_EMPLOYEE/Add_employee_id' is: '333012133'

12-08-2024T16:39:45 - [MESSAGE][PASSED] - Attribute 'value' of object 'Object Repository/ADDING_A_NEW_EMPLOYEE/Add_employee_id' is: '333012133'

12-08-2024T16:39:45 - [TEST_STEP][PASSED] - out.println(employee_id): null

12-08-2024T16:39:45 - [TEST_STEP][PASSED] - delay(3): Delayed 3 second(s)

12-08-2024T16:39:48 - [MESSAGE][PASSED] - Delayed 3 second(s)

12-08-2024T16:39:48 - [TEST_STEP][PASSED] - click(findTestObject("Object Repository/ADDING_A_NEW_EMPLOYEE/Add_employee_save_button")): Object: 'Object Repository/ADDING_A_NEW_EMPLOYEE/Add_employee_save_button' is clicked on

12-08-2024T16:39:48 - [MESSAGE][PASSED] - Object: 'Object Repository/ADDING_A_NEW_EMPLOYEE/Add_employee_save_button' is clicked on

12-08-2024T16:39:48 - [TEST_STEP][PASSED] - delay(2): Delayed 2 second(s)

12-08-2024T16:39:50 - [MESSAGE][PASSED] - Delayed 2 second(s)

12-08-2024T16:39:50 - [MESSAGE][PASSED] - Call Test Case 'Test Cases/ADDING_A_NEW_EMPLOYEE' successfully

12-08-2024T16:39:50 - [TEST_STEP][PASSED] - rowIndex = sheet.getLastRowNum() + 1: null

12-08-2024T16:39:50 - [TEST_STEP][PASSED] - row = sheet.createRow(rowIndex): null

12-08-2024T16:39:50 - [TEST_STEP][PASSED] - createCell(0).setCellValue(First_name): null

12-08-2024T16:39:50 - [TEST_STEP][PASSED] - createCell(1).setCellValue(Middle_name): null

12-08-2024T16:39:50 - [TEST_STEP][PASSED] - createCell(2).setCellValue(Last_name): null

12-08-2024T16:39:50 - [TEST_STEP][PASSED] - createCell(3).setCellValue(User_name): null

12-08-2024T16:39:50 - [TEST_STEP][PASSED] - createCell(4).setCellValue(Password): null

12-08-2024T16:39:50 - [TEST_STEP][PASSED] - createCell(5).setCellValue(employee_id): null

12-08-2024T16:39:50 - [TEST_STEP][PASSED] - callTestCase(findTestCase("ADDING_A_NEW_EMPLOYEE"), [:], STOP_ON_FAILURE): Call Test Case 'Test Cases/ADDING_A_NEW_EMPLOYEE' successfully

12-08-2024T16:39:50 - [TEST_CASE][PASSED] - Test Cases/ADDING_A_NEW_EMPLOYEE: Test Cases/ADDING_A_NEW_EMPLOYEE

12-08-2024T16:39:50 - [TEST_STEP][PASSED] - verifyElementPresent(findTestObject("ADDING_A_NEW_EMPLOYEE/pim_option_from_side_bar"), 10): Object 'Object Repository/ADDING_A_NEW_EMPLOYEE/pim_option_from_side_bar' is present

12-08-2024T16:39:51 - [MESSAGE][PASSED] - Object 'Object Repository/ADDING_A_NEW_EMPLOYEE/pim_option_from_side_bar' is present

12-08-2024T16:39:51 - [TEST_STEP][PASSED] - click(findTestObject("ADDING_A_NEW_EMPLOYEE/pim_option_from_side_bar")): Object: 'Object Repository/ADDING_A_NEW_EMPLOYEE/pim_option_from_side_bar' is clicked on

12-08-2024T16:39:52 - [MESSAGE][PASSED] - Object: 'Object Repository/ADDING_A_NEW_EMPLOYEE/pim_option_from_side_bar' is clicked on

12-08-2024T16:39:52 - [TEST_STEP][PASSED] - waitForElementPresent(findTestObject("ADDING_A_NEW_EMPLOYEE/adding_new_employee_button_in_pim_page"), 10): Object 'Object Repository/ADDING_A_NEW_EMPLOYEE/adding_new_employee_button_in_pim_page' is present

12-08-2024T16:39:54 - [MESSAGE][PASSED] - Object 'Object Repository/ADDING_A_NEW_EMPLOYEE/adding_new_employee_button_in_pim_page' is present

12-08-2024T16:39:54 - [TEST_STEP][PASSED] - click(findTestObject("ADDING_A_NEW_EMPLOYEE/adding_new_employee_button_in_pim_page")): Object: 'Object Repository/ADDING_A_NEW_EMPLOYEE/adding_new_employee_button_in_pim_page' is clicked on

12-08-2024T16:39:55 - [MESSAGE][PASSED] - Object: 'Object Repository/ADDING_A_NEW_EMPLOYEE/adding_new_employee_button_in_pim_page' is clicked on

12-08-2024T16:39:55 - [TEST_STEP][PASSED] - verifyElementPresent(findTestObject("ADDING_A_NEW_EMPLOYEE/create_login_details_checkbox"), 10): Object 'Object Repository/ADDING_A_NEW_EMPLOYEE/create_login_details_checkbox' is present

12-08-2024T16:39:56 - [MESSAGE][PASSED] - Object 'Object Repository/ADDING_A_NEW_EMPLOYEE/create_login_details_checkbox' is present

12-08-2024T16:39:56 - [TEST_STEP][PASSED] - click(findTestObject("ADDING_A_NEW_EMPLOYEE/create_login_details_checkbox")): Object: 'Object Repository/ADDING_A_NEW_EMPLOYEE/create_login_details_checkbox' is clicked on

12-08-2024T16:39:57 - [MESSAGE][PASSED] - Object: 'Object Repository/ADDING_A_NEW_EMPLOYEE/create_login_details_checkbox' is clicked on

12-08-2024T16:39:57 - [TEST_STEP][PASSED] - verifyElementPresent(findTestObject("Object Repository/ADDING_A_NEW_EMPLOYEE/Add_employee_enabled_radio_button"), 10): Object 'Object Repository/ADDING_A_NEW_EMPLOYEE/Add_employee_enabled_radio_button' is present

12-08-2024T16:39:57 - [MESSAGE][PASSED] - Object 'Object Repository/ADDING_A_NEW_EMPLOYEE/Add_employee_enabled_radio_button' is present

12-08-2024T16:39:57 - [TEST_STEP][PASSED] - click(findTestObject("Object Repository/ADDING_A_NEW_EMPLOYEE/Add_employee_enabled_radio_button")): Object: 'Object Repository/ADDING_A_NEW_EMPLOYEE/Add_employee_enabled_radio_button' is clicked on

12-08-2024T16:39:58 - [MESSAGE][PASSED] - Object: 'Object Repository/ADDING_A_NEW_EMPLOYEE/Add_employee_enabled_radio_button' is clicked on

12-08-2024T16:39:58 - [TEST_STEP][PASSED] - verifyElementPresent(findTestObject("Object Repository/ADDING_A_NEW_EMPLOYEE/Add_Employee_first_name"), 10): Object 'Object Repository/ADDING_A_NEW_EMPLOYEE/Add_Employee_first_name' is present

12-08-2024T16:39:58 - [MESSAGE][PASSED] - Object 'Object Repository/ADDING_A_NEW_EMPLOYEE/Add_Employee_first_name' is present

12-08-2024T16:39:58 - [TEST_STEP][PASSED] - click(findTestObject("Object Repository/ADDING_A_NEW_EMPLOYEE/Add_Employee_first_name")): Object: 'Object Repository/ADDING_A_NEW_EMPLOYEE/Add_Employee_first_name' is clicked on

12-08-2024T16:39:58 - [MESSAGE][PASSED] - Object: 'Object Repository/ADDING_A_NEW_EMPLOYEE/Add_Employee_first_name' is clicked on

12-08-2024T16:39:58 - [TEST_STEP][PASSED] - setText(findTestObject("Object Repository/ADDING_A_NEW_EMPLOYEE/Add_Employee_first_name"), "First_name_" + RandomStringUtils.randomAlphabetic(7)): Text 'First_name_ajcRhte' is set on object 'Object Repository/ADDING_A_NEW_EMPLOYEE/Add_Employee_first_name'

12-08-2024T16:39:59 - [MESSAGE][PASSED] - Text 'First_name_ajcRhte' is set on object 'Object Repository/ADDING_A_NEW_EMPLOYEE/Add_Employee_first_name'

12-08-2024T16:39:59 - [TEST_STEP][PASSED] - verifyElementPresent(findTestObject("Object Repository/ADDING_A_NEW_EMPLOYEE/Add_employee_middle_name"), 10): Object 'Object Repository/ADDING_A_NEW_EMPLOYEE/Add_employee_middle_name' is present

12-08-2024T16:39:59 - [MESSAGE][PASSED] - Object 'Object Repository/ADDING_A_NEW_EMPLOYEE/Add_employee_middle_name' is present

12-08-2024T16:39:59 - [TEST_STEP][PASSED] - click(findTestObject("Object Repository/ADDING_A_NEW_EMPLOYEE/Add_employee_middle_name")): Object: 'Object Repository/ADDING_A_NEW_EMPLOYEE/Add_employee_middle_name' is clicked on

12-08-2024T16:40:00 - [MESSAGE][PASSED] - Object: 'Object Repository/ADDING_A_NEW_EMPLOYEE/Add_employee_middle_name' is clicked on

12-08-2024T16:40:00 - [TEST_STEP][PASSED] - setText(findTestObject("Object Repository/ADDING_A_NEW_EMPLOYEE/Add_employee_middle_name"), "Middle_name_" + RandomStringUtils.randomAlphabetic(7)): Text 'Middle_name_eZGApPp' is set on object 'Object Repository/ADDING_A_NEW_EMPLOYEE/Add_employee_middle_name'

12-08-2024T16:40:00 - [MESSAGE][PASSED] - Text 'Middle_name_eZGApPp' is set on object 'Object Repository/ADDING_A_NEW_EMPLOYEE/Add_employee_middle_name'

12-08-2024T16:40:00 - [TEST_STEP][PASSED] - verifyElementPresent(findTestObject("Object Repository/ADDING_A_NEW_EMPLOYEE/Add_employee_last_name"), 10): Object 'Object Repository/ADDING_A_NEW_EMPLOYEE/Add_employee_last_name' is present

12-08-2024T16:40:01 - [MESSAGE][PASSED] - Object 'Object Repository/ADDING_A_NEW_EMPLOYEE/Add_employee_last_name' is present

12-08-2024T16:40:01 - [TEST_STEP][PASSED] - click(findTestObject("Object Repository/ADDING_A_NEW_EMPLOYEE/Add_employee_last_name")): Object: 'Object Repository/ADDING_A_NEW_EMPLOYEE/Add_employee_last_name' is clicked on

12-08-2024T16:40:01 - [MESSAGE][PASSED] - Object: 'Object Repository/ADDING_A_NEW_EMPLOYEE/Add_employee_last_name' is clicked on

12-08-2024T16:40:01 - [TEST_STEP][PASSED] - setText(findTestObject("Object Repository/ADDING_A_NEW_EMPLOYEE/Add_employee_last_name"), "Last_name_" + RandomStringUtils.randomAlphabetic(7)): Text 'Last_name_gQeZzWW' is set on object 'Object Repository/ADDING_A_NEW_EMPLOYEE/Add_employee_last_name'

12-08-2024T16:40:02 - [MESSAGE][PASSED] - Text 'Last_name_gQeZzWW' is set on object 'Object Repository/ADDING_A_NEW_EMPLOYEE/Add_employee_last_name'

12-08-2024T16:40:02 - [TEST_STEP][PASSED] - randomString_001 = RandomStringUtils.randomNumeric(6): null

12-08-2024T16:40:02 - [TEST_STEP][PASSED] - newValue_001 = "333" + randomString_001: null

12-08-2024T16:40:02 - [TEST_STEP][PASSED] - xpath_for_employee_id = "//label[text()='Employee Id']/ancestor::div[@class='oxd-input-group__label-wrapper']/following-sibling::div//input[@class='oxd-input oxd-input--active']": null

12-08-2024T16:40:02 - [TEST_STEP][PASSED] - inputField_001 = TestObject().addProperty("xpath", EQUALS, xpath_for_employee_id): null

12-08-2024T16:40:02 - [TEST_STEP][PASSED] - executeJavaScript(
    var element = document.evaluate("$xpath_for_employee_id", document, null, XPathResult.FIRST_ORDERED_NODE_TYPE, null).singleNodeValue;
    if (element) {
        element.value = '$newValue_001';
        var event = new Event('input', { bubbles: true });
        element.dispatchEvent(event);
    }
    , null): Execute JavaScript '
    var element = document.evaluate("//label[text()='Employee Id']/ancestor::div[@class='oxd-input-group__label-wrapper']/following-sibling::div//input[@class='oxd-input oxd-input--active']", document, null, XPathResult.FIRST_ORDERED_NODE_TYPE, null).singleNodeValue;
    if (element) {
        element.value = '333075476';
        var event = new Event('input', { bubbles: true });
        element.dispatchEvent(event);
    }
    ' successfully

12-08-2024T16:40:02 - [MESSAGE][PASSED] - Execute JavaScript '
    var element = document.evaluate("//label[text()='Employee Id']/ancestor::div[@class='oxd-input-group__label-wrapper']/following-sibling::div//input[@class='oxd-input oxd-input--active']", document, null, XPathResult.FIRST_ORDERED_NODE_TYPE, null).singleNodeValue;
    if (element) {
        element.value = '333075476';
        var event = new Event('input', { bubbles: true });
        element.dispatchEvent(event);
    }
    ' successfully

12-08-2024T16:40:02 - [TEST_STEP][PASSED] - delay(3): Delayed 3 second(s)

12-08-2024T16:40:05 - [MESSAGE][PASSED] - Delayed 3 second(s)

12-08-2024T16:40:05 - [TEST_STEP][PASSED] - randomString_for_password = RandomStringUtils.randomNumeric(6): null

12-08-2024T16:40:05 - [TEST_STEP][PASSED] - new_Value_for_password = "Fiboo" + randomString_for_password + "@@": null

12-08-2024T16:40:05 - [TEST_STEP][PASSED] - xpath_for_password = "//label[text()='Username']/ancestor::div[@class='oxd-input-group__label-wrapper']/following-sibling::div//input[@class='oxd-input oxd-input--active']": null

12-08-2024T16:40:05 - [TEST_STEP][PASSED] - inputField_for_password = TestObject().addProperty("xpath", EQUALS, xpath_for_password): null

12-08-2024T16:40:05 - [TEST_STEP][PASSED] - executeJavaScript(
    var element = document.evaluate("$xpath_for_password", document, null, XPathResult.FIRST_ORDERED_NODE_TYPE, null).singleNodeValue;
    if (element) {
        element.value = '$new_Value_for_password';
        var event = new Event('input', { bubbles: true });
        element.dispatchEvent(event);
    }
    , null): Execute JavaScript '
    var element = document.evaluate("//label[text()='Username']/ancestor::div[@class='oxd-input-group__label-wrapper']/following-sibling::div//input[@class='oxd-input oxd-input--active']", document, null, XPathResult.FIRST_ORDERED_NODE_TYPE, null).singleNodeValue;
    if (element) {
        element.value = 'Fiboo371530@@';
        var event = new Event('input', { bubbles: true });
        element.dispatchEvent(event);
    }
    ' successfully

12-08-2024T16:40:05 - [MESSAGE][PASSED] - Execute JavaScript '
    var element = document.evaluate("//label[text()='Username']/ancestor::div[@class='oxd-input-group__label-wrapper']/following-sibling::div//input[@class='oxd-input oxd-input--active']", document, null, XPathResult.FIRST_ORDERED_NODE_TYPE, null).singleNodeValue;
    if (element) {
        element.value = 'Fiboo371530@@';
        var event = new Event('input', { bubbles: true });
        element.dispatchEvent(event);
    }
    ' successfully

12-08-2024T16:40:05 - [TEST_STEP][PASSED] - delay(1): Delayed 1 second(s)

12-08-2024T16:40:06 - [MESSAGE][PASSED] - Delayed 1 second(s)

12-08-2024T16:40:06 - [TEST_STEP][PASSED] - Password = getAttribute(findTestObject("Object Repository/ADDING_A_NEW_EMPLOYEE/Add_employee_username"), "value"): Attribute 'value' of object 'Object Repository/ADDING_A_NEW_EMPLOYEE/Add_employee_username' is: 'Fiboo371530@@'

12-08-2024T16:40:07 - [MESSAGE][PASSED] - Attribute 'value' of object 'Object Repository/ADDING_A_NEW_EMPLOYEE/Add_employee_username' is: 'Fiboo371530@@'

12-08-2024T16:40:07 - [TEST_STEP][PASSED] - out.println(Password): null

12-08-2024T16:40:07 - [TEST_STEP][PASSED] - new_Value_for_password_001 = Password: null

12-08-2024T16:40:07 - [TEST_STEP][PASSED] - xpath_for_password_001 = "//label[text()='Password']/ancestor::div[@class='oxd-input-group__label-wrapper']/following-sibling::div//input[@class='oxd-input oxd-input--active']": null

12-08-2024T16:40:07 - [TEST_STEP][PASSED] - inputField_for_password_001 = TestObject().addProperty("xpath", EQUALS, xpath_for_password_001): null

12-08-2024T16:40:07 - [TEST_STEP][PASSED] - executeJavaScript(
    var element = document.evaluate("$xpath_for_password_001", document, null, XPathResult.FIRST_ORDERED_NODE_TYPE, null).singleNodeValue;
    if (element) {
        element.value = '$new_Value_for_password_001';
        var event = new Event('input', { bubbles: true });
        element.dispatchEvent(event);
    }
    , null): Execute JavaScript '
    var element = document.evaluate("//label[text()='Password']/ancestor::div[@class='oxd-input-group__label-wrapper']/following-sibling::div//input[@class='oxd-input oxd-input--active']", document, null, XPathResult.FIRST_ORDERED_NODE_TYPE, null).singleNodeValue;
    if (element) {
        element.value = 'Fiboo371530@@';
        var event = new Event('input', { bubbles: true });
        element.dispatchEvent(event);
    }
    ' successfully

12-08-2024T16:40:07 - [MESSAGE][PASSED] - Execute JavaScript '
    var element = document.evaluate("//label[text()='Password']/ancestor::div[@class='oxd-input-group__label-wrapper']/following-sibling::div//input[@class='oxd-input oxd-input--active']", document, null, XPathResult.FIRST_ORDERED_NODE_TYPE, null).singleNodeValue;
    if (element) {
        element.value = 'Fiboo371530@@';
        var event = new Event('input', { bubbles: true });
        element.dispatchEvent(event);
    }
    ' successfully

12-08-2024T16:40:07 - [TEST_STEP][PASSED] - delay(1): Delayed 1 second(s)

12-08-2024T16:40:08 - [MESSAGE][PASSED] - Delayed 1 second(s)

12-08-2024T16:40:08 - [TEST_STEP][PASSED] - new_Value_for_password_002 = Password: null

12-08-2024T16:40:08 - [TEST_STEP][PASSED] - xpath_for_password_002 = "//label[text()='Confirm Password']/ancestor::div[@class='oxd-input-group__label-wrapper']/following-sibling::div//input[@class='oxd-input oxd-input--active']": null

12-08-2024T16:40:08 - [TEST_STEP][PASSED] - inputField_for_password_002 = TestObject().addProperty("xpath", EQUALS, xpath_for_password_002): null

12-08-2024T16:40:08 - [TEST_STEP][PASSED] - executeJavaScript(
    var element = document.evaluate("$xpath_for_password_002", document, null, XPathResult.FIRST_ORDERED_NODE_TYPE, null).singleNodeValue;
    if (element) {
        element.value = '$new_Value_for_password_002';
        var event = new Event('input', { bubbles: true });
        element.dispatchEvent(event);
    }
    , null): Execute JavaScript '
    var element = document.evaluate("//label[text()='Confirm Password']/ancestor::div[@class='oxd-input-group__label-wrapper']/following-sibling::div//input[@class='oxd-input oxd-input--active']", document, null, XPathResult.FIRST_ORDERED_NODE_TYPE, null).singleNodeValue;
    if (element) {
        element.value = 'Fiboo371530@@';
        var event = new Event('input', { bubbles: true });
        element.dispatchEvent(event);
    }
    ' successfully

12-08-2024T16:40:08 - [MESSAGE][PASSED] - Execute JavaScript '
    var element = document.evaluate("//label[text()='Confirm Password']/ancestor::div[@class='oxd-input-group__label-wrapper']/following-sibling::div//input[@class='oxd-input oxd-input--active']", document, null, XPathResult.FIRST_ORDERED_NODE_TYPE, null).singleNodeValue;
    if (element) {
        element.value = 'Fiboo371530@@';
        var event = new Event('input', { bubbles: true });
        element.dispatchEvent(event);
    }
    ' successfully

12-08-2024T16:40:08 - [TEST_STEP][PASSED] - delay(1): Delayed 1 second(s)

12-08-2024T16:40:09 - [MESSAGE][PASSED] - Delayed 1 second(s)

12-08-2024T16:40:09 - [TEST_STEP][PASSED] - randomString = RandomStringUtils.randomAlphabetic(7): null

12-08-2024T16:40:09 - [TEST_STEP][PASSED] - newValue = "User_name_" + randomString: null

12-08-2024T16:40:09 - [TEST_STEP][PASSED] - xpath_for_user_name = "//label[text()='Username']/ancestor::div[@class='oxd-input-group__label-wrapper']/following-sibling::div//input[@class='oxd-input oxd-input--active']": null

12-08-2024T16:40:09 - [TEST_STEP][PASSED] - inputField = TestObject().addProperty("xpath", EQUALS, xpath_for_user_name): null

12-08-2024T16:40:09 - [TEST_STEP][PASSED] - executeJavaScript(
    var element = document.evaluate("$xpath_for_user_name", document, null, XPathResult.FIRST_ORDERED_NODE_TYPE, null).singleNodeValue;
    if (element) {
        element.value = '$newValue';
        var event = new Event('input', { bubbles: true });
        element.dispatchEvent(event);
    }
    , null): Execute JavaScript '
    var element = document.evaluate("//label[text()='Username']/ancestor::div[@class='oxd-input-group__label-wrapper']/following-sibling::div//input[@class='oxd-input oxd-input--active']", document, null, XPathResult.FIRST_ORDERED_NODE_TYPE, null).singleNodeValue;
    if (element) {
        element.value = 'User_name_LxcuUsM';
        var event = new Event('input', { bubbles: true });
        element.dispatchEvent(event);
    }
    ' successfully

12-08-2024T16:40:09 - [MESSAGE][PASSED] - Execute JavaScript '
    var element = document.evaluate("//label[text()='Username']/ancestor::div[@class='oxd-input-group__label-wrapper']/following-sibling::div//input[@class='oxd-input oxd-input--active']", document, null, XPathResult.FIRST_ORDERED_NODE_TYPE, null).singleNodeValue;
    if (element) {
        element.value = 'User_name_LxcuUsM';
        var event = new Event('input', { bubbles: true });
        element.dispatchEvent(event);
    }
    ' successfully

12-08-2024T16:40:09 - [TEST_STEP][PASSED] - delay(1): Delayed 1 second(s)

12-08-2024T16:40:10 - [MESSAGE][PASSED] - Delayed 1 second(s)

12-08-2024T16:40:10 - [TEST_STEP][PASSED] - User_name = getAttribute(findTestObject("Object Repository/ADDING_A_NEW_EMPLOYEE/Add_employee_username"), "value"): Attribute 'value' of object 'Object Repository/ADDING_A_NEW_EMPLOYEE/Add_employee_username' is: 'User_name_LxcuUsM'

12-08-2024T16:40:10 - [MESSAGE][PASSED] - Attribute 'value' of object 'Object Repository/ADDING_A_NEW_EMPLOYEE/Add_employee_username' is: 'User_name_LxcuUsM'

12-08-2024T16:40:10 - [TEST_STEP][PASSED] - out.println(User_name): null

12-08-2024T16:40:10 - [TEST_STEP][PASSED] - out.println(Password): null

12-08-2024T16:40:10 - [TEST_STEP][PASSED] - First_name = getAttribute(findTestObject("Object Repository/ADDING_A_NEW_EMPLOYEE/Add_Employee_first_name"), "value"): Attribute 'value' of object 'Object Repository/ADDING_A_NEW_EMPLOYEE/Add_Employee_first_name' is: 'First_name_ajcRhte'

12-08-2024T16:40:10 - [MESSAGE][PASSED] - Attribute 'value' of object 'Object Repository/ADDING_A_NEW_EMPLOYEE/Add_Employee_first_name' is: 'First_name_ajcRhte'

12-08-2024T16:40:10 - [TEST_STEP][PASSED] - out.println(First_name): null

12-08-2024T16:40:10 - [TEST_STEP][PASSED] - Middle_name = getAttribute(findTestObject("Object Repository/ADDING_A_NEW_EMPLOYEE/Add_employee_middle_name"), "value"): Attribute 'value' of object 'Object Repository/ADDING_A_NEW_EMPLOYEE/Add_employee_middle_name' is: 'Middle_name_eZGApPp'

12-08-2024T16:40:11 - [MESSAGE][PASSED] - Attribute 'value' of object 'Object Repository/ADDING_A_NEW_EMPLOYEE/Add_employee_middle_name' is: 'Middle_name_eZGApPp'

12-08-2024T16:40:11 - [TEST_STEP][PASSED] - out.println(Middle_name): null

12-08-2024T16:40:11 - [TEST_STEP][PASSED] - Last_name = getAttribute(findTestObject("Object Repository/ADDING_A_NEW_EMPLOYEE/Add_employee_last_name"), "value"): Attribute 'value' of object 'Object Repository/ADDING_A_NEW_EMPLOYEE/Add_employee_last_name' is: 'Last_name_gQeZzWW'

12-08-2024T16:40:11 - [MESSAGE][PASSED] - Attribute 'value' of object 'Object Repository/ADDING_A_NEW_EMPLOYEE/Add_employee_last_name' is: 'Last_name_gQeZzWW'

12-08-2024T16:40:11 - [TEST_STEP][PASSED] - out.println(Last_name): null

12-08-2024T16:40:11 - [TEST_STEP][PASSED] - employee_id = getAttribute(findTestObject("Object Repository/ADDING_A_NEW_EMPLOYEE/Add_employee_id"), "value"): Attribute 'value' of object 'Object Repository/ADDING_A_NEW_EMPLOYEE/Add_employee_id' is: '333075476'

12-08-2024T16:40:11 - [MESSAGE][PASSED] - Attribute 'value' of object 'Object Repository/ADDING_A_NEW_EMPLOYEE/Add_employee_id' is: '333075476'

12-08-2024T16:40:11 - [TEST_STEP][PASSED] - out.println(employee_id): null

12-08-2024T16:40:11 - [TEST_STEP][PASSED] - delay(3): Delayed 3 second(s)

12-08-2024T16:40:14 - [MESSAGE][PASSED] - Delayed 3 second(s)

12-08-2024T16:40:14 - [TEST_STEP][PASSED] - click(findTestObject("Object Repository/ADDING_A_NEW_EMPLOYEE/Add_employee_save_button")): Object: 'Object Repository/ADDING_A_NEW_EMPLOYEE/Add_employee_save_button' is clicked on

12-08-2024T16:40:15 - [MESSAGE][PASSED] - Object: 'Object Repository/ADDING_A_NEW_EMPLOYEE/Add_employee_save_button' is clicked on

12-08-2024T16:40:15 - [TEST_STEP][PASSED] - delay(2): Delayed 2 second(s)

12-08-2024T16:40:17 - [MESSAGE][PASSED] - Delayed 2 second(s)

12-08-2024T16:40:17 - [MESSAGE][PASSED] - Call Test Case 'Test Cases/ADDING_A_NEW_EMPLOYEE' successfully

12-08-2024T16:40:17 - [TEST_STEP][PASSED] - rowIndex = sheet.getLastRowNum() + 1: null

12-08-2024T16:40:17 - [TEST_STEP][PASSED] - row = sheet.createRow(rowIndex): null

12-08-2024T16:40:17 - [TEST_STEP][PASSED] - createCell(0).setCellValue(First_name): null

12-08-2024T16:40:17 - [TEST_STEP][PASSED] - createCell(1).setCellValue(Middle_name): null

12-08-2024T16:40:17 - [TEST_STEP][PASSED] - createCell(2).setCellValue(Last_name): null

12-08-2024T16:40:17 - [TEST_STEP][PASSED] - createCell(3).setCellValue(User_name): null

12-08-2024T16:40:17 - [TEST_STEP][PASSED] - createCell(4).setCellValue(Password): null

12-08-2024T16:40:17 - [TEST_STEP][PASSED] - createCell(5).setCellValue(employee_id): null

12-08-2024T16:40:17 - [TEST_STEP][PASSED] - callTestCase(findTestCase("ADDING_A_NEW_EMPLOYEE"), [:], STOP_ON_FAILURE): Call Test Case 'Test Cases/ADDING_A_NEW_EMPLOYEE' successfully

12-08-2024T16:40:17 - [TEST_CASE][PASSED] - Test Cases/ADDING_A_NEW_EMPLOYEE: Test Cases/ADDING_A_NEW_EMPLOYEE

12-08-2024T16:40:17 - [TEST_STEP][PASSED] - verifyElementPresent(findTestObject("ADDING_A_NEW_EMPLOYEE/pim_option_from_side_bar"), 10): Object 'Object Repository/ADDING_A_NEW_EMPLOYEE/pim_option_from_side_bar' is present

12-08-2024T16:40:19 - [MESSAGE][PASSED] - Object 'Object Repository/ADDING_A_NEW_EMPLOYEE/pim_option_from_side_bar' is present

12-08-2024T16:40:19 - [TEST_STEP][PASSED] - click(findTestObject("ADDING_A_NEW_EMPLOYEE/pim_option_from_side_bar")): Object: 'Object Repository/ADDING_A_NEW_EMPLOYEE/pim_option_from_side_bar' is clicked on

12-08-2024T16:40:20 - [MESSAGE][PASSED] - Object: 'Object Repository/ADDING_A_NEW_EMPLOYEE/pim_option_from_side_bar' is clicked on

12-08-2024T16:40:20 - [TEST_STEP][PASSED] - waitForElementPresent(findTestObject("ADDING_A_NEW_EMPLOYEE/adding_new_employee_button_in_pim_page"), 10): Object 'Object Repository/ADDING_A_NEW_EMPLOYEE/adding_new_employee_button_in_pim_page' is present

12-08-2024T16:40:21 - [MESSAGE][PASSED] - Object 'Object Repository/ADDING_A_NEW_EMPLOYEE/adding_new_employee_button_in_pim_page' is present

12-08-2024T16:40:21 - [TEST_STEP][PASSED] - click(findTestObject("ADDING_A_NEW_EMPLOYEE/adding_new_employee_button_in_pim_page")): Object: 'Object Repository/ADDING_A_NEW_EMPLOYEE/adding_new_employee_button_in_pim_page' is clicked on

12-08-2024T16:40:22 - [MESSAGE][PASSED] - Object: 'Object Repository/ADDING_A_NEW_EMPLOYEE/adding_new_employee_button_in_pim_page' is clicked on

12-08-2024T16:40:22 - [TEST_STEP][PASSED] - verifyElementPresent(findTestObject("ADDING_A_NEW_EMPLOYEE/create_login_details_checkbox"), 10): Object 'Object Repository/ADDING_A_NEW_EMPLOYEE/create_login_details_checkbox' is present

12-08-2024T16:40:24 - [MESSAGE][PASSED] - Object 'Object Repository/ADDING_A_NEW_EMPLOYEE/create_login_details_checkbox' is present

12-08-2024T16:40:24 - [TEST_STEP][PASSED] - click(findTestObject("ADDING_A_NEW_EMPLOYEE/create_login_details_checkbox")): Object: 'Object Repository/ADDING_A_NEW_EMPLOYEE/create_login_details_checkbox' is clicked on

12-08-2024T16:40:24 - [MESSAGE][PASSED] - Object: 'Object Repository/ADDING_A_NEW_EMPLOYEE/create_login_details_checkbox' is clicked on

12-08-2024T16:40:24 - [TEST_STEP][PASSED] - verifyElementPresent(findTestObject("Object Repository/ADDING_A_NEW_EMPLOYEE/Add_employee_enabled_radio_button"), 10): Object 'Object Repository/ADDING_A_NEW_EMPLOYEE/Add_employee_enabled_radio_button' is present

12-08-2024T16:40:25 - [MESSAGE][PASSED] - Object 'Object Repository/ADDING_A_NEW_EMPLOYEE/Add_employee_enabled_radio_button' is present

12-08-2024T16:40:25 - [TEST_STEP][PASSED] - click(findTestObject("Object Repository/ADDING_A_NEW_EMPLOYEE/Add_employee_enabled_radio_button")): Object: 'Object Repository/ADDING_A_NEW_EMPLOYEE/Add_employee_enabled_radio_button' is clicked on

12-08-2024T16:40:25 - [MESSAGE][PASSED] - Object: 'Object Repository/ADDING_A_NEW_EMPLOYEE/Add_employee_enabled_radio_button' is clicked on

12-08-2024T16:40:25 - [TEST_STEP][PASSED] - verifyElementPresent(findTestObject("Object Repository/ADDING_A_NEW_EMPLOYEE/Add_Employee_first_name"), 10): Object 'Object Repository/ADDING_A_NEW_EMPLOYEE/Add_Employee_first_name' is present

12-08-2024T16:40:25 - [MESSAGE][PASSED] - Object 'Object Repository/ADDING_A_NEW_EMPLOYEE/Add_Employee_first_name' is present

12-08-2024T16:40:25 - [TEST_STEP][PASSED] - click(findTestObject("Object Repository/ADDING_A_NEW_EMPLOYEE/Add_Employee_first_name")): Object: 'Object Repository/ADDING_A_NEW_EMPLOYEE/Add_Employee_first_name' is clicked on

12-08-2024T16:40:26 - [MESSAGE][PASSED] - Object: 'Object Repository/ADDING_A_NEW_EMPLOYEE/Add_Employee_first_name' is clicked on

12-08-2024T16:40:26 - [TEST_STEP][PASSED] - setText(findTestObject("Object Repository/ADDING_A_NEW_EMPLOYEE/Add_Employee_first_name"), "First_name_" + RandomStringUtils.randomAlphabetic(7)): Text 'First_name_jmfEfBw' is set on object 'Object Repository/ADDING_A_NEW_EMPLOYEE/Add_Employee_first_name'

12-08-2024T16:40:26 - [MESSAGE][PASSED] - Text 'First_name_jmfEfBw' is set on object 'Object Repository/ADDING_A_NEW_EMPLOYEE/Add_Employee_first_name'

12-08-2024T16:40:26 - [TEST_STEP][PASSED] - verifyElementPresent(findTestObject("Object Repository/ADDING_A_NEW_EMPLOYEE/Add_employee_middle_name"), 10): Object 'Object Repository/ADDING_A_NEW_EMPLOYEE/Add_employee_middle_name' is present

12-08-2024T16:40:27 - [MESSAGE][PASSED] - Object 'Object Repository/ADDING_A_NEW_EMPLOYEE/Add_employee_middle_name' is present

12-08-2024T16:40:27 - [TEST_STEP][PASSED] - click(findTestObject("Object Repository/ADDING_A_NEW_EMPLOYEE/Add_employee_middle_name")): Object: 'Object Repository/ADDING_A_NEW_EMPLOYEE/Add_employee_middle_name' is clicked on

12-08-2024T16:40:27 - [MESSAGE][PASSED] - Object: 'Object Repository/ADDING_A_NEW_EMPLOYEE/Add_employee_middle_name' is clicked on

12-08-2024T16:40:27 - [TEST_STEP][PASSED] - setText(findTestObject("Object Repository/ADDING_A_NEW_EMPLOYEE/Add_employee_middle_name"), "Middle_name_" + RandomStringUtils.randomAlphabetic(7)): Text 'Middle_name_LPNwFuP' is set on object 'Object Repository/ADDING_A_NEW_EMPLOYEE/Add_employee_middle_name'

12-08-2024T16:40:28 - [MESSAGE][PASSED] - Text 'Middle_name_LPNwFuP' is set on object 'Object Repository/ADDING_A_NEW_EMPLOYEE/Add_employee_middle_name'

12-08-2024T16:40:28 - [TEST_STEP][PASSED] - verifyElementPresent(findTestObject("Object Repository/ADDING_A_NEW_EMPLOYEE/Add_employee_last_name"), 10): Object 'Object Repository/ADDING_A_NEW_EMPLOYEE/Add_employee_last_name' is present

12-08-2024T16:40:28 - [MESSAGE][PASSED] - Object 'Object Repository/ADDING_A_NEW_EMPLOYEE/Add_employee_last_name' is present

12-08-2024T16:40:28 - [TEST_STEP][PASSED] - click(findTestObject("Object Repository/ADDING_A_NEW_EMPLOYEE/Add_employee_last_name")): Object: 'Object Repository/ADDING_A_NEW_EMPLOYEE/Add_employee_last_name' is clicked on

12-08-2024T16:40:29 - [MESSAGE][PASSED] - Object: 'Object Repository/ADDING_A_NEW_EMPLOYEE/Add_employee_last_name' is clicked on

12-08-2024T16:40:29 - [TEST_STEP][PASSED] - setText(findTestObject("Object Repository/ADDING_A_NEW_EMPLOYEE/Add_employee_last_name"), "Last_name_" + RandomStringUtils.randomAlphabetic(7)): Text 'Last_name_iVDVuPm' is set on object 'Object Repository/ADDING_A_NEW_EMPLOYEE/Add_employee_last_name'

12-08-2024T16:40:29 - [MESSAGE][PASSED] - Text 'Last_name_iVDVuPm' is set on object 'Object Repository/ADDING_A_NEW_EMPLOYEE/Add_employee_last_name'

12-08-2024T16:40:29 - [TEST_STEP][PASSED] - randomString_001 = RandomStringUtils.randomNumeric(6): null

12-08-2024T16:40:29 - [TEST_STEP][PASSED] - newValue_001 = "333" + randomString_001: null

12-08-2024T16:40:29 - [TEST_STEP][PASSED] - xpath_for_employee_id = "//label[text()='Employee Id']/ancestor::div[@class='oxd-input-group__label-wrapper']/following-sibling::div//input[@class='oxd-input oxd-input--active']": null

12-08-2024T16:40:29 - [TEST_STEP][PASSED] - inputField_001 = TestObject().addProperty("xpath", EQUALS, xpath_for_employee_id): null

12-08-2024T16:40:29 - [TEST_STEP][PASSED] - executeJavaScript(
    var element = document.evaluate("$xpath_for_employee_id", document, null, XPathResult.FIRST_ORDERED_NODE_TYPE, null).singleNodeValue;
    if (element) {
        element.value = '$newValue_001';
        var event = new Event('input', { bubbles: true });
        element.dispatchEvent(event);
    }
    , null): Execute JavaScript '
    var element = document.evaluate("//label[text()='Employee Id']/ancestor::div[@class='oxd-input-group__label-wrapper']/following-sibling::div//input[@class='oxd-input oxd-input--active']", document, null, XPathResult.FIRST_ORDERED_NODE_TYPE, null).singleNodeValue;
    if (element) {
        element.value = '333241476';
        var event = new Event('input', { bubbles: true });
        element.dispatchEvent(event);
    }
    ' successfully

12-08-2024T16:40:29 - [MESSAGE][PASSED] - Execute JavaScript '
    var element = document.evaluate("//label[text()='Employee Id']/ancestor::div[@class='oxd-input-group__label-wrapper']/following-sibling::div//input[@class='oxd-input oxd-input--active']", document, null, XPathResult.FIRST_ORDERED_NODE_TYPE, null).singleNodeValue;
    if (element) {
        element.value = '333241476';
        var event = new Event('input', { bubbles: true });
        element.dispatchEvent(event);
    }
    ' successfully

12-08-2024T16:40:29 - [TEST_STEP][PASSED] - delay(3): Delayed 3 second(s)

12-08-2024T16:40:32 - [MESSAGE][PASSED] - Delayed 3 second(s)

12-08-2024T16:40:32 - [TEST_STEP][PASSED] - randomString_for_password = RandomStringUtils.randomNumeric(6): null

12-08-2024T16:40:32 - [TEST_STEP][PASSED] - new_Value_for_password = "Fiboo" + randomString_for_password + "@@": null

12-08-2024T16:40:32 - [TEST_STEP][PASSED] - xpath_for_password = "//label[text()='Username']/ancestor::div[@class='oxd-input-group__label-wrapper']/following-sibling::div//input[@class='oxd-input oxd-input--active']": null

12-08-2024T16:40:32 - [TEST_STEP][PASSED] - inputField_for_password = TestObject().addProperty("xpath", EQUALS, xpath_for_password): null

12-08-2024T16:40:32 - [TEST_STEP][PASSED] - executeJavaScript(
    var element = document.evaluate("$xpath_for_password", document, null, XPathResult.FIRST_ORDERED_NODE_TYPE, null).singleNodeValue;
    if (element) {
        element.value = '$new_Value_for_password';
        var event = new Event('input', { bubbles: true });
        element.dispatchEvent(event);
    }
    , null): Execute JavaScript '
    var element = document.evaluate("//label[text()='Username']/ancestor::div[@class='oxd-input-group__label-wrapper']/following-sibling::div//input[@class='oxd-input oxd-input--active']", document, null, XPathResult.FIRST_ORDERED_NODE_TYPE, null).singleNodeValue;
    if (element) {
        element.value = 'Fiboo472824@@';
        var event = new Event('input', { bubbles: true });
        element.dispatchEvent(event);
    }
    ' successfully

12-08-2024T16:40:32 - [MESSAGE][PASSED] - Execute JavaScript '
    var element = document.evaluate("//label[text()='Username']/ancestor::div[@class='oxd-input-group__label-wrapper']/following-sibling::div//input[@class='oxd-input oxd-input--active']", document, null, XPathResult.FIRST_ORDERED_NODE_TYPE, null).singleNodeValue;
    if (element) {
        element.value = 'Fiboo472824@@';
        var event = new Event('input', { bubbles: true });
        element.dispatchEvent(event);
    }
    ' successfully

12-08-2024T16:40:32 - [TEST_STEP][PASSED] - delay(1): Delayed 1 second(s)

12-08-2024T16:40:33 - [MESSAGE][PASSED] - Delayed 1 second(s)

12-08-2024T16:40:33 - [TEST_STEP][PASSED] - Password = getAttribute(findTestObject("Object Repository/ADDING_A_NEW_EMPLOYEE/Add_employee_username"), "value"): Attribute 'value' of object 'Object Repository/ADDING_A_NEW_EMPLOYEE/Add_employee_username' is: 'Fiboo472824@@'

12-08-2024T16:40:34 - [MESSAGE][PASSED] - Attribute 'value' of object 'Object Repository/ADDING_A_NEW_EMPLOYEE/Add_employee_username' is: 'Fiboo472824@@'

12-08-2024T16:40:34 - [TEST_STEP][PASSED] - out.println(Password): null

12-08-2024T16:40:34 - [TEST_STEP][PASSED] - new_Value_for_password_001 = Password: null

12-08-2024T16:40:34 - [TEST_STEP][PASSED] - xpath_for_password_001 = "//label[text()='Password']/ancestor::div[@class='oxd-input-group__label-wrapper']/following-sibling::div//input[@class='oxd-input oxd-input--active']": null

12-08-2024T16:40:34 - [TEST_STEP][PASSED] - inputField_for_password_001 = TestObject().addProperty("xpath", EQUALS, xpath_for_password_001): null

12-08-2024T16:40:34 - [TEST_STEP][PASSED] - executeJavaScript(
    var element = document.evaluate("$xpath_for_password_001", document, null, XPathResult.FIRST_ORDERED_NODE_TYPE, null).singleNodeValue;
    if (element) {
        element.value = '$new_Value_for_password_001';
        var event = new Event('input', { bubbles: true });
        element.dispatchEvent(event);
    }
    , null): Execute JavaScript '
    var element = document.evaluate("//label[text()='Password']/ancestor::div[@class='oxd-input-group__label-wrapper']/following-sibling::div//input[@class='oxd-input oxd-input--active']", document, null, XPathResult.FIRST_ORDERED_NODE_TYPE, null).singleNodeValue;
    if (element) {
        element.value = 'Fiboo472824@@';
        var event = new Event('input', { bubbles: true });
        element.dispatchEvent(event);
    }
    ' successfully

12-08-2024T16:40:34 - [MESSAGE][PASSED] - Execute JavaScript '
    var element = document.evaluate("//label[text()='Password']/ancestor::div[@class='oxd-input-group__label-wrapper']/following-sibling::div//input[@class='oxd-input oxd-input--active']", document, null, XPathResult.FIRST_ORDERED_NODE_TYPE, null).singleNodeValue;
    if (element) {
        element.value = 'Fiboo472824@@';
        var event = new Event('input', { bubbles: true });
        element.dispatchEvent(event);
    }
    ' successfully

12-08-2024T16:40:34 - [TEST_STEP][PASSED] - delay(1): Delayed 1 second(s)

12-08-2024T16:40:35 - [MESSAGE][PASSED] - Delayed 1 second(s)

12-08-2024T16:40:35 - [TEST_STEP][PASSED] - new_Value_for_password_002 = Password: null

12-08-2024T16:40:35 - [TEST_STEP][PASSED] - xpath_for_password_002 = "//label[text()='Confirm Password']/ancestor::div[@class='oxd-input-group__label-wrapper']/following-sibling::div//input[@class='oxd-input oxd-input--active']": null

12-08-2024T16:40:35 - [TEST_STEP][PASSED] - inputField_for_password_002 = TestObject().addProperty("xpath", EQUALS, xpath_for_password_002): null

12-08-2024T16:40:35 - [TEST_STEP][PASSED] - executeJavaScript(
    var element = document.evaluate("$xpath_for_password_002", document, null, XPathResult.FIRST_ORDERED_NODE_TYPE, null).singleNodeValue;
    if (element) {
        element.value = '$new_Value_for_password_002';
        var event = new Event('input', { bubbles: true });
        element.dispatchEvent(event);
    }
    , null): Execute JavaScript '
    var element = document.evaluate("//label[text()='Confirm Password']/ancestor::div[@class='oxd-input-group__label-wrapper']/following-sibling::div//input[@class='oxd-input oxd-input--active']", document, null, XPathResult.FIRST_ORDERED_NODE_TYPE, null).singleNodeValue;
    if (element) {
        element.value = 'Fiboo472824@@';
        var event = new Event('input', { bubbles: true });
        element.dispatchEvent(event);
    }
    ' successfully

12-08-2024T16:40:35 - [MESSAGE][PASSED] - Execute JavaScript '
    var element = document.evaluate("//label[text()='Confirm Password']/ancestor::div[@class='oxd-input-group__label-wrapper']/following-sibling::div//input[@class='oxd-input oxd-input--active']", document, null, XPathResult.FIRST_ORDERED_NODE_TYPE, null).singleNodeValue;
    if (element) {
        element.value = 'Fiboo472824@@';
        var event = new Event('input', { bubbles: true });
        element.dispatchEvent(event);
    }
    ' successfully

12-08-2024T16:40:35 - [TEST_STEP][PASSED] - delay(1): Delayed 1 second(s)

12-08-2024T16:40:36 - [MESSAGE][PASSED] - Delayed 1 second(s)

12-08-2024T16:40:36 - [TEST_STEP][PASSED] - randomString = RandomStringUtils.randomAlphabetic(7): null

12-08-2024T16:40:36 - [TEST_STEP][PASSED] - newValue = "User_name_" + randomString: null

12-08-2024T16:40:36 - [TEST_STEP][PASSED] - xpath_for_user_name = "//label[text()='Username']/ancestor::div[@class='oxd-input-group__label-wrapper']/following-sibling::div//input[@class='oxd-input oxd-input--active']": null

12-08-2024T16:40:36 - [TEST_STEP][PASSED] - inputField = TestObject().addProperty("xpath", EQUALS, xpath_for_user_name): null

12-08-2024T16:40:36 - [TEST_STEP][PASSED] - executeJavaScript(
    var element = document.evaluate("$xpath_for_user_name", document, null, XPathResult.FIRST_ORDERED_NODE_TYPE, null).singleNodeValue;
    if (element) {
        element.value = '$newValue';
        var event = new Event('input', { bubbles: true });
        element.dispatchEvent(event);
    }
    , null): Execute JavaScript '
    var element = document.evaluate("//label[text()='Username']/ancestor::div[@class='oxd-input-group__label-wrapper']/following-sibling::div//input[@class='oxd-input oxd-input--active']", document, null, XPathResult.FIRST_ORDERED_NODE_TYPE, null).singleNodeValue;
    if (element) {
        element.value = 'User_name_FzSbIUH';
        var event = new Event('input', { bubbles: true });
        element.dispatchEvent(event);
    }
    ' successfully

12-08-2024T16:40:36 - [MESSAGE][PASSED] - Execute JavaScript '
    var element = document.evaluate("//label[text()='Username']/ancestor::div[@class='oxd-input-group__label-wrapper']/following-sibling::div//input[@class='oxd-input oxd-input--active']", document, null, XPathResult.FIRST_ORDERED_NODE_TYPE, null).singleNodeValue;
    if (element) {
        element.value = 'User_name_FzSbIUH';
        var event = new Event('input', { bubbles: true });
        element.dispatchEvent(event);
    }
    ' successfully

12-08-2024T16:40:36 - [TEST_STEP][PASSED] - delay(1): Delayed 1 second(s)

12-08-2024T16:40:37 - [MESSAGE][PASSED] - Delayed 1 second(s)

12-08-2024T16:40:37 - [TEST_STEP][PASSED] - User_name = getAttribute(findTestObject("Object Repository/ADDING_A_NEW_EMPLOYEE/Add_employee_username"), "value"): Attribute 'value' of object 'Object Repository/ADDING_A_NEW_EMPLOYEE/Add_employee_username' is: 'User_name_FzSbIUH'

12-08-2024T16:40:37 - [MESSAGE][PASSED] - Attribute 'value' of object 'Object Repository/ADDING_A_NEW_EMPLOYEE/Add_employee_username' is: 'User_name_FzSbIUH'

12-08-2024T16:40:37 - [TEST_STEP][PASSED] - out.println(User_name): null

12-08-2024T16:40:37 - [TEST_STEP][PASSED] - out.println(Password): null

12-08-2024T16:40:37 - [TEST_STEP][PASSED] - First_name = getAttribute(findTestObject("Object Repository/ADDING_A_NEW_EMPLOYEE/Add_Employee_first_name"), "value"): Attribute 'value' of object 'Object Repository/ADDING_A_NEW_EMPLOYEE/Add_Employee_first_name' is: 'First_name_jmfEfBw'

12-08-2024T16:40:37 - [MESSAGE][PASSED] - Attribute 'value' of object 'Object Repository/ADDING_A_NEW_EMPLOYEE/Add_Employee_first_name' is: 'First_name_jmfEfBw'

12-08-2024T16:40:37 - [TEST_STEP][PASSED] - out.println(First_name): null

12-08-2024T16:40:37 - [TEST_STEP][PASSED] - Middle_name = getAttribute(findTestObject("Object Repository/ADDING_A_NEW_EMPLOYEE/Add_employee_middle_name"), "value"): Attribute 'value' of object 'Object Repository/ADDING_A_NEW_EMPLOYEE/Add_employee_middle_name' is: 'Middle_name_LPNwFuP'

12-08-2024T16:40:38 - [MESSAGE][PASSED] - Attribute 'value' of object 'Object Repository/ADDING_A_NEW_EMPLOYEE/Add_employee_middle_name' is: 'Middle_name_LPNwFuP'

12-08-2024T16:40:38 - [TEST_STEP][PASSED] - out.println(Middle_name): null

12-08-2024T16:40:38 - [TEST_STEP][PASSED] - Last_name = getAttribute(findTestObject("Object Repository/ADDING_A_NEW_EMPLOYEE/Add_employee_last_name"), "value"): Attribute 'value' of object 'Object Repository/ADDING_A_NEW_EMPLOYEE/Add_employee_last_name' is: 'Last_name_iVDVuPm'

12-08-2024T16:40:38 - [MESSAGE][PASSED] - Attribute 'value' of object 'Object Repository/ADDING_A_NEW_EMPLOYEE/Add_employee_last_name' is: 'Last_name_iVDVuPm'

12-08-2024T16:40:38 - [TEST_STEP][PASSED] - out.println(Last_name): null

12-08-2024T16:40:38 - [TEST_STEP][PASSED] - employee_id = getAttribute(findTestObject("Object Repository/ADDING_A_NEW_EMPLOYEE/Add_employee_id"), "value"): Attribute 'value' of object 'Object Repository/ADDING_A_NEW_EMPLOYEE/Add_employee_id' is: '333241476'

12-08-2024T16:40:38 - [MESSAGE][PASSED] - Attribute 'value' of object 'Object Repository/ADDING_A_NEW_EMPLOYEE/Add_employee_id' is: '333241476'

12-08-2024T16:40:38 - [TEST_STEP][PASSED] - out.println(employee_id): null

12-08-2024T16:40:38 - [TEST_STEP][PASSED] - delay(3): Delayed 3 second(s)

12-08-2024T16:40:41 - [MESSAGE][PASSED] - Delayed 3 second(s)

12-08-2024T16:40:41 - [TEST_STEP][PASSED] - click(findTestObject("Object Repository/ADDING_A_NEW_EMPLOYEE/Add_employee_save_button")): Object: 'Object Repository/ADDING_A_NEW_EMPLOYEE/Add_employee_save_button' is clicked on

12-08-2024T16:40:42 - [MESSAGE][PASSED] - Object: 'Object Repository/ADDING_A_NEW_EMPLOYEE/Add_employee_save_button' is clicked on

12-08-2024T16:40:42 - [TEST_STEP][PASSED] - delay(2): Delayed 2 second(s)

12-08-2024T16:40:44 - [MESSAGE][PASSED] - Delayed 2 second(s)

12-08-2024T16:40:44 - [MESSAGE][PASSED] - Call Test Case 'Test Cases/ADDING_A_NEW_EMPLOYEE' successfully

12-08-2024T16:40:44 - [TEST_STEP][PASSED] - rowIndex = sheet.getLastRowNum() + 1: null

12-08-2024T16:40:44 - [TEST_STEP][PASSED] - row = sheet.createRow(rowIndex): null

12-08-2024T16:40:44 - [TEST_STEP][PASSED] - createCell(0).setCellValue(First_name): null

12-08-2024T16:40:44 - [TEST_STEP][PASSED] - createCell(1).setCellValue(Middle_name): null

12-08-2024T16:40:44 - [TEST_STEP][PASSED] - createCell(2).setCellValue(Last_name): null

12-08-2024T16:40:44 - [TEST_STEP][PASSED] - createCell(3).setCellValue(User_name): null

12-08-2024T16:40:44 - [TEST_STEP][PASSED] - createCell(4).setCellValue(Password): null

12-08-2024T16:40:44 - [TEST_STEP][PASSED] - createCell(5).setCellValue(employee_id): null

12-08-2024T16:40:44 - [TEST_STEP][PASSED] - callTestCase(findTestCase("ADDING_A_NEW_EMPLOYEE"), [:], STOP_ON_FAILURE): Call Test Case 'Test Cases/ADDING_A_NEW_EMPLOYEE' successfully

12-08-2024T16:40:44 - [TEST_CASE][PASSED] - Test Cases/ADDING_A_NEW_EMPLOYEE: Test Cases/ADDING_A_NEW_EMPLOYEE

12-08-2024T16:40:44 - [TEST_STEP][PASSED] - verifyElementPresent(findTestObject("ADDING_A_NEW_EMPLOYEE/pim_option_from_side_bar"), 10): Object 'Object Repository/ADDING_A_NEW_EMPLOYEE/pim_option_from_side_bar' is present

12-08-2024T16:40:45 - [MESSAGE][PASSED] - Object 'Object Repository/ADDING_A_NEW_EMPLOYEE/pim_option_from_side_bar' is present

12-08-2024T16:40:45 - [TEST_STEP][PASSED] - click(findTestObject("ADDING_A_NEW_EMPLOYEE/pim_option_from_side_bar")): Object: 'Object Repository/ADDING_A_NEW_EMPLOYEE/pim_option_from_side_bar' is clicked on

12-08-2024T16:40:46 - [MESSAGE][PASSED] - Object: 'Object Repository/ADDING_A_NEW_EMPLOYEE/pim_option_from_side_bar' is clicked on

12-08-2024T16:40:46 - [TEST_STEP][PASSED] - waitForElementPresent(findTestObject("ADDING_A_NEW_EMPLOYEE/adding_new_employee_button_in_pim_page"), 10): Object 'Object Repository/ADDING_A_NEW_EMPLOYEE/adding_new_employee_button_in_pim_page' is present

12-08-2024T16:40:48 - [MESSAGE][PASSED] - Object 'Object Repository/ADDING_A_NEW_EMPLOYEE/adding_new_employee_button_in_pim_page' is present

12-08-2024T16:40:48 - [TEST_STEP][PASSED] - click(findTestObject("ADDING_A_NEW_EMPLOYEE/adding_new_employee_button_in_pim_page")): Object: 'Object Repository/ADDING_A_NEW_EMPLOYEE/adding_new_employee_button_in_pim_page' is clicked on

12-08-2024T16:40:49 - [MESSAGE][PASSED] - Object: 'Object Repository/ADDING_A_NEW_EMPLOYEE/adding_new_employee_button_in_pim_page' is clicked on

12-08-2024T16:40:49 - [TEST_STEP][PASSED] - verifyElementPresent(findTestObject("ADDING_A_NEW_EMPLOYEE/create_login_details_checkbox"), 10): Object 'Object Repository/ADDING_A_NEW_EMPLOYEE/create_login_details_checkbox' is present

12-08-2024T16:40:51 - [MESSAGE][PASSED] - Object 'Object Repository/ADDING_A_NEW_EMPLOYEE/create_login_details_checkbox' is present

12-08-2024T16:40:51 - [TEST_STEP][PASSED] - click(findTestObject("ADDING_A_NEW_EMPLOYEE/create_login_details_checkbox")): Object: 'Object Repository/ADDING_A_NEW_EMPLOYEE/create_login_details_checkbox' is clicked on

12-08-2024T16:40:51 - [MESSAGE][PASSED] - Object: 'Object Repository/ADDING_A_NEW_EMPLOYEE/create_login_details_checkbox' is clicked on

12-08-2024T16:40:51 - [TEST_STEP][PASSED] - verifyElementPresent(findTestObject("Object Repository/ADDING_A_NEW_EMPLOYEE/Add_employee_enabled_radio_button"), 10): Object 'Object Repository/ADDING_A_NEW_EMPLOYEE/Add_employee_enabled_radio_button' is present

12-08-2024T16:40:52 - [MESSAGE][PASSED] - Object 'Object Repository/ADDING_A_NEW_EMPLOYEE/Add_employee_enabled_radio_button' is present

12-08-2024T16:40:52 - [TEST_STEP][PASSED] - click(findTestObject("Object Repository/ADDING_A_NEW_EMPLOYEE/Add_employee_enabled_radio_button")): Object: 'Object Repository/ADDING_A_NEW_EMPLOYEE/Add_employee_enabled_radio_button' is clicked on

12-08-2024T16:40:52 - [MESSAGE][PASSED] - Object: 'Object Repository/ADDING_A_NEW_EMPLOYEE/Add_employee_enabled_radio_button' is clicked on

12-08-2024T16:40:52 - [TEST_STEP][PASSED] - verifyElementPresent(findTestObject("Object Repository/ADDING_A_NEW_EMPLOYEE/Add_Employee_first_name"), 10): Object 'Object Repository/ADDING_A_NEW_EMPLOYEE/Add_Employee_first_name' is present

12-08-2024T16:40:52 - [MESSAGE][PASSED] - Object 'Object Repository/ADDING_A_NEW_EMPLOYEE/Add_Employee_first_name' is present

12-08-2024T16:40:52 - [TEST_STEP][PASSED] - click(findTestObject("Object Repository/ADDING_A_NEW_EMPLOYEE/Add_Employee_first_name")): Object: 'Object Repository/ADDING_A_NEW_EMPLOYEE/Add_Employee_first_name' is clicked on

12-08-2024T16:40:53 - [MESSAGE][PASSED] - Object: 'Object Repository/ADDING_A_NEW_EMPLOYEE/Add_Employee_first_name' is clicked on

12-08-2024T16:40:53 - [TEST_STEP][PASSED] - setText(findTestObject("Object Repository/ADDING_A_NEW_EMPLOYEE/Add_Employee_first_name"), "First_name_" + RandomStringUtils.randomAlphabetic(7)): Text 'First_name_eIZejdA' is set on object 'Object Repository/ADDING_A_NEW_EMPLOYEE/Add_Employee_first_name'

12-08-2024T16:40:53 - [MESSAGE][PASSED] - Text 'First_name_eIZejdA' is set on object 'Object Repository/ADDING_A_NEW_EMPLOYEE/Add_Employee_first_name'

12-08-2024T16:40:53 - [TEST_STEP][PASSED] - verifyElementPresent(findTestObject("Object Repository/ADDING_A_NEW_EMPLOYEE/Add_employee_middle_name"), 10): Object 'Object Repository/ADDING_A_NEW_EMPLOYEE/Add_employee_middle_name' is present

12-08-2024T16:40:54 - [MESSAGE][PASSED] - Object 'Object Repository/ADDING_A_NEW_EMPLOYEE/Add_employee_middle_name' is present

12-08-2024T16:40:54 - [TEST_STEP][PASSED] - click(findTestObject("Object Repository/ADDING_A_NEW_EMPLOYEE/Add_employee_middle_name")): Object: 'Object Repository/ADDING_A_NEW_EMPLOYEE/Add_employee_middle_name' is clicked on

12-08-2024T16:40:54 - [MESSAGE][PASSED] - Object: 'Object Repository/ADDING_A_NEW_EMPLOYEE/Add_employee_middle_name' is clicked on

12-08-2024T16:40:54 - [TEST_STEP][PASSED] - setText(findTestObject("Object Repository/ADDING_A_NEW_EMPLOYEE/Add_employee_middle_name"), "Middle_name_" + RandomStringUtils.randomAlphabetic(7)): Text 'Middle_name_bJkyLzj' is set on object 'Object Repository/ADDING_A_NEW_EMPLOYEE/Add_employee_middle_name'

12-08-2024T16:40:54 - [MESSAGE][PASSED] - Text 'Middle_name_bJkyLzj' is set on object 'Object Repository/ADDING_A_NEW_EMPLOYEE/Add_employee_middle_name'

12-08-2024T16:40:54 - [TEST_STEP][PASSED] - verifyElementPresent(findTestObject("Object Repository/ADDING_A_NEW_EMPLOYEE/Add_employee_last_name"), 10): Object 'Object Repository/ADDING_A_NEW_EMPLOYEE/Add_employee_last_name' is present

12-08-2024T16:40:55 - [MESSAGE][PASSED] - Object 'Object Repository/ADDING_A_NEW_EMPLOYEE/Add_employee_last_name' is present

12-08-2024T16:40:55 - [TEST_STEP][PASSED] - click(findTestObject("Object Repository/ADDING_A_NEW_EMPLOYEE/Add_employee_last_name")): Object: 'Object Repository/ADDING_A_NEW_EMPLOYEE/Add_employee_last_name' is clicked on

12-08-2024T16:40:55 - [MESSAGE][PASSED] - Object: 'Object Repository/ADDING_A_NEW_EMPLOYEE/Add_employee_last_name' is clicked on

12-08-2024T16:40:55 - [TEST_STEP][PASSED] - setText(findTestObject("Object Repository/ADDING_A_NEW_EMPLOYEE/Add_employee_last_name"), "Last_name_" + RandomStringUtils.randomAlphabetic(7)): Text 'Last_name_SbLlKWS' is set on object 'Object Repository/ADDING_A_NEW_EMPLOYEE/Add_employee_last_name'

12-08-2024T16:40:56 - [MESSAGE][PASSED] - Text 'Last_name_SbLlKWS' is set on object 'Object Repository/ADDING_A_NEW_EMPLOYEE/Add_employee_last_name'

12-08-2024T16:40:56 - [TEST_STEP][PASSED] - randomString_001 = RandomStringUtils.randomNumeric(6): null

12-08-2024T16:40:56 - [TEST_STEP][PASSED] - newValue_001 = "333" + randomString_001: null

12-08-2024T16:40:56 - [TEST_STEP][PASSED] - xpath_for_employee_id = "//label[text()='Employee Id']/ancestor::div[@class='oxd-input-group__label-wrapper']/following-sibling::div//input[@class='oxd-input oxd-input--active']": null

12-08-2024T16:40:56 - [TEST_STEP][PASSED] - inputField_001 = TestObject().addProperty("xpath", EQUALS, xpath_for_employee_id): null

12-08-2024T16:40:56 - [TEST_STEP][PASSED] - executeJavaScript(
    var element = document.evaluate("$xpath_for_employee_id", document, null, XPathResult.FIRST_ORDERED_NODE_TYPE, null).singleNodeValue;
    if (element) {
        element.value = '$newValue_001';
        var event = new Event('input', { bubbles: true });
        element.dispatchEvent(event);
    }
    , null): Execute JavaScript '
    var element = document.evaluate("//label[text()='Employee Id']/ancestor::div[@class='oxd-input-group__label-wrapper']/following-sibling::div//input[@class='oxd-input oxd-input--active']", document, null, XPathResult.FIRST_ORDERED_NODE_TYPE, null).singleNodeValue;
    if (element) {
        element.value = '333225864';
        var event = new Event('input', { bubbles: true });
        element.dispatchEvent(event);
    }
    ' successfully

12-08-2024T16:40:56 - [MESSAGE][PASSED] - Execute JavaScript '
    var element = document.evaluate("//label[text()='Employee Id']/ancestor::div[@class='oxd-input-group__label-wrapper']/following-sibling::div//input[@class='oxd-input oxd-input--active']", document, null, XPathResult.FIRST_ORDERED_NODE_TYPE, null).singleNodeValue;
    if (element) {
        element.value = '333225864';
        var event = new Event('input', { bubbles: true });
        element.dispatchEvent(event);
    }
    ' successfully

12-08-2024T16:40:56 - [TEST_STEP][PASSED] - delay(3): Delayed 3 second(s)

12-08-2024T16:40:59 - [MESSAGE][PASSED] - Delayed 3 second(s)

12-08-2024T16:40:59 - [TEST_STEP][PASSED] - randomString_for_password = RandomStringUtils.randomNumeric(6): null

12-08-2024T16:40:59 - [TEST_STEP][PASSED] - new_Value_for_password = "Fiboo" + randomString_for_password + "@@": null

12-08-2024T16:40:59 - [TEST_STEP][PASSED] - xpath_for_password = "//label[text()='Username']/ancestor::div[@class='oxd-input-group__label-wrapper']/following-sibling::div//input[@class='oxd-input oxd-input--active']": null

12-08-2024T16:40:59 - [TEST_STEP][PASSED] - inputField_for_password = TestObject().addProperty("xpath", EQUALS, xpath_for_password): null

12-08-2024T16:40:59 - [TEST_STEP][PASSED] - executeJavaScript(
    var element = document.evaluate("$xpath_for_password", document, null, XPathResult.FIRST_ORDERED_NODE_TYPE, null).singleNodeValue;
    if (element) {
        element.value = '$new_Value_for_password';
        var event = new Event('input', { bubbles: true });
        element.dispatchEvent(event);
    }
    , null): Execute JavaScript '
    var element = document.evaluate("//label[text()='Username']/ancestor::div[@class='oxd-input-group__label-wrapper']/following-sibling::div//input[@class='oxd-input oxd-input--active']", document, null, XPathResult.FIRST_ORDERED_NODE_TYPE, null).singleNodeValue;
    if (element) {
        element.value = 'Fiboo561201@@';
        var event = new Event('input', { bubbles: true });
        element.dispatchEvent(event);
    }
    ' successfully

12-08-2024T16:40:59 - [MESSAGE][PASSED] - Execute JavaScript '
    var element = document.evaluate("//label[text()='Username']/ancestor::div[@class='oxd-input-group__label-wrapper']/following-sibling::div//input[@class='oxd-input oxd-input--active']", document, null, XPathResult.FIRST_ORDERED_NODE_TYPE, null).singleNodeValue;
    if (element) {
        element.value = 'Fiboo561201@@';
        var event = new Event('input', { bubbles: true });
        element.dispatchEvent(event);
    }
    ' successfully

12-08-2024T16:40:59 - [TEST_STEP][PASSED] - delay(1): Delayed 1 second(s)

12-08-2024T16:41:00 - [MESSAGE][PASSED] - Delayed 1 second(s)

12-08-2024T16:41:00 - [TEST_STEP][PASSED] - Password = getAttribute(findTestObject("Object Repository/ADDING_A_NEW_EMPLOYEE/Add_employee_username"), "value"): Attribute 'value' of object 'Object Repository/ADDING_A_NEW_EMPLOYEE/Add_employee_username' is: 'Fiboo561201@@'

12-08-2024T16:41:00 - [MESSAGE][PASSED] - Attribute 'value' of object 'Object Repository/ADDING_A_NEW_EMPLOYEE/Add_employee_username' is: 'Fiboo561201@@'

12-08-2024T16:41:00 - [TEST_STEP][PASSED] - out.println(Password): null

12-08-2024T16:41:00 - [TEST_STEP][PASSED] - new_Value_for_password_001 = Password: null

12-08-2024T16:41:00 - [TEST_STEP][PASSED] - xpath_for_password_001 = "//label[text()='Password']/ancestor::div[@class='oxd-input-group__label-wrapper']/following-sibling::div//input[@class='oxd-input oxd-input--active']": null

12-08-2024T16:41:00 - [TEST_STEP][PASSED] - inputField_for_password_001 = TestObject().addProperty("xpath", EQUALS, xpath_for_password_001): null

12-08-2024T16:41:00 - [TEST_STEP][PASSED] - executeJavaScript(
    var element = document.evaluate("$xpath_for_password_001", document, null, XPathResult.FIRST_ORDERED_NODE_TYPE, null).singleNodeValue;
    if (element) {
        element.value = '$new_Value_for_password_001';
        var event = new Event('input', { bubbles: true });
        element.dispatchEvent(event);
    }
    , null): Execute JavaScript '
    var element = document.evaluate("//label[text()='Password']/ancestor::div[@class='oxd-input-group__label-wrapper']/following-sibling::div//input[@class='oxd-input oxd-input--active']", document, null, XPathResult.FIRST_ORDERED_NODE_TYPE, null).singleNodeValue;
    if (element) {
        element.value = 'Fiboo561201@@';
        var event = new Event('input', { bubbles: true });
        element.dispatchEvent(event);
    }
    ' successfully

12-08-2024T16:41:00 - [MESSAGE][PASSED] - Execute JavaScript '
    var element = document.evaluate("//label[text()='Password']/ancestor::div[@class='oxd-input-group__label-wrapper']/following-sibling::div//input[@class='oxd-input oxd-input--active']", document, null, XPathResult.FIRST_ORDERED_NODE_TYPE, null).singleNodeValue;
    if (element) {
        element.value = 'Fiboo561201@@';
        var event = new Event('input', { bubbles: true });
        element.dispatchEvent(event);
    }
    ' successfully

12-08-2024T16:41:00 - [TEST_STEP][PASSED] - delay(1): Delayed 1 second(s)

12-08-2024T16:41:01 - [MESSAGE][PASSED] - Delayed 1 second(s)

12-08-2024T16:41:01 - [TEST_STEP][PASSED] - new_Value_for_password_002 = Password: null

12-08-2024T16:41:01 - [TEST_STEP][PASSED] - xpath_for_password_002 = "//label[text()='Confirm Password']/ancestor::div[@class='oxd-input-group__label-wrapper']/following-sibling::div//input[@class='oxd-input oxd-input--active']": null

12-08-2024T16:41:01 - [TEST_STEP][PASSED] - inputField_for_password_002 = TestObject().addProperty("xpath", EQUALS, xpath_for_password_002): null

12-08-2024T16:41:01 - [TEST_STEP][PASSED] - executeJavaScript(
    var element = document.evaluate("$xpath_for_password_002", document, null, XPathResult.FIRST_ORDERED_NODE_TYPE, null).singleNodeValue;
    if (element) {
        element.value = '$new_Value_for_password_002';
        var event = new Event('input', { bubbles: true });
        element.dispatchEvent(event);
    }
    , null): Execute JavaScript '
    var element = document.evaluate("//label[text()='Confirm Password']/ancestor::div[@class='oxd-input-group__label-wrapper']/following-sibling::div//input[@class='oxd-input oxd-input--active']", document, null, XPathResult.FIRST_ORDERED_NODE_TYPE, null).singleNodeValue;
    if (element) {
        element.value = 'Fiboo561201@@';
        var event = new Event('input', { bubbles: true });
        element.dispatchEvent(event);
    }
    ' successfully

12-08-2024T16:41:01 - [MESSAGE][PASSED] - Execute JavaScript '
    var element = document.evaluate("//label[text()='Confirm Password']/ancestor::div[@class='oxd-input-group__label-wrapper']/following-sibling::div//input[@class='oxd-input oxd-input--active']", document, null, XPathResult.FIRST_ORDERED_NODE_TYPE, null).singleNodeValue;
    if (element) {
        element.value = 'Fiboo561201@@';
        var event = new Event('input', { bubbles: true });
        element.dispatchEvent(event);
    }
    ' successfully

12-08-2024T16:41:01 - [TEST_STEP][PASSED] - delay(1): Delayed 1 second(s)

12-08-2024T16:41:02 - [MESSAGE][PASSED] - Delayed 1 second(s)

12-08-2024T16:41:02 - [TEST_STEP][PASSED] - randomString = RandomStringUtils.randomAlphabetic(7): null

12-08-2024T16:41:02 - [TEST_STEP][PASSED] - newValue = "User_name_" + randomString: null

12-08-2024T16:41:02 - [TEST_STEP][PASSED] - xpath_for_user_name = "//label[text()='Username']/ancestor::div[@class='oxd-input-group__label-wrapper']/following-sibling::div//input[@class='oxd-input oxd-input--active']": null

12-08-2024T16:41:02 - [TEST_STEP][PASSED] - inputField = TestObject().addProperty("xpath", EQUALS, xpath_for_user_name): null

12-08-2024T16:41:02 - [TEST_STEP][PASSED] - executeJavaScript(
    var element = document.evaluate("$xpath_for_user_name", document, null, XPathResult.FIRST_ORDERED_NODE_TYPE, null).singleNodeValue;
    if (element) {
        element.value = '$newValue';
        var event = new Event('input', { bubbles: true });
        element.dispatchEvent(event);
    }
    , null): Execute JavaScript '
    var element = document.evaluate("//label[text()='Username']/ancestor::div[@class='oxd-input-group__label-wrapper']/following-sibling::div//input[@class='oxd-input oxd-input--active']", document, null, XPathResult.FIRST_ORDERED_NODE_TYPE, null).singleNodeValue;
    if (element) {
        element.value = 'User_name_iZVtfOJ';
        var event = new Event('input', { bubbles: true });
        element.dispatchEvent(event);
    }
    ' successfully

12-08-2024T16:41:02 - [MESSAGE][PASSED] - Execute JavaScript '
    var element = document.evaluate("//label[text()='Username']/ancestor::div[@class='oxd-input-group__label-wrapper']/following-sibling::div//input[@class='oxd-input oxd-input--active']", document, null, XPathResult.FIRST_ORDERED_NODE_TYPE, null).singleNodeValue;
    if (element) {
        element.value = 'User_name_iZVtfOJ';
        var event = new Event('input', { bubbles: true });
        element.dispatchEvent(event);
    }
    ' successfully

12-08-2024T16:41:02 - [TEST_STEP][PASSED] - delay(1): Delayed 1 second(s)

12-08-2024T16:41:03 - [MESSAGE][PASSED] - Delayed 1 second(s)

12-08-2024T16:41:03 - [TEST_STEP][PASSED] - User_name = getAttribute(findTestObject("Object Repository/ADDING_A_NEW_EMPLOYEE/Add_employee_username"), "value"): Attribute 'value' of object 'Object Repository/ADDING_A_NEW_EMPLOYEE/Add_employee_username' is: 'User_name_iZVtfOJ'

12-08-2024T16:41:04 - [MESSAGE][PASSED] - Attribute 'value' of object 'Object Repository/ADDING_A_NEW_EMPLOYEE/Add_employee_username' is: 'User_name_iZVtfOJ'

12-08-2024T16:41:04 - [TEST_STEP][PASSED] - out.println(User_name): null

12-08-2024T16:41:04 - [TEST_STEP][PASSED] - out.println(Password): null

12-08-2024T16:41:04 - [TEST_STEP][PASSED] - First_name = getAttribute(findTestObject("Object Repository/ADDING_A_NEW_EMPLOYEE/Add_Employee_first_name"), "value"): Attribute 'value' of object 'Object Repository/ADDING_A_NEW_EMPLOYEE/Add_Employee_first_name' is: 'First_name_eIZejdA'

12-08-2024T16:41:04 - [MESSAGE][PASSED] - Attribute 'value' of object 'Object Repository/ADDING_A_NEW_EMPLOYEE/Add_Employee_first_name' is: 'First_name_eIZejdA'

12-08-2024T16:41:04 - [TEST_STEP][PASSED] - out.println(First_name): null

12-08-2024T16:41:04 - [TEST_STEP][PASSED] - Middle_name = getAttribute(findTestObject("Object Repository/ADDING_A_NEW_EMPLOYEE/Add_employee_middle_name"), "value"): Attribute 'value' of object 'Object Repository/ADDING_A_NEW_EMPLOYEE/Add_employee_middle_name' is: 'Middle_name_bJkyLzj'

12-08-2024T16:41:04 - [MESSAGE][PASSED] - Attribute 'value' of object 'Object Repository/ADDING_A_NEW_EMPLOYEE/Add_employee_middle_name' is: 'Middle_name_bJkyLzj'

12-08-2024T16:41:04 - [TEST_STEP][PASSED] - out.println(Middle_name): null

12-08-2024T16:41:04 - [TEST_STEP][PASSED] - Last_name = getAttribute(findTestObject("Object Repository/ADDING_A_NEW_EMPLOYEE/Add_employee_last_name"), "value"): Attribute 'value' of object 'Object Repository/ADDING_A_NEW_EMPLOYEE/Add_employee_last_name' is: 'Last_name_SbLlKWS'

12-08-2024T16:41:05 - [MESSAGE][PASSED] - Attribute 'value' of object 'Object Repository/ADDING_A_NEW_EMPLOYEE/Add_employee_last_name' is: 'Last_name_SbLlKWS'

12-08-2024T16:41:05 - [TEST_STEP][PASSED] - out.println(Last_name): null

12-08-2024T16:41:05 - [TEST_STEP][PASSED] - employee_id = getAttribute(findTestObject("Object Repository/ADDING_A_NEW_EMPLOYEE/Add_employee_id"), "value"): Attribute 'value' of object 'Object Repository/ADDING_A_NEW_EMPLOYEE/Add_employee_id' is: '333225864'

12-08-2024T16:41:05 - [MESSAGE][PASSED] - Attribute 'value' of object 'Object Repository/ADDING_A_NEW_EMPLOYEE/Add_employee_id' is: '333225864'

12-08-2024T16:41:05 - [TEST_STEP][PASSED] - out.println(employee_id): null

12-08-2024T16:41:05 - [TEST_STEP][PASSED] - delay(3): Delayed 3 second(s)

12-08-2024T16:41:08 - [MESSAGE][PASSED] - Delayed 3 second(s)

12-08-2024T16:41:08 - [TEST_STEP][PASSED] - click(findTestObject("Object Repository/ADDING_A_NEW_EMPLOYEE/Add_employee_save_button")): Object: 'Object Repository/ADDING_A_NEW_EMPLOYEE/Add_employee_save_button' is clicked on

12-08-2024T16:41:08 - [MESSAGE][PASSED] - Object: 'Object Repository/ADDING_A_NEW_EMPLOYEE/Add_employee_save_button' is clicked on

12-08-2024T16:41:08 - [TEST_STEP][PASSED] - delay(2): Delayed 2 second(s)

12-08-2024T16:41:10 - [MESSAGE][PASSED] - Delayed 2 second(s)

12-08-2024T16:41:10 - [MESSAGE][PASSED] - Call Test Case 'Test Cases/ADDING_A_NEW_EMPLOYEE' successfully

12-08-2024T16:41:10 - [TEST_STEP][PASSED] - rowIndex = sheet.getLastRowNum() + 1: null

12-08-2024T16:41:10 - [TEST_STEP][PASSED] - row = sheet.createRow(rowIndex): null

12-08-2024T16:41:10 - [TEST_STEP][PASSED] - createCell(0).setCellValue(First_name): null

12-08-2024T16:41:10 - [TEST_STEP][PASSED] - createCell(1).setCellValue(Middle_name): null

12-08-2024T16:41:10 - [TEST_STEP][PASSED] - createCell(2).setCellValue(Last_name): null

12-08-2024T16:41:10 - [TEST_STEP][PASSED] - createCell(3).setCellValue(User_name): null

12-08-2024T16:41:10 - [TEST_STEP][PASSED] - createCell(4).setCellValue(Password): null

12-08-2024T16:41:10 - [TEST_STEP][PASSED] - createCell(5).setCellValue(employee_id): null

12-08-2024T16:41:10 - [TEST_STEP][PASSED] - callTestCase(findTestCase("ADDING_A_NEW_EMPLOYEE"), [:], STOP_ON_FAILURE): Call Test Case 'Test Cases/ADDING_A_NEW_EMPLOYEE' successfully

12-08-2024T16:41:10 - [TEST_CASE][PASSED] - Test Cases/ADDING_A_NEW_EMPLOYEE: Test Cases/ADDING_A_NEW_EMPLOYEE

12-08-2024T16:41:10 - [TEST_STEP][PASSED] - verifyElementPresent(findTestObject("ADDING_A_NEW_EMPLOYEE/pim_option_from_side_bar"), 10): Object 'Object Repository/ADDING_A_NEW_EMPLOYEE/pim_option_from_side_bar' is present

12-08-2024T16:41:11 - [MESSAGE][PASSED] - Object 'Object Repository/ADDING_A_NEW_EMPLOYEE/pim_option_from_side_bar' is present

12-08-2024T16:41:11 - [TEST_STEP][PASSED] - click(findTestObject("ADDING_A_NEW_EMPLOYEE/pim_option_from_side_bar")): Object: 'Object Repository/ADDING_A_NEW_EMPLOYEE/pim_option_from_side_bar' is clicked on

12-08-2024T16:41:13 - [MESSAGE][PASSED] - Object: 'Object Repository/ADDING_A_NEW_EMPLOYEE/pim_option_from_side_bar' is clicked on

12-08-2024T16:41:13 - [TEST_STEP][PASSED] - waitForElementPresent(findTestObject("ADDING_A_NEW_EMPLOYEE/adding_new_employee_button_in_pim_page"), 10): Object 'Object Repository/ADDING_A_NEW_EMPLOYEE/adding_new_employee_button_in_pim_page' is present

12-08-2024T16:41:14 - [MESSAGE][PASSED] - Object 'Object Repository/ADDING_A_NEW_EMPLOYEE/adding_new_employee_button_in_pim_page' is present

12-08-2024T16:41:14 - [TEST_STEP][PASSED] - click(findTestObject("ADDING_A_NEW_EMPLOYEE/adding_new_employee_button_in_pim_page")): Object: 'Object Repository/ADDING_A_NEW_EMPLOYEE/adding_new_employee_button_in_pim_page' is clicked on

12-08-2024T16:41:16 - [MESSAGE][PASSED] - Object: 'Object Repository/ADDING_A_NEW_EMPLOYEE/adding_new_employee_button_in_pim_page' is clicked on

12-08-2024T16:41:16 - [TEST_STEP][PASSED] - verifyElementPresent(findTestObject("ADDING_A_NEW_EMPLOYEE/create_login_details_checkbox"), 10): Object 'Object Repository/ADDING_A_NEW_EMPLOYEE/create_login_details_checkbox' is present

12-08-2024T16:41:17 - [MESSAGE][PASSED] - Object 'Object Repository/ADDING_A_NEW_EMPLOYEE/create_login_details_checkbox' is present

12-08-2024T16:41:17 - [TEST_STEP][PASSED] - click(findTestObject("ADDING_A_NEW_EMPLOYEE/create_login_details_checkbox")): Object: 'Object Repository/ADDING_A_NEW_EMPLOYEE/create_login_details_checkbox' is clicked on

12-08-2024T16:41:17 - [MESSAGE][PASSED] - Object: 'Object Repository/ADDING_A_NEW_EMPLOYEE/create_login_details_checkbox' is clicked on

12-08-2024T16:41:17 - [TEST_STEP][PASSED] - verifyElementPresent(findTestObject("Object Repository/ADDING_A_NEW_EMPLOYEE/Add_employee_enabled_radio_button"), 10): Object 'Object Repository/ADDING_A_NEW_EMPLOYEE/Add_employee_enabled_radio_button' is present

12-08-2024T16:41:18 - [MESSAGE][PASSED] - Object 'Object Repository/ADDING_A_NEW_EMPLOYEE/Add_employee_enabled_radio_button' is present

12-08-2024T16:41:18 - [TEST_STEP][PASSED] - click(findTestObject("Object Repository/ADDING_A_NEW_EMPLOYEE/Add_employee_enabled_radio_button")): Object: 'Object Repository/ADDING_A_NEW_EMPLOYEE/Add_employee_enabled_radio_button' is clicked on

12-08-2024T16:41:18 - [MESSAGE][PASSED] - Object: 'Object Repository/ADDING_A_NEW_EMPLOYEE/Add_employee_enabled_radio_button' is clicked on

12-08-2024T16:41:18 - [TEST_STEP][PASSED] - verifyElementPresent(findTestObject("Object Repository/ADDING_A_NEW_EMPLOYEE/Add_Employee_first_name"), 10): Object 'Object Repository/ADDING_A_NEW_EMPLOYEE/Add_Employee_first_name' is present

12-08-2024T16:41:19 - [MESSAGE][PASSED] - Object 'Object Repository/ADDING_A_NEW_EMPLOYEE/Add_Employee_first_name' is present

12-08-2024T16:41:19 - [TEST_STEP][PASSED] - click(findTestObject("Object Repository/ADDING_A_NEW_EMPLOYEE/Add_Employee_first_name")): Object: 'Object Repository/ADDING_A_NEW_EMPLOYEE/Add_Employee_first_name' is clicked on

12-08-2024T16:41:19 - [MESSAGE][PASSED] - Object: 'Object Repository/ADDING_A_NEW_EMPLOYEE/Add_Employee_first_name' is clicked on

12-08-2024T16:41:19 - [TEST_STEP][PASSED] - setText(findTestObject("Object Repository/ADDING_A_NEW_EMPLOYEE/Add_Employee_first_name"), "First_name_" + RandomStringUtils.randomAlphabetic(7)): Text 'First_name_ZwcOHYW' is set on object 'Object Repository/ADDING_A_NEW_EMPLOYEE/Add_Employee_first_name'

12-08-2024T16:41:20 - [MESSAGE][PASSED] - Text 'First_name_ZwcOHYW' is set on object 'Object Repository/ADDING_A_NEW_EMPLOYEE/Add_Employee_first_name'

12-08-2024T16:41:20 - [TEST_STEP][PASSED] - verifyElementPresent(findTestObject("Object Repository/ADDING_A_NEW_EMPLOYEE/Add_employee_middle_name"), 10): Object 'Object Repository/ADDING_A_NEW_EMPLOYEE/Add_employee_middle_name' is present

12-08-2024T16:41:20 - [MESSAGE][PASSED] - Object 'Object Repository/ADDING_A_NEW_EMPLOYEE/Add_employee_middle_name' is present

12-08-2024T16:41:20 - [TEST_STEP][PASSED] - click(findTestObject("Object Repository/ADDING_A_NEW_EMPLOYEE/Add_employee_middle_name")): Object: 'Object Repository/ADDING_A_NEW_EMPLOYEE/Add_employee_middle_name' is clicked on

12-08-2024T16:41:20 - [MESSAGE][PASSED] - Object: 'Object Repository/ADDING_A_NEW_EMPLOYEE/Add_employee_middle_name' is clicked on

12-08-2024T16:41:20 - [TEST_STEP][PASSED] - setText(findTestObject("Object Repository/ADDING_A_NEW_EMPLOYEE/Add_employee_middle_name"), "Middle_name_" + RandomStringUtils.randomAlphabetic(7)): Text 'Middle_name_YuryvvO' is set on object 'Object Repository/ADDING_A_NEW_EMPLOYEE/Add_employee_middle_name'

12-08-2024T16:41:21 - [MESSAGE][PASSED] - Text 'Middle_name_YuryvvO' is set on object 'Object Repository/ADDING_A_NEW_EMPLOYEE/Add_employee_middle_name'

12-08-2024T16:41:21 - [TEST_STEP][PASSED] - verifyElementPresent(findTestObject("Object Repository/ADDING_A_NEW_EMPLOYEE/Add_employee_last_name"), 10): Object 'Object Repository/ADDING_A_NEW_EMPLOYEE/Add_employee_last_name' is present

12-08-2024T16:41:21 - [MESSAGE][PASSED] - Object 'Object Repository/ADDING_A_NEW_EMPLOYEE/Add_employee_last_name' is present

12-08-2024T16:41:21 - [TEST_STEP][PASSED] - click(findTestObject("Object Repository/ADDING_A_NEW_EMPLOYEE/Add_employee_last_name")): Object: 'Object Repository/ADDING_A_NEW_EMPLOYEE/Add_employee_last_name' is clicked on

12-08-2024T16:41:22 - [MESSAGE][PASSED] - Object: 'Object Repository/ADDING_A_NEW_EMPLOYEE/Add_employee_last_name' is clicked on

12-08-2024T16:41:22 - [TEST_STEP][PASSED] - setText(findTestObject("Object Repository/ADDING_A_NEW_EMPLOYEE/Add_employee_last_name"), "Last_name_" + RandomStringUtils.randomAlphabetic(7)): Text 'Last_name_nkjfgXo' is set on object 'Object Repository/ADDING_A_NEW_EMPLOYEE/Add_employee_last_name'

12-08-2024T16:41:22 - [MESSAGE][PASSED] - Text 'Last_name_nkjfgXo' is set on object 'Object Repository/ADDING_A_NEW_EMPLOYEE/Add_employee_last_name'

12-08-2024T16:41:22 - [TEST_STEP][PASSED] - randomString_001 = RandomStringUtils.randomNumeric(6): null

12-08-2024T16:41:22 - [TEST_STEP][PASSED] - newValue_001 = "333" + randomString_001: null

12-08-2024T16:41:22 - [TEST_STEP][PASSED] - xpath_for_employee_id = "//label[text()='Employee Id']/ancestor::div[@class='oxd-input-group__label-wrapper']/following-sibling::div//input[@class='oxd-input oxd-input--active']": null

12-08-2024T16:41:22 - [TEST_STEP][PASSED] - inputField_001 = TestObject().addProperty("xpath", EQUALS, xpath_for_employee_id): null

12-08-2024T16:41:22 - [TEST_STEP][PASSED] - executeJavaScript(
    var element = document.evaluate("$xpath_for_employee_id", document, null, XPathResult.FIRST_ORDERED_NODE_TYPE, null).singleNodeValue;
    if (element) {
        element.value = '$newValue_001';
        var event = new Event('input', { bubbles: true });
        element.dispatchEvent(event);
    }
    , null): Execute JavaScript '
    var element = document.evaluate("//label[text()='Employee Id']/ancestor::div[@class='oxd-input-group__label-wrapper']/following-sibling::div//input[@class='oxd-input oxd-input--active']", document, null, XPathResult.FIRST_ORDERED_NODE_TYPE, null).singleNodeValue;
    if (element) {
        element.value = '333559104';
        var event = new Event('input', { bubbles: true });
        element.dispatchEvent(event);
    }
    ' successfully

12-08-2024T16:41:22 - [MESSAGE][PASSED] - Execute JavaScript '
    var element = document.evaluate("//label[text()='Employee Id']/ancestor::div[@class='oxd-input-group__label-wrapper']/following-sibling::div//input[@class='oxd-input oxd-input--active']", document, null, XPathResult.FIRST_ORDERED_NODE_TYPE, null).singleNodeValue;
    if (element) {
        element.value = '333559104';
        var event = new Event('input', { bubbles: true });
        element.dispatchEvent(event);
    }
    ' successfully

12-08-2024T16:41:22 - [TEST_STEP][PASSED] - delay(3): Delayed 3 second(s)

12-08-2024T16:41:25 - [MESSAGE][PASSED] - Delayed 3 second(s)

12-08-2024T16:41:25 - [TEST_STEP][PASSED] - randomString_for_password = RandomStringUtils.randomNumeric(6): null

12-08-2024T16:41:25 - [TEST_STEP][PASSED] - new_Value_for_password = "Fiboo" + randomString_for_password + "@@": null

12-08-2024T16:41:25 - [TEST_STEP][PASSED] - xpath_for_password = "//label[text()='Username']/ancestor::div[@class='oxd-input-group__label-wrapper']/following-sibling::div//input[@class='oxd-input oxd-input--active']": null

12-08-2024T16:41:25 - [TEST_STEP][PASSED] - inputField_for_password = TestObject().addProperty("xpath", EQUALS, xpath_for_password): null

12-08-2024T16:41:25 - [TEST_STEP][PASSED] - executeJavaScript(
    var element = document.evaluate("$xpath_for_password", document, null, XPathResult.FIRST_ORDERED_NODE_TYPE, null).singleNodeValue;
    if (element) {
        element.value = '$new_Value_for_password';
        var event = new Event('input', { bubbles: true });
        element.dispatchEvent(event);
    }
    , null): Execute JavaScript '
    var element = document.evaluate("//label[text()='Username']/ancestor::div[@class='oxd-input-group__label-wrapper']/following-sibling::div//input[@class='oxd-input oxd-input--active']", document, null, XPathResult.FIRST_ORDERED_NODE_TYPE, null).singleNodeValue;
    if (element) {
        element.value = 'Fiboo040008@@';
        var event = new Event('input', { bubbles: true });
        element.dispatchEvent(event);
    }
    ' successfully

12-08-2024T16:41:25 - [MESSAGE][PASSED] - Execute JavaScript '
    var element = document.evaluate("//label[text()='Username']/ancestor::div[@class='oxd-input-group__label-wrapper']/following-sibling::div//input[@class='oxd-input oxd-input--active']", document, null, XPathResult.FIRST_ORDERED_NODE_TYPE, null).singleNodeValue;
    if (element) {
        element.value = 'Fiboo040008@@';
        var event = new Event('input', { bubbles: true });
        element.dispatchEvent(event);
    }
    ' successfully

12-08-2024T16:41:25 - [TEST_STEP][PASSED] - delay(1): Delayed 1 second(s)

12-08-2024T16:41:26 - [MESSAGE][PASSED] - Delayed 1 second(s)

12-08-2024T16:41:26 - [TEST_STEP][PASSED] - Password = getAttribute(findTestObject("Object Repository/ADDING_A_NEW_EMPLOYEE/Add_employee_username"), "value"): Attribute 'value' of object 'Object Repository/ADDING_A_NEW_EMPLOYEE/Add_employee_username' is: 'Fiboo040008@@'

12-08-2024T16:41:27 - [MESSAGE][PASSED] - Attribute 'value' of object 'Object Repository/ADDING_A_NEW_EMPLOYEE/Add_employee_username' is: 'Fiboo040008@@'

12-08-2024T16:41:27 - [TEST_STEP][PASSED] - out.println(Password): null

12-08-2024T16:41:27 - [TEST_STEP][PASSED] - new_Value_for_password_001 = Password: null

12-08-2024T16:41:27 - [TEST_STEP][PASSED] - xpath_for_password_001 = "//label[text()='Password']/ancestor::div[@class='oxd-input-group__label-wrapper']/following-sibling::div//input[@class='oxd-input oxd-input--active']": null

12-08-2024T16:41:27 - [TEST_STEP][PASSED] - inputField_for_password_001 = TestObject().addProperty("xpath", EQUALS, xpath_for_password_001): null

12-08-2024T16:41:27 - [TEST_STEP][PASSED] - executeJavaScript(
    var element = document.evaluate("$xpath_for_password_001", document, null, XPathResult.FIRST_ORDERED_NODE_TYPE, null).singleNodeValue;
    if (element) {
        element.value = '$new_Value_for_password_001';
        var event = new Event('input', { bubbles: true });
        element.dispatchEvent(event);
    }
    , null): Execute JavaScript '
    var element = document.evaluate("//label[text()='Password']/ancestor::div[@class='oxd-input-group__label-wrapper']/following-sibling::div//input[@class='oxd-input oxd-input--active']", document, null, XPathResult.FIRST_ORDERED_NODE_TYPE, null).singleNodeValue;
    if (element) {
        element.value = 'Fiboo040008@@';
        var event = new Event('input', { bubbles: true });
        element.dispatchEvent(event);
    }
    ' successfully

12-08-2024T16:41:27 - [MESSAGE][PASSED] - Execute JavaScript '
    var element = document.evaluate("//label[text()='Password']/ancestor::div[@class='oxd-input-group__label-wrapper']/following-sibling::div//input[@class='oxd-input oxd-input--active']", document, null, XPathResult.FIRST_ORDERED_NODE_TYPE, null).singleNodeValue;
    if (element) {
        element.value = 'Fiboo040008@@';
        var event = new Event('input', { bubbles: true });
        element.dispatchEvent(event);
    }
    ' successfully

12-08-2024T16:41:27 - [TEST_STEP][PASSED] - delay(1): Delayed 1 second(s)

12-08-2024T16:41:28 - [MESSAGE][PASSED] - Delayed 1 second(s)

12-08-2024T16:41:28 - [TEST_STEP][PASSED] - new_Value_for_password_002 = Password: null

12-08-2024T16:41:28 - [TEST_STEP][PASSED] - xpath_for_password_002 = "//label[text()='Confirm Password']/ancestor::div[@class='oxd-input-group__label-wrapper']/following-sibling::div//input[@class='oxd-input oxd-input--active']": null

12-08-2024T16:41:28 - [TEST_STEP][PASSED] - inputField_for_password_002 = TestObject().addProperty("xpath", EQUALS, xpath_for_password_002): null

12-08-2024T16:41:28 - [TEST_STEP][PASSED] - executeJavaScript(
    var element = document.evaluate("$xpath_for_password_002", document, null, XPathResult.FIRST_ORDERED_NODE_TYPE, null).singleNodeValue;
    if (element) {
        element.value = '$new_Value_for_password_002';
        var event = new Event('input', { bubbles: true });
        element.dispatchEvent(event);
    }
    , null): Execute JavaScript '
    var element = document.evaluate("//label[text()='Confirm Password']/ancestor::div[@class='oxd-input-group__label-wrapper']/following-sibling::div//input[@class='oxd-input oxd-input--active']", document, null, XPathResult.FIRST_ORDERED_NODE_TYPE, null).singleNodeValue;
    if (element) {
        element.value = 'Fiboo040008@@';
        var event = new Event('input', { bubbles: true });
        element.dispatchEvent(event);
    }
    ' successfully

12-08-2024T16:41:28 - [MESSAGE][PASSED] - Execute JavaScript '
    var element = document.evaluate("//label[text()='Confirm Password']/ancestor::div[@class='oxd-input-group__label-wrapper']/following-sibling::div//input[@class='oxd-input oxd-input--active']", document, null, XPathResult.FIRST_ORDERED_NODE_TYPE, null).singleNodeValue;
    if (element) {
        element.value = 'Fiboo040008@@';
        var event = new Event('input', { bubbles: true });
        element.dispatchEvent(event);
    }
    ' successfully

12-08-2024T16:41:28 - [TEST_STEP][PASSED] - delay(1): Delayed 1 second(s)

12-08-2024T16:41:29 - [MESSAGE][PASSED] - Delayed 1 second(s)

12-08-2024T16:41:29 - [TEST_STEP][PASSED] - randomString = RandomStringUtils.randomAlphabetic(7): null

12-08-2024T16:41:29 - [TEST_STEP][PASSED] - newValue = "User_name_" + randomString: null

12-08-2024T16:41:29 - [TEST_STEP][PASSED] - xpath_for_user_name = "//label[text()='Username']/ancestor::div[@class='oxd-input-group__label-wrapper']/following-sibling::div//input[@class='oxd-input oxd-input--active']": null

12-08-2024T16:41:29 - [TEST_STEP][PASSED] - inputField = TestObject().addProperty("xpath", EQUALS, xpath_for_user_name): null

12-08-2024T16:41:29 - [TEST_STEP][PASSED] - executeJavaScript(
    var element = document.evaluate("$xpath_for_user_name", document, null, XPathResult.FIRST_ORDERED_NODE_TYPE, null).singleNodeValue;
    if (element) {
        element.value = '$newValue';
        var event = new Event('input', { bubbles: true });
        element.dispatchEvent(event);
    }
    , null): Execute JavaScript '
    var element = document.evaluate("//label[text()='Username']/ancestor::div[@class='oxd-input-group__label-wrapper']/following-sibling::div//input[@class='oxd-input oxd-input--active']", document, null, XPathResult.FIRST_ORDERED_NODE_TYPE, null).singleNodeValue;
    if (element) {
        element.value = 'User_name_FVvTnBl';
        var event = new Event('input', { bubbles: true });
        element.dispatchEvent(event);
    }
    ' successfully

12-08-2024T16:41:29 - [MESSAGE][PASSED] - Execute JavaScript '
    var element = document.evaluate("//label[text()='Username']/ancestor::div[@class='oxd-input-group__label-wrapper']/following-sibling::div//input[@class='oxd-input oxd-input--active']", document, null, XPathResult.FIRST_ORDERED_NODE_TYPE, null).singleNodeValue;
    if (element) {
        element.value = 'User_name_FVvTnBl';
        var event = new Event('input', { bubbles: true });
        element.dispatchEvent(event);
    }
    ' successfully

12-08-2024T16:41:29 - [TEST_STEP][PASSED] - delay(1): Delayed 1 second(s)

12-08-2024T16:41:30 - [MESSAGE][PASSED] - Delayed 1 second(s)

12-08-2024T16:41:30 - [TEST_STEP][PASSED] - User_name = getAttribute(findTestObject("Object Repository/ADDING_A_NEW_EMPLOYEE/Add_employee_username"), "value"): Attribute 'value' of object 'Object Repository/ADDING_A_NEW_EMPLOYEE/Add_employee_username' is: 'User_name_FVvTnBl'

12-08-2024T16:41:30 - [MESSAGE][PASSED] - Attribute 'value' of object 'Object Repository/ADDING_A_NEW_EMPLOYEE/Add_employee_username' is: 'User_name_FVvTnBl'

12-08-2024T16:41:30 - [TEST_STEP][PASSED] - out.println(User_name): null

12-08-2024T16:41:30 - [TEST_STEP][PASSED] - out.println(Password): null

12-08-2024T16:41:30 - [TEST_STEP][PASSED] - First_name = getAttribute(findTestObject("Object Repository/ADDING_A_NEW_EMPLOYEE/Add_Employee_first_name"), "value"): Attribute 'value' of object 'Object Repository/ADDING_A_NEW_EMPLOYEE/Add_Employee_first_name' is: 'First_name_ZwcOHYW'

12-08-2024T16:41:31 - [MESSAGE][PASSED] - Attribute 'value' of object 'Object Repository/ADDING_A_NEW_EMPLOYEE/Add_Employee_first_name' is: 'First_name_ZwcOHYW'

12-08-2024T16:41:31 - [TEST_STEP][PASSED] - out.println(First_name): null

12-08-2024T16:41:31 - [TEST_STEP][PASSED] - Middle_name = getAttribute(findTestObject("Object Repository/ADDING_A_NEW_EMPLOYEE/Add_employee_middle_name"), "value"): Attribute 'value' of object 'Object Repository/ADDING_A_NEW_EMPLOYEE/Add_employee_middle_name' is: 'Middle_name_YuryvvO'

12-08-2024T16:41:31 - [MESSAGE][PASSED] - Attribute 'value' of object 'Object Repository/ADDING_A_NEW_EMPLOYEE/Add_employee_middle_name' is: 'Middle_name_YuryvvO'

12-08-2024T16:41:31 - [TEST_STEP][PASSED] - out.println(Middle_name): null

12-08-2024T16:41:31 - [TEST_STEP][PASSED] - Last_name = getAttribute(findTestObject("Object Repository/ADDING_A_NEW_EMPLOYEE/Add_employee_last_name"), "value"): Attribute 'value' of object 'Object Repository/ADDING_A_NEW_EMPLOYEE/Add_employee_last_name' is: 'Last_name_nkjfgXo'

12-08-2024T16:41:31 - [MESSAGE][PASSED] - Attribute 'value' of object 'Object Repository/ADDING_A_NEW_EMPLOYEE/Add_employee_last_name' is: 'Last_name_nkjfgXo'

12-08-2024T16:41:31 - [TEST_STEP][PASSED] - out.println(Last_name): null

12-08-2024T16:41:31 - [TEST_STEP][PASSED] - employee_id = getAttribute(findTestObject("Object Repository/ADDING_A_NEW_EMPLOYEE/Add_employee_id"), "value"): Attribute 'value' of object 'Object Repository/ADDING_A_NEW_EMPLOYEE/Add_employee_id' is: '333559104'

12-08-2024T16:41:32 - [MESSAGE][PASSED] - Attribute 'value' of object 'Object Repository/ADDING_A_NEW_EMPLOYEE/Add_employee_id' is: '333559104'

12-08-2024T16:41:32 - [TEST_STEP][PASSED] - out.println(employee_id): null

12-08-2024T16:41:32 - [TEST_STEP][PASSED] - delay(3): Delayed 3 second(s)

12-08-2024T16:41:35 - [MESSAGE][PASSED] - Delayed 3 second(s)

12-08-2024T16:41:35 - [TEST_STEP][PASSED] - click(findTestObject("Object Repository/ADDING_A_NEW_EMPLOYEE/Add_employee_save_button")): Object: 'Object Repository/ADDING_A_NEW_EMPLOYEE/Add_employee_save_button' is clicked on

12-08-2024T16:41:35 - [MESSAGE][PASSED] - Object: 'Object Repository/ADDING_A_NEW_EMPLOYEE/Add_employee_save_button' is clicked on

12-08-2024T16:41:35 - [TEST_STEP][PASSED] - delay(2): Delayed 2 second(s)

12-08-2024T16:41:37 - [MESSAGE][PASSED] - Delayed 2 second(s)

12-08-2024T16:41:37 - [MESSAGE][PASSED] - Call Test Case 'Test Cases/ADDING_A_NEW_EMPLOYEE' successfully

12-08-2024T16:41:37 - [TEST_STEP][PASSED] - rowIndex = sheet.getLastRowNum() + 1: null

12-08-2024T16:41:37 - [TEST_STEP][PASSED] - row = sheet.createRow(rowIndex): null

12-08-2024T16:41:37 - [TEST_STEP][PASSED] - createCell(0).setCellValue(First_name): null

12-08-2024T16:41:37 - [TEST_STEP][PASSED] - createCell(1).setCellValue(Middle_name): null

12-08-2024T16:41:37 - [TEST_STEP][PASSED] - createCell(2).setCellValue(Last_name): null

12-08-2024T16:41:37 - [TEST_STEP][PASSED] - createCell(3).setCellValue(User_name): null

12-08-2024T16:41:37 - [TEST_STEP][PASSED] - createCell(4).setCellValue(Password): null

12-08-2024T16:41:37 - [TEST_STEP][PASSED] - createCell(5).setCellValue(employee_id): null

12-08-2024T16:41:37 - [TEST_STEP][PASSED] - callTestCase(findTestCase("ADDING_A_NEW_EMPLOYEE"), [:], STOP_ON_FAILURE): Call Test Case 'Test Cases/ADDING_A_NEW_EMPLOYEE' successfully

12-08-2024T16:41:37 - [TEST_CASE][PASSED] - Test Cases/ADDING_A_NEW_EMPLOYEE: Test Cases/ADDING_A_NEW_EMPLOYEE

12-08-2024T16:41:37 - [TEST_STEP][PASSED] - verifyElementPresent(findTestObject("ADDING_A_NEW_EMPLOYEE/pim_option_from_side_bar"), 10): Object 'Object Repository/ADDING_A_NEW_EMPLOYEE/pim_option_from_side_bar' is present

12-08-2024T16:41:39 - [MESSAGE][PASSED] - Object 'Object Repository/ADDING_A_NEW_EMPLOYEE/pim_option_from_side_bar' is present

12-08-2024T16:41:39 - [TEST_STEP][PASSED] - click(findTestObject("ADDING_A_NEW_EMPLOYEE/pim_option_from_side_bar")): Object: 'Object Repository/ADDING_A_NEW_EMPLOYEE/pim_option_from_side_bar' is clicked on

12-08-2024T16:41:41 - [MESSAGE][PASSED] - Object: 'Object Repository/ADDING_A_NEW_EMPLOYEE/pim_option_from_side_bar' is clicked on

12-08-2024T16:41:41 - [TEST_STEP][PASSED] - waitForElementPresent(findTestObject("ADDING_A_NEW_EMPLOYEE/adding_new_employee_button_in_pim_page"), 10): Object 'Object Repository/ADDING_A_NEW_EMPLOYEE/adding_new_employee_button_in_pim_page' is present

12-08-2024T16:41:42 - [MESSAGE][PASSED] - Object 'Object Repository/ADDING_A_NEW_EMPLOYEE/adding_new_employee_button_in_pim_page' is present

12-08-2024T16:41:43 - [TEST_STEP][PASSED] - click(findTestObject("ADDING_A_NEW_EMPLOYEE/adding_new_employee_button_in_pim_page")): Object: 'Object Repository/ADDING_A_NEW_EMPLOYEE/adding_new_employee_button_in_pim_page' is clicked on

12-08-2024T16:41:44 - [MESSAGE][PASSED] - Object: 'Object Repository/ADDING_A_NEW_EMPLOYEE/adding_new_employee_button_in_pim_page' is clicked on

12-08-2024T16:41:44 - [TEST_STEP][PASSED] - verifyElementPresent(findTestObject("ADDING_A_NEW_EMPLOYEE/create_login_details_checkbox"), 10): Object 'Object Repository/ADDING_A_NEW_EMPLOYEE/create_login_details_checkbox' is present

12-08-2024T16:41:45 - [MESSAGE][PASSED] - Object 'Object Repository/ADDING_A_NEW_EMPLOYEE/create_login_details_checkbox' is present

12-08-2024T16:41:45 - [TEST_STEP][PASSED] - click(findTestObject("ADDING_A_NEW_EMPLOYEE/create_login_details_checkbox")): Object: 'Object Repository/ADDING_A_NEW_EMPLOYEE/create_login_details_checkbox' is clicked on

12-08-2024T16:41:45 - [MESSAGE][PASSED] - Object: 'Object Repository/ADDING_A_NEW_EMPLOYEE/create_login_details_checkbox' is clicked on

12-08-2024T16:41:45 - [TEST_STEP][PASSED] - verifyElementPresent(findTestObject("Object Repository/ADDING_A_NEW_EMPLOYEE/Add_employee_enabled_radio_button"), 10): Object 'Object Repository/ADDING_A_NEW_EMPLOYEE/Add_employee_enabled_radio_button' is present

12-08-2024T16:41:46 - [MESSAGE][PASSED] - Object 'Object Repository/ADDING_A_NEW_EMPLOYEE/Add_employee_enabled_radio_button' is present

12-08-2024T16:41:46 - [TEST_STEP][PASSED] - click(findTestObject("Object Repository/ADDING_A_NEW_EMPLOYEE/Add_employee_enabled_radio_button")): Object: 'Object Repository/ADDING_A_NEW_EMPLOYEE/Add_employee_enabled_radio_button' is clicked on

12-08-2024T16:41:46 - [MESSAGE][PASSED] - Object: 'Object Repository/ADDING_A_NEW_EMPLOYEE/Add_employee_enabled_radio_button' is clicked on

12-08-2024T16:41:46 - [TEST_STEP][PASSED] - verifyElementPresent(findTestObject("Object Repository/ADDING_A_NEW_EMPLOYEE/Add_Employee_first_name"), 10): Object 'Object Repository/ADDING_A_NEW_EMPLOYEE/Add_Employee_first_name' is present

12-08-2024T16:41:46 - [MESSAGE][PASSED] - Object 'Object Repository/ADDING_A_NEW_EMPLOYEE/Add_Employee_first_name' is present

12-08-2024T16:41:46 - [TEST_STEP][PASSED] - click(findTestObject("Object Repository/ADDING_A_NEW_EMPLOYEE/Add_Employee_first_name")): Object: 'Object Repository/ADDING_A_NEW_EMPLOYEE/Add_Employee_first_name' is clicked on

12-08-2024T16:41:47 - [MESSAGE][PASSED] - Object: 'Object Repository/ADDING_A_NEW_EMPLOYEE/Add_Employee_first_name' is clicked on

12-08-2024T16:41:47 - [TEST_STEP][PASSED] - setText(findTestObject("Object Repository/ADDING_A_NEW_EMPLOYEE/Add_Employee_first_name"), "First_name_" + RandomStringUtils.randomAlphabetic(7)): Text 'First_name_ygTJPkd' is set on object 'Object Repository/ADDING_A_NEW_EMPLOYEE/Add_Employee_first_name'

12-08-2024T16:41:47 - [MESSAGE][PASSED] - Text 'First_name_ygTJPkd' is set on object 'Object Repository/ADDING_A_NEW_EMPLOYEE/Add_Employee_first_name'

12-08-2024T16:41:47 - [TEST_STEP][PASSED] - verifyElementPresent(findTestObject("Object Repository/ADDING_A_NEW_EMPLOYEE/Add_employee_middle_name"), 10): Object 'Object Repository/ADDING_A_NEW_EMPLOYEE/Add_employee_middle_name' is present

12-08-2024T16:41:48 - [MESSAGE][PASSED] - Object 'Object Repository/ADDING_A_NEW_EMPLOYEE/Add_employee_middle_name' is present

12-08-2024T16:41:48 - [TEST_STEP][PASSED] - click(findTestObject("Object Repository/ADDING_A_NEW_EMPLOYEE/Add_employee_middle_name")): Object: 'Object Repository/ADDING_A_NEW_EMPLOYEE/Add_employee_middle_name' is clicked on

12-08-2024T16:41:48 - [MESSAGE][PASSED] - Object: 'Object Repository/ADDING_A_NEW_EMPLOYEE/Add_employee_middle_name' is clicked on

12-08-2024T16:41:48 - [TEST_STEP][PASSED] - setText(findTestObject("Object Repository/ADDING_A_NEW_EMPLOYEE/Add_employee_middle_name"), "Middle_name_" + RandomStringUtils.randomAlphabetic(7)): Text 'Middle_name_NQzPIZa' is set on object 'Object Repository/ADDING_A_NEW_EMPLOYEE/Add_employee_middle_name'

12-08-2024T16:41:49 - [MESSAGE][PASSED] - Text 'Middle_name_NQzPIZa' is set on object 'Object Repository/ADDING_A_NEW_EMPLOYEE/Add_employee_middle_name'

12-08-2024T16:41:49 - [TEST_STEP][PASSED] - verifyElementPresent(findTestObject("Object Repository/ADDING_A_NEW_EMPLOYEE/Add_employee_last_name"), 10): Object 'Object Repository/ADDING_A_NEW_EMPLOYEE/Add_employee_last_name' is present

12-08-2024T16:41:49 - [MESSAGE][PASSED] - Object 'Object Repository/ADDING_A_NEW_EMPLOYEE/Add_employee_last_name' is present

12-08-2024T16:41:49 - [TEST_STEP][PASSED] - click(findTestObject("Object Repository/ADDING_A_NEW_EMPLOYEE/Add_employee_last_name")): Object: 'Object Repository/ADDING_A_NEW_EMPLOYEE/Add_employee_last_name' is clicked on

12-08-2024T16:41:49 - [MESSAGE][PASSED] - Object: 'Object Repository/ADDING_A_NEW_EMPLOYEE/Add_employee_last_name' is clicked on

12-08-2024T16:41:49 - [TEST_STEP][PASSED] - setText(findTestObject("Object Repository/ADDING_A_NEW_EMPLOYEE/Add_employee_last_name"), "Last_name_" + RandomStringUtils.randomAlphabetic(7)): Text 'Last_name_PbCuqve' is set on object 'Object Repository/ADDING_A_NEW_EMPLOYEE/Add_employee_last_name'

12-08-2024T16:41:50 - [MESSAGE][PASSED] - Text 'Last_name_PbCuqve' is set on object 'Object Repository/ADDING_A_NEW_EMPLOYEE/Add_employee_last_name'

12-08-2024T16:41:50 - [TEST_STEP][PASSED] - randomString_001 = RandomStringUtils.randomNumeric(6): null

12-08-2024T16:41:50 - [TEST_STEP][PASSED] - newValue_001 = "333" + randomString_001: null

12-08-2024T16:41:50 - [TEST_STEP][PASSED] - xpath_for_employee_id = "//label[text()='Employee Id']/ancestor::div[@class='oxd-input-group__label-wrapper']/following-sibling::div//input[@class='oxd-input oxd-input--active']": null

12-08-2024T16:41:50 - [TEST_STEP][PASSED] - inputField_001 = TestObject().addProperty("xpath", EQUALS, xpath_for_employee_id): null

12-08-2024T16:41:50 - [TEST_STEP][PASSED] - executeJavaScript(
    var element = document.evaluate("$xpath_for_employee_id", document, null, XPathResult.FIRST_ORDERED_NODE_TYPE, null).singleNodeValue;
    if (element) {
        element.value = '$newValue_001';
        var event = new Event('input', { bubbles: true });
        element.dispatchEvent(event);
    }
    , null): Execute JavaScript '
    var element = document.evaluate("//label[text()='Employee Id']/ancestor::div[@class='oxd-input-group__label-wrapper']/following-sibling::div//input[@class='oxd-input oxd-input--active']", document, null, XPathResult.FIRST_ORDERED_NODE_TYPE, null).singleNodeValue;
    if (element) {
        element.value = '333357994';
        var event = new Event('input', { bubbles: true });
        element.dispatchEvent(event);
    }
    ' successfully

12-08-2024T16:41:50 - [MESSAGE][PASSED] - Execute JavaScript '
    var element = document.evaluate("//label[text()='Employee Id']/ancestor::div[@class='oxd-input-group__label-wrapper']/following-sibling::div//input[@class='oxd-input oxd-input--active']", document, null, XPathResult.FIRST_ORDERED_NODE_TYPE, null).singleNodeValue;
    if (element) {
        element.value = '333357994';
        var event = new Event('input', { bubbles: true });
        element.dispatchEvent(event);
    }
    ' successfully

12-08-2024T16:41:50 - [TEST_STEP][PASSED] - delay(3): Delayed 3 second(s)

12-08-2024T16:41:53 - [MESSAGE][PASSED] - Delayed 3 second(s)

12-08-2024T16:41:53 - [TEST_STEP][PASSED] - randomString_for_password = RandomStringUtils.randomNumeric(6): null

12-08-2024T16:41:53 - [TEST_STEP][PASSED] - new_Value_for_password = "Fiboo" + randomString_for_password + "@@": null

12-08-2024T16:41:53 - [TEST_STEP][PASSED] - xpath_for_password = "//label[text()='Username']/ancestor::div[@class='oxd-input-group__label-wrapper']/following-sibling::div//input[@class='oxd-input oxd-input--active']": null

12-08-2024T16:41:53 - [TEST_STEP][PASSED] - inputField_for_password = TestObject().addProperty("xpath", EQUALS, xpath_for_password): null

12-08-2024T16:41:53 - [TEST_STEP][PASSED] - executeJavaScript(
    var element = document.evaluate("$xpath_for_password", document, null, XPathResult.FIRST_ORDERED_NODE_TYPE, null).singleNodeValue;
    if (element) {
        element.value = '$new_Value_for_password';
        var event = new Event('input', { bubbles: true });
        element.dispatchEvent(event);
    }
    , null): Execute JavaScript '
    var element = document.evaluate("//label[text()='Username']/ancestor::div[@class='oxd-input-group__label-wrapper']/following-sibling::div//input[@class='oxd-input oxd-input--active']", document, null, XPathResult.FIRST_ORDERED_NODE_TYPE, null).singleNodeValue;
    if (element) {
        element.value = 'Fiboo465110@@';
        var event = new Event('input', { bubbles: true });
        element.dispatchEvent(event);
    }
    ' successfully

12-08-2024T16:41:53 - [MESSAGE][PASSED] - Execute JavaScript '
    var element = document.evaluate("//label[text()='Username']/ancestor::div[@class='oxd-input-group__label-wrapper']/following-sibling::div//input[@class='oxd-input oxd-input--active']", document, null, XPathResult.FIRST_ORDERED_NODE_TYPE, null).singleNodeValue;
    if (element) {
        element.value = 'Fiboo465110@@';
        var event = new Event('input', { bubbles: true });
        element.dispatchEvent(event);
    }
    ' successfully

12-08-2024T16:41:53 - [TEST_STEP][PASSED] - delay(1): Delayed 1 second(s)

12-08-2024T16:41:54 - [MESSAGE][PASSED] - Delayed 1 second(s)

12-08-2024T16:41:54 - [TEST_STEP][PASSED] - Password = getAttribute(findTestObject("Object Repository/ADDING_A_NEW_EMPLOYEE/Add_employee_username"), "value"): Attribute 'value' of object 'Object Repository/ADDING_A_NEW_EMPLOYEE/Add_employee_username' is: 'Fiboo465110@@'

12-08-2024T16:41:54 - [MESSAGE][PASSED] - Attribute 'value' of object 'Object Repository/ADDING_A_NEW_EMPLOYEE/Add_employee_username' is: 'Fiboo465110@@'

12-08-2024T16:41:54 - [TEST_STEP][PASSED] - out.println(Password): null

12-08-2024T16:41:54 - [TEST_STEP][PASSED] - new_Value_for_password_001 = Password: null

12-08-2024T16:41:54 - [TEST_STEP][PASSED] - xpath_for_password_001 = "//label[text()='Password']/ancestor::div[@class='oxd-input-group__label-wrapper']/following-sibling::div//input[@class='oxd-input oxd-input--active']": null

12-08-2024T16:41:54 - [TEST_STEP][PASSED] - inputField_for_password_001 = TestObject().addProperty("xpath", EQUALS, xpath_for_password_001): null

12-08-2024T16:41:54 - [TEST_STEP][PASSED] - executeJavaScript(
    var element = document.evaluate("$xpath_for_password_001", document, null, XPathResult.FIRST_ORDERED_NODE_TYPE, null).singleNodeValue;
    if (element) {
        element.value = '$new_Value_for_password_001';
        var event = new Event('input', { bubbles: true });
        element.dispatchEvent(event);
    }
    , null): Execute JavaScript '
    var element = document.evaluate("//label[text()='Password']/ancestor::div[@class='oxd-input-group__label-wrapper']/following-sibling::div//input[@class='oxd-input oxd-input--active']", document, null, XPathResult.FIRST_ORDERED_NODE_TYPE, null).singleNodeValue;
    if (element) {
        element.value = 'Fiboo465110@@';
        var event = new Event('input', { bubbles: true });
        element.dispatchEvent(event);
    }
    ' successfully

12-08-2024T16:41:54 - [MESSAGE][PASSED] - Execute JavaScript '
    var element = document.evaluate("//label[text()='Password']/ancestor::div[@class='oxd-input-group__label-wrapper']/following-sibling::div//input[@class='oxd-input oxd-input--active']", document, null, XPathResult.FIRST_ORDERED_NODE_TYPE, null).singleNodeValue;
    if (element) {
        element.value = 'Fiboo465110@@';
        var event = new Event('input', { bubbles: true });
        element.dispatchEvent(event);
    }
    ' successfully

12-08-2024T16:41:54 - [TEST_STEP][PASSED] - delay(1): Delayed 1 second(s)

12-08-2024T16:41:55 - [MESSAGE][PASSED] - Delayed 1 second(s)

12-08-2024T16:41:55 - [TEST_STEP][PASSED] - new_Value_for_password_002 = Password: null

12-08-2024T16:41:55 - [TEST_STEP][PASSED] - xpath_for_password_002 = "//label[text()='Confirm Password']/ancestor::div[@class='oxd-input-group__label-wrapper']/following-sibling::div//input[@class='oxd-input oxd-input--active']": null

12-08-2024T16:41:55 - [TEST_STEP][PASSED] - inputField_for_password_002 = TestObject().addProperty("xpath", EQUALS, xpath_for_password_002): null

12-08-2024T16:41:55 - [TEST_STEP][PASSED] - executeJavaScript(
    var element = document.evaluate("$xpath_for_password_002", document, null, XPathResult.FIRST_ORDERED_NODE_TYPE, null).singleNodeValue;
    if (element) {
        element.value = '$new_Value_for_password_002';
        var event = new Event('input', { bubbles: true });
        element.dispatchEvent(event);
    }
    , null): Execute JavaScript '
    var element = document.evaluate("//label[text()='Confirm Password']/ancestor::div[@class='oxd-input-group__label-wrapper']/following-sibling::div//input[@class='oxd-input oxd-input--active']", document, null, XPathResult.FIRST_ORDERED_NODE_TYPE, null).singleNodeValue;
    if (element) {
        element.value = 'Fiboo465110@@';
        var event = new Event('input', { bubbles: true });
        element.dispatchEvent(event);
    }
    ' successfully

12-08-2024T16:41:55 - [MESSAGE][PASSED] - Execute JavaScript '
    var element = document.evaluate("//label[text()='Confirm Password']/ancestor::div[@class='oxd-input-group__label-wrapper']/following-sibling::div//input[@class='oxd-input oxd-input--active']", document, null, XPathResult.FIRST_ORDERED_NODE_TYPE, null).singleNodeValue;
    if (element) {
        element.value = 'Fiboo465110@@';
        var event = new Event('input', { bubbles: true });
        element.dispatchEvent(event);
    }
    ' successfully

12-08-2024T16:41:55 - [TEST_STEP][PASSED] - delay(1): Delayed 1 second(s)

12-08-2024T16:41:56 - [MESSAGE][PASSED] - Delayed 1 second(s)

12-08-2024T16:41:56 - [TEST_STEP][PASSED] - randomString = RandomStringUtils.randomAlphabetic(7): null

12-08-2024T16:41:56 - [TEST_STEP][PASSED] - newValue = "User_name_" + randomString: null

12-08-2024T16:41:56 - [TEST_STEP][PASSED] - xpath_for_user_name = "//label[text()='Username']/ancestor::div[@class='oxd-input-group__label-wrapper']/following-sibling::div//input[@class='oxd-input oxd-input--active']": null

12-08-2024T16:41:56 - [TEST_STEP][PASSED] - inputField = TestObject().addProperty("xpath", EQUALS, xpath_for_user_name): null

12-08-2024T16:41:56 - [TEST_STEP][PASSED] - executeJavaScript(
    var element = document.evaluate("$xpath_for_user_name", document, null, XPathResult.FIRST_ORDERED_NODE_TYPE, null).singleNodeValue;
    if (element) {
        element.value = '$newValue';
        var event = new Event('input', { bubbles: true });
        element.dispatchEvent(event);
    }
    , null): Execute JavaScript '
    var element = document.evaluate("//label[text()='Username']/ancestor::div[@class='oxd-input-group__label-wrapper']/following-sibling::div//input[@class='oxd-input oxd-input--active']", document, null, XPathResult.FIRST_ORDERED_NODE_TYPE, null).singleNodeValue;
    if (element) {
        element.value = 'User_name_BTrsyeg';
        var event = new Event('input', { bubbles: true });
        element.dispatchEvent(event);
    }
    ' successfully

12-08-2024T16:41:56 - [MESSAGE][PASSED] - Execute JavaScript '
    var element = document.evaluate("//label[text()='Username']/ancestor::div[@class='oxd-input-group__label-wrapper']/following-sibling::div//input[@class='oxd-input oxd-input--active']", document, null, XPathResult.FIRST_ORDERED_NODE_TYPE, null).singleNodeValue;
    if (element) {
        element.value = 'User_name_BTrsyeg';
        var event = new Event('input', { bubbles: true });
        element.dispatchEvent(event);
    }
    ' successfully

12-08-2024T16:41:56 - [TEST_STEP][PASSED] - delay(1): Delayed 1 second(s)

12-08-2024T16:41:57 - [MESSAGE][PASSED] - Delayed 1 second(s)

12-08-2024T16:41:57 - [TEST_STEP][PASSED] - User_name = getAttribute(findTestObject("Object Repository/ADDING_A_NEW_EMPLOYEE/Add_employee_username"), "value"): Attribute 'value' of object 'Object Repository/ADDING_A_NEW_EMPLOYEE/Add_employee_username' is: 'User_name_BTrsyeg'

12-08-2024T16:41:58 - [MESSAGE][PASSED] - Attribute 'value' of object 'Object Repository/ADDING_A_NEW_EMPLOYEE/Add_employee_username' is: 'User_name_BTrsyeg'

12-08-2024T16:41:58 - [TEST_STEP][PASSED] - out.println(User_name): null

12-08-2024T16:41:58 - [TEST_STEP][PASSED] - out.println(Password): null

12-08-2024T16:41:58 - [TEST_STEP][PASSED] - First_name = getAttribute(findTestObject("Object Repository/ADDING_A_NEW_EMPLOYEE/Add_Employee_first_name"), "value"): Attribute 'value' of object 'Object Repository/ADDING_A_NEW_EMPLOYEE/Add_Employee_first_name' is: 'First_name_ygTJPkd'

12-08-2024T16:41:58 - [MESSAGE][PASSED] - Attribute 'value' of object 'Object Repository/ADDING_A_NEW_EMPLOYEE/Add_Employee_first_name' is: 'First_name_ygTJPkd'

12-08-2024T16:41:58 - [TEST_STEP][PASSED] - out.println(First_name): null

12-08-2024T16:41:58 - [TEST_STEP][PASSED] - Middle_name = getAttribute(findTestObject("Object Repository/ADDING_A_NEW_EMPLOYEE/Add_employee_middle_name"), "value"): Attribute 'value' of object 'Object Repository/ADDING_A_NEW_EMPLOYEE/Add_employee_middle_name' is: 'Middle_name_NQzPIZa'

12-08-2024T16:41:58 - [MESSAGE][PASSED] - Attribute 'value' of object 'Object Repository/ADDING_A_NEW_EMPLOYEE/Add_employee_middle_name' is: 'Middle_name_NQzPIZa'

12-08-2024T16:41:58 - [TEST_STEP][PASSED] - out.println(Middle_name): null

12-08-2024T16:41:58 - [TEST_STEP][PASSED] - Last_name = getAttribute(findTestObject("Object Repository/ADDING_A_NEW_EMPLOYEE/Add_employee_last_name"), "value"): Attribute 'value' of object 'Object Repository/ADDING_A_NEW_EMPLOYEE/Add_employee_last_name' is: 'Last_name_PbCuqve'

12-08-2024T16:41:59 - [MESSAGE][PASSED] - Attribute 'value' of object 'Object Repository/ADDING_A_NEW_EMPLOYEE/Add_employee_last_name' is: 'Last_name_PbCuqve'

12-08-2024T16:41:59 - [TEST_STEP][PASSED] - out.println(Last_name): null

12-08-2024T16:41:59 - [TEST_STEP][PASSED] - employee_id = getAttribute(findTestObject("Object Repository/ADDING_A_NEW_EMPLOYEE/Add_employee_id"), "value"): Attribute 'value' of object 'Object Repository/ADDING_A_NEW_EMPLOYEE/Add_employee_id' is: '333357994'

12-08-2024T16:41:59 - [MESSAGE][PASSED] - Attribute 'value' of object 'Object Repository/ADDING_A_NEW_EMPLOYEE/Add_employee_id' is: '333357994'

12-08-2024T16:41:59 - [TEST_STEP][PASSED] - out.println(employee_id): null

12-08-2024T16:41:59 - [TEST_STEP][PASSED] - delay(3): Delayed 3 second(s)

12-08-2024T16:42:02 - [MESSAGE][PASSED] - Delayed 3 second(s)

12-08-2024T16:42:02 - [TEST_STEP][PASSED] - click(findTestObject("Object Repository/ADDING_A_NEW_EMPLOYEE/Add_employee_save_button")): Object: 'Object Repository/ADDING_A_NEW_EMPLOYEE/Add_employee_save_button' is clicked on

12-08-2024T16:42:02 - [MESSAGE][PASSED] - Object: 'Object Repository/ADDING_A_NEW_EMPLOYEE/Add_employee_save_button' is clicked on

12-08-2024T16:42:02 - [TEST_STEP][PASSED] - delay(2): Delayed 2 second(s)

12-08-2024T16:42:04 - [MESSAGE][PASSED] - Delayed 2 second(s)

12-08-2024T16:42:04 - [MESSAGE][PASSED] - Call Test Case 'Test Cases/ADDING_A_NEW_EMPLOYEE' successfully

12-08-2024T16:42:04 - [TEST_STEP][PASSED] - rowIndex = sheet.getLastRowNum() + 1: null

12-08-2024T16:42:04 - [TEST_STEP][PASSED] - row = sheet.createRow(rowIndex): null

12-08-2024T16:42:04 - [TEST_STEP][PASSED] - createCell(0).setCellValue(First_name): null

12-08-2024T16:42:04 - [TEST_STEP][PASSED] - createCell(1).setCellValue(Middle_name): null

12-08-2024T16:42:04 - [TEST_STEP][PASSED] - createCell(2).setCellValue(Last_name): null

12-08-2024T16:42:04 - [TEST_STEP][PASSED] - createCell(3).setCellValue(User_name): null

12-08-2024T16:42:04 - [TEST_STEP][PASSED] - createCell(4).setCellValue(Password): null

12-08-2024T16:42:04 - [TEST_STEP][PASSED] - createCell(5).setCellValue(employee_id): null

12-08-2024T16:42:04 - [TEST_STEP][PASSED] - callTestCase(findTestCase("ADDING_A_NEW_EMPLOYEE"), [:], STOP_ON_FAILURE): Call Test Case 'Test Cases/ADDING_A_NEW_EMPLOYEE' successfully

12-08-2024T16:42:04 - [TEST_CASE][PASSED] - Test Cases/ADDING_A_NEW_EMPLOYEE: Test Cases/ADDING_A_NEW_EMPLOYEE

12-08-2024T16:42:04 - [TEST_STEP][PASSED] - verifyElementPresent(findTestObject("ADDING_A_NEW_EMPLOYEE/pim_option_from_side_bar"), 10): Object 'Object Repository/ADDING_A_NEW_EMPLOYEE/pim_option_from_side_bar' is present

12-08-2024T16:42:05 - [MESSAGE][PASSED] - Object 'Object Repository/ADDING_A_NEW_EMPLOYEE/pim_option_from_side_bar' is present

12-08-2024T16:42:05 - [TEST_STEP][PASSED] - click(findTestObject("ADDING_A_NEW_EMPLOYEE/pim_option_from_side_bar")): Object: 'Object Repository/ADDING_A_NEW_EMPLOYEE/pim_option_from_side_bar' is clicked on

12-08-2024T16:42:07 - [MESSAGE][PASSED] - Object: 'Object Repository/ADDING_A_NEW_EMPLOYEE/pim_option_from_side_bar' is clicked on

12-08-2024T16:42:07 - [TEST_STEP][PASSED] - waitForElementPresent(findTestObject("ADDING_A_NEW_EMPLOYEE/adding_new_employee_button_in_pim_page"), 10): Object 'Object Repository/ADDING_A_NEW_EMPLOYEE/adding_new_employee_button_in_pim_page' is present

12-08-2024T16:42:09 - [MESSAGE][PASSED] - Object 'Object Repository/ADDING_A_NEW_EMPLOYEE/adding_new_employee_button_in_pim_page' is present

12-08-2024T16:42:09 - [TEST_STEP][PASSED] - click(findTestObject("ADDING_A_NEW_EMPLOYEE/adding_new_employee_button_in_pim_page")): Object: 'Object Repository/ADDING_A_NEW_EMPLOYEE/adding_new_employee_button_in_pim_page' is clicked on

12-08-2024T16:42:10 - [MESSAGE][PASSED] - Object: 'Object Repository/ADDING_A_NEW_EMPLOYEE/adding_new_employee_button_in_pim_page' is clicked on

12-08-2024T16:42:10 - [TEST_STEP][PASSED] - verifyElementPresent(findTestObject("ADDING_A_NEW_EMPLOYEE/create_login_details_checkbox"), 10): Object 'Object Repository/ADDING_A_NEW_EMPLOYEE/create_login_details_checkbox' is present

12-08-2024T16:42:12 - [MESSAGE][PASSED] - Object 'Object Repository/ADDING_A_NEW_EMPLOYEE/create_login_details_checkbox' is present

12-08-2024T16:42:12 - [TEST_STEP][PASSED] - click(findTestObject("ADDING_A_NEW_EMPLOYEE/create_login_details_checkbox")): Object: 'Object Repository/ADDING_A_NEW_EMPLOYEE/create_login_details_checkbox' is clicked on

12-08-2024T16:42:12 - [MESSAGE][PASSED] - Object: 'Object Repository/ADDING_A_NEW_EMPLOYEE/create_login_details_checkbox' is clicked on

12-08-2024T16:42:12 - [TEST_STEP][PASSED] - verifyElementPresent(findTestObject("Object Repository/ADDING_A_NEW_EMPLOYEE/Add_employee_enabled_radio_button"), 10): Object 'Object Repository/ADDING_A_NEW_EMPLOYEE/Add_employee_enabled_radio_button' is present

12-08-2024T16:42:12 - [MESSAGE][PASSED] - Object 'Object Repository/ADDING_A_NEW_EMPLOYEE/Add_employee_enabled_radio_button' is present

12-08-2024T16:42:12 - [TEST_STEP][PASSED] - click(findTestObject("Object Repository/ADDING_A_NEW_EMPLOYEE/Add_employee_enabled_radio_button")): Object: 'Object Repository/ADDING_A_NEW_EMPLOYEE/Add_employee_enabled_radio_button' is clicked on

12-08-2024T16:42:13 - [MESSAGE][PASSED] - Object: 'Object Repository/ADDING_A_NEW_EMPLOYEE/Add_employee_enabled_radio_button' is clicked on

12-08-2024T16:42:13 - [TEST_STEP][PASSED] - verifyElementPresent(findTestObject("Object Repository/ADDING_A_NEW_EMPLOYEE/Add_Employee_first_name"), 10): Object 'Object Repository/ADDING_A_NEW_EMPLOYEE/Add_Employee_first_name' is present

12-08-2024T16:42:13 - [MESSAGE][PASSED] - Object 'Object Repository/ADDING_A_NEW_EMPLOYEE/Add_Employee_first_name' is present

12-08-2024T16:42:13 - [TEST_STEP][PASSED] - click(findTestObject("Object Repository/ADDING_A_NEW_EMPLOYEE/Add_Employee_first_name")): Object: 'Object Repository/ADDING_A_NEW_EMPLOYEE/Add_Employee_first_name' is clicked on

12-08-2024T16:42:13 - [MESSAGE][PASSED] - Object: 'Object Repository/ADDING_A_NEW_EMPLOYEE/Add_Employee_first_name' is clicked on

12-08-2024T16:42:13 - [TEST_STEP][PASSED] - setText(findTestObject("Object Repository/ADDING_A_NEW_EMPLOYEE/Add_Employee_first_name"), "First_name_" + RandomStringUtils.randomAlphabetic(7)): Text 'First_name_GbJkpiP' is set on object 'Object Repository/ADDING_A_NEW_EMPLOYEE/Add_Employee_first_name'

12-08-2024T16:42:14 - [MESSAGE][PASSED] - Text 'First_name_GbJkpiP' is set on object 'Object Repository/ADDING_A_NEW_EMPLOYEE/Add_Employee_first_name'

12-08-2024T16:42:14 - [TEST_STEP][PASSED] - verifyElementPresent(findTestObject("Object Repository/ADDING_A_NEW_EMPLOYEE/Add_employee_middle_name"), 10): Object 'Object Repository/ADDING_A_NEW_EMPLOYEE/Add_employee_middle_name' is present

12-08-2024T16:42:14 - [MESSAGE][PASSED] - Object 'Object Repository/ADDING_A_NEW_EMPLOYEE/Add_employee_middle_name' is present

12-08-2024T16:42:14 - [TEST_STEP][PASSED] - click(findTestObject("Object Repository/ADDING_A_NEW_EMPLOYEE/Add_employee_middle_name")): Object: 'Object Repository/ADDING_A_NEW_EMPLOYEE/Add_employee_middle_name' is clicked on

12-08-2024T16:42:15 - [MESSAGE][PASSED] - Object: 'Object Repository/ADDING_A_NEW_EMPLOYEE/Add_employee_middle_name' is clicked on

12-08-2024T16:42:15 - [TEST_STEP][PASSED] - setText(findTestObject("Object Repository/ADDING_A_NEW_EMPLOYEE/Add_employee_middle_name"), "Middle_name_" + RandomStringUtils.randomAlphabetic(7)): Text 'Middle_name_JUZqEbB' is set on object 'Object Repository/ADDING_A_NEW_EMPLOYEE/Add_employee_middle_name'

12-08-2024T16:42:15 - [MESSAGE][PASSED] - Text 'Middle_name_JUZqEbB' is set on object 'Object Repository/ADDING_A_NEW_EMPLOYEE/Add_employee_middle_name'

12-08-2024T16:42:15 - [TEST_STEP][PASSED] - verifyElementPresent(findTestObject("Object Repository/ADDING_A_NEW_EMPLOYEE/Add_employee_last_name"), 10): Object 'Object Repository/ADDING_A_NEW_EMPLOYEE/Add_employee_last_name' is present

12-08-2024T16:42:16 - [MESSAGE][PASSED] - Object 'Object Repository/ADDING_A_NEW_EMPLOYEE/Add_employee_last_name' is present

12-08-2024T16:42:16 - [TEST_STEP][PASSED] - click(findTestObject("Object Repository/ADDING_A_NEW_EMPLOYEE/Add_employee_last_name")): Object: 'Object Repository/ADDING_A_NEW_EMPLOYEE/Add_employee_last_name' is clicked on

12-08-2024T16:42:16 - [MESSAGE][PASSED] - Object: 'Object Repository/ADDING_A_NEW_EMPLOYEE/Add_employee_last_name' is clicked on

12-08-2024T16:42:16 - [TEST_STEP][PASSED] - setText(findTestObject("Object Repository/ADDING_A_NEW_EMPLOYEE/Add_employee_last_name"), "Last_name_" + RandomStringUtils.randomAlphabetic(7)): Text 'Last_name_Enkfbdc' is set on object 'Object Repository/ADDING_A_NEW_EMPLOYEE/Add_employee_last_name'

12-08-2024T16:42:17 - [MESSAGE][PASSED] - Text 'Last_name_Enkfbdc' is set on object 'Object Repository/ADDING_A_NEW_EMPLOYEE/Add_employee_last_name'

12-08-2024T16:42:17 - [TEST_STEP][PASSED] - randomString_001 = RandomStringUtils.randomNumeric(6): null

12-08-2024T16:42:17 - [TEST_STEP][PASSED] - newValue_001 = "333" + randomString_001: null

12-08-2024T16:42:17 - [TEST_STEP][PASSED] - xpath_for_employee_id = "//label[text()='Employee Id']/ancestor::div[@class='oxd-input-group__label-wrapper']/following-sibling::div//input[@class='oxd-input oxd-input--active']": null

12-08-2024T16:42:17 - [TEST_STEP][PASSED] - inputField_001 = TestObject().addProperty("xpath", EQUALS, xpath_for_employee_id): null

12-08-2024T16:42:17 - [TEST_STEP][PASSED] - executeJavaScript(
    var element = document.evaluate("$xpath_for_employee_id", document, null, XPathResult.FIRST_ORDERED_NODE_TYPE, null).singleNodeValue;
    if (element) {
        element.value = '$newValue_001';
        var event = new Event('input', { bubbles: true });
        element.dispatchEvent(event);
    }
    , null): Execute JavaScript '
    var element = document.evaluate("//label[text()='Employee Id']/ancestor::div[@class='oxd-input-group__label-wrapper']/following-sibling::div//input[@class='oxd-input oxd-input--active']", document, null, XPathResult.FIRST_ORDERED_NODE_TYPE, null).singleNodeValue;
    if (element) {
        element.value = '333811403';
        var event = new Event('input', { bubbles: true });
        element.dispatchEvent(event);
    }
    ' successfully

12-08-2024T16:42:17 - [MESSAGE][PASSED] - Execute JavaScript '
    var element = document.evaluate("//label[text()='Employee Id']/ancestor::div[@class='oxd-input-group__label-wrapper']/following-sibling::div//input[@class='oxd-input oxd-input--active']", document, null, XPathResult.FIRST_ORDERED_NODE_TYPE, null).singleNodeValue;
    if (element) {
        element.value = '333811403';
        var event = new Event('input', { bubbles: true });
        element.dispatchEvent(event);
    }
    ' successfully

12-08-2024T16:42:17 - [TEST_STEP][PASSED] - delay(3): Delayed 3 second(s)

12-08-2024T16:42:20 - [MESSAGE][PASSED] - Delayed 3 second(s)

12-08-2024T16:42:20 - [TEST_STEP][PASSED] - randomString_for_password = RandomStringUtils.randomNumeric(6): null

12-08-2024T16:42:20 - [TEST_STEP][PASSED] - new_Value_for_password = "Fiboo" + randomString_for_password + "@@": null

12-08-2024T16:42:20 - [TEST_STEP][PASSED] - xpath_for_password = "//label[text()='Username']/ancestor::div[@class='oxd-input-group__label-wrapper']/following-sibling::div//input[@class='oxd-input oxd-input--active']": null

12-08-2024T16:42:20 - [TEST_STEP][PASSED] - inputField_for_password = TestObject().addProperty("xpath", EQUALS, xpath_for_password): null

12-08-2024T16:42:20 - [TEST_STEP][PASSED] - executeJavaScript(
    var element = document.evaluate("$xpath_for_password", document, null, XPathResult.FIRST_ORDERED_NODE_TYPE, null).singleNodeValue;
    if (element) {
        element.value = '$new_Value_for_password';
        var event = new Event('input', { bubbles: true });
        element.dispatchEvent(event);
    }
    , null): Execute JavaScript '
    var element = document.evaluate("//label[text()='Username']/ancestor::div[@class='oxd-input-group__label-wrapper']/following-sibling::div//input[@class='oxd-input oxd-input--active']", document, null, XPathResult.FIRST_ORDERED_NODE_TYPE, null).singleNodeValue;
    if (element) {
        element.value = 'Fiboo390513@@';
        var event = new Event('input', { bubbles: true });
        element.dispatchEvent(event);
    }
    ' successfully

12-08-2024T16:42:20 - [MESSAGE][PASSED] - Execute JavaScript '
    var element = document.evaluate("//label[text()='Username']/ancestor::div[@class='oxd-input-group__label-wrapper']/following-sibling::div//input[@class='oxd-input oxd-input--active']", document, null, XPathResult.FIRST_ORDERED_NODE_TYPE, null).singleNodeValue;
    if (element) {
        element.value = 'Fiboo390513@@';
        var event = new Event('input', { bubbles: true });
        element.dispatchEvent(event);
    }
    ' successfully

12-08-2024T16:42:20 - [TEST_STEP][PASSED] - delay(1): Delayed 1 second(s)

12-08-2024T16:42:21 - [MESSAGE][PASSED] - Delayed 1 second(s)

12-08-2024T16:42:21 - [TEST_STEP][PASSED] - Password = getAttribute(findTestObject("Object Repository/ADDING_A_NEW_EMPLOYEE/Add_employee_username"), "value"): Attribute 'value' of object 'Object Repository/ADDING_A_NEW_EMPLOYEE/Add_employee_username' is: 'Fiboo390513@@'

12-08-2024T16:42:21 - [MESSAGE][PASSED] - Attribute 'value' of object 'Object Repository/ADDING_A_NEW_EMPLOYEE/Add_employee_username' is: 'Fiboo390513@@'

12-08-2024T16:42:21 - [TEST_STEP][PASSED] - out.println(Password): null

12-08-2024T16:42:21 - [TEST_STEP][PASSED] - new_Value_for_password_001 = Password: null

12-08-2024T16:42:21 - [TEST_STEP][PASSED] - xpath_for_password_001 = "//label[text()='Password']/ancestor::div[@class='oxd-input-group__label-wrapper']/following-sibling::div//input[@class='oxd-input oxd-input--active']": null

12-08-2024T16:42:21 - [TEST_STEP][PASSED] - inputField_for_password_001 = TestObject().addProperty("xpath", EQUALS, xpath_for_password_001): null

12-08-2024T16:42:21 - [TEST_STEP][PASSED] - executeJavaScript(
    var element = document.evaluate("$xpath_for_password_001", document, null, XPathResult.FIRST_ORDERED_NODE_TYPE, null).singleNodeValue;
    if (element) {
        element.value = '$new_Value_for_password_001';
        var event = new Event('input', { bubbles: true });
        element.dispatchEvent(event);
    }
    , null): Execute JavaScript '
    var element = document.evaluate("//label[text()='Password']/ancestor::div[@class='oxd-input-group__label-wrapper']/following-sibling::div//input[@class='oxd-input oxd-input--active']", document, null, XPathResult.FIRST_ORDERED_NODE_TYPE, null).singleNodeValue;
    if (element) {
        element.value = 'Fiboo390513@@';
        var event = new Event('input', { bubbles: true });
        element.dispatchEvent(event);
    }
    ' successfully

12-08-2024T16:42:21 - [MESSAGE][PASSED] - Execute JavaScript '
    var element = document.evaluate("//label[text()='Password']/ancestor::div[@class='oxd-input-group__label-wrapper']/following-sibling::div//input[@class='oxd-input oxd-input--active']", document, null, XPathResult.FIRST_ORDERED_NODE_TYPE, null).singleNodeValue;
    if (element) {
        element.value = 'Fiboo390513@@';
        var event = new Event('input', { bubbles: true });
        element.dispatchEvent(event);
    }
    ' successfully

12-08-2024T16:42:21 - [TEST_STEP][PASSED] - delay(1): Delayed 1 second(s)

12-08-2024T16:42:22 - [MESSAGE][PASSED] - Delayed 1 second(s)

12-08-2024T16:42:22 - [TEST_STEP][PASSED] - new_Value_for_password_002 = Password: null

12-08-2024T16:42:22 - [TEST_STEP][PASSED] - xpath_for_password_002 = "//label[text()='Confirm Password']/ancestor::div[@class='oxd-input-group__label-wrapper']/following-sibling::div//input[@class='oxd-input oxd-input--active']": null

12-08-2024T16:42:22 - [TEST_STEP][PASSED] - inputField_for_password_002 = TestObject().addProperty("xpath", EQUALS, xpath_for_password_002): null

12-08-2024T16:42:22 - [TEST_STEP][PASSED] - executeJavaScript(
    var element = document.evaluate("$xpath_for_password_002", document, null, XPathResult.FIRST_ORDERED_NODE_TYPE, null).singleNodeValue;
    if (element) {
        element.value = '$new_Value_for_password_002';
        var event = new Event('input', { bubbles: true });
        element.dispatchEvent(event);
    }
    , null): Execute JavaScript '
    var element = document.evaluate("//label[text()='Confirm Password']/ancestor::div[@class='oxd-input-group__label-wrapper']/following-sibling::div//input[@class='oxd-input oxd-input--active']", document, null, XPathResult.FIRST_ORDERED_NODE_TYPE, null).singleNodeValue;
    if (element) {
        element.value = 'Fiboo390513@@';
        var event = new Event('input', { bubbles: true });
        element.dispatchEvent(event);
    }
    ' successfully

12-08-2024T16:42:22 - [MESSAGE][PASSED] - Execute JavaScript '
    var element = document.evaluate("//label[text()='Confirm Password']/ancestor::div[@class='oxd-input-group__label-wrapper']/following-sibling::div//input[@class='oxd-input oxd-input--active']", document, null, XPathResult.FIRST_ORDERED_NODE_TYPE, null).singleNodeValue;
    if (element) {
        element.value = 'Fiboo390513@@';
        var event = new Event('input', { bubbles: true });
        element.dispatchEvent(event);
    }
    ' successfully

12-08-2024T16:42:22 - [TEST_STEP][PASSED] - delay(1): Delayed 1 second(s)

12-08-2024T16:42:23 - [MESSAGE][PASSED] - Delayed 1 second(s)

12-08-2024T16:42:23 - [TEST_STEP][PASSED] - randomString = RandomStringUtils.randomAlphabetic(7): null

12-08-2024T16:42:23 - [TEST_STEP][PASSED] - newValue = "User_name_" + randomString: null

12-08-2024T16:42:23 - [TEST_STEP][PASSED] - xpath_for_user_name = "//label[text()='Username']/ancestor::div[@class='oxd-input-group__label-wrapper']/following-sibling::div//input[@class='oxd-input oxd-input--active']": null

12-08-2024T16:42:23 - [TEST_STEP][PASSED] - inputField = TestObject().addProperty("xpath", EQUALS, xpath_for_user_name): null

12-08-2024T16:42:23 - [TEST_STEP][PASSED] - executeJavaScript(
    var element = document.evaluate("$xpath_for_user_name", document, null, XPathResult.FIRST_ORDERED_NODE_TYPE, null).singleNodeValue;
    if (element) {
        element.value = '$newValue';
        var event = new Event('input', { bubbles: true });
        element.dispatchEvent(event);
    }
    , null): Execute JavaScript '
    var element = document.evaluate("//label[text()='Username']/ancestor::div[@class='oxd-input-group__label-wrapper']/following-sibling::div//input[@class='oxd-input oxd-input--active']", document, null, XPathResult.FIRST_ORDERED_NODE_TYPE, null).singleNodeValue;
    if (element) {
        element.value = 'User_name_OQCsTQd';
        var event = new Event('input', { bubbles: true });
        element.dispatchEvent(event);
    }
    ' successfully

12-08-2024T16:42:23 - [MESSAGE][PASSED] - Execute JavaScript '
    var element = document.evaluate("//label[text()='Username']/ancestor::div[@class='oxd-input-group__label-wrapper']/following-sibling::div//input[@class='oxd-input oxd-input--active']", document, null, XPathResult.FIRST_ORDERED_NODE_TYPE, null).singleNodeValue;
    if (element) {
        element.value = 'User_name_OQCsTQd';
        var event = new Event('input', { bubbles: true });
        element.dispatchEvent(event);
    }
    ' successfully

12-08-2024T16:42:23 - [TEST_STEP][PASSED] - delay(1): Delayed 1 second(s)

12-08-2024T16:42:24 - [MESSAGE][PASSED] - Delayed 1 second(s)

12-08-2024T16:42:24 - [TEST_STEP][PASSED] - User_name = getAttribute(findTestObject("Object Repository/ADDING_A_NEW_EMPLOYEE/Add_employee_username"), "value"): Attribute 'value' of object 'Object Repository/ADDING_A_NEW_EMPLOYEE/Add_employee_username' is: 'User_name_OQCsTQd'

12-08-2024T16:42:25 - [MESSAGE][PASSED] - Attribute 'value' of object 'Object Repository/ADDING_A_NEW_EMPLOYEE/Add_employee_username' is: 'User_name_OQCsTQd'

12-08-2024T16:42:25 - [TEST_STEP][PASSED] - out.println(User_name): null

12-08-2024T16:42:25 - [TEST_STEP][PASSED] - out.println(Password): null

12-08-2024T16:42:25 - [TEST_STEP][PASSED] - First_name = getAttribute(findTestObject("Object Repository/ADDING_A_NEW_EMPLOYEE/Add_Employee_first_name"), "value"): Attribute 'value' of object 'Object Repository/ADDING_A_NEW_EMPLOYEE/Add_Employee_first_name' is: 'First_name_GbJkpiP'

12-08-2024T16:42:25 - [MESSAGE][PASSED] - Attribute 'value' of object 'Object Repository/ADDING_A_NEW_EMPLOYEE/Add_Employee_first_name' is: 'First_name_GbJkpiP'

12-08-2024T16:42:25 - [TEST_STEP][PASSED] - out.println(First_name): null

12-08-2024T16:42:25 - [TEST_STEP][PASSED] - Middle_name = getAttribute(findTestObject("Object Repository/ADDING_A_NEW_EMPLOYEE/Add_employee_middle_name"), "value"): Attribute 'value' of object 'Object Repository/ADDING_A_NEW_EMPLOYEE/Add_employee_middle_name' is: 'Middle_name_JUZqEbB'

12-08-2024T16:42:25 - [MESSAGE][PASSED] - Attribute 'value' of object 'Object Repository/ADDING_A_NEW_EMPLOYEE/Add_employee_middle_name' is: 'Middle_name_JUZqEbB'

12-08-2024T16:42:25 - [TEST_STEP][PASSED] - out.println(Middle_name): null

12-08-2024T16:42:25 - [TEST_STEP][PASSED] - Last_name = getAttribute(findTestObject("Object Repository/ADDING_A_NEW_EMPLOYEE/Add_employee_last_name"), "value"): Attribute 'value' of object 'Object Repository/ADDING_A_NEW_EMPLOYEE/Add_employee_last_name' is: 'Last_name_Enkfbdc'

12-08-2024T16:42:26 - [MESSAGE][PASSED] - Attribute 'value' of object 'Object Repository/ADDING_A_NEW_EMPLOYEE/Add_employee_last_name' is: 'Last_name_Enkfbdc'

12-08-2024T16:42:26 - [TEST_STEP][PASSED] - out.println(Last_name): null

12-08-2024T16:42:26 - [TEST_STEP][PASSED] - employee_id = getAttribute(findTestObject("Object Repository/ADDING_A_NEW_EMPLOYEE/Add_employee_id"), "value"): Attribute 'value' of object 'Object Repository/ADDING_A_NEW_EMPLOYEE/Add_employee_id' is: '333811403'

12-08-2024T16:42:26 - [MESSAGE][PASSED] - Attribute 'value' of object 'Object Repository/ADDING_A_NEW_EMPLOYEE/Add_employee_id' is: '333811403'

12-08-2024T16:42:26 - [TEST_STEP][PASSED] - out.println(employee_id): null

12-08-2024T16:42:26 - [TEST_STEP][PASSED] - delay(3): Delayed 3 second(s)

12-08-2024T16:42:29 - [MESSAGE][PASSED] - Delayed 3 second(s)

12-08-2024T16:42:29 - [TEST_STEP][PASSED] - click(findTestObject("Object Repository/ADDING_A_NEW_EMPLOYEE/Add_employee_save_button")): Object: 'Object Repository/ADDING_A_NEW_EMPLOYEE/Add_employee_save_button' is clicked on

12-08-2024T16:42:29 - [MESSAGE][PASSED] - Object: 'Object Repository/ADDING_A_NEW_EMPLOYEE/Add_employee_save_button' is clicked on

12-08-2024T16:42:29 - [TEST_STEP][PASSED] - delay(2): Delayed 2 second(s)

12-08-2024T16:42:31 - [MESSAGE][PASSED] - Delayed 2 second(s)

12-08-2024T16:42:31 - [MESSAGE][PASSED] - Call Test Case 'Test Cases/ADDING_A_NEW_EMPLOYEE' successfully

12-08-2024T16:42:31 - [TEST_STEP][PASSED] - rowIndex = sheet.getLastRowNum() + 1: null

12-08-2024T16:42:31 - [TEST_STEP][PASSED] - row = sheet.createRow(rowIndex): null

12-08-2024T16:42:31 - [TEST_STEP][PASSED] - createCell(0).setCellValue(First_name): null

12-08-2024T16:42:31 - [TEST_STEP][PASSED] - createCell(1).setCellValue(Middle_name): null

12-08-2024T16:42:31 - [TEST_STEP][PASSED] - createCell(2).setCellValue(Last_name): null

12-08-2024T16:42:31 - [TEST_STEP][PASSED] - createCell(3).setCellValue(User_name): null

12-08-2024T16:42:31 - [TEST_STEP][PASSED] - createCell(4).setCellValue(Password): null

12-08-2024T16:42:31 - [TEST_STEP][PASSED] - createCell(5).setCellValue(employee_id): null

12-08-2024T16:42:31 - [TEST_STEP][PASSED] - callTestCase(findTestCase("ADDING_A_NEW_EMPLOYEE"), [:], STOP_ON_FAILURE): Call Test Case 'Test Cases/ADDING_A_NEW_EMPLOYEE' successfully

12-08-2024T16:42:31 - [TEST_CASE][PASSED] - Test Cases/ADDING_A_NEW_EMPLOYEE: Test Cases/ADDING_A_NEW_EMPLOYEE

12-08-2024T16:42:31 - [TEST_STEP][PASSED] - verifyElementPresent(findTestObject("ADDING_A_NEW_EMPLOYEE/pim_option_from_side_bar"), 10): Object 'Object Repository/ADDING_A_NEW_EMPLOYEE/pim_option_from_side_bar' is present

12-08-2024T16:42:32 - [MESSAGE][PASSED] - Object 'Object Repository/ADDING_A_NEW_EMPLOYEE/pim_option_from_side_bar' is present

12-08-2024T16:42:32 - [TEST_STEP][PASSED] - click(findTestObject("ADDING_A_NEW_EMPLOYEE/pim_option_from_side_bar")): Object: 'Object Repository/ADDING_A_NEW_EMPLOYEE/pim_option_from_side_bar' is clicked on

12-08-2024T16:42:34 - [MESSAGE][PASSED] - Object: 'Object Repository/ADDING_A_NEW_EMPLOYEE/pim_option_from_side_bar' is clicked on

12-08-2024T16:42:34 - [TEST_STEP][PASSED] - waitForElementPresent(findTestObject("ADDING_A_NEW_EMPLOYEE/adding_new_employee_button_in_pim_page"), 10): Object 'Object Repository/ADDING_A_NEW_EMPLOYEE/adding_new_employee_button_in_pim_page' is present

12-08-2024T16:42:36 - [MESSAGE][PASSED] - Object 'Object Repository/ADDING_A_NEW_EMPLOYEE/adding_new_employee_button_in_pim_page' is present

12-08-2024T16:42:36 - [TEST_STEP][PASSED] - click(findTestObject("ADDING_A_NEW_EMPLOYEE/adding_new_employee_button_in_pim_page")): Object: 'Object Repository/ADDING_A_NEW_EMPLOYEE/adding_new_employee_button_in_pim_page' is clicked on

12-08-2024T16:42:38 - [MESSAGE][PASSED] - Object: 'Object Repository/ADDING_A_NEW_EMPLOYEE/adding_new_employee_button_in_pim_page' is clicked on

12-08-2024T16:42:38 - [TEST_STEP][PASSED] - verifyElementPresent(findTestObject("ADDING_A_NEW_EMPLOYEE/create_login_details_checkbox"), 10): Object 'Object Repository/ADDING_A_NEW_EMPLOYEE/create_login_details_checkbox' is present

12-08-2024T16:42:39 - [MESSAGE][PASSED] - Object 'Object Repository/ADDING_A_NEW_EMPLOYEE/create_login_details_checkbox' is present

12-08-2024T16:42:39 - [TEST_STEP][PASSED] - click(findTestObject("ADDING_A_NEW_EMPLOYEE/create_login_details_checkbox")): Object: 'Object Repository/ADDING_A_NEW_EMPLOYEE/create_login_details_checkbox' is clicked on

12-08-2024T16:42:39 - [MESSAGE][PASSED] - Object: 'Object Repository/ADDING_A_NEW_EMPLOYEE/create_login_details_checkbox' is clicked on

12-08-2024T16:42:39 - [TEST_STEP][PASSED] - verifyElementPresent(findTestObject("Object Repository/ADDING_A_NEW_EMPLOYEE/Add_employee_enabled_radio_button"), 10): Object 'Object Repository/ADDING_A_NEW_EMPLOYEE/Add_employee_enabled_radio_button' is present

12-08-2024T16:42:40 - [MESSAGE][PASSED] - Object 'Object Repository/ADDING_A_NEW_EMPLOYEE/Add_employee_enabled_radio_button' is present

12-08-2024T16:42:40 - [TEST_STEP][PASSED] - click(findTestObject("Object Repository/ADDING_A_NEW_EMPLOYEE/Add_employee_enabled_radio_button")): Object: 'Object Repository/ADDING_A_NEW_EMPLOYEE/Add_employee_enabled_radio_button' is clicked on

12-08-2024T16:42:40 - [MESSAGE][PASSED] - Object: 'Object Repository/ADDING_A_NEW_EMPLOYEE/Add_employee_enabled_radio_button' is clicked on

12-08-2024T16:42:40 - [TEST_STEP][PASSED] - verifyElementPresent(findTestObject("Object Repository/ADDING_A_NEW_EMPLOYEE/Add_Employee_first_name"), 10): Object 'Object Repository/ADDING_A_NEW_EMPLOYEE/Add_Employee_first_name' is present

12-08-2024T16:42:40 - [MESSAGE][PASSED] - Object 'Object Repository/ADDING_A_NEW_EMPLOYEE/Add_Employee_first_name' is present

12-08-2024T16:42:40 - [TEST_STEP][PASSED] - click(findTestObject("Object Repository/ADDING_A_NEW_EMPLOYEE/Add_Employee_first_name")): Object: 'Object Repository/ADDING_A_NEW_EMPLOYEE/Add_Employee_first_name' is clicked on

12-08-2024T16:42:41 - [MESSAGE][PASSED] - Object: 'Object Repository/ADDING_A_NEW_EMPLOYEE/Add_Employee_first_name' is clicked on

12-08-2024T16:42:41 - [TEST_STEP][PASSED] - setText(findTestObject("Object Repository/ADDING_A_NEW_EMPLOYEE/Add_Employee_first_name"), "First_name_" + RandomStringUtils.randomAlphabetic(7)): Text 'First_name_cptHXHF' is set on object 'Object Repository/ADDING_A_NEW_EMPLOYEE/Add_Employee_first_name'

12-08-2024T16:42:41 - [MESSAGE][PASSED] - Text 'First_name_cptHXHF' is set on object 'Object Repository/ADDING_A_NEW_EMPLOYEE/Add_Employee_first_name'

12-08-2024T16:42:41 - [TEST_STEP][PASSED] - verifyElementPresent(findTestObject("Object Repository/ADDING_A_NEW_EMPLOYEE/Add_employee_middle_name"), 10): Object 'Object Repository/ADDING_A_NEW_EMPLOYEE/Add_employee_middle_name' is present

12-08-2024T16:42:42 - [MESSAGE][PASSED] - Object 'Object Repository/ADDING_A_NEW_EMPLOYEE/Add_employee_middle_name' is present

12-08-2024T16:42:42 - [TEST_STEP][PASSED] - click(findTestObject("Object Repository/ADDING_A_NEW_EMPLOYEE/Add_employee_middle_name")): Object: 'Object Repository/ADDING_A_NEW_EMPLOYEE/Add_employee_middle_name' is clicked on

12-08-2024T16:42:42 - [MESSAGE][PASSED] - Object: 'Object Repository/ADDING_A_NEW_EMPLOYEE/Add_employee_middle_name' is clicked on

12-08-2024T16:42:42 - [TEST_STEP][PASSED] - setText(findTestObject("Object Repository/ADDING_A_NEW_EMPLOYEE/Add_employee_middle_name"), "Middle_name_" + RandomStringUtils.randomAlphabetic(7)): Text 'Middle_name_iIQpITq' is set on object 'Object Repository/ADDING_A_NEW_EMPLOYEE/Add_employee_middle_name'

12-08-2024T16:42:43 - [MESSAGE][PASSED] - Text 'Middle_name_iIQpITq' is set on object 'Object Repository/ADDING_A_NEW_EMPLOYEE/Add_employee_middle_name'

12-08-2024T16:42:43 - [TEST_STEP][PASSED] - verifyElementPresent(findTestObject("Object Repository/ADDING_A_NEW_EMPLOYEE/Add_employee_last_name"), 10): Object 'Object Repository/ADDING_A_NEW_EMPLOYEE/Add_employee_last_name' is present

12-08-2024T16:42:43 - [MESSAGE][PASSED] - Object 'Object Repository/ADDING_A_NEW_EMPLOYEE/Add_employee_last_name' is present

12-08-2024T16:42:43 - [TEST_STEP][PASSED] - click(findTestObject("Object Repository/ADDING_A_NEW_EMPLOYEE/Add_employee_last_name")): Object: 'Object Repository/ADDING_A_NEW_EMPLOYEE/Add_employee_last_name' is clicked on

12-08-2024T16:42:43 - [MESSAGE][PASSED] - Object: 'Object Repository/ADDING_A_NEW_EMPLOYEE/Add_employee_last_name' is clicked on

12-08-2024T16:42:43 - [TEST_STEP][PASSED] - setText(findTestObject("Object Repository/ADDING_A_NEW_EMPLOYEE/Add_employee_last_name"), "Last_name_" + RandomStringUtils.randomAlphabetic(7)): Text 'Last_name_jgvpmen' is set on object 'Object Repository/ADDING_A_NEW_EMPLOYEE/Add_employee_last_name'

12-08-2024T16:42:44 - [MESSAGE][PASSED] - Text 'Last_name_jgvpmen' is set on object 'Object Repository/ADDING_A_NEW_EMPLOYEE/Add_employee_last_name'

12-08-2024T16:42:44 - [TEST_STEP][PASSED] - randomString_001 = RandomStringUtils.randomNumeric(6): null

12-08-2024T16:42:44 - [TEST_STEP][PASSED] - newValue_001 = "333" + randomString_001: null

12-08-2024T16:42:44 - [TEST_STEP][PASSED] - xpath_for_employee_id = "//label[text()='Employee Id']/ancestor::div[@class='oxd-input-group__label-wrapper']/following-sibling::div//input[@class='oxd-input oxd-input--active']": null

12-08-2024T16:42:44 - [TEST_STEP][PASSED] - inputField_001 = TestObject().addProperty("xpath", EQUALS, xpath_for_employee_id): null

12-08-2024T16:42:44 - [TEST_STEP][PASSED] - executeJavaScript(
    var element = document.evaluate("$xpath_for_employee_id", document, null, XPathResult.FIRST_ORDERED_NODE_TYPE, null).singleNodeValue;
    if (element) {
        element.value = '$newValue_001';
        var event = new Event('input', { bubbles: true });
        element.dispatchEvent(event);
    }
    , null): Execute JavaScript '
    var element = document.evaluate("//label[text()='Employee Id']/ancestor::div[@class='oxd-input-group__label-wrapper']/following-sibling::div//input[@class='oxd-input oxd-input--active']", document, null, XPathResult.FIRST_ORDERED_NODE_TYPE, null).singleNodeValue;
    if (element) {
        element.value = '333450110';
        var event = new Event('input', { bubbles: true });
        element.dispatchEvent(event);
    }
    ' successfully

12-08-2024T16:42:44 - [MESSAGE][PASSED] - Execute JavaScript '
    var element = document.evaluate("//label[text()='Employee Id']/ancestor::div[@class='oxd-input-group__label-wrapper']/following-sibling::div//input[@class='oxd-input oxd-input--active']", document, null, XPathResult.FIRST_ORDERED_NODE_TYPE, null).singleNodeValue;
    if (element) {
        element.value = '333450110';
        var event = new Event('input', { bubbles: true });
        element.dispatchEvent(event);
    }
    ' successfully

12-08-2024T16:42:44 - [TEST_STEP][PASSED] - delay(3): Delayed 3 second(s)

12-08-2024T16:42:47 - [MESSAGE][PASSED] - Delayed 3 second(s)

12-08-2024T16:42:47 - [TEST_STEP][PASSED] - randomString_for_password = RandomStringUtils.randomNumeric(6): null

12-08-2024T16:42:47 - [TEST_STEP][PASSED] - new_Value_for_password = "Fiboo" + randomString_for_password + "@@": null

12-08-2024T16:42:47 - [TEST_STEP][PASSED] - xpath_for_password = "//label[text()='Username']/ancestor::div[@class='oxd-input-group__label-wrapper']/following-sibling::div//input[@class='oxd-input oxd-input--active']": null

12-08-2024T16:42:47 - [TEST_STEP][PASSED] - inputField_for_password = TestObject().addProperty("xpath", EQUALS, xpath_for_password): null

12-08-2024T16:42:47 - [TEST_STEP][PASSED] - executeJavaScript(
    var element = document.evaluate("$xpath_for_password", document, null, XPathResult.FIRST_ORDERED_NODE_TYPE, null).singleNodeValue;
    if (element) {
        element.value = '$new_Value_for_password';
        var event = new Event('input', { bubbles: true });
        element.dispatchEvent(event);
    }
    , null): Execute JavaScript '
    var element = document.evaluate("//label[text()='Username']/ancestor::div[@class='oxd-input-group__label-wrapper']/following-sibling::div//input[@class='oxd-input oxd-input--active']", document, null, XPathResult.FIRST_ORDERED_NODE_TYPE, null).singleNodeValue;
    if (element) {
        element.value = 'Fiboo485233@@';
        var event = new Event('input', { bubbles: true });
        element.dispatchEvent(event);
    }
    ' successfully

12-08-2024T16:42:47 - [MESSAGE][PASSED] - Execute JavaScript '
    var element = document.evaluate("//label[text()='Username']/ancestor::div[@class='oxd-input-group__label-wrapper']/following-sibling::div//input[@class='oxd-input oxd-input--active']", document, null, XPathResult.FIRST_ORDERED_NODE_TYPE, null).singleNodeValue;
    if (element) {
        element.value = 'Fiboo485233@@';
        var event = new Event('input', { bubbles: true });
        element.dispatchEvent(event);
    }
    ' successfully

12-08-2024T16:42:47 - [TEST_STEP][PASSED] - delay(1): Delayed 1 second(s)

12-08-2024T16:42:48 - [MESSAGE][PASSED] - Delayed 1 second(s)

12-08-2024T16:42:48 - [TEST_STEP][PASSED] - Password = getAttribute(findTestObject("Object Repository/ADDING_A_NEW_EMPLOYEE/Add_employee_username"), "value"): Attribute 'value' of object 'Object Repository/ADDING_A_NEW_EMPLOYEE/Add_employee_username' is: 'Fiboo485233@@'

12-08-2024T16:42:49 - [MESSAGE][PASSED] - Attribute 'value' of object 'Object Repository/ADDING_A_NEW_EMPLOYEE/Add_employee_username' is: 'Fiboo485233@@'

12-08-2024T16:42:49 - [TEST_STEP][PASSED] - out.println(Password): null

12-08-2024T16:42:49 - [TEST_STEP][PASSED] - new_Value_for_password_001 = Password: null

12-08-2024T16:42:49 - [TEST_STEP][PASSED] - xpath_for_password_001 = "//label[text()='Password']/ancestor::div[@class='oxd-input-group__label-wrapper']/following-sibling::div//input[@class='oxd-input oxd-input--active']": null

12-08-2024T16:42:49 - [TEST_STEP][PASSED] - inputField_for_password_001 = TestObject().addProperty("xpath", EQUALS, xpath_for_password_001): null

12-08-2024T16:42:49 - [TEST_STEP][PASSED] - executeJavaScript(
    var element = document.evaluate("$xpath_for_password_001", document, null, XPathResult.FIRST_ORDERED_NODE_TYPE, null).singleNodeValue;
    if (element) {
        element.value = '$new_Value_for_password_001';
        var event = new Event('input', { bubbles: true });
        element.dispatchEvent(event);
    }
    , null): Execute JavaScript '
    var element = document.evaluate("//label[text()='Password']/ancestor::div[@class='oxd-input-group__label-wrapper']/following-sibling::div//input[@class='oxd-input oxd-input--active']", document, null, XPathResult.FIRST_ORDERED_NODE_TYPE, null).singleNodeValue;
    if (element) {
        element.value = 'Fiboo485233@@';
        var event = new Event('input', { bubbles: true });
        element.dispatchEvent(event);
    }
    ' successfully

12-08-2024T16:42:49 - [MESSAGE][PASSED] - Execute JavaScript '
    var element = document.evaluate("//label[text()='Password']/ancestor::div[@class='oxd-input-group__label-wrapper']/following-sibling::div//input[@class='oxd-input oxd-input--active']", document, null, XPathResult.FIRST_ORDERED_NODE_TYPE, null).singleNodeValue;
    if (element) {
        element.value = 'Fiboo485233@@';
        var event = new Event('input', { bubbles: true });
        element.dispatchEvent(event);
    }
    ' successfully

12-08-2024T16:42:49 - [TEST_STEP][PASSED] - delay(1): Delayed 1 second(s)

12-08-2024T16:42:50 - [MESSAGE][PASSED] - Delayed 1 second(s)

12-08-2024T16:42:50 - [TEST_STEP][PASSED] - new_Value_for_password_002 = Password: null

12-08-2024T16:42:50 - [TEST_STEP][PASSED] - xpath_for_password_002 = "//label[text()='Confirm Password']/ancestor::div[@class='oxd-input-group__label-wrapper']/following-sibling::div//input[@class='oxd-input oxd-input--active']": null

12-08-2024T16:42:50 - [TEST_STEP][PASSED] - inputField_for_password_002 = TestObject().addProperty("xpath", EQUALS, xpath_for_password_002): null

12-08-2024T16:42:50 - [TEST_STEP][PASSED] - executeJavaScript(
    var element = document.evaluate("$xpath_for_password_002", document, null, XPathResult.FIRST_ORDERED_NODE_TYPE, null).singleNodeValue;
    if (element) {
        element.value = '$new_Value_for_password_002';
        var event = new Event('input', { bubbles: true });
        element.dispatchEvent(event);
    }
    , null): Execute JavaScript '
    var element = document.evaluate("//label[text()='Confirm Password']/ancestor::div[@class='oxd-input-group__label-wrapper']/following-sibling::div//input[@class='oxd-input oxd-input--active']", document, null, XPathResult.FIRST_ORDERED_NODE_TYPE, null).singleNodeValue;
    if (element) {
        element.value = 'Fiboo485233@@';
        var event = new Event('input', { bubbles: true });
        element.dispatchEvent(event);
    }
    ' successfully

12-08-2024T16:42:50 - [MESSAGE][PASSED] - Execute JavaScript '
    var element = document.evaluate("//label[text()='Confirm Password']/ancestor::div[@class='oxd-input-group__label-wrapper']/following-sibling::div//input[@class='oxd-input oxd-input--active']", document, null, XPathResult.FIRST_ORDERED_NODE_TYPE, null).singleNodeValue;
    if (element) {
        element.value = 'Fiboo485233@@';
        var event = new Event('input', { bubbles: true });
        element.dispatchEvent(event);
    }
    ' successfully

12-08-2024T16:42:50 - [TEST_STEP][PASSED] - delay(1): Delayed 1 second(s)

12-08-2024T16:42:51 - [MESSAGE][PASSED] - Delayed 1 second(s)

12-08-2024T16:42:51 - [TEST_STEP][PASSED] - randomString = RandomStringUtils.randomAlphabetic(7): null

12-08-2024T16:42:51 - [TEST_STEP][PASSED] - newValue = "User_name_" + randomString: null

12-08-2024T16:42:51 - [TEST_STEP][PASSED] - xpath_for_user_name = "//label[text()='Username']/ancestor::div[@class='oxd-input-group__label-wrapper']/following-sibling::div//input[@class='oxd-input oxd-input--active']": null

12-08-2024T16:42:51 - [TEST_STEP][PASSED] - inputField = TestObject().addProperty("xpath", EQUALS, xpath_for_user_name): null

12-08-2024T16:42:51 - [TEST_STEP][PASSED] - executeJavaScript(
    var element = document.evaluate("$xpath_for_user_name", document, null, XPathResult.FIRST_ORDERED_NODE_TYPE, null).singleNodeValue;
    if (element) {
        element.value = '$newValue';
        var event = new Event('input', { bubbles: true });
        element.dispatchEvent(event);
    }
    , null): Execute JavaScript '
    var element = document.evaluate("//label[text()='Username']/ancestor::div[@class='oxd-input-group__label-wrapper']/following-sibling::div//input[@class='oxd-input oxd-input--active']", document, null, XPathResult.FIRST_ORDERED_NODE_TYPE, null).singleNodeValue;
    if (element) {
        element.value = 'User_name_aSJDMCZ';
        var event = new Event('input', { bubbles: true });
        element.dispatchEvent(event);
    }
    ' successfully

12-08-2024T16:42:51 - [MESSAGE][PASSED] - Execute JavaScript '
    var element = document.evaluate("//label[text()='Username']/ancestor::div[@class='oxd-input-group__label-wrapper']/following-sibling::div//input[@class='oxd-input oxd-input--active']", document, null, XPathResult.FIRST_ORDERED_NODE_TYPE, null).singleNodeValue;
    if (element) {
        element.value = 'User_name_aSJDMCZ';
        var event = new Event('input', { bubbles: true });
        element.dispatchEvent(event);
    }
    ' successfully

12-08-2024T16:42:51 - [TEST_STEP][PASSED] - delay(1): Delayed 1 second(s)

12-08-2024T16:42:52 - [MESSAGE][PASSED] - Delayed 1 second(s)

12-08-2024T16:42:52 - [TEST_STEP][PASSED] - User_name = getAttribute(findTestObject("Object Repository/ADDING_A_NEW_EMPLOYEE/Add_employee_username"), "value"): Attribute 'value' of object 'Object Repository/ADDING_A_NEW_EMPLOYEE/Add_employee_username' is: 'User_name_aSJDMCZ'

12-08-2024T16:42:52 - [MESSAGE][PASSED] - Attribute 'value' of object 'Object Repository/ADDING_A_NEW_EMPLOYEE/Add_employee_username' is: 'User_name_aSJDMCZ'

12-08-2024T16:42:52 - [TEST_STEP][PASSED] - out.println(User_name): null

12-08-2024T16:42:52 - [TEST_STEP][PASSED] - out.println(Password): null

12-08-2024T16:42:52 - [TEST_STEP][PASSED] - First_name = getAttribute(findTestObject("Object Repository/ADDING_A_NEW_EMPLOYEE/Add_Employee_first_name"), "value"): Attribute 'value' of object 'Object Repository/ADDING_A_NEW_EMPLOYEE/Add_Employee_first_name' is: 'First_name_cptHXHF'

12-08-2024T16:42:52 - [MESSAGE][PASSED] - Attribute 'value' of object 'Object Repository/ADDING_A_NEW_EMPLOYEE/Add_Employee_first_name' is: 'First_name_cptHXHF'

12-08-2024T16:42:52 - [TEST_STEP][PASSED] - out.println(First_name): null

12-08-2024T16:42:52 - [TEST_STEP][PASSED] - Middle_name = getAttribute(findTestObject("Object Repository/ADDING_A_NEW_EMPLOYEE/Add_employee_middle_name"), "value"): Attribute 'value' of object 'Object Repository/ADDING_A_NEW_EMPLOYEE/Add_employee_middle_name' is: 'Middle_name_iIQpITq'

12-08-2024T16:42:53 - [MESSAGE][PASSED] - Attribute 'value' of object 'Object Repository/ADDING_A_NEW_EMPLOYEE/Add_employee_middle_name' is: 'Middle_name_iIQpITq'

12-08-2024T16:42:53 - [TEST_STEP][PASSED] - out.println(Middle_name): null

12-08-2024T16:42:53 - [TEST_STEP][PASSED] - Last_name = getAttribute(findTestObject("Object Repository/ADDING_A_NEW_EMPLOYEE/Add_employee_last_name"), "value"): Attribute 'value' of object 'Object Repository/ADDING_A_NEW_EMPLOYEE/Add_employee_last_name' is: 'Last_name_jgvpmen'

12-08-2024T16:42:53 - [MESSAGE][PASSED] - Attribute 'value' of object 'Object Repository/ADDING_A_NEW_EMPLOYEE/Add_employee_last_name' is: 'Last_name_jgvpmen'

12-08-2024T16:42:53 - [TEST_STEP][PASSED] - out.println(Last_name): null

12-08-2024T16:42:53 - [TEST_STEP][PASSED] - employee_id = getAttribute(findTestObject("Object Repository/ADDING_A_NEW_EMPLOYEE/Add_employee_id"), "value"): Attribute 'value' of object 'Object Repository/ADDING_A_NEW_EMPLOYEE/Add_employee_id' is: '333450110'

12-08-2024T16:42:53 - [MESSAGE][PASSED] - Attribute 'value' of object 'Object Repository/ADDING_A_NEW_EMPLOYEE/Add_employee_id' is: '333450110'

12-08-2024T16:42:53 - [TEST_STEP][PASSED] - out.println(employee_id): null

12-08-2024T16:42:53 - [TEST_STEP][PASSED] - delay(3): Delayed 3 second(s)

12-08-2024T16:42:56 - [MESSAGE][PASSED] - Delayed 3 second(s)

12-08-2024T16:42:56 - [TEST_STEP][PASSED] - click(findTestObject("Object Repository/ADDING_A_NEW_EMPLOYEE/Add_employee_save_button")): Object: 'Object Repository/ADDING_A_NEW_EMPLOYEE/Add_employee_save_button' is clicked on

12-08-2024T16:42:57 - [MESSAGE][PASSED] - Object: 'Object Repository/ADDING_A_NEW_EMPLOYEE/Add_employee_save_button' is clicked on

12-08-2024T16:42:57 - [TEST_STEP][PASSED] - delay(2): Delayed 2 second(s)

12-08-2024T16:42:59 - [MESSAGE][PASSED] - Delayed 2 second(s)

12-08-2024T16:42:59 - [MESSAGE][PASSED] - Call Test Case 'Test Cases/ADDING_A_NEW_EMPLOYEE' successfully

12-08-2024T16:42:59 - [TEST_STEP][PASSED] - rowIndex = sheet.getLastRowNum() + 1: null

12-08-2024T16:42:59 - [TEST_STEP][PASSED] - row = sheet.createRow(rowIndex): null

12-08-2024T16:42:59 - [TEST_STEP][PASSED] - createCell(0).setCellValue(First_name): null

12-08-2024T16:42:59 - [TEST_STEP][PASSED] - createCell(1).setCellValue(Middle_name): null

12-08-2024T16:42:59 - [TEST_STEP][PASSED] - createCell(2).setCellValue(Last_name): null

12-08-2024T16:42:59 - [TEST_STEP][PASSED] - createCell(3).setCellValue(User_name): null

12-08-2024T16:42:59 - [TEST_STEP][PASSED] - createCell(4).setCellValue(Password): null

12-08-2024T16:42:59 - [TEST_STEP][PASSED] - createCell(5).setCellValue(employee_id): null

12-08-2024T16:42:59 - [TEST_STEP][PASSED] - callTestCase(findTestCase("ADDING_A_NEW_EMPLOYEE"), [:], STOP_ON_FAILURE): Call Test Case 'Test Cases/ADDING_A_NEW_EMPLOYEE' successfully

12-08-2024T16:42:59 - [TEST_CASE][PASSED] - Test Cases/ADDING_A_NEW_EMPLOYEE: Test Cases/ADDING_A_NEW_EMPLOYEE

12-08-2024T16:42:59 - [TEST_STEP][PASSED] - verifyElementPresent(findTestObject("ADDING_A_NEW_EMPLOYEE/pim_option_from_side_bar"), 10): Object 'Object Repository/ADDING_A_NEW_EMPLOYEE/pim_option_from_side_bar' is present

12-08-2024T16:43:00 - [MESSAGE][PASSED] - Object 'Object Repository/ADDING_A_NEW_EMPLOYEE/pim_option_from_side_bar' is present

12-08-2024T16:43:00 - [TEST_STEP][PASSED] - click(findTestObject("ADDING_A_NEW_EMPLOYEE/pim_option_from_side_bar")): Object: 'Object Repository/ADDING_A_NEW_EMPLOYEE/pim_option_from_side_bar' is clicked on

12-08-2024T16:43:02 - [MESSAGE][PASSED] - Object: 'Object Repository/ADDING_A_NEW_EMPLOYEE/pim_option_from_side_bar' is clicked on

12-08-2024T16:43:02 - [TEST_STEP][PASSED] - waitForElementPresent(findTestObject("ADDING_A_NEW_EMPLOYEE/adding_new_employee_button_in_pim_page"), 10): Object 'Object Repository/ADDING_A_NEW_EMPLOYEE/adding_new_employee_button_in_pim_page' is present

12-08-2024T16:43:04 - [MESSAGE][PASSED] - Object 'Object Repository/ADDING_A_NEW_EMPLOYEE/adding_new_employee_button_in_pim_page' is present

12-08-2024T16:43:04 - [TEST_STEP][PASSED] - click(findTestObject("ADDING_A_NEW_EMPLOYEE/adding_new_employee_button_in_pim_page")): Object: 'Object Repository/ADDING_A_NEW_EMPLOYEE/adding_new_employee_button_in_pim_page' is clicked on

12-08-2024T16:43:05 - [MESSAGE][PASSED] - Object: 'Object Repository/ADDING_A_NEW_EMPLOYEE/adding_new_employee_button_in_pim_page' is clicked on

12-08-2024T16:43:05 - [TEST_STEP][PASSED] - verifyElementPresent(findTestObject("ADDING_A_NEW_EMPLOYEE/create_login_details_checkbox"), 10): Object 'Object Repository/ADDING_A_NEW_EMPLOYEE/create_login_details_checkbox' is present

12-08-2024T16:43:05 - [MESSAGE][PASSED] - Object 'Object Repository/ADDING_A_NEW_EMPLOYEE/create_login_details_checkbox' is present

12-08-2024T16:43:05 - [TEST_STEP][PASSED] - click(findTestObject("ADDING_A_NEW_EMPLOYEE/create_login_details_checkbox")): Object: 'Object Repository/ADDING_A_NEW_EMPLOYEE/create_login_details_checkbox' is clicked on

12-08-2024T16:43:06 - [MESSAGE][PASSED] - Object: 'Object Repository/ADDING_A_NEW_EMPLOYEE/create_login_details_checkbox' is clicked on

12-08-2024T16:43:06 - [TEST_STEP][PASSED] - verifyElementPresent(findTestObject("Object Repository/ADDING_A_NEW_EMPLOYEE/Add_employee_enabled_radio_button"), 10): Object 'Object Repository/ADDING_A_NEW_EMPLOYEE/Add_employee_enabled_radio_button' is present

12-08-2024T16:43:07 - [MESSAGE][PASSED] - Object 'Object Repository/ADDING_A_NEW_EMPLOYEE/Add_employee_enabled_radio_button' is present

12-08-2024T16:43:07 - [TEST_STEP][PASSED] - click(findTestObject("Object Repository/ADDING_A_NEW_EMPLOYEE/Add_employee_enabled_radio_button")): Object: 'Object Repository/ADDING_A_NEW_EMPLOYEE/Add_employee_enabled_radio_button' is clicked on

12-08-2024T16:43:07 - [MESSAGE][PASSED] - Object: 'Object Repository/ADDING_A_NEW_EMPLOYEE/Add_employee_enabled_radio_button' is clicked on

12-08-2024T16:43:07 - [TEST_STEP][PASSED] - verifyElementPresent(findTestObject("Object Repository/ADDING_A_NEW_EMPLOYEE/Add_Employee_first_name"), 10): Object 'Object Repository/ADDING_A_NEW_EMPLOYEE/Add_Employee_first_name' is present

12-08-2024T16:43:07 - [MESSAGE][PASSED] - Object 'Object Repository/ADDING_A_NEW_EMPLOYEE/Add_Employee_first_name' is present

12-08-2024T16:43:07 - [TEST_STEP][PASSED] - click(findTestObject("Object Repository/ADDING_A_NEW_EMPLOYEE/Add_Employee_first_name")): Object: 'Object Repository/ADDING_A_NEW_EMPLOYEE/Add_Employee_first_name' is clicked on

12-08-2024T16:43:07 - [MESSAGE][PASSED] - Object: 'Object Repository/ADDING_A_NEW_EMPLOYEE/Add_Employee_first_name' is clicked on

12-08-2024T16:43:07 - [TEST_STEP][PASSED] - setText(findTestObject("Object Repository/ADDING_A_NEW_EMPLOYEE/Add_Employee_first_name"), "First_name_" + RandomStringUtils.randomAlphabetic(7)): Text 'First_name_OPbwLKq' is set on object 'Object Repository/ADDING_A_NEW_EMPLOYEE/Add_Employee_first_name'

12-08-2024T16:43:08 - [MESSAGE][PASSED] - Text 'First_name_OPbwLKq' is set on object 'Object Repository/ADDING_A_NEW_EMPLOYEE/Add_Employee_first_name'

12-08-2024T16:43:08 - [TEST_STEP][PASSED] - verifyElementPresent(findTestObject("Object Repository/ADDING_A_NEW_EMPLOYEE/Add_employee_middle_name"), 10): Object 'Object Repository/ADDING_A_NEW_EMPLOYEE/Add_employee_middle_name' is present

12-08-2024T16:43:08 - [MESSAGE][PASSED] - Object 'Object Repository/ADDING_A_NEW_EMPLOYEE/Add_employee_middle_name' is present

12-08-2024T16:43:08 - [TEST_STEP][PASSED] - click(findTestObject("Object Repository/ADDING_A_NEW_EMPLOYEE/Add_employee_middle_name")): Object: 'Object Repository/ADDING_A_NEW_EMPLOYEE/Add_employee_middle_name' is clicked on

12-08-2024T16:43:09 - [MESSAGE][PASSED] - Object: 'Object Repository/ADDING_A_NEW_EMPLOYEE/Add_employee_middle_name' is clicked on

12-08-2024T16:43:09 - [TEST_STEP][PASSED] - setText(findTestObject("Object Repository/ADDING_A_NEW_EMPLOYEE/Add_employee_middle_name"), "Middle_name_" + RandomStringUtils.randomAlphabetic(7)): Text 'Middle_name_AHEvGXE' is set on object 'Object Repository/ADDING_A_NEW_EMPLOYEE/Add_employee_middle_name'

12-08-2024T16:43:09 - [MESSAGE][PASSED] - Text 'Middle_name_AHEvGXE' is set on object 'Object Repository/ADDING_A_NEW_EMPLOYEE/Add_employee_middle_name'

12-08-2024T16:43:09 - [TEST_STEP][PASSED] - verifyElementPresent(findTestObject("Object Repository/ADDING_A_NEW_EMPLOYEE/Add_employee_last_name"), 10): Object 'Object Repository/ADDING_A_NEW_EMPLOYEE/Add_employee_last_name' is present

12-08-2024T16:43:10 - [MESSAGE][PASSED] - Object 'Object Repository/ADDING_A_NEW_EMPLOYEE/Add_employee_last_name' is present

12-08-2024T16:43:10 - [TEST_STEP][PASSED] - click(findTestObject("Object Repository/ADDING_A_NEW_EMPLOYEE/Add_employee_last_name")): Object: 'Object Repository/ADDING_A_NEW_EMPLOYEE/Add_employee_last_name' is clicked on

12-08-2024T16:43:10 - [MESSAGE][PASSED] - Object: 'Object Repository/ADDING_A_NEW_EMPLOYEE/Add_employee_last_name' is clicked on

12-08-2024T16:43:10 - [TEST_STEP][PASSED] - setText(findTestObject("Object Repository/ADDING_A_NEW_EMPLOYEE/Add_employee_last_name"), "Last_name_" + RandomStringUtils.randomAlphabetic(7)): Text 'Last_name_JrILeAE' is set on object 'Object Repository/ADDING_A_NEW_EMPLOYEE/Add_employee_last_name'

12-08-2024T16:43:11 - [MESSAGE][PASSED] - Text 'Last_name_JrILeAE' is set on object 'Object Repository/ADDING_A_NEW_EMPLOYEE/Add_employee_last_name'

12-08-2024T16:43:11 - [TEST_STEP][PASSED] - randomString_001 = RandomStringUtils.randomNumeric(6): null

12-08-2024T16:43:11 - [TEST_STEP][PASSED] - newValue_001 = "333" + randomString_001: null

12-08-2024T16:43:11 - [TEST_STEP][PASSED] - xpath_for_employee_id = "//label[text()='Employee Id']/ancestor::div[@class='oxd-input-group__label-wrapper']/following-sibling::div//input[@class='oxd-input oxd-input--active']": null

12-08-2024T16:43:11 - [TEST_STEP][PASSED] - inputField_001 = TestObject().addProperty("xpath", EQUALS, xpath_for_employee_id): null

12-08-2024T16:43:11 - [TEST_STEP][PASSED] - executeJavaScript(
    var element = document.evaluate("$xpath_for_employee_id", document, null, XPathResult.FIRST_ORDERED_NODE_TYPE, null).singleNodeValue;
    if (element) {
        element.value = '$newValue_001';
        var event = new Event('input', { bubbles: true });
        element.dispatchEvent(event);
    }
    , null): Execute JavaScript '
    var element = document.evaluate("//label[text()='Employee Id']/ancestor::div[@class='oxd-input-group__label-wrapper']/following-sibling::div//input[@class='oxd-input oxd-input--active']", document, null, XPathResult.FIRST_ORDERED_NODE_TYPE, null).singleNodeValue;
    if (element) {
        element.value = '333352974';
        var event = new Event('input', { bubbles: true });
        element.dispatchEvent(event);
    }
    ' successfully

12-08-2024T16:43:11 - [MESSAGE][PASSED] - Execute JavaScript '
    var element = document.evaluate("//label[text()='Employee Id']/ancestor::div[@class='oxd-input-group__label-wrapper']/following-sibling::div//input[@class='oxd-input oxd-input--active']", document, null, XPathResult.FIRST_ORDERED_NODE_TYPE, null).singleNodeValue;
    if (element) {
        element.value = '333352974';
        var event = new Event('input', { bubbles: true });
        element.dispatchEvent(event);
    }
    ' successfully

12-08-2024T16:43:11 - [TEST_STEP][PASSED] - delay(3): Delayed 3 second(s)

12-08-2024T16:43:14 - [MESSAGE][PASSED] - Delayed 3 second(s)

12-08-2024T16:43:14 - [TEST_STEP][PASSED] - randomString_for_password = RandomStringUtils.randomNumeric(6): null

12-08-2024T16:43:14 - [TEST_STEP][PASSED] - new_Value_for_password = "Fiboo" + randomString_for_password + "@@": null

12-08-2024T16:43:14 - [TEST_STEP][PASSED] - xpath_for_password = "//label[text()='Username']/ancestor::div[@class='oxd-input-group__label-wrapper']/following-sibling::div//input[@class='oxd-input oxd-input--active']": null

12-08-2024T16:43:14 - [TEST_STEP][PASSED] - inputField_for_password = TestObject().addProperty("xpath", EQUALS, xpath_for_password): null

12-08-2024T16:43:14 - [TEST_STEP][PASSED] - executeJavaScript(
    var element = document.evaluate("$xpath_for_password", document, null, XPathResult.FIRST_ORDERED_NODE_TYPE, null).singleNodeValue;
    if (element) {
        element.value = '$new_Value_for_password';
        var event = new Event('input', { bubbles: true });
        element.dispatchEvent(event);
    }
    , null): Execute JavaScript '
    var element = document.evaluate("//label[text()='Username']/ancestor::div[@class='oxd-input-group__label-wrapper']/following-sibling::div//input[@class='oxd-input oxd-input--active']", document, null, XPathResult.FIRST_ORDERED_NODE_TYPE, null).singleNodeValue;
    if (element) {
        element.value = 'Fiboo987599@@';
        var event = new Event('input', { bubbles: true });
        element.dispatchEvent(event);
    }
    ' successfully

12-08-2024T16:43:14 - [MESSAGE][PASSED] - Execute JavaScript '
    var element = document.evaluate("//label[text()='Username']/ancestor::div[@class='oxd-input-group__label-wrapper']/following-sibling::div//input[@class='oxd-input oxd-input--active']", document, null, XPathResult.FIRST_ORDERED_NODE_TYPE, null).singleNodeValue;
    if (element) {
        element.value = 'Fiboo987599@@';
        var event = new Event('input', { bubbles: true });
        element.dispatchEvent(event);
    }
    ' successfully

12-08-2024T16:43:14 - [TEST_STEP][PASSED] - delay(1): Delayed 1 second(s)

12-08-2024T16:43:15 - [MESSAGE][PASSED] - Delayed 1 second(s)

12-08-2024T16:43:15 - [TEST_STEP][PASSED] - Password = getAttribute(findTestObject("Object Repository/ADDING_A_NEW_EMPLOYEE/Add_employee_username"), "value"): Attribute 'value' of object 'Object Repository/ADDING_A_NEW_EMPLOYEE/Add_employee_username' is: 'Fiboo987599@@'

12-08-2024T16:43:15 - [MESSAGE][PASSED] - Attribute 'value' of object 'Object Repository/ADDING_A_NEW_EMPLOYEE/Add_employee_username' is: 'Fiboo987599@@'

12-08-2024T16:43:15 - [TEST_STEP][PASSED] - out.println(Password): null

12-08-2024T16:43:15 - [TEST_STEP][PASSED] - new_Value_for_password_001 = Password: null

12-08-2024T16:43:15 - [TEST_STEP][PASSED] - xpath_for_password_001 = "//label[text()='Password']/ancestor::div[@class='oxd-input-group__label-wrapper']/following-sibling::div//input[@class='oxd-input oxd-input--active']": null

12-08-2024T16:43:15 - [TEST_STEP][PASSED] - inputField_for_password_001 = TestObject().addProperty("xpath", EQUALS, xpath_for_password_001): null

12-08-2024T16:43:15 - [TEST_STEP][PASSED] - executeJavaScript(
    var element = document.evaluate("$xpath_for_password_001", document, null, XPathResult.FIRST_ORDERED_NODE_TYPE, null).singleNodeValue;
    if (element) {
        element.value = '$new_Value_for_password_001';
        var event = new Event('input', { bubbles: true });
        element.dispatchEvent(event);
    }
    , null): Execute JavaScript '
    var element = document.evaluate("//label[text()='Password']/ancestor::div[@class='oxd-input-group__label-wrapper']/following-sibling::div//input[@class='oxd-input oxd-input--active']", document, null, XPathResult.FIRST_ORDERED_NODE_TYPE, null).singleNodeValue;
    if (element) {
        element.value = 'Fiboo987599@@';
        var event = new Event('input', { bubbles: true });
        element.dispatchEvent(event);
    }
    ' successfully

12-08-2024T16:43:15 - [MESSAGE][PASSED] - Execute JavaScript '
    var element = document.evaluate("//label[text()='Password']/ancestor::div[@class='oxd-input-group__label-wrapper']/following-sibling::div//input[@class='oxd-input oxd-input--active']", document, null, XPathResult.FIRST_ORDERED_NODE_TYPE, null).singleNodeValue;
    if (element) {
        element.value = 'Fiboo987599@@';
        var event = new Event('input', { bubbles: true });
        element.dispatchEvent(event);
    }
    ' successfully

12-08-2024T16:43:15 - [TEST_STEP][PASSED] - delay(1): Delayed 1 second(s)

12-08-2024T16:43:16 - [MESSAGE][PASSED] - Delayed 1 second(s)

12-08-2024T16:43:16 - [TEST_STEP][PASSED] - new_Value_for_password_002 = Password: null

12-08-2024T16:43:16 - [TEST_STEP][PASSED] - xpath_for_password_002 = "//label[text()='Confirm Password']/ancestor::div[@class='oxd-input-group__label-wrapper']/following-sibling::div//input[@class='oxd-input oxd-input--active']": null

12-08-2024T16:43:16 - [TEST_STEP][PASSED] - inputField_for_password_002 = TestObject().addProperty("xpath", EQUALS, xpath_for_password_002): null

12-08-2024T16:43:16 - [TEST_STEP][PASSED] - executeJavaScript(
    var element = document.evaluate("$xpath_for_password_002", document, null, XPathResult.FIRST_ORDERED_NODE_TYPE, null).singleNodeValue;
    if (element) {
        element.value = '$new_Value_for_password_002';
        var event = new Event('input', { bubbles: true });
        element.dispatchEvent(event);
    }
    , null): Execute JavaScript '
    var element = document.evaluate("//label[text()='Confirm Password']/ancestor::div[@class='oxd-input-group__label-wrapper']/following-sibling::div//input[@class='oxd-input oxd-input--active']", document, null, XPathResult.FIRST_ORDERED_NODE_TYPE, null).singleNodeValue;
    if (element) {
        element.value = 'Fiboo987599@@';
        var event = new Event('input', { bubbles: true });
        element.dispatchEvent(event);
    }
    ' successfully

12-08-2024T16:43:16 - [MESSAGE][PASSED] - Execute JavaScript '
    var element = document.evaluate("//label[text()='Confirm Password']/ancestor::div[@class='oxd-input-group__label-wrapper']/following-sibling::div//input[@class='oxd-input oxd-input--active']", document, null, XPathResult.FIRST_ORDERED_NODE_TYPE, null).singleNodeValue;
    if (element) {
        element.value = 'Fiboo987599@@';
        var event = new Event('input', { bubbles: true });
        element.dispatchEvent(event);
    }
    ' successfully

12-08-2024T16:43:16 - [TEST_STEP][PASSED] - delay(1): Delayed 1 second(s)

12-08-2024T16:43:17 - [MESSAGE][PASSED] - Delayed 1 second(s)

12-08-2024T16:43:17 - [TEST_STEP][PASSED] - randomString = RandomStringUtils.randomAlphabetic(7): null

12-08-2024T16:43:17 - [TEST_STEP][PASSED] - newValue = "User_name_" + randomString: null

12-08-2024T16:43:17 - [TEST_STEP][PASSED] - xpath_for_user_name = "//label[text()='Username']/ancestor::div[@class='oxd-input-group__label-wrapper']/following-sibling::div//input[@class='oxd-input oxd-input--active']": null

12-08-2024T16:43:17 - [TEST_STEP][PASSED] - inputField = TestObject().addProperty("xpath", EQUALS, xpath_for_user_name): null

12-08-2024T16:43:17 - [TEST_STEP][PASSED] - executeJavaScript(
    var element = document.evaluate("$xpath_for_user_name", document, null, XPathResult.FIRST_ORDERED_NODE_TYPE, null).singleNodeValue;
    if (element) {
        element.value = '$newValue';
        var event = new Event('input', { bubbles: true });
        element.dispatchEvent(event);
    }
    , null): Execute JavaScript '
    var element = document.evaluate("//label[text()='Username']/ancestor::div[@class='oxd-input-group__label-wrapper']/following-sibling::div//input[@class='oxd-input oxd-input--active']", document, null, XPathResult.FIRST_ORDERED_NODE_TYPE, null).singleNodeValue;
    if (element) {
        element.value = 'User_name_YfZLDWC';
        var event = new Event('input', { bubbles: true });
        element.dispatchEvent(event);
    }
    ' successfully

12-08-2024T16:43:17 - [MESSAGE][PASSED] - Execute JavaScript '
    var element = document.evaluate("//label[text()='Username']/ancestor::div[@class='oxd-input-group__label-wrapper']/following-sibling::div//input[@class='oxd-input oxd-input--active']", document, null, XPathResult.FIRST_ORDERED_NODE_TYPE, null).singleNodeValue;
    if (element) {
        element.value = 'User_name_YfZLDWC';
        var event = new Event('input', { bubbles: true });
        element.dispatchEvent(event);
    }
    ' successfully

12-08-2024T16:43:17 - [TEST_STEP][PASSED] - delay(1): Delayed 1 second(s)

12-08-2024T16:43:18 - [MESSAGE][PASSED] - Delayed 1 second(s)

12-08-2024T16:43:18 - [TEST_STEP][PASSED] - User_name = getAttribute(findTestObject("Object Repository/ADDING_A_NEW_EMPLOYEE/Add_employee_username"), "value"): Attribute 'value' of object 'Object Repository/ADDING_A_NEW_EMPLOYEE/Add_employee_username' is: 'User_name_YfZLDWC'

12-08-2024T16:43:19 - [MESSAGE][PASSED] - Attribute 'value' of object 'Object Repository/ADDING_A_NEW_EMPLOYEE/Add_employee_username' is: 'User_name_YfZLDWC'

12-08-2024T16:43:19 - [TEST_STEP][PASSED] - out.println(User_name): null

12-08-2024T16:43:19 - [TEST_STEP][PASSED] - out.println(Password): null

12-08-2024T16:43:19 - [TEST_STEP][PASSED] - First_name = getAttribute(findTestObject("Object Repository/ADDING_A_NEW_EMPLOYEE/Add_Employee_first_name"), "value"): Attribute 'value' of object 'Object Repository/ADDING_A_NEW_EMPLOYEE/Add_Employee_first_name' is: 'First_name_OPbwLKq'

12-08-2024T16:43:19 - [MESSAGE][PASSED] - Attribute 'value' of object 'Object Repository/ADDING_A_NEW_EMPLOYEE/Add_Employee_first_name' is: 'First_name_OPbwLKq'

12-08-2024T16:43:19 - [TEST_STEP][PASSED] - out.println(First_name): null

12-08-2024T16:43:19 - [TEST_STEP][PASSED] - Middle_name = getAttribute(findTestObject("Object Repository/ADDING_A_NEW_EMPLOYEE/Add_employee_middle_name"), "value"): Attribute 'value' of object 'Object Repository/ADDING_A_NEW_EMPLOYEE/Add_employee_middle_name' is: 'Middle_name_AHEvGXE'

12-08-2024T16:43:19 - [MESSAGE][PASSED] - Attribute 'value' of object 'Object Repository/ADDING_A_NEW_EMPLOYEE/Add_employee_middle_name' is: 'Middle_name_AHEvGXE'

12-08-2024T16:43:19 - [TEST_STEP][PASSED] - out.println(Middle_name): null

12-08-2024T16:43:19 - [TEST_STEP][PASSED] - Last_name = getAttribute(findTestObject("Object Repository/ADDING_A_NEW_EMPLOYEE/Add_employee_last_name"), "value"): Attribute 'value' of object 'Object Repository/ADDING_A_NEW_EMPLOYEE/Add_employee_last_name' is: 'Last_name_JrILeAE'

12-08-2024T16:43:20 - [MESSAGE][PASSED] - Attribute 'value' of object 'Object Repository/ADDING_A_NEW_EMPLOYEE/Add_employee_last_name' is: 'Last_name_JrILeAE'

12-08-2024T16:43:20 - [TEST_STEP][PASSED] - out.println(Last_name): null

12-08-2024T16:43:20 - [TEST_STEP][PASSED] - employee_id = getAttribute(findTestObject("Object Repository/ADDING_A_NEW_EMPLOYEE/Add_employee_id"), "value"): Attribute 'value' of object 'Object Repository/ADDING_A_NEW_EMPLOYEE/Add_employee_id' is: '333352974'

12-08-2024T16:43:20 - [MESSAGE][PASSED] - Attribute 'value' of object 'Object Repository/ADDING_A_NEW_EMPLOYEE/Add_employee_id' is: '333352974'

12-08-2024T16:43:20 - [TEST_STEP][PASSED] - out.println(employee_id): null

12-08-2024T16:43:20 - [TEST_STEP][PASSED] - delay(3): Delayed 3 second(s)

12-08-2024T16:43:23 - [MESSAGE][PASSED] - Delayed 3 second(s)

12-08-2024T16:43:23 - [TEST_STEP][PASSED] - click(findTestObject("Object Repository/ADDING_A_NEW_EMPLOYEE/Add_employee_save_button")): Object: 'Object Repository/ADDING_A_NEW_EMPLOYEE/Add_employee_save_button' is clicked on

12-08-2024T16:43:24 - [MESSAGE][PASSED] - Object: 'Object Repository/ADDING_A_NEW_EMPLOYEE/Add_employee_save_button' is clicked on

12-08-2024T16:43:24 - [TEST_STEP][PASSED] - delay(2): Delayed 2 second(s)

12-08-2024T16:43:26 - [MESSAGE][PASSED] - Delayed 2 second(s)

12-08-2024T16:43:26 - [MESSAGE][PASSED] - Call Test Case 'Test Cases/ADDING_A_NEW_EMPLOYEE' successfully

12-08-2024T16:43:26 - [TEST_STEP][PASSED] - rowIndex = sheet.getLastRowNum() + 1: null

12-08-2024T16:43:26 - [TEST_STEP][PASSED] - row = sheet.createRow(rowIndex): null

12-08-2024T16:43:26 - [TEST_STEP][PASSED] - createCell(0).setCellValue(First_name): null

12-08-2024T16:43:26 - [TEST_STEP][PASSED] - createCell(1).setCellValue(Middle_name): null

12-08-2024T16:43:26 - [TEST_STEP][PASSED] - createCell(2).setCellValue(Last_name): null

12-08-2024T16:43:26 - [TEST_STEP][PASSED] - createCell(3).setCellValue(User_name): null

12-08-2024T16:43:26 - [TEST_STEP][PASSED] - createCell(4).setCellValue(Password): null

12-08-2024T16:43:26 - [TEST_STEP][PASSED] - createCell(5).setCellValue(employee_id): null

12-08-2024T16:43:26 - [TEST_STEP][PASSED] - callTestCase(findTestCase("ADDING_A_NEW_EMPLOYEE"), [:], STOP_ON_FAILURE): Call Test Case 'Test Cases/ADDING_A_NEW_EMPLOYEE' successfully

12-08-2024T16:43:26 - [TEST_CASE][PASSED] - Test Cases/ADDING_A_NEW_EMPLOYEE: Test Cases/ADDING_A_NEW_EMPLOYEE

12-08-2024T16:43:26 - [TEST_STEP][PASSED] - verifyElementPresent(findTestObject("ADDING_A_NEW_EMPLOYEE/pim_option_from_side_bar"), 10): Object 'Object Repository/ADDING_A_NEW_EMPLOYEE/pim_option_from_side_bar' is present

12-08-2024T16:43:27 - [MESSAGE][PASSED] - Object 'Object Repository/ADDING_A_NEW_EMPLOYEE/pim_option_from_side_bar' is present

12-08-2024T16:43:27 - [TEST_STEP][PASSED] - click(findTestObject("ADDING_A_NEW_EMPLOYEE/pim_option_from_side_bar")): Object: 'Object Repository/ADDING_A_NEW_EMPLOYEE/pim_option_from_side_bar' is clicked on

12-08-2024T16:43:28 - [MESSAGE][PASSED] - Object: 'Object Repository/ADDING_A_NEW_EMPLOYEE/pim_option_from_side_bar' is clicked on

12-08-2024T16:43:28 - [TEST_STEP][PASSED] - waitForElementPresent(findTestObject("ADDING_A_NEW_EMPLOYEE/adding_new_employee_button_in_pim_page"), 10): Object 'Object Repository/ADDING_A_NEW_EMPLOYEE/adding_new_employee_button_in_pim_page' is present

12-08-2024T16:43:29 - [MESSAGE][PASSED] - Object 'Object Repository/ADDING_A_NEW_EMPLOYEE/adding_new_employee_button_in_pim_page' is present

12-08-2024T16:43:29 - [TEST_STEP][PASSED] - click(findTestObject("ADDING_A_NEW_EMPLOYEE/adding_new_employee_button_in_pim_page")): Object: 'Object Repository/ADDING_A_NEW_EMPLOYEE/adding_new_employee_button_in_pim_page' is clicked on

12-08-2024T16:43:31 - [MESSAGE][PASSED] - Object: 'Object Repository/ADDING_A_NEW_EMPLOYEE/adding_new_employee_button_in_pim_page' is clicked on

12-08-2024T16:43:31 - [TEST_STEP][PASSED] - verifyElementPresent(findTestObject("ADDING_A_NEW_EMPLOYEE/create_login_details_checkbox"), 10): Object 'Object Repository/ADDING_A_NEW_EMPLOYEE/create_login_details_checkbox' is present

12-08-2024T16:43:32 - [MESSAGE][PASSED] - Object 'Object Repository/ADDING_A_NEW_EMPLOYEE/create_login_details_checkbox' is present

12-08-2024T16:43:32 - [TEST_STEP][PASSED] - click(findTestObject("ADDING_A_NEW_EMPLOYEE/create_login_details_checkbox")): Object: 'Object Repository/ADDING_A_NEW_EMPLOYEE/create_login_details_checkbox' is clicked on

12-08-2024T16:43:33 - [MESSAGE][PASSED] - Object: 'Object Repository/ADDING_A_NEW_EMPLOYEE/create_login_details_checkbox' is clicked on

12-08-2024T16:43:33 - [TEST_STEP][PASSED] - verifyElementPresent(findTestObject("Object Repository/ADDING_A_NEW_EMPLOYEE/Add_employee_enabled_radio_button"), 10): Object 'Object Repository/ADDING_A_NEW_EMPLOYEE/Add_employee_enabled_radio_button' is present

12-08-2024T16:43:33 - [MESSAGE][PASSED] - Object 'Object Repository/ADDING_A_NEW_EMPLOYEE/Add_employee_enabled_radio_button' is present

12-08-2024T16:43:33 - [TEST_STEP][PASSED] - click(findTestObject("Object Repository/ADDING_A_NEW_EMPLOYEE/Add_employee_enabled_radio_button")): Object: 'Object Repository/ADDING_A_NEW_EMPLOYEE/Add_employee_enabled_radio_button' is clicked on

12-08-2024T16:43:33 - [MESSAGE][PASSED] - Object: 'Object Repository/ADDING_A_NEW_EMPLOYEE/Add_employee_enabled_radio_button' is clicked on

12-08-2024T16:43:33 - [TEST_STEP][PASSED] - verifyElementPresent(findTestObject("Object Repository/ADDING_A_NEW_EMPLOYEE/Add_Employee_first_name"), 10): Object 'Object Repository/ADDING_A_NEW_EMPLOYEE/Add_Employee_first_name' is present

12-08-2024T16:43:34 - [MESSAGE][PASSED] - Object 'Object Repository/ADDING_A_NEW_EMPLOYEE/Add_Employee_first_name' is present

12-08-2024T16:43:34 - [TEST_STEP][PASSED] - click(findTestObject("Object Repository/ADDING_A_NEW_EMPLOYEE/Add_Employee_first_name")): Object: 'Object Repository/ADDING_A_NEW_EMPLOYEE/Add_Employee_first_name' is clicked on

12-08-2024T16:43:34 - [MESSAGE][PASSED] - Object: 'Object Repository/ADDING_A_NEW_EMPLOYEE/Add_Employee_first_name' is clicked on

12-08-2024T16:43:34 - [TEST_STEP][PASSED] - setText(findTestObject("Object Repository/ADDING_A_NEW_EMPLOYEE/Add_Employee_first_name"), "First_name_" + RandomStringUtils.randomAlphabetic(7)): Text 'First_name_eTbmvSy' is set on object 'Object Repository/ADDING_A_NEW_EMPLOYEE/Add_Employee_first_name'

12-08-2024T16:43:35 - [MESSAGE][PASSED] - Text 'First_name_eTbmvSy' is set on object 'Object Repository/ADDING_A_NEW_EMPLOYEE/Add_Employee_first_name'

12-08-2024T16:43:35 - [TEST_STEP][PASSED] - verifyElementPresent(findTestObject("Object Repository/ADDING_A_NEW_EMPLOYEE/Add_employee_middle_name"), 10): Object 'Object Repository/ADDING_A_NEW_EMPLOYEE/Add_employee_middle_name' is present

12-08-2024T16:43:35 - [MESSAGE][PASSED] - Object 'Object Repository/ADDING_A_NEW_EMPLOYEE/Add_employee_middle_name' is present

12-08-2024T16:43:35 - [TEST_STEP][PASSED] - click(findTestObject("Object Repository/ADDING_A_NEW_EMPLOYEE/Add_employee_middle_name")): Object: 'Object Repository/ADDING_A_NEW_EMPLOYEE/Add_employee_middle_name' is clicked on

12-08-2024T16:43:35 - [MESSAGE][PASSED] - Object: 'Object Repository/ADDING_A_NEW_EMPLOYEE/Add_employee_middle_name' is clicked on

12-08-2024T16:43:35 - [TEST_STEP][PASSED] - setText(findTestObject("Object Repository/ADDING_A_NEW_EMPLOYEE/Add_employee_middle_name"), "Middle_name_" + RandomStringUtils.randomAlphabetic(7)): Text 'Middle_name_mAbnjLQ' is set on object 'Object Repository/ADDING_A_NEW_EMPLOYEE/Add_employee_middle_name'

12-08-2024T16:43:36 - [MESSAGE][PASSED] - Text 'Middle_name_mAbnjLQ' is set on object 'Object Repository/ADDING_A_NEW_EMPLOYEE/Add_employee_middle_name'

12-08-2024T16:43:36 - [TEST_STEP][PASSED] - verifyElementPresent(findTestObject("Object Repository/ADDING_A_NEW_EMPLOYEE/Add_employee_last_name"), 10): Object 'Object Repository/ADDING_A_NEW_EMPLOYEE/Add_employee_last_name' is present

12-08-2024T16:43:36 - [MESSAGE][PASSED] - Object 'Object Repository/ADDING_A_NEW_EMPLOYEE/Add_employee_last_name' is present

12-08-2024T16:43:36 - [TEST_STEP][PASSED] - click(findTestObject("Object Repository/ADDING_A_NEW_EMPLOYEE/Add_employee_last_name")): Object: 'Object Repository/ADDING_A_NEW_EMPLOYEE/Add_employee_last_name' is clicked on

12-08-2024T16:43:37 - [MESSAGE][PASSED] - Object: 'Object Repository/ADDING_A_NEW_EMPLOYEE/Add_employee_last_name' is clicked on

12-08-2024T16:43:37 - [TEST_STEP][PASSED] - setText(findTestObject("Object Repository/ADDING_A_NEW_EMPLOYEE/Add_employee_last_name"), "Last_name_" + RandomStringUtils.randomAlphabetic(7)): Text 'Last_name_kxqufBH' is set on object 'Object Repository/ADDING_A_NEW_EMPLOYEE/Add_employee_last_name'

12-08-2024T16:43:37 - [MESSAGE][PASSED] - Text 'Last_name_kxqufBH' is set on object 'Object Repository/ADDING_A_NEW_EMPLOYEE/Add_employee_last_name'

12-08-2024T16:43:37 - [TEST_STEP][PASSED] - randomString_001 = RandomStringUtils.randomNumeric(6): null

12-08-2024T16:43:37 - [TEST_STEP][PASSED] - newValue_001 = "333" + randomString_001: null

12-08-2024T16:43:37 - [TEST_STEP][PASSED] - xpath_for_employee_id = "//label[text()='Employee Id']/ancestor::div[@class='oxd-input-group__label-wrapper']/following-sibling::div//input[@class='oxd-input oxd-input--active']": null

12-08-2024T16:43:37 - [TEST_STEP][PASSED] - inputField_001 = TestObject().addProperty("xpath", EQUALS, xpath_for_employee_id): null

12-08-2024T16:43:37 - [TEST_STEP][PASSED] - executeJavaScript(
    var element = document.evaluate("$xpath_for_employee_id", document, null, XPathResult.FIRST_ORDERED_NODE_TYPE, null).singleNodeValue;
    if (element) {
        element.value = '$newValue_001';
        var event = new Event('input', { bubbles: true });
        element.dispatchEvent(event);
    }
    , null): Execute JavaScript '
    var element = document.evaluate("//label[text()='Employee Id']/ancestor::div[@class='oxd-input-group__label-wrapper']/following-sibling::div//input[@class='oxd-input oxd-input--active']", document, null, XPathResult.FIRST_ORDERED_NODE_TYPE, null).singleNodeValue;
    if (element) {
        element.value = '333107318';
        var event = new Event('input', { bubbles: true });
        element.dispatchEvent(event);
    }
    ' successfully

12-08-2024T16:43:37 - [MESSAGE][PASSED] - Execute JavaScript '
    var element = document.evaluate("//label[text()='Employee Id']/ancestor::div[@class='oxd-input-group__label-wrapper']/following-sibling::div//input[@class='oxd-input oxd-input--active']", document, null, XPathResult.FIRST_ORDERED_NODE_TYPE, null).singleNodeValue;
    if (element) {
        element.value = '333107318';
        var event = new Event('input', { bubbles: true });
        element.dispatchEvent(event);
    }
    ' successfully

12-08-2024T16:43:37 - [TEST_STEP][PASSED] - delay(3): Delayed 3 second(s)

12-08-2024T16:43:40 - [MESSAGE][PASSED] - Delayed 3 second(s)

12-08-2024T16:43:40 - [TEST_STEP][PASSED] - randomString_for_password = RandomStringUtils.randomNumeric(6): null

12-08-2024T16:43:40 - [TEST_STEP][PASSED] - new_Value_for_password = "Fiboo" + randomString_for_password + "@@": null

12-08-2024T16:43:40 - [TEST_STEP][PASSED] - xpath_for_password = "//label[text()='Username']/ancestor::div[@class='oxd-input-group__label-wrapper']/following-sibling::div//input[@class='oxd-input oxd-input--active']": null

12-08-2024T16:43:40 - [TEST_STEP][PASSED] - inputField_for_password = TestObject().addProperty("xpath", EQUALS, xpath_for_password): null

12-08-2024T16:43:40 - [TEST_STEP][PASSED] - executeJavaScript(
    var element = document.evaluate("$xpath_for_password", document, null, XPathResult.FIRST_ORDERED_NODE_TYPE, null).singleNodeValue;
    if (element) {
        element.value = '$new_Value_for_password';
        var event = new Event('input', { bubbles: true });
        element.dispatchEvent(event);
    }
    , null): Execute JavaScript '
    var element = document.evaluate("//label[text()='Username']/ancestor::div[@class='oxd-input-group__label-wrapper']/following-sibling::div//input[@class='oxd-input oxd-input--active']", document, null, XPathResult.FIRST_ORDERED_NODE_TYPE, null).singleNodeValue;
    if (element) {
        element.value = 'Fiboo681489@@';
        var event = new Event('input', { bubbles: true });
        element.dispatchEvent(event);
    }
    ' successfully

12-08-2024T16:43:40 - [MESSAGE][PASSED] - Execute JavaScript '
    var element = document.evaluate("//label[text()='Username']/ancestor::div[@class='oxd-input-group__label-wrapper']/following-sibling::div//input[@class='oxd-input oxd-input--active']", document, null, XPathResult.FIRST_ORDERED_NODE_TYPE, null).singleNodeValue;
    if (element) {
        element.value = 'Fiboo681489@@';
        var event = new Event('input', { bubbles: true });
        element.dispatchEvent(event);
    }
    ' successfully

12-08-2024T16:43:40 - [TEST_STEP][PASSED] - delay(1): Delayed 1 second(s)

12-08-2024T16:43:41 - [MESSAGE][PASSED] - Delayed 1 second(s)

12-08-2024T16:43:41 - [TEST_STEP][PASSED] - Password = getAttribute(findTestObject("Object Repository/ADDING_A_NEW_EMPLOYEE/Add_employee_username"), "value"): Attribute 'value' of object 'Object Repository/ADDING_A_NEW_EMPLOYEE/Add_employee_username' is: 'Fiboo681489@@'

12-08-2024T16:43:42 - [MESSAGE][PASSED] - Attribute 'value' of object 'Object Repository/ADDING_A_NEW_EMPLOYEE/Add_employee_username' is: 'Fiboo681489@@'

12-08-2024T16:43:42 - [TEST_STEP][PASSED] - out.println(Password): null

12-08-2024T16:43:42 - [TEST_STEP][PASSED] - new_Value_for_password_001 = Password: null

12-08-2024T16:43:42 - [TEST_STEP][PASSED] - xpath_for_password_001 = "//label[text()='Password']/ancestor::div[@class='oxd-input-group__label-wrapper']/following-sibling::div//input[@class='oxd-input oxd-input--active']": null

12-08-2024T16:43:42 - [TEST_STEP][PASSED] - inputField_for_password_001 = TestObject().addProperty("xpath", EQUALS, xpath_for_password_001): null

12-08-2024T16:43:42 - [TEST_STEP][PASSED] - executeJavaScript(
    var element = document.evaluate("$xpath_for_password_001", document, null, XPathResult.FIRST_ORDERED_NODE_TYPE, null).singleNodeValue;
    if (element) {
        element.value = '$new_Value_for_password_001';
        var event = new Event('input', { bubbles: true });
        element.dispatchEvent(event);
    }
    , null): Execute JavaScript '
    var element = document.evaluate("//label[text()='Password']/ancestor::div[@class='oxd-input-group__label-wrapper']/following-sibling::div//input[@class='oxd-input oxd-input--active']", document, null, XPathResult.FIRST_ORDERED_NODE_TYPE, null).singleNodeValue;
    if (element) {
        element.value = 'Fiboo681489@@';
        var event = new Event('input', { bubbles: true });
        element.dispatchEvent(event);
    }
    ' successfully

12-08-2024T16:43:42 - [MESSAGE][PASSED] - Execute JavaScript '
    var element = document.evaluate("//label[text()='Password']/ancestor::div[@class='oxd-input-group__label-wrapper']/following-sibling::div//input[@class='oxd-input oxd-input--active']", document, null, XPathResult.FIRST_ORDERED_NODE_TYPE, null).singleNodeValue;
    if (element) {
        element.value = 'Fiboo681489@@';
        var event = new Event('input', { bubbles: true });
        element.dispatchEvent(event);
    }
    ' successfully

12-08-2024T16:43:42 - [TEST_STEP][PASSED] - delay(1): Delayed 1 second(s)

12-08-2024T16:43:43 - [MESSAGE][PASSED] - Delayed 1 second(s)

12-08-2024T16:43:43 - [TEST_STEP][PASSED] - new_Value_for_password_002 = Password: null

12-08-2024T16:43:43 - [TEST_STEP][PASSED] - xpath_for_password_002 = "//label[text()='Confirm Password']/ancestor::div[@class='oxd-input-group__label-wrapper']/following-sibling::div//input[@class='oxd-input oxd-input--active']": null

12-08-2024T16:43:43 - [TEST_STEP][PASSED] - inputField_for_password_002 = TestObject().addProperty("xpath", EQUALS, xpath_for_password_002): null

12-08-2024T16:43:43 - [TEST_STEP][PASSED] - executeJavaScript(
    var element = document.evaluate("$xpath_for_password_002", document, null, XPathResult.FIRST_ORDERED_NODE_TYPE, null).singleNodeValue;
    if (element) {
        element.value = '$new_Value_for_password_002';
        var event = new Event('input', { bubbles: true });
        element.dispatchEvent(event);
    }
    , null): Execute JavaScript '
    var element = document.evaluate("//label[text()='Confirm Password']/ancestor::div[@class='oxd-input-group__label-wrapper']/following-sibling::div//input[@class='oxd-input oxd-input--active']", document, null, XPathResult.FIRST_ORDERED_NODE_TYPE, null).singleNodeValue;
    if (element) {
        element.value = 'Fiboo681489@@';
        var event = new Event('input', { bubbles: true });
        element.dispatchEvent(event);
    }
    ' successfully

12-08-2024T16:43:43 - [MESSAGE][PASSED] - Execute JavaScript '
    var element = document.evaluate("//label[text()='Confirm Password']/ancestor::div[@class='oxd-input-group__label-wrapper']/following-sibling::div//input[@class='oxd-input oxd-input--active']", document, null, XPathResult.FIRST_ORDERED_NODE_TYPE, null).singleNodeValue;
    if (element) {
        element.value = 'Fiboo681489@@';
        var event = new Event('input', { bubbles: true });
        element.dispatchEvent(event);
    }
    ' successfully

12-08-2024T16:43:43 - [TEST_STEP][PASSED] - delay(1): Delayed 1 second(s)

12-08-2024T16:43:44 - [MESSAGE][PASSED] - Delayed 1 second(s)

12-08-2024T16:43:44 - [TEST_STEP][PASSED] - randomString = RandomStringUtils.randomAlphabetic(7): null

12-08-2024T16:43:44 - [TEST_STEP][PASSED] - newValue = "User_name_" + randomString: null

12-08-2024T16:43:44 - [TEST_STEP][PASSED] - xpath_for_user_name = "//label[text()='Username']/ancestor::div[@class='oxd-input-group__label-wrapper']/following-sibling::div//input[@class='oxd-input oxd-input--active']": null

12-08-2024T16:43:44 - [TEST_STEP][PASSED] - inputField = TestObject().addProperty("xpath", EQUALS, xpath_for_user_name): null

12-08-2024T16:43:44 - [TEST_STEP][PASSED] - executeJavaScript(
    var element = document.evaluate("$xpath_for_user_name", document, null, XPathResult.FIRST_ORDERED_NODE_TYPE, null).singleNodeValue;
    if (element) {
        element.value = '$newValue';
        var event = new Event('input', { bubbles: true });
        element.dispatchEvent(event);
    }
    , null): Execute JavaScript '
    var element = document.evaluate("//label[text()='Username']/ancestor::div[@class='oxd-input-group__label-wrapper']/following-sibling::div//input[@class='oxd-input oxd-input--active']", document, null, XPathResult.FIRST_ORDERED_NODE_TYPE, null).singleNodeValue;
    if (element) {
        element.value = 'User_name_DNRyNWv';
        var event = new Event('input', { bubbles: true });
        element.dispatchEvent(event);
    }
    ' successfully

12-08-2024T16:43:44 - [MESSAGE][PASSED] - Execute JavaScript '
    var element = document.evaluate("//label[text()='Username']/ancestor::div[@class='oxd-input-group__label-wrapper']/following-sibling::div//input[@class='oxd-input oxd-input--active']", document, null, XPathResult.FIRST_ORDERED_NODE_TYPE, null).singleNodeValue;
    if (element) {
        element.value = 'User_name_DNRyNWv';
        var event = new Event('input', { bubbles: true });
        element.dispatchEvent(event);
    }
    ' successfully

12-08-2024T16:43:44 - [TEST_STEP][PASSED] - delay(1): Delayed 1 second(s)

12-08-2024T16:43:45 - [MESSAGE][PASSED] - Delayed 1 second(s)

12-08-2024T16:43:45 - [TEST_STEP][PASSED] - User_name = getAttribute(findTestObject("Object Repository/ADDING_A_NEW_EMPLOYEE/Add_employee_username"), "value"): Attribute 'value' of object 'Object Repository/ADDING_A_NEW_EMPLOYEE/Add_employee_username' is: 'User_name_DNRyNWv'

12-08-2024T16:43:45 - [MESSAGE][PASSED] - Attribute 'value' of object 'Object Repository/ADDING_A_NEW_EMPLOYEE/Add_employee_username' is: 'User_name_DNRyNWv'

12-08-2024T16:43:45 - [TEST_STEP][PASSED] - out.println(User_name): null

12-08-2024T16:43:45 - [TEST_STEP][PASSED] - out.println(Password): null

12-08-2024T16:43:45 - [TEST_STEP][PASSED] - First_name = getAttribute(findTestObject("Object Repository/ADDING_A_NEW_EMPLOYEE/Add_Employee_first_name"), "value"): Attribute 'value' of object 'Object Repository/ADDING_A_NEW_EMPLOYEE/Add_Employee_first_name' is: 'First_name_eTbmvSy'

12-08-2024T16:43:45 - [MESSAGE][PASSED] - Attribute 'value' of object 'Object Repository/ADDING_A_NEW_EMPLOYEE/Add_Employee_first_name' is: 'First_name_eTbmvSy'

12-08-2024T16:43:45 - [TEST_STEP][PASSED] - out.println(First_name): null

12-08-2024T16:43:45 - [TEST_STEP][PASSED] - Middle_name = getAttribute(findTestObject("Object Repository/ADDING_A_NEW_EMPLOYEE/Add_employee_middle_name"), "value"): Attribute 'value' of object 'Object Repository/ADDING_A_NEW_EMPLOYEE/Add_employee_middle_name' is: 'Middle_name_mAbnjLQ'

12-08-2024T16:43:46 - [MESSAGE][PASSED] - Attribute 'value' of object 'Object Repository/ADDING_A_NEW_EMPLOYEE/Add_employee_middle_name' is: 'Middle_name_mAbnjLQ'

12-08-2024T16:43:46 - [TEST_STEP][PASSED] - out.println(Middle_name): null

12-08-2024T16:43:46 - [TEST_STEP][PASSED] - Last_name = getAttribute(findTestObject("Object Repository/ADDING_A_NEW_EMPLOYEE/Add_employee_last_name"), "value"): Attribute 'value' of object 'Object Repository/ADDING_A_NEW_EMPLOYEE/Add_employee_last_name' is: 'Last_name_kxqufBH'

12-08-2024T16:43:46 - [MESSAGE][PASSED] - Attribute 'value' of object 'Object Repository/ADDING_A_NEW_EMPLOYEE/Add_employee_last_name' is: 'Last_name_kxqufBH'

12-08-2024T16:43:46 - [TEST_STEP][PASSED] - out.println(Last_name): null

12-08-2024T16:43:46 - [TEST_STEP][PASSED] - employee_id = getAttribute(findTestObject("Object Repository/ADDING_A_NEW_EMPLOYEE/Add_employee_id"), "value"): Attribute 'value' of object 'Object Repository/ADDING_A_NEW_EMPLOYEE/Add_employee_id' is: '333107318'

12-08-2024T16:43:46 - [MESSAGE][PASSED] - Attribute 'value' of object 'Object Repository/ADDING_A_NEW_EMPLOYEE/Add_employee_id' is: '333107318'

12-08-2024T16:43:46 - [TEST_STEP][PASSED] - out.println(employee_id): null

12-08-2024T16:43:46 - [TEST_STEP][PASSED] - delay(3): Delayed 3 second(s)

12-08-2024T16:43:49 - [MESSAGE][PASSED] - Delayed 3 second(s)

12-08-2024T16:43:49 - [TEST_STEP][PASSED] - click(findTestObject("Object Repository/ADDING_A_NEW_EMPLOYEE/Add_employee_save_button")): Object: 'Object Repository/ADDING_A_NEW_EMPLOYEE/Add_employee_save_button' is clicked on

12-08-2024T16:43:50 - [MESSAGE][PASSED] - Object: 'Object Repository/ADDING_A_NEW_EMPLOYEE/Add_employee_save_button' is clicked on

12-08-2024T16:43:50 - [TEST_STEP][PASSED] - delay(2): Delayed 2 second(s)

12-08-2024T16:43:52 - [MESSAGE][PASSED] - Delayed 2 second(s)

12-08-2024T16:43:52 - [MESSAGE][PASSED] - Call Test Case 'Test Cases/ADDING_A_NEW_EMPLOYEE' successfully

12-08-2024T16:43:52 - [TEST_STEP][PASSED] - rowIndex = sheet.getLastRowNum() + 1: null

12-08-2024T16:43:52 - [TEST_STEP][PASSED] - row = sheet.createRow(rowIndex): null

12-08-2024T16:43:52 - [TEST_STEP][PASSED] - createCell(0).setCellValue(First_name): null

12-08-2024T16:43:52 - [TEST_STEP][PASSED] - createCell(1).setCellValue(Middle_name): null

12-08-2024T16:43:52 - [TEST_STEP][PASSED] - createCell(2).setCellValue(Last_name): null

12-08-2024T16:43:52 - [TEST_STEP][PASSED] - createCell(3).setCellValue(User_name): null

12-08-2024T16:43:52 - [TEST_STEP][PASSED] - createCell(4).setCellValue(Password): null

12-08-2024T16:43:52 - [TEST_STEP][PASSED] - createCell(5).setCellValue(employee_id): null

12-08-2024T16:43:52 - [TEST_STEP][PASSED] - callTestCase(findTestCase("ADDING_A_NEW_EMPLOYEE"), [:], STOP_ON_FAILURE): Call Test Case 'Test Cases/ADDING_A_NEW_EMPLOYEE' successfully

12-08-2024T16:43:52 - [TEST_CASE][PASSED] - Test Cases/ADDING_A_NEW_EMPLOYEE: Test Cases/ADDING_A_NEW_EMPLOYEE

12-08-2024T16:43:52 - [TEST_STEP][PASSED] - verifyElementPresent(findTestObject("ADDING_A_NEW_EMPLOYEE/pim_option_from_side_bar"), 10): Object 'Object Repository/ADDING_A_NEW_EMPLOYEE/pim_option_from_side_bar' is present

12-08-2024T16:43:53 - [MESSAGE][PASSED] - Object 'Object Repository/ADDING_A_NEW_EMPLOYEE/pim_option_from_side_bar' is present

12-08-2024T16:43:53 - [TEST_STEP][PASSED] - click(findTestObject("ADDING_A_NEW_EMPLOYEE/pim_option_from_side_bar")): Object: 'Object Repository/ADDING_A_NEW_EMPLOYEE/pim_option_from_side_bar' is clicked on

12-08-2024T16:43:54 - [MESSAGE][PASSED] - Object: 'Object Repository/ADDING_A_NEW_EMPLOYEE/pim_option_from_side_bar' is clicked on

12-08-2024T16:43:54 - [TEST_STEP][PASSED] - waitForElementPresent(findTestObject("ADDING_A_NEW_EMPLOYEE/adding_new_employee_button_in_pim_page"), 10): Object 'Object Repository/ADDING_A_NEW_EMPLOYEE/adding_new_employee_button_in_pim_page' is present

12-08-2024T16:43:55 - [MESSAGE][PASSED] - Object 'Object Repository/ADDING_A_NEW_EMPLOYEE/adding_new_employee_button_in_pim_page' is present

12-08-2024T16:43:55 - [TEST_STEP][PASSED] - click(findTestObject("ADDING_A_NEW_EMPLOYEE/adding_new_employee_button_in_pim_page")): Object: 'Object Repository/ADDING_A_NEW_EMPLOYEE/adding_new_employee_button_in_pim_page' is clicked on

12-08-2024T16:43:57 - [MESSAGE][PASSED] - Object: 'Object Repository/ADDING_A_NEW_EMPLOYEE/adding_new_employee_button_in_pim_page' is clicked on

12-08-2024T16:43:57 - [TEST_STEP][PASSED] - verifyElementPresent(findTestObject("ADDING_A_NEW_EMPLOYEE/create_login_details_checkbox"), 10): Object 'Object Repository/ADDING_A_NEW_EMPLOYEE/create_login_details_checkbox' is present

12-08-2024T16:43:58 - [MESSAGE][PASSED] - Object 'Object Repository/ADDING_A_NEW_EMPLOYEE/create_login_details_checkbox' is present

12-08-2024T16:43:58 - [TEST_STEP][PASSED] - click(findTestObject("ADDING_A_NEW_EMPLOYEE/create_login_details_checkbox")): Object: 'Object Repository/ADDING_A_NEW_EMPLOYEE/create_login_details_checkbox' is clicked on

12-08-2024T16:43:58 - [MESSAGE][PASSED] - Object: 'Object Repository/ADDING_A_NEW_EMPLOYEE/create_login_details_checkbox' is clicked on

12-08-2024T16:43:58 - [TEST_STEP][PASSED] - verifyElementPresent(findTestObject("Object Repository/ADDING_A_NEW_EMPLOYEE/Add_employee_enabled_radio_button"), 10): Object 'Object Repository/ADDING_A_NEW_EMPLOYEE/Add_employee_enabled_radio_button' is present

12-08-2024T16:43:59 - [MESSAGE][PASSED] - Object 'Object Repository/ADDING_A_NEW_EMPLOYEE/Add_employee_enabled_radio_button' is present

12-08-2024T16:43:59 - [TEST_STEP][PASSED] - click(findTestObject("Object Repository/ADDING_A_NEW_EMPLOYEE/Add_employee_enabled_radio_button")): Object: 'Object Repository/ADDING_A_NEW_EMPLOYEE/Add_employee_enabled_radio_button' is clicked on

12-08-2024T16:43:59 - [MESSAGE][PASSED] - Object: 'Object Repository/ADDING_A_NEW_EMPLOYEE/Add_employee_enabled_radio_button' is clicked on

12-08-2024T16:43:59 - [TEST_STEP][PASSED] - verifyElementPresent(findTestObject("Object Repository/ADDING_A_NEW_EMPLOYEE/Add_Employee_first_name"), 10): Object 'Object Repository/ADDING_A_NEW_EMPLOYEE/Add_Employee_first_name' is present

12-08-2024T16:43:59 - [MESSAGE][PASSED] - Object 'Object Repository/ADDING_A_NEW_EMPLOYEE/Add_Employee_first_name' is present

12-08-2024T16:43:59 - [TEST_STEP][PASSED] - click(findTestObject("Object Repository/ADDING_A_NEW_EMPLOYEE/Add_Employee_first_name")): Object: 'Object Repository/ADDING_A_NEW_EMPLOYEE/Add_Employee_first_name' is clicked on

12-08-2024T16:44:00 - [MESSAGE][PASSED] - Object: 'Object Repository/ADDING_A_NEW_EMPLOYEE/Add_Employee_first_name' is clicked on

12-08-2024T16:44:00 - [TEST_STEP][PASSED] - setText(findTestObject("Object Repository/ADDING_A_NEW_EMPLOYEE/Add_Employee_first_name"), "First_name_" + RandomStringUtils.randomAlphabetic(7)): Text 'First_name_SAYQJSS' is set on object 'Object Repository/ADDING_A_NEW_EMPLOYEE/Add_Employee_first_name'

12-08-2024T16:44:00 - [MESSAGE][PASSED] - Text 'First_name_SAYQJSS' is set on object 'Object Repository/ADDING_A_NEW_EMPLOYEE/Add_Employee_first_name'

12-08-2024T16:44:00 - [TEST_STEP][PASSED] - verifyElementPresent(findTestObject("Object Repository/ADDING_A_NEW_EMPLOYEE/Add_employee_middle_name"), 10): Object 'Object Repository/ADDING_A_NEW_EMPLOYEE/Add_employee_middle_name' is present

12-08-2024T16:44:01 - [MESSAGE][PASSED] - Object 'Object Repository/ADDING_A_NEW_EMPLOYEE/Add_employee_middle_name' is present

12-08-2024T16:44:01 - [TEST_STEP][PASSED] - click(findTestObject("Object Repository/ADDING_A_NEW_EMPLOYEE/Add_employee_middle_name")): Object: 'Object Repository/ADDING_A_NEW_EMPLOYEE/Add_employee_middle_name' is clicked on

12-08-2024T16:44:01 - [MESSAGE][PASSED] - Object: 'Object Repository/ADDING_A_NEW_EMPLOYEE/Add_employee_middle_name' is clicked on

12-08-2024T16:44:01 - [TEST_STEP][PASSED] - setText(findTestObject("Object Repository/ADDING_A_NEW_EMPLOYEE/Add_employee_middle_name"), "Middle_name_" + RandomStringUtils.randomAlphabetic(7)): Text 'Middle_name_kaUuFln' is set on object 'Object Repository/ADDING_A_NEW_EMPLOYEE/Add_employee_middle_name'

12-08-2024T16:44:02 - [MESSAGE][PASSED] - Text 'Middle_name_kaUuFln' is set on object 'Object Repository/ADDING_A_NEW_EMPLOYEE/Add_employee_middle_name'

12-08-2024T16:44:02 - [TEST_STEP][PASSED] - verifyElementPresent(findTestObject("Object Repository/ADDING_A_NEW_EMPLOYEE/Add_employee_last_name"), 10): Object 'Object Repository/ADDING_A_NEW_EMPLOYEE/Add_employee_last_name' is present

12-08-2024T16:44:02 - [MESSAGE][PASSED] - Object 'Object Repository/ADDING_A_NEW_EMPLOYEE/Add_employee_last_name' is present

12-08-2024T16:44:02 - [TEST_STEP][PASSED] - click(findTestObject("Object Repository/ADDING_A_NEW_EMPLOYEE/Add_employee_last_name")): Object: 'Object Repository/ADDING_A_NEW_EMPLOYEE/Add_employee_last_name' is clicked on

12-08-2024T16:44:02 - [MESSAGE][PASSED] - Object: 'Object Repository/ADDING_A_NEW_EMPLOYEE/Add_employee_last_name' is clicked on

12-08-2024T16:44:02 - [TEST_STEP][PASSED] - setText(findTestObject("Object Repository/ADDING_A_NEW_EMPLOYEE/Add_employee_last_name"), "Last_name_" + RandomStringUtils.randomAlphabetic(7)): Text 'Last_name_EubdDjc' is set on object 'Object Repository/ADDING_A_NEW_EMPLOYEE/Add_employee_last_name'

12-08-2024T16:44:03 - [MESSAGE][PASSED] - Text 'Last_name_EubdDjc' is set on object 'Object Repository/ADDING_A_NEW_EMPLOYEE/Add_employee_last_name'

12-08-2024T16:44:03 - [TEST_STEP][PASSED] - randomString_001 = RandomStringUtils.randomNumeric(6): null

12-08-2024T16:44:03 - [TEST_STEP][PASSED] - newValue_001 = "333" + randomString_001: null

12-08-2024T16:44:03 - [TEST_STEP][PASSED] - xpath_for_employee_id = "//label[text()='Employee Id']/ancestor::div[@class='oxd-input-group__label-wrapper']/following-sibling::div//input[@class='oxd-input oxd-input--active']": null

12-08-2024T16:44:03 - [TEST_STEP][PASSED] - inputField_001 = TestObject().addProperty("xpath", EQUALS, xpath_for_employee_id): null

12-08-2024T16:44:03 - [TEST_STEP][PASSED] - executeJavaScript(
    var element = document.evaluate("$xpath_for_employee_id", document, null, XPathResult.FIRST_ORDERED_NODE_TYPE, null).singleNodeValue;
    if (element) {
        element.value = '$newValue_001';
        var event = new Event('input', { bubbles: true });
        element.dispatchEvent(event);
    }
    , null): Execute JavaScript '
    var element = document.evaluate("//label[text()='Employee Id']/ancestor::div[@class='oxd-input-group__label-wrapper']/following-sibling::div//input[@class='oxd-input oxd-input--active']", document, null, XPathResult.FIRST_ORDERED_NODE_TYPE, null).singleNodeValue;
    if (element) {
        element.value = '333496747';
        var event = new Event('input', { bubbles: true });
        element.dispatchEvent(event);
    }
    ' successfully

12-08-2024T16:44:03 - [MESSAGE][PASSED] - Execute JavaScript '
    var element = document.evaluate("//label[text()='Employee Id']/ancestor::div[@class='oxd-input-group__label-wrapper']/following-sibling::div//input[@class='oxd-input oxd-input--active']", document, null, XPathResult.FIRST_ORDERED_NODE_TYPE, null).singleNodeValue;
    if (element) {
        element.value = '333496747';
        var event = new Event('input', { bubbles: true });
        element.dispatchEvent(event);
    }
    ' successfully

12-08-2024T16:44:03 - [TEST_STEP][PASSED] - delay(3): Delayed 3 second(s)

12-08-2024T16:44:06 - [MESSAGE][PASSED] - Delayed 3 second(s)

12-08-2024T16:44:06 - [TEST_STEP][PASSED] - randomString_for_password = RandomStringUtils.randomNumeric(6): null

12-08-2024T16:44:06 - [TEST_STEP][PASSED] - new_Value_for_password = "Fiboo" + randomString_for_password + "@@": null

12-08-2024T16:44:06 - [TEST_STEP][PASSED] - xpath_for_password = "//label[text()='Username']/ancestor::div[@class='oxd-input-group__label-wrapper']/following-sibling::div//input[@class='oxd-input oxd-input--active']": null

12-08-2024T16:44:06 - [TEST_STEP][PASSED] - inputField_for_password = TestObject().addProperty("xpath", EQUALS, xpath_for_password): null

12-08-2024T16:44:06 - [TEST_STEP][PASSED] - executeJavaScript(
    var element = document.evaluate("$xpath_for_password", document, null, XPathResult.FIRST_ORDERED_NODE_TYPE, null).singleNodeValue;
    if (element) {
        element.value = '$new_Value_for_password';
        var event = new Event('input', { bubbles: true });
        element.dispatchEvent(event);
    }
    , null): Execute JavaScript '
    var element = document.evaluate("//label[text()='Username']/ancestor::div[@class='oxd-input-group__label-wrapper']/following-sibling::div//input[@class='oxd-input oxd-input--active']", document, null, XPathResult.FIRST_ORDERED_NODE_TYPE, null).singleNodeValue;
    if (element) {
        element.value = 'Fiboo752613@@';
        var event = new Event('input', { bubbles: true });
        element.dispatchEvent(event);
    }
    ' successfully

12-08-2024T16:44:06 - [MESSAGE][PASSED] - Execute JavaScript '
    var element = document.evaluate("//label[text()='Username']/ancestor::div[@class='oxd-input-group__label-wrapper']/following-sibling::div//input[@class='oxd-input oxd-input--active']", document, null, XPathResult.FIRST_ORDERED_NODE_TYPE, null).singleNodeValue;
    if (element) {
        element.value = 'Fiboo752613@@';
        var event = new Event('input', { bubbles: true });
        element.dispatchEvent(event);
    }
    ' successfully

12-08-2024T16:44:06 - [TEST_STEP][PASSED] - delay(1): Delayed 1 second(s)

12-08-2024T16:44:07 - [MESSAGE][PASSED] - Delayed 1 second(s)

12-08-2024T16:44:07 - [TEST_STEP][PASSED] - Password = getAttribute(findTestObject("Object Repository/ADDING_A_NEW_EMPLOYEE/Add_employee_username"), "value"): Attribute 'value' of object 'Object Repository/ADDING_A_NEW_EMPLOYEE/Add_employee_username' is: 'Fiboo752613@@'

12-08-2024T16:44:07 - [MESSAGE][PASSED] - Attribute 'value' of object 'Object Repository/ADDING_A_NEW_EMPLOYEE/Add_employee_username' is: 'Fiboo752613@@'

12-08-2024T16:44:07 - [TEST_STEP][PASSED] - out.println(Password): null

12-08-2024T16:44:07 - [TEST_STEP][PASSED] - new_Value_for_password_001 = Password: null

12-08-2024T16:44:07 - [TEST_STEP][PASSED] - xpath_for_password_001 = "//label[text()='Password']/ancestor::div[@class='oxd-input-group__label-wrapper']/following-sibling::div//input[@class='oxd-input oxd-input--active']": null

12-08-2024T16:44:07 - [TEST_STEP][PASSED] - inputField_for_password_001 = TestObject().addProperty("xpath", EQUALS, xpath_for_password_001): null

12-08-2024T16:44:07 - [TEST_STEP][PASSED] - executeJavaScript(
    var element = document.evaluate("$xpath_for_password_001", document, null, XPathResult.FIRST_ORDERED_NODE_TYPE, null).singleNodeValue;
    if (element) {
        element.value = '$new_Value_for_password_001';
        var event = new Event('input', { bubbles: true });
        element.dispatchEvent(event);
    }
    , null): Execute JavaScript '
    var element = document.evaluate("//label[text()='Password']/ancestor::div[@class='oxd-input-group__label-wrapper']/following-sibling::div//input[@class='oxd-input oxd-input--active']", document, null, XPathResult.FIRST_ORDERED_NODE_TYPE, null).singleNodeValue;
    if (element) {
        element.value = 'Fiboo752613@@';
        var event = new Event('input', { bubbles: true });
        element.dispatchEvent(event);
    }
    ' successfully

12-08-2024T16:44:07 - [MESSAGE][PASSED] - Execute JavaScript '
    var element = document.evaluate("//label[text()='Password']/ancestor::div[@class='oxd-input-group__label-wrapper']/following-sibling::div//input[@class='oxd-input oxd-input--active']", document, null, XPathResult.FIRST_ORDERED_NODE_TYPE, null).singleNodeValue;
    if (element) {
        element.value = 'Fiboo752613@@';
        var event = new Event('input', { bubbles: true });
        element.dispatchEvent(event);
    }
    ' successfully

12-08-2024T16:44:07 - [TEST_STEP][PASSED] - delay(1): Delayed 1 second(s)

12-08-2024T16:44:08 - [MESSAGE][PASSED] - Delayed 1 second(s)

12-08-2024T16:44:08 - [TEST_STEP][PASSED] - new_Value_for_password_002 = Password: null

12-08-2024T16:44:08 - [TEST_STEP][PASSED] - xpath_for_password_002 = "//label[text()='Confirm Password']/ancestor::div[@class='oxd-input-group__label-wrapper']/following-sibling::div//input[@class='oxd-input oxd-input--active']": null

12-08-2024T16:44:08 - [TEST_STEP][PASSED] - inputField_for_password_002 = TestObject().addProperty("xpath", EQUALS, xpath_for_password_002): null

12-08-2024T16:44:08 - [TEST_STEP][PASSED] - executeJavaScript(
    var element = document.evaluate("$xpath_for_password_002", document, null, XPathResult.FIRST_ORDERED_NODE_TYPE, null).singleNodeValue;
    if (element) {
        element.value = '$new_Value_for_password_002';
        var event = new Event('input', { bubbles: true });
        element.dispatchEvent(event);
    }
    , null): Execute JavaScript '
    var element = document.evaluate("//label[text()='Confirm Password']/ancestor::div[@class='oxd-input-group__label-wrapper']/following-sibling::div//input[@class='oxd-input oxd-input--active']", document, null, XPathResult.FIRST_ORDERED_NODE_TYPE, null).singleNodeValue;
    if (element) {
        element.value = 'Fiboo752613@@';
        var event = new Event('input', { bubbles: true });
        element.dispatchEvent(event);
    }
    ' successfully

12-08-2024T16:44:08 - [MESSAGE][PASSED] - Execute JavaScript '
    var element = document.evaluate("//label[text()='Confirm Password']/ancestor::div[@class='oxd-input-group__label-wrapper']/following-sibling::div//input[@class='oxd-input oxd-input--active']", document, null, XPathResult.FIRST_ORDERED_NODE_TYPE, null).singleNodeValue;
    if (element) {
        element.value = 'Fiboo752613@@';
        var event = new Event('input', { bubbles: true });
        element.dispatchEvent(event);
    }
    ' successfully

12-08-2024T16:44:08 - [TEST_STEP][PASSED] - delay(1): Delayed 1 second(s)

12-08-2024T16:44:09 - [MESSAGE][PASSED] - Delayed 1 second(s)

12-08-2024T16:44:09 - [TEST_STEP][PASSED] - randomString = RandomStringUtils.randomAlphabetic(7): null

12-08-2024T16:44:09 - [TEST_STEP][PASSED] - newValue = "User_name_" + randomString: null

12-08-2024T16:44:09 - [TEST_STEP][PASSED] - xpath_for_user_name = "//label[text()='Username']/ancestor::div[@class='oxd-input-group__label-wrapper']/following-sibling::div//input[@class='oxd-input oxd-input--active']": null

12-08-2024T16:44:09 - [TEST_STEP][PASSED] - inputField = TestObject().addProperty("xpath", EQUALS, xpath_for_user_name): null

12-08-2024T16:44:09 - [TEST_STEP][PASSED] - executeJavaScript(
    var element = document.evaluate("$xpath_for_user_name", document, null, XPathResult.FIRST_ORDERED_NODE_TYPE, null).singleNodeValue;
    if (element) {
        element.value = '$newValue';
        var event = new Event('input', { bubbles: true });
        element.dispatchEvent(event);
    }
    , null): Execute JavaScript '
    var element = document.evaluate("//label[text()='Username']/ancestor::div[@class='oxd-input-group__label-wrapper']/following-sibling::div//input[@class='oxd-input oxd-input--active']", document, null, XPathResult.FIRST_ORDERED_NODE_TYPE, null).singleNodeValue;
    if (element) {
        element.value = 'User_name_OWijYdZ';
        var event = new Event('input', { bubbles: true });
        element.dispatchEvent(event);
    }
    ' successfully

12-08-2024T16:44:09 - [MESSAGE][PASSED] - Execute JavaScript '
    var element = document.evaluate("//label[text()='Username']/ancestor::div[@class='oxd-input-group__label-wrapper']/following-sibling::div//input[@class='oxd-input oxd-input--active']", document, null, XPathResult.FIRST_ORDERED_NODE_TYPE, null).singleNodeValue;
    if (element) {
        element.value = 'User_name_OWijYdZ';
        var event = new Event('input', { bubbles: true });
        element.dispatchEvent(event);
    }
    ' successfully

12-08-2024T16:44:09 - [TEST_STEP][PASSED] - delay(1): Delayed 1 second(s)

12-08-2024T16:44:10 - [MESSAGE][PASSED] - Delayed 1 second(s)

12-08-2024T16:44:10 - [TEST_STEP][PASSED] - User_name = getAttribute(findTestObject("Object Repository/ADDING_A_NEW_EMPLOYEE/Add_employee_username"), "value"): Attribute 'value' of object 'Object Repository/ADDING_A_NEW_EMPLOYEE/Add_employee_username' is: 'User_name_OWijYdZ'

12-08-2024T16:44:11 - [MESSAGE][PASSED] - Attribute 'value' of object 'Object Repository/ADDING_A_NEW_EMPLOYEE/Add_employee_username' is: 'User_name_OWijYdZ'

12-08-2024T16:44:11 - [TEST_STEP][PASSED] - out.println(User_name): null

12-08-2024T16:44:11 - [TEST_STEP][PASSED] - out.println(Password): null

12-08-2024T16:44:11 - [TEST_STEP][PASSED] - First_name = getAttribute(findTestObject("Object Repository/ADDING_A_NEW_EMPLOYEE/Add_Employee_first_name"), "value"): Attribute 'value' of object 'Object Repository/ADDING_A_NEW_EMPLOYEE/Add_Employee_first_name' is: 'First_name_SAYQJSS'

12-08-2024T16:44:11 - [MESSAGE][PASSED] - Attribute 'value' of object 'Object Repository/ADDING_A_NEW_EMPLOYEE/Add_Employee_first_name' is: 'First_name_SAYQJSS'

12-08-2024T16:44:11 - [TEST_STEP][PASSED] - out.println(First_name): null

12-08-2024T16:44:11 - [TEST_STEP][PASSED] - Middle_name = getAttribute(findTestObject("Object Repository/ADDING_A_NEW_EMPLOYEE/Add_employee_middle_name"), "value"): Attribute 'value' of object 'Object Repository/ADDING_A_NEW_EMPLOYEE/Add_employee_middle_name' is: 'Middle_name_kaUuFln'

12-08-2024T16:44:11 - [MESSAGE][PASSED] - Attribute 'value' of object 'Object Repository/ADDING_A_NEW_EMPLOYEE/Add_employee_middle_name' is: 'Middle_name_kaUuFln'

12-08-2024T16:44:11 - [TEST_STEP][PASSED] - out.println(Middle_name): null

12-08-2024T16:44:11 - [TEST_STEP][PASSED] - Last_name = getAttribute(findTestObject("Object Repository/ADDING_A_NEW_EMPLOYEE/Add_employee_last_name"), "value"): Attribute 'value' of object 'Object Repository/ADDING_A_NEW_EMPLOYEE/Add_employee_last_name' is: 'Last_name_EubdDjc'

12-08-2024T16:44:12 - [MESSAGE][PASSED] - Attribute 'value' of object 'Object Repository/ADDING_A_NEW_EMPLOYEE/Add_employee_last_name' is: 'Last_name_EubdDjc'

12-08-2024T16:44:12 - [TEST_STEP][PASSED] - out.println(Last_name): null

12-08-2024T16:44:12 - [TEST_STEP][PASSED] - employee_id = getAttribute(findTestObject("Object Repository/ADDING_A_NEW_EMPLOYEE/Add_employee_id"), "value"): Attribute 'value' of object 'Object Repository/ADDING_A_NEW_EMPLOYEE/Add_employee_id' is: '333496747'

12-08-2024T16:44:12 - [MESSAGE][PASSED] - Attribute 'value' of object 'Object Repository/ADDING_A_NEW_EMPLOYEE/Add_employee_id' is: '333496747'

12-08-2024T16:44:12 - [TEST_STEP][PASSED] - out.println(employee_id): null

12-08-2024T16:44:12 - [TEST_STEP][PASSED] - delay(3): Delayed 3 second(s)

12-08-2024T16:44:15 - [MESSAGE][PASSED] - Delayed 3 second(s)

12-08-2024T16:44:15 - [TEST_STEP][PASSED] - click(findTestObject("Object Repository/ADDING_A_NEW_EMPLOYEE/Add_employee_save_button")): Object: 'Object Repository/ADDING_A_NEW_EMPLOYEE/Add_employee_save_button' is clicked on

12-08-2024T16:44:15 - [MESSAGE][PASSED] - Object: 'Object Repository/ADDING_A_NEW_EMPLOYEE/Add_employee_save_button' is clicked on

12-08-2024T16:44:15 - [TEST_STEP][PASSED] - delay(2): Delayed 2 second(s)

12-08-2024T16:44:17 - [MESSAGE][PASSED] - Delayed 2 second(s)

12-08-2024T16:44:17 - [MESSAGE][PASSED] - Call Test Case 'Test Cases/ADDING_A_NEW_EMPLOYEE' successfully

12-08-2024T16:44:17 - [TEST_STEP][PASSED] - rowIndex = sheet.getLastRowNum() + 1: null

12-08-2024T16:44:17 - [TEST_STEP][PASSED] - row = sheet.createRow(rowIndex): null

12-08-2024T16:44:17 - [TEST_STEP][PASSED] - createCell(0).setCellValue(First_name): null

12-08-2024T16:44:17 - [TEST_STEP][PASSED] - createCell(1).setCellValue(Middle_name): null

12-08-2024T16:44:17 - [TEST_STEP][PASSED] - createCell(2).setCellValue(Last_name): null

12-08-2024T16:44:17 - [TEST_STEP][PASSED] - createCell(3).setCellValue(User_name): null

12-08-2024T16:44:17 - [TEST_STEP][PASSED] - createCell(4).setCellValue(Password): null

12-08-2024T16:44:17 - [TEST_STEP][PASSED] - createCell(5).setCellValue(employee_id): null

12-08-2024T16:44:17 - [TEST_STEP][PASSED] - callTestCase(findTestCase("ADDING_A_NEW_EMPLOYEE"), [:], STOP_ON_FAILURE): Call Test Case 'Test Cases/ADDING_A_NEW_EMPLOYEE' successfully

12-08-2024T16:44:17 - [TEST_CASE][PASSED] - Test Cases/ADDING_A_NEW_EMPLOYEE: Test Cases/ADDING_A_NEW_EMPLOYEE

12-08-2024T16:44:17 - [TEST_STEP][PASSED] - verifyElementPresent(findTestObject("ADDING_A_NEW_EMPLOYEE/pim_option_from_side_bar"), 10): Object 'Object Repository/ADDING_A_NEW_EMPLOYEE/pim_option_from_side_bar' is present

12-08-2024T16:44:19 - [MESSAGE][PASSED] - Object 'Object Repository/ADDING_A_NEW_EMPLOYEE/pim_option_from_side_bar' is present

12-08-2024T16:44:19 - [TEST_STEP][PASSED] - click(findTestObject("ADDING_A_NEW_EMPLOYEE/pim_option_from_side_bar")): Object: 'Object Repository/ADDING_A_NEW_EMPLOYEE/pim_option_from_side_bar' is clicked on

12-08-2024T16:44:21 - [MESSAGE][PASSED] - Object: 'Object Repository/ADDING_A_NEW_EMPLOYEE/pim_option_from_side_bar' is clicked on

12-08-2024T16:44:21 - [TEST_STEP][PASSED] - waitForElementPresent(findTestObject("ADDING_A_NEW_EMPLOYEE/adding_new_employee_button_in_pim_page"), 10): Object 'Object Repository/ADDING_A_NEW_EMPLOYEE/adding_new_employee_button_in_pim_page' is present

12-08-2024T16:44:23 - [MESSAGE][PASSED] - Object 'Object Repository/ADDING_A_NEW_EMPLOYEE/adding_new_employee_button_in_pim_page' is present

12-08-2024T16:44:23 - [TEST_STEP][PASSED] - click(findTestObject("ADDING_A_NEW_EMPLOYEE/adding_new_employee_button_in_pim_page")): Object: 'Object Repository/ADDING_A_NEW_EMPLOYEE/adding_new_employee_button_in_pim_page' is clicked on

12-08-2024T16:44:24 - [MESSAGE][PASSED] - Object: 'Object Repository/ADDING_A_NEW_EMPLOYEE/adding_new_employee_button_in_pim_page' is clicked on

12-08-2024T16:44:24 - [TEST_STEP][PASSED] - verifyElementPresent(findTestObject("ADDING_A_NEW_EMPLOYEE/create_login_details_checkbox"), 10): Object 'Object Repository/ADDING_A_NEW_EMPLOYEE/create_login_details_checkbox' is present

12-08-2024T16:44:26 - [MESSAGE][PASSED] - Object 'Object Repository/ADDING_A_NEW_EMPLOYEE/create_login_details_checkbox' is present

12-08-2024T16:44:26 - [TEST_STEP][PASSED] - click(findTestObject("ADDING_A_NEW_EMPLOYEE/create_login_details_checkbox")): Object: 'Object Repository/ADDING_A_NEW_EMPLOYEE/create_login_details_checkbox' is clicked on

12-08-2024T16:44:26 - [MESSAGE][PASSED] - Object: 'Object Repository/ADDING_A_NEW_EMPLOYEE/create_login_details_checkbox' is clicked on

12-08-2024T16:44:26 - [TEST_STEP][PASSED] - verifyElementPresent(findTestObject("Object Repository/ADDING_A_NEW_EMPLOYEE/Add_employee_enabled_radio_button"), 10): Object 'Object Repository/ADDING_A_NEW_EMPLOYEE/Add_employee_enabled_radio_button' is present

12-08-2024T16:44:26 - [MESSAGE][PASSED] - Object 'Object Repository/ADDING_A_NEW_EMPLOYEE/Add_employee_enabled_radio_button' is present

12-08-2024T16:44:26 - [TEST_STEP][PASSED] - click(findTestObject("Object Repository/ADDING_A_NEW_EMPLOYEE/Add_employee_enabled_radio_button")): Object: 'Object Repository/ADDING_A_NEW_EMPLOYEE/Add_employee_enabled_radio_button' is clicked on

12-08-2024T16:44:27 - [MESSAGE][PASSED] - Object: 'Object Repository/ADDING_A_NEW_EMPLOYEE/Add_employee_enabled_radio_button' is clicked on

12-08-2024T16:44:27 - [TEST_STEP][PASSED] - verifyElementPresent(findTestObject("Object Repository/ADDING_A_NEW_EMPLOYEE/Add_Employee_first_name"), 10): Object 'Object Repository/ADDING_A_NEW_EMPLOYEE/Add_Employee_first_name' is present

12-08-2024T16:44:27 - [MESSAGE][PASSED] - Object 'Object Repository/ADDING_A_NEW_EMPLOYEE/Add_Employee_first_name' is present

12-08-2024T16:44:27 - [TEST_STEP][PASSED] - click(findTestObject("Object Repository/ADDING_A_NEW_EMPLOYEE/Add_Employee_first_name")): Object: 'Object Repository/ADDING_A_NEW_EMPLOYEE/Add_Employee_first_name' is clicked on

12-08-2024T16:44:27 - [MESSAGE][PASSED] - Object: 'Object Repository/ADDING_A_NEW_EMPLOYEE/Add_Employee_first_name' is clicked on

12-08-2024T16:44:27 - [TEST_STEP][PASSED] - setText(findTestObject("Object Repository/ADDING_A_NEW_EMPLOYEE/Add_Employee_first_name"), "First_name_" + RandomStringUtils.randomAlphabetic(7)): Text 'First_name_oRHOmgL' is set on object 'Object Repository/ADDING_A_NEW_EMPLOYEE/Add_Employee_first_name'

12-08-2024T16:44:28 - [MESSAGE][PASSED] - Text 'First_name_oRHOmgL' is set on object 'Object Repository/ADDING_A_NEW_EMPLOYEE/Add_Employee_first_name'

12-08-2024T16:44:28 - [TEST_STEP][PASSED] - verifyElementPresent(findTestObject("Object Repository/ADDING_A_NEW_EMPLOYEE/Add_employee_middle_name"), 10): Object 'Object Repository/ADDING_A_NEW_EMPLOYEE/Add_employee_middle_name' is present

12-08-2024T16:44:28 - [MESSAGE][PASSED] - Object 'Object Repository/ADDING_A_NEW_EMPLOYEE/Add_employee_middle_name' is present

12-08-2024T16:44:28 - [TEST_STEP][PASSED] - click(findTestObject("Object Repository/ADDING_A_NEW_EMPLOYEE/Add_employee_middle_name")): Object: 'Object Repository/ADDING_A_NEW_EMPLOYEE/Add_employee_middle_name' is clicked on

12-08-2024T16:44:29 - [MESSAGE][PASSED] - Object: 'Object Repository/ADDING_A_NEW_EMPLOYEE/Add_employee_middle_name' is clicked on

12-08-2024T16:44:29 - [TEST_STEP][PASSED] - setText(findTestObject("Object Repository/ADDING_A_NEW_EMPLOYEE/Add_employee_middle_name"), "Middle_name_" + RandomStringUtils.randomAlphabetic(7)): Text 'Middle_name_jhVsWkS' is set on object 'Object Repository/ADDING_A_NEW_EMPLOYEE/Add_employee_middle_name'

12-08-2024T16:44:29 - [MESSAGE][PASSED] - Text 'Middle_name_jhVsWkS' is set on object 'Object Repository/ADDING_A_NEW_EMPLOYEE/Add_employee_middle_name'

12-08-2024T16:44:29 - [TEST_STEP][PASSED] - verifyElementPresent(findTestObject("Object Repository/ADDING_A_NEW_EMPLOYEE/Add_employee_last_name"), 10): Object 'Object Repository/ADDING_A_NEW_EMPLOYEE/Add_employee_last_name' is present

12-08-2024T16:44:30 - [MESSAGE][PASSED] - Object 'Object Repository/ADDING_A_NEW_EMPLOYEE/Add_employee_last_name' is present

12-08-2024T16:44:30 - [TEST_STEP][PASSED] - click(findTestObject("Object Repository/ADDING_A_NEW_EMPLOYEE/Add_employee_last_name")): Object: 'Object Repository/ADDING_A_NEW_EMPLOYEE/Add_employee_last_name' is clicked on

12-08-2024T16:44:30 - [MESSAGE][PASSED] - Object: 'Object Repository/ADDING_A_NEW_EMPLOYEE/Add_employee_last_name' is clicked on

12-08-2024T16:44:30 - [TEST_STEP][PASSED] - setText(findTestObject("Object Repository/ADDING_A_NEW_EMPLOYEE/Add_employee_last_name"), "Last_name_" + RandomStringUtils.randomAlphabetic(7)): Text 'Last_name_GjShQkP' is set on object 'Object Repository/ADDING_A_NEW_EMPLOYEE/Add_employee_last_name'

12-08-2024T16:44:31 - [MESSAGE][PASSED] - Text 'Last_name_GjShQkP' is set on object 'Object Repository/ADDING_A_NEW_EMPLOYEE/Add_employee_last_name'

12-08-2024T16:44:31 - [TEST_STEP][PASSED] - randomString_001 = RandomStringUtils.randomNumeric(6): null

12-08-2024T16:44:31 - [TEST_STEP][PASSED] - newValue_001 = "333" + randomString_001: null

12-08-2024T16:44:31 - [TEST_STEP][PASSED] - xpath_for_employee_id = "//label[text()='Employee Id']/ancestor::div[@class='oxd-input-group__label-wrapper']/following-sibling::div//input[@class='oxd-input oxd-input--active']": null

12-08-2024T16:44:31 - [TEST_STEP][PASSED] - inputField_001 = TestObject().addProperty("xpath", EQUALS, xpath_for_employee_id): null

12-08-2024T16:44:31 - [TEST_STEP][PASSED] - executeJavaScript(
    var element = document.evaluate("$xpath_for_employee_id", document, null, XPathResult.FIRST_ORDERED_NODE_TYPE, null).singleNodeValue;
    if (element) {
        element.value = '$newValue_001';
        var event = new Event('input', { bubbles: true });
        element.dispatchEvent(event);
    }
    , null): Execute JavaScript '
    var element = document.evaluate("//label[text()='Employee Id']/ancestor::div[@class='oxd-input-group__label-wrapper']/following-sibling::div//input[@class='oxd-input oxd-input--active']", document, null, XPathResult.FIRST_ORDERED_NODE_TYPE, null).singleNodeValue;
    if (element) {
        element.value = '333387891';
        var event = new Event('input', { bubbles: true });
        element.dispatchEvent(event);
    }
    ' successfully

12-08-2024T16:44:31 - [MESSAGE][PASSED] - Execute JavaScript '
    var element = document.evaluate("//label[text()='Employee Id']/ancestor::div[@class='oxd-input-group__label-wrapper']/following-sibling::div//input[@class='oxd-input oxd-input--active']", document, null, XPathResult.FIRST_ORDERED_NODE_TYPE, null).singleNodeValue;
    if (element) {
        element.value = '333387891';
        var event = new Event('input', { bubbles: true });
        element.dispatchEvent(event);
    }
    ' successfully

12-08-2024T16:44:31 - [TEST_STEP][PASSED] - delay(3): Delayed 3 second(s)

12-08-2024T16:44:34 - [MESSAGE][PASSED] - Delayed 3 second(s)

12-08-2024T16:44:34 - [TEST_STEP][PASSED] - randomString_for_password = RandomStringUtils.randomNumeric(6): null

12-08-2024T16:44:34 - [TEST_STEP][PASSED] - new_Value_for_password = "Fiboo" + randomString_for_password + "@@": null

12-08-2024T16:44:34 - [TEST_STEP][PASSED] - xpath_for_password = "//label[text()='Username']/ancestor::div[@class='oxd-input-group__label-wrapper']/following-sibling::div//input[@class='oxd-input oxd-input--active']": null

12-08-2024T16:44:34 - [TEST_STEP][PASSED] - inputField_for_password = TestObject().addProperty("xpath", EQUALS, xpath_for_password): null

12-08-2024T16:44:34 - [TEST_STEP][PASSED] - executeJavaScript(
    var element = document.evaluate("$xpath_for_password", document, null, XPathResult.FIRST_ORDERED_NODE_TYPE, null).singleNodeValue;
    if (element) {
        element.value = '$new_Value_for_password';
        var event = new Event('input', { bubbles: true });
        element.dispatchEvent(event);
    }
    , null): Execute JavaScript '
    var element = document.evaluate("//label[text()='Username']/ancestor::div[@class='oxd-input-group__label-wrapper']/following-sibling::div//input[@class='oxd-input oxd-input--active']", document, null, XPathResult.FIRST_ORDERED_NODE_TYPE, null).singleNodeValue;
    if (element) {
        element.value = 'Fiboo953050@@';
        var event = new Event('input', { bubbles: true });
        element.dispatchEvent(event);
    }
    ' successfully

12-08-2024T16:44:34 - [MESSAGE][PASSED] - Execute JavaScript '
    var element = document.evaluate("//label[text()='Username']/ancestor::div[@class='oxd-input-group__label-wrapper']/following-sibling::div//input[@class='oxd-input oxd-input--active']", document, null, XPathResult.FIRST_ORDERED_NODE_TYPE, null).singleNodeValue;
    if (element) {
        element.value = 'Fiboo953050@@';
        var event = new Event('input', { bubbles: true });
        element.dispatchEvent(event);
    }
    ' successfully

12-08-2024T16:44:34 - [TEST_STEP][PASSED] - delay(1): Delayed 1 second(s)

12-08-2024T16:44:35 - [MESSAGE][PASSED] - Delayed 1 second(s)

12-08-2024T16:44:35 - [TEST_STEP][PASSED] - Password = getAttribute(findTestObject("Object Repository/ADDING_A_NEW_EMPLOYEE/Add_employee_username"), "value"): Attribute 'value' of object 'Object Repository/ADDING_A_NEW_EMPLOYEE/Add_employee_username' is: 'Fiboo953050@@'

12-08-2024T16:44:35 - [MESSAGE][PASSED] - Attribute 'value' of object 'Object Repository/ADDING_A_NEW_EMPLOYEE/Add_employee_username' is: 'Fiboo953050@@'

12-08-2024T16:44:35 - [TEST_STEP][PASSED] - out.println(Password): null

12-08-2024T16:44:35 - [TEST_STEP][PASSED] - new_Value_for_password_001 = Password: null

12-08-2024T16:44:35 - [TEST_STEP][PASSED] - xpath_for_password_001 = "//label[text()='Password']/ancestor::div[@class='oxd-input-group__label-wrapper']/following-sibling::div//input[@class='oxd-input oxd-input--active']": null

12-08-2024T16:44:35 - [TEST_STEP][PASSED] - inputField_for_password_001 = TestObject().addProperty("xpath", EQUALS, xpath_for_password_001): null

12-08-2024T16:44:35 - [TEST_STEP][PASSED] - executeJavaScript(
    var element = document.evaluate("$xpath_for_password_001", document, null, XPathResult.FIRST_ORDERED_NODE_TYPE, null).singleNodeValue;
    if (element) {
        element.value = '$new_Value_for_password_001';
        var event = new Event('input', { bubbles: true });
        element.dispatchEvent(event);
    }
    , null): Execute JavaScript '
    var element = document.evaluate("//label[text()='Password']/ancestor::div[@class='oxd-input-group__label-wrapper']/following-sibling::div//input[@class='oxd-input oxd-input--active']", document, null, XPathResult.FIRST_ORDERED_NODE_TYPE, null).singleNodeValue;
    if (element) {
        element.value = 'Fiboo953050@@';
        var event = new Event('input', { bubbles: true });
        element.dispatchEvent(event);
    }
    ' successfully

12-08-2024T16:44:35 - [MESSAGE][PASSED] - Execute JavaScript '
    var element = document.evaluate("//label[text()='Password']/ancestor::div[@class='oxd-input-group__label-wrapper']/following-sibling::div//input[@class='oxd-input oxd-input--active']", document, null, XPathResult.FIRST_ORDERED_NODE_TYPE, null).singleNodeValue;
    if (element) {
        element.value = 'Fiboo953050@@';
        var event = new Event('input', { bubbles: true });
        element.dispatchEvent(event);
    }
    ' successfully

12-08-2024T16:44:35 - [TEST_STEP][PASSED] - delay(1): Delayed 1 second(s)

12-08-2024T16:44:36 - [MESSAGE][PASSED] - Delayed 1 second(s)

12-08-2024T16:44:36 - [TEST_STEP][PASSED] - new_Value_for_password_002 = Password: null

12-08-2024T16:44:36 - [TEST_STEP][PASSED] - xpath_for_password_002 = "//label[text()='Confirm Password']/ancestor::div[@class='oxd-input-group__label-wrapper']/following-sibling::div//input[@class='oxd-input oxd-input--active']": null

12-08-2024T16:44:36 - [TEST_STEP][PASSED] - inputField_for_password_002 = TestObject().addProperty("xpath", EQUALS, xpath_for_password_002): null

12-08-2024T16:44:36 - [TEST_STEP][PASSED] - executeJavaScript(
    var element = document.evaluate("$xpath_for_password_002", document, null, XPathResult.FIRST_ORDERED_NODE_TYPE, null).singleNodeValue;
    if (element) {
        element.value = '$new_Value_for_password_002';
        var event = new Event('input', { bubbles: true });
        element.dispatchEvent(event);
    }
    , null): Execute JavaScript '
    var element = document.evaluate("//label[text()='Confirm Password']/ancestor::div[@class='oxd-input-group__label-wrapper']/following-sibling::div//input[@class='oxd-input oxd-input--active']", document, null, XPathResult.FIRST_ORDERED_NODE_TYPE, null).singleNodeValue;
    if (element) {
        element.value = 'Fiboo953050@@';
        var event = new Event('input', { bubbles: true });
        element.dispatchEvent(event);
    }
    ' successfully

12-08-2024T16:44:36 - [MESSAGE][PASSED] - Execute JavaScript '
    var element = document.evaluate("//label[text()='Confirm Password']/ancestor::div[@class='oxd-input-group__label-wrapper']/following-sibling::div//input[@class='oxd-input oxd-input--active']", document, null, XPathResult.FIRST_ORDERED_NODE_TYPE, null).singleNodeValue;
    if (element) {
        element.value = 'Fiboo953050@@';
        var event = new Event('input', { bubbles: true });
        element.dispatchEvent(event);
    }
    ' successfully

12-08-2024T16:44:36 - [TEST_STEP][PASSED] - delay(1): Delayed 1 second(s)

12-08-2024T16:44:37 - [MESSAGE][PASSED] - Delayed 1 second(s)

12-08-2024T16:44:37 - [TEST_STEP][PASSED] - randomString = RandomStringUtils.randomAlphabetic(7): null

12-08-2024T16:44:37 - [TEST_STEP][PASSED] - newValue = "User_name_" + randomString: null

12-08-2024T16:44:37 - [TEST_STEP][PASSED] - xpath_for_user_name = "//label[text()='Username']/ancestor::div[@class='oxd-input-group__label-wrapper']/following-sibling::div//input[@class='oxd-input oxd-input--active']": null

12-08-2024T16:44:37 - [TEST_STEP][PASSED] - inputField = TestObject().addProperty("xpath", EQUALS, xpath_for_user_name): null

12-08-2024T16:44:37 - [TEST_STEP][PASSED] - executeJavaScript(
    var element = document.evaluate("$xpath_for_user_name", document, null, XPathResult.FIRST_ORDERED_NODE_TYPE, null).singleNodeValue;
    if (element) {
        element.value = '$newValue';
        var event = new Event('input', { bubbles: true });
        element.dispatchEvent(event);
    }
    , null): Execute JavaScript '
    var element = document.evaluate("//label[text()='Username']/ancestor::div[@class='oxd-input-group__label-wrapper']/following-sibling::div//input[@class='oxd-input oxd-input--active']", document, null, XPathResult.FIRST_ORDERED_NODE_TYPE, null).singleNodeValue;
    if (element) {
        element.value = 'User_name_NJmhsug';
        var event = new Event('input', { bubbles: true });
        element.dispatchEvent(event);
    }
    ' successfully

12-08-2024T16:44:37 - [MESSAGE][PASSED] - Execute JavaScript '
    var element = document.evaluate("//label[text()='Username']/ancestor::div[@class='oxd-input-group__label-wrapper']/following-sibling::div//input[@class='oxd-input oxd-input--active']", document, null, XPathResult.FIRST_ORDERED_NODE_TYPE, null).singleNodeValue;
    if (element) {
        element.value = 'User_name_NJmhsug';
        var event = new Event('input', { bubbles: true });
        element.dispatchEvent(event);
    }
    ' successfully

12-08-2024T16:44:37 - [TEST_STEP][PASSED] - delay(1): Delayed 1 second(s)

12-08-2024T16:44:38 - [MESSAGE][PASSED] - Delayed 1 second(s)

12-08-2024T16:44:38 - [TEST_STEP][PASSED] - User_name = getAttribute(findTestObject("Object Repository/ADDING_A_NEW_EMPLOYEE/Add_employee_username"), "value"): Attribute 'value' of object 'Object Repository/ADDING_A_NEW_EMPLOYEE/Add_employee_username' is: 'User_name_NJmhsug'

12-08-2024T16:44:39 - [MESSAGE][PASSED] - Attribute 'value' of object 'Object Repository/ADDING_A_NEW_EMPLOYEE/Add_employee_username' is: 'User_name_NJmhsug'

12-08-2024T16:44:39 - [TEST_STEP][PASSED] - out.println(User_name): null

12-08-2024T16:44:39 - [TEST_STEP][PASSED] - out.println(Password): null

12-08-2024T16:44:39 - [TEST_STEP][PASSED] - First_name = getAttribute(findTestObject("Object Repository/ADDING_A_NEW_EMPLOYEE/Add_Employee_first_name"), "value"): Attribute 'value' of object 'Object Repository/ADDING_A_NEW_EMPLOYEE/Add_Employee_first_name' is: 'First_name_oRHOmgL'

12-08-2024T16:44:39 - [MESSAGE][PASSED] - Attribute 'value' of object 'Object Repository/ADDING_A_NEW_EMPLOYEE/Add_Employee_first_name' is: 'First_name_oRHOmgL'

12-08-2024T16:44:39 - [TEST_STEP][PASSED] - out.println(First_name): null

12-08-2024T16:44:39 - [TEST_STEP][PASSED] - Middle_name = getAttribute(findTestObject("Object Repository/ADDING_A_NEW_EMPLOYEE/Add_employee_middle_name"), "value"): Attribute 'value' of object 'Object Repository/ADDING_A_NEW_EMPLOYEE/Add_employee_middle_name' is: 'Middle_name_jhVsWkS'

12-08-2024T16:44:39 - [MESSAGE][PASSED] - Attribute 'value' of object 'Object Repository/ADDING_A_NEW_EMPLOYEE/Add_employee_middle_name' is: 'Middle_name_jhVsWkS'

12-08-2024T16:44:39 - [TEST_STEP][PASSED] - out.println(Middle_name): null

12-08-2024T16:44:39 - [TEST_STEP][PASSED] - Last_name = getAttribute(findTestObject("Object Repository/ADDING_A_NEW_EMPLOYEE/Add_employee_last_name"), "value"): Attribute 'value' of object 'Object Repository/ADDING_A_NEW_EMPLOYEE/Add_employee_last_name' is: 'Last_name_GjShQkP'

12-08-2024T16:44:39 - [MESSAGE][PASSED] - Attribute 'value' of object 'Object Repository/ADDING_A_NEW_EMPLOYEE/Add_employee_last_name' is: 'Last_name_GjShQkP'

12-08-2024T16:44:39 - [TEST_STEP][PASSED] - out.println(Last_name): null

12-08-2024T16:44:39 - [TEST_STEP][PASSED] - employee_id = getAttribute(findTestObject("Object Repository/ADDING_A_NEW_EMPLOYEE/Add_employee_id"), "value"): Attribute 'value' of object 'Object Repository/ADDING_A_NEW_EMPLOYEE/Add_employee_id' is: '333387891'

12-08-2024T16:44:40 - [MESSAGE][PASSED] - Attribute 'value' of object 'Object Repository/ADDING_A_NEW_EMPLOYEE/Add_employee_id' is: '333387891'

12-08-2024T16:44:40 - [TEST_STEP][PASSED] - out.println(employee_id): null

12-08-2024T16:44:40 - [TEST_STEP][PASSED] - delay(3): Delayed 3 second(s)

12-08-2024T16:44:43 - [MESSAGE][PASSED] - Delayed 3 second(s)

12-08-2024T16:44:43 - [TEST_STEP][PASSED] - click(findTestObject("Object Repository/ADDING_A_NEW_EMPLOYEE/Add_employee_save_button")): Object: 'Object Repository/ADDING_A_NEW_EMPLOYEE/Add_employee_save_button' is clicked on

12-08-2024T16:44:43 - [MESSAGE][PASSED] - Object: 'Object Repository/ADDING_A_NEW_EMPLOYEE/Add_employee_save_button' is clicked on

12-08-2024T16:44:43 - [TEST_STEP][PASSED] - delay(2): Delayed 2 second(s)

12-08-2024T16:44:45 - [MESSAGE][PASSED] - Delayed 2 second(s)

12-08-2024T16:44:45 - [MESSAGE][PASSED] - Call Test Case 'Test Cases/ADDING_A_NEW_EMPLOYEE' successfully

12-08-2024T16:44:45 - [TEST_STEP][PASSED] - rowIndex = sheet.getLastRowNum() + 1: null

12-08-2024T16:44:45 - [TEST_STEP][PASSED] - row = sheet.createRow(rowIndex): null

12-08-2024T16:44:45 - [TEST_STEP][PASSED] - createCell(0).setCellValue(First_name): null

12-08-2024T16:44:45 - [TEST_STEP][PASSED] - createCell(1).setCellValue(Middle_name): null

12-08-2024T16:44:45 - [TEST_STEP][PASSED] - createCell(2).setCellValue(Last_name): null

12-08-2024T16:44:45 - [TEST_STEP][PASSED] - createCell(3).setCellValue(User_name): null

12-08-2024T16:44:45 - [TEST_STEP][PASSED] - createCell(4).setCellValue(Password): null

12-08-2024T16:44:45 - [TEST_STEP][PASSED] - createCell(5).setCellValue(employee_id): null

12-08-2024T16:44:45 - [TEST_STEP][PASSED] - callTestCase(findTestCase("ADDING_A_NEW_EMPLOYEE"), [:], STOP_ON_FAILURE): Call Test Case 'Test Cases/ADDING_A_NEW_EMPLOYEE' successfully

12-08-2024T16:44:45 - [TEST_CASE][PASSED] - Test Cases/ADDING_A_NEW_EMPLOYEE: Test Cases/ADDING_A_NEW_EMPLOYEE

12-08-2024T16:44:45 - [TEST_STEP][PASSED] - verifyElementPresent(findTestObject("ADDING_A_NEW_EMPLOYEE/pim_option_from_side_bar"), 10): Object 'Object Repository/ADDING_A_NEW_EMPLOYEE/pim_option_from_side_bar' is present

12-08-2024T16:44:46 - [MESSAGE][PASSED] - Object 'Object Repository/ADDING_A_NEW_EMPLOYEE/pim_option_from_side_bar' is present

12-08-2024T16:44:46 - [TEST_STEP][PASSED] - click(findTestObject("ADDING_A_NEW_EMPLOYEE/pim_option_from_side_bar")): Object: 'Object Repository/ADDING_A_NEW_EMPLOYEE/pim_option_from_side_bar' is clicked on

12-08-2024T16:44:48 - [MESSAGE][PASSED] - Object: 'Object Repository/ADDING_A_NEW_EMPLOYEE/pim_option_from_side_bar' is clicked on

12-08-2024T16:44:48 - [TEST_STEP][PASSED] - waitForElementPresent(findTestObject("ADDING_A_NEW_EMPLOYEE/adding_new_employee_button_in_pim_page"), 10): Object 'Object Repository/ADDING_A_NEW_EMPLOYEE/adding_new_employee_button_in_pim_page' is present

12-08-2024T16:44:50 - [MESSAGE][PASSED] - Object 'Object Repository/ADDING_A_NEW_EMPLOYEE/adding_new_employee_button_in_pim_page' is present

12-08-2024T16:44:50 - [TEST_STEP][PASSED] - click(findTestObject("ADDING_A_NEW_EMPLOYEE/adding_new_employee_button_in_pim_page")): Object: 'Object Repository/ADDING_A_NEW_EMPLOYEE/adding_new_employee_button_in_pim_page' is clicked on

12-08-2024T16:44:51 - [MESSAGE][PASSED] - Object: 'Object Repository/ADDING_A_NEW_EMPLOYEE/adding_new_employee_button_in_pim_page' is clicked on

12-08-2024T16:44:51 - [TEST_STEP][PASSED] - verifyElementPresent(findTestObject("ADDING_A_NEW_EMPLOYEE/create_login_details_checkbox"), 10): Object 'Object Repository/ADDING_A_NEW_EMPLOYEE/create_login_details_checkbox' is present

12-08-2024T16:44:53 - [MESSAGE][PASSED] - Object 'Object Repository/ADDING_A_NEW_EMPLOYEE/create_login_details_checkbox' is present

12-08-2024T16:44:53 - [TEST_STEP][PASSED] - click(findTestObject("ADDING_A_NEW_EMPLOYEE/create_login_details_checkbox")): Object: 'Object Repository/ADDING_A_NEW_EMPLOYEE/create_login_details_checkbox' is clicked on

12-08-2024T16:44:53 - [MESSAGE][PASSED] - Object: 'Object Repository/ADDING_A_NEW_EMPLOYEE/create_login_details_checkbox' is clicked on

12-08-2024T16:44:53 - [TEST_STEP][PASSED] - verifyElementPresent(findTestObject("Object Repository/ADDING_A_NEW_EMPLOYEE/Add_employee_enabled_radio_button"), 10): Object 'Object Repository/ADDING_A_NEW_EMPLOYEE/Add_employee_enabled_radio_button' is present

12-08-2024T16:44:54 - [MESSAGE][PASSED] - Object 'Object Repository/ADDING_A_NEW_EMPLOYEE/Add_employee_enabled_radio_button' is present

12-08-2024T16:44:54 - [TEST_STEP][PASSED] - click(findTestObject("Object Repository/ADDING_A_NEW_EMPLOYEE/Add_employee_enabled_radio_button")): Object: 'Object Repository/ADDING_A_NEW_EMPLOYEE/Add_employee_enabled_radio_button' is clicked on

12-08-2024T16:44:54 - [MESSAGE][PASSED] - Object: 'Object Repository/ADDING_A_NEW_EMPLOYEE/Add_employee_enabled_radio_button' is clicked on

12-08-2024T16:44:54 - [TEST_STEP][PASSED] - verifyElementPresent(findTestObject("Object Repository/ADDING_A_NEW_EMPLOYEE/Add_Employee_first_name"), 10): Object 'Object Repository/ADDING_A_NEW_EMPLOYEE/Add_Employee_first_name' is present

12-08-2024T16:44:54 - [MESSAGE][PASSED] - Object 'Object Repository/ADDING_A_NEW_EMPLOYEE/Add_Employee_first_name' is present

12-08-2024T16:44:54 - [TEST_STEP][PASSED] - click(findTestObject("Object Repository/ADDING_A_NEW_EMPLOYEE/Add_Employee_first_name")): Object: 'Object Repository/ADDING_A_NEW_EMPLOYEE/Add_Employee_first_name' is clicked on

12-08-2024T16:44:55 - [MESSAGE][PASSED] - Object: 'Object Repository/ADDING_A_NEW_EMPLOYEE/Add_Employee_first_name' is clicked on

12-08-2024T16:44:55 - [TEST_STEP][PASSED] - setText(findTestObject("Object Repository/ADDING_A_NEW_EMPLOYEE/Add_Employee_first_name"), "First_name_" + RandomStringUtils.randomAlphabetic(7)): Text 'First_name_AUwpsnp' is set on object 'Object Repository/ADDING_A_NEW_EMPLOYEE/Add_Employee_first_name'

12-08-2024T16:44:55 - [MESSAGE][PASSED] - Text 'First_name_AUwpsnp' is set on object 'Object Repository/ADDING_A_NEW_EMPLOYEE/Add_Employee_first_name'

12-08-2024T16:44:55 - [TEST_STEP][PASSED] - verifyElementPresent(findTestObject("Object Repository/ADDING_A_NEW_EMPLOYEE/Add_employee_middle_name"), 10): Object 'Object Repository/ADDING_A_NEW_EMPLOYEE/Add_employee_middle_name' is present

12-08-2024T16:44:56 - [MESSAGE][PASSED] - Object 'Object Repository/ADDING_A_NEW_EMPLOYEE/Add_employee_middle_name' is present

12-08-2024T16:44:56 - [TEST_STEP][PASSED] - click(findTestObject("Object Repository/ADDING_A_NEW_EMPLOYEE/Add_employee_middle_name")): Object: 'Object Repository/ADDING_A_NEW_EMPLOYEE/Add_employee_middle_name' is clicked on

12-08-2024T16:44:56 - [MESSAGE][PASSED] - Object: 'Object Repository/ADDING_A_NEW_EMPLOYEE/Add_employee_middle_name' is clicked on

12-08-2024T16:44:56 - [TEST_STEP][PASSED] - setText(findTestObject("Object Repository/ADDING_A_NEW_EMPLOYEE/Add_employee_middle_name"), "Middle_name_" + RandomStringUtils.randomAlphabetic(7)): Text 'Middle_name_nhvzGwR' is set on object 'Object Repository/ADDING_A_NEW_EMPLOYEE/Add_employee_middle_name'

12-08-2024T16:44:57 - [MESSAGE][PASSED] - Text 'Middle_name_nhvzGwR' is set on object 'Object Repository/ADDING_A_NEW_EMPLOYEE/Add_employee_middle_name'

12-08-2024T16:44:57 - [TEST_STEP][PASSED] - verifyElementPresent(findTestObject("Object Repository/ADDING_A_NEW_EMPLOYEE/Add_employee_last_name"), 10): Object 'Object Repository/ADDING_A_NEW_EMPLOYEE/Add_employee_last_name' is present

12-08-2024T16:44:57 - [MESSAGE][PASSED] - Object 'Object Repository/ADDING_A_NEW_EMPLOYEE/Add_employee_last_name' is present

12-08-2024T16:44:57 - [TEST_STEP][PASSED] - click(findTestObject("Object Repository/ADDING_A_NEW_EMPLOYEE/Add_employee_last_name")): Object: 'Object Repository/ADDING_A_NEW_EMPLOYEE/Add_employee_last_name' is clicked on

12-08-2024T16:44:57 - [MESSAGE][PASSED] - Object: 'Object Repository/ADDING_A_NEW_EMPLOYEE/Add_employee_last_name' is clicked on

12-08-2024T16:44:57 - [TEST_STEP][PASSED] - setText(findTestObject("Object Repository/ADDING_A_NEW_EMPLOYEE/Add_employee_last_name"), "Last_name_" + RandomStringUtils.randomAlphabetic(7)): Text 'Last_name_WZiLRrt' is set on object 'Object Repository/ADDING_A_NEW_EMPLOYEE/Add_employee_last_name'

12-08-2024T16:44:58 - [MESSAGE][PASSED] - Text 'Last_name_WZiLRrt' is set on object 'Object Repository/ADDING_A_NEW_EMPLOYEE/Add_employee_last_name'

12-08-2024T16:44:58 - [TEST_STEP][PASSED] - randomString_001 = RandomStringUtils.randomNumeric(6): null

12-08-2024T16:44:58 - [TEST_STEP][PASSED] - newValue_001 = "333" + randomString_001: null

12-08-2024T16:44:58 - [TEST_STEP][PASSED] - xpath_for_employee_id = "//label[text()='Employee Id']/ancestor::div[@class='oxd-input-group__label-wrapper']/following-sibling::div//input[@class='oxd-input oxd-input--active']": null

12-08-2024T16:44:58 - [TEST_STEP][PASSED] - inputField_001 = TestObject().addProperty("xpath", EQUALS, xpath_for_employee_id): null

12-08-2024T16:44:58 - [TEST_STEP][PASSED] - executeJavaScript(
    var element = document.evaluate("$xpath_for_employee_id", document, null, XPathResult.FIRST_ORDERED_NODE_TYPE, null).singleNodeValue;
    if (element) {
        element.value = '$newValue_001';
        var event = new Event('input', { bubbles: true });
        element.dispatchEvent(event);
    }
    , null): Execute JavaScript '
    var element = document.evaluate("//label[text()='Employee Id']/ancestor::div[@class='oxd-input-group__label-wrapper']/following-sibling::div//input[@class='oxd-input oxd-input--active']", document, null, XPathResult.FIRST_ORDERED_NODE_TYPE, null).singleNodeValue;
    if (element) {
        element.value = '333247575';
        var event = new Event('input', { bubbles: true });
        element.dispatchEvent(event);
    }
    ' successfully

12-08-2024T16:44:58 - [MESSAGE][PASSED] - Execute JavaScript '
    var element = document.evaluate("//label[text()='Employee Id']/ancestor::div[@class='oxd-input-group__label-wrapper']/following-sibling::div//input[@class='oxd-input oxd-input--active']", document, null, XPathResult.FIRST_ORDERED_NODE_TYPE, null).singleNodeValue;
    if (element) {
        element.value = '333247575';
        var event = new Event('input', { bubbles: true });
        element.dispatchEvent(event);
    }
    ' successfully

12-08-2024T16:44:58 - [TEST_STEP][PASSED] - delay(3): Delayed 3 second(s)

12-08-2024T16:45:01 - [MESSAGE][PASSED] - Delayed 3 second(s)

12-08-2024T16:45:01 - [TEST_STEP][PASSED] - randomString_for_password = RandomStringUtils.randomNumeric(6): null

12-08-2024T16:45:01 - [TEST_STEP][PASSED] - new_Value_for_password = "Fiboo" + randomString_for_password + "@@": null

12-08-2024T16:45:01 - [TEST_STEP][PASSED] - xpath_for_password = "//label[text()='Username']/ancestor::div[@class='oxd-input-group__label-wrapper']/following-sibling::div//input[@class='oxd-input oxd-input--active']": null

12-08-2024T16:45:01 - [TEST_STEP][PASSED] - inputField_for_password = TestObject().addProperty("xpath", EQUALS, xpath_for_password): null

12-08-2024T16:45:01 - [TEST_STEP][PASSED] - executeJavaScript(
    var element = document.evaluate("$xpath_for_password", document, null, XPathResult.FIRST_ORDERED_NODE_TYPE, null).singleNodeValue;
    if (element) {
        element.value = '$new_Value_for_password';
        var event = new Event('input', { bubbles: true });
        element.dispatchEvent(event);
    }
    , null): Execute JavaScript '
    var element = document.evaluate("//label[text()='Username']/ancestor::div[@class='oxd-input-group__label-wrapper']/following-sibling::div//input[@class='oxd-input oxd-input--active']", document, null, XPathResult.FIRST_ORDERED_NODE_TYPE, null).singleNodeValue;
    if (element) {
        element.value = 'Fiboo051572@@';
        var event = new Event('input', { bubbles: true });
        element.dispatchEvent(event);
    }
    ' successfully

12-08-2024T16:45:01 - [MESSAGE][PASSED] - Execute JavaScript '
    var element = document.evaluate("//label[text()='Username']/ancestor::div[@class='oxd-input-group__label-wrapper']/following-sibling::div//input[@class='oxd-input oxd-input--active']", document, null, XPathResult.FIRST_ORDERED_NODE_TYPE, null).singleNodeValue;
    if (element) {
        element.value = 'Fiboo051572@@';
        var event = new Event('input', { bubbles: true });
        element.dispatchEvent(event);
    }
    ' successfully

12-08-2024T16:45:01 - [TEST_STEP][PASSED] - delay(1): Delayed 1 second(s)

12-08-2024T16:45:02 - [MESSAGE][PASSED] - Delayed 1 second(s)

12-08-2024T16:45:02 - [TEST_STEP][PASSED] - Password = getAttribute(findTestObject("Object Repository/ADDING_A_NEW_EMPLOYEE/Add_employee_username"), "value"): Attribute 'value' of object 'Object Repository/ADDING_A_NEW_EMPLOYEE/Add_employee_username' is: 'Fiboo051572@@'

12-08-2024T16:45:02 - [MESSAGE][PASSED] - Attribute 'value' of object 'Object Repository/ADDING_A_NEW_EMPLOYEE/Add_employee_username' is: 'Fiboo051572@@'

12-08-2024T16:45:02 - [TEST_STEP][PASSED] - out.println(Password): null

12-08-2024T16:45:02 - [TEST_STEP][PASSED] - new_Value_for_password_001 = Password: null

12-08-2024T16:45:02 - [TEST_STEP][PASSED] - xpath_for_password_001 = "//label[text()='Password']/ancestor::div[@class='oxd-input-group__label-wrapper']/following-sibling::div//input[@class='oxd-input oxd-input--active']": null

12-08-2024T16:45:02 - [TEST_STEP][PASSED] - inputField_for_password_001 = TestObject().addProperty("xpath", EQUALS, xpath_for_password_001): null

12-08-2024T16:45:02 - [TEST_STEP][PASSED] - executeJavaScript(
    var element = document.evaluate("$xpath_for_password_001", document, null, XPathResult.FIRST_ORDERED_NODE_TYPE, null).singleNodeValue;
    if (element) {
        element.value = '$new_Value_for_password_001';
        var event = new Event('input', { bubbles: true });
        element.dispatchEvent(event);
    }
    , null): Execute JavaScript '
    var element = document.evaluate("//label[text()='Password']/ancestor::div[@class='oxd-input-group__label-wrapper']/following-sibling::div//input[@class='oxd-input oxd-input--active']", document, null, XPathResult.FIRST_ORDERED_NODE_TYPE, null).singleNodeValue;
    if (element) {
        element.value = 'Fiboo051572@@';
        var event = new Event('input', { bubbles: true });
        element.dispatchEvent(event);
    }
    ' successfully

12-08-2024T16:45:02 - [MESSAGE][PASSED] - Execute JavaScript '
    var element = document.evaluate("//label[text()='Password']/ancestor::div[@class='oxd-input-group__label-wrapper']/following-sibling::div//input[@class='oxd-input oxd-input--active']", document, null, XPathResult.FIRST_ORDERED_NODE_TYPE, null).singleNodeValue;
    if (element) {
        element.value = 'Fiboo051572@@';
        var event = new Event('input', { bubbles: true });
        element.dispatchEvent(event);
    }
    ' successfully

12-08-2024T16:45:02 - [TEST_STEP][PASSED] - delay(1): Delayed 1 second(s)

12-08-2024T16:45:03 - [MESSAGE][PASSED] - Delayed 1 second(s)

12-08-2024T16:45:03 - [TEST_STEP][PASSED] - new_Value_for_password_002 = Password: null

12-08-2024T16:45:03 - [TEST_STEP][PASSED] - xpath_for_password_002 = "//label[text()='Confirm Password']/ancestor::div[@class='oxd-input-group__label-wrapper']/following-sibling::div//input[@class='oxd-input oxd-input--active']": null

12-08-2024T16:45:03 - [TEST_STEP][PASSED] - inputField_for_password_002 = TestObject().addProperty("xpath", EQUALS, xpath_for_password_002): null

12-08-2024T16:45:03 - [TEST_STEP][PASSED] - executeJavaScript(
    var element = document.evaluate("$xpath_for_password_002", document, null, XPathResult.FIRST_ORDERED_NODE_TYPE, null).singleNodeValue;
    if (element) {
        element.value = '$new_Value_for_password_002';
        var event = new Event('input', { bubbles: true });
        element.dispatchEvent(event);
    }
    , null): Execute JavaScript '
    var element = document.evaluate("//label[text()='Confirm Password']/ancestor::div[@class='oxd-input-group__label-wrapper']/following-sibling::div//input[@class='oxd-input oxd-input--active']", document, null, XPathResult.FIRST_ORDERED_NODE_TYPE, null).singleNodeValue;
    if (element) {
        element.value = 'Fiboo051572@@';
        var event = new Event('input', { bubbles: true });
        element.dispatchEvent(event);
    }
    ' successfully

12-08-2024T16:45:03 - [MESSAGE][PASSED] - Execute JavaScript '
    var element = document.evaluate("//label[text()='Confirm Password']/ancestor::div[@class='oxd-input-group__label-wrapper']/following-sibling::div//input[@class='oxd-input oxd-input--active']", document, null, XPathResult.FIRST_ORDERED_NODE_TYPE, null).singleNodeValue;
    if (element) {
        element.value = 'Fiboo051572@@';
        var event = new Event('input', { bubbles: true });
        element.dispatchEvent(event);
    }
    ' successfully

12-08-2024T16:45:03 - [TEST_STEP][PASSED] - delay(1): Delayed 1 second(s)

12-08-2024T16:45:04 - [MESSAGE][PASSED] - Delayed 1 second(s)

12-08-2024T16:45:04 - [TEST_STEP][PASSED] - randomString = RandomStringUtils.randomAlphabetic(7): null

12-08-2024T16:45:04 - [TEST_STEP][PASSED] - newValue = "User_name_" + randomString: null

12-08-2024T16:45:04 - [TEST_STEP][PASSED] - xpath_for_user_name = "//label[text()='Username']/ancestor::div[@class='oxd-input-group__label-wrapper']/following-sibling::div//input[@class='oxd-input oxd-input--active']": null

12-08-2024T16:45:04 - [TEST_STEP][PASSED] - inputField = TestObject().addProperty("xpath", EQUALS, xpath_for_user_name): null

12-08-2024T16:45:04 - [TEST_STEP][PASSED] - executeJavaScript(
    var element = document.evaluate("$xpath_for_user_name", document, null, XPathResult.FIRST_ORDERED_NODE_TYPE, null).singleNodeValue;
    if (element) {
        element.value = '$newValue';
        var event = new Event('input', { bubbles: true });
        element.dispatchEvent(event);
    }
    , null): Execute JavaScript '
    var element = document.evaluate("//label[text()='Username']/ancestor::div[@class='oxd-input-group__label-wrapper']/following-sibling::div//input[@class='oxd-input oxd-input--active']", document, null, XPathResult.FIRST_ORDERED_NODE_TYPE, null).singleNodeValue;
    if (element) {
        element.value = 'User_name_XCcsvWU';
        var event = new Event('input', { bubbles: true });
        element.dispatchEvent(event);
    }
    ' successfully

12-08-2024T16:45:05 - [MESSAGE][PASSED] - Execute JavaScript '
    var element = document.evaluate("//label[text()='Username']/ancestor::div[@class='oxd-input-group__label-wrapper']/following-sibling::div//input[@class='oxd-input oxd-input--active']", document, null, XPathResult.FIRST_ORDERED_NODE_TYPE, null).singleNodeValue;
    if (element) {
        element.value = 'User_name_XCcsvWU';
        var event = new Event('input', { bubbles: true });
        element.dispatchEvent(event);
    }
    ' successfully

12-08-2024T16:45:05 - [TEST_STEP][PASSED] - delay(1): Delayed 1 second(s)

12-08-2024T16:45:06 - [MESSAGE][PASSED] - Delayed 1 second(s)

12-08-2024T16:45:06 - [TEST_STEP][PASSED] - User_name = getAttribute(findTestObject("Object Repository/ADDING_A_NEW_EMPLOYEE/Add_employee_username"), "value"): Attribute 'value' of object 'Object Repository/ADDING_A_NEW_EMPLOYEE/Add_employee_username' is: 'User_name_XCcsvWU'

12-08-2024T16:45:06 - [MESSAGE][PASSED] - Attribute 'value' of object 'Object Repository/ADDING_A_NEW_EMPLOYEE/Add_employee_username' is: 'User_name_XCcsvWU'

12-08-2024T16:45:06 - [TEST_STEP][PASSED] - out.println(User_name): null

12-08-2024T16:45:06 - [TEST_STEP][PASSED] - out.println(Password): null

12-08-2024T16:45:06 - [TEST_STEP][PASSED] - First_name = getAttribute(findTestObject("Object Repository/ADDING_A_NEW_EMPLOYEE/Add_Employee_first_name"), "value"): Attribute 'value' of object 'Object Repository/ADDING_A_NEW_EMPLOYEE/Add_Employee_first_name' is: 'First_name_AUwpsnp'

12-08-2024T16:45:06 - [MESSAGE][PASSED] - Attribute 'value' of object 'Object Repository/ADDING_A_NEW_EMPLOYEE/Add_Employee_first_name' is: 'First_name_AUwpsnp'

12-08-2024T16:45:06 - [TEST_STEP][PASSED] - out.println(First_name): null

12-08-2024T16:45:06 - [TEST_STEP][PASSED] - Middle_name = getAttribute(findTestObject("Object Repository/ADDING_A_NEW_EMPLOYEE/Add_employee_middle_name"), "value"): Attribute 'value' of object 'Object Repository/ADDING_A_NEW_EMPLOYEE/Add_employee_middle_name' is: 'Middle_name_nhvzGwR'

12-08-2024T16:45:06 - [MESSAGE][PASSED] - Attribute 'value' of object 'Object Repository/ADDING_A_NEW_EMPLOYEE/Add_employee_middle_name' is: 'Middle_name_nhvzGwR'

12-08-2024T16:45:06 - [TEST_STEP][PASSED] - out.println(Middle_name): null

12-08-2024T16:45:06 - [TEST_STEP][PASSED] - Last_name = getAttribute(findTestObject("Object Repository/ADDING_A_NEW_EMPLOYEE/Add_employee_last_name"), "value"): Attribute 'value' of object 'Object Repository/ADDING_A_NEW_EMPLOYEE/Add_employee_last_name' is: 'Last_name_WZiLRrt'

12-08-2024T16:45:07 - [MESSAGE][PASSED] - Attribute 'value' of object 'Object Repository/ADDING_A_NEW_EMPLOYEE/Add_employee_last_name' is: 'Last_name_WZiLRrt'

12-08-2024T16:45:07 - [TEST_STEP][PASSED] - out.println(Last_name): null

12-08-2024T16:45:07 - [TEST_STEP][PASSED] - employee_id = getAttribute(findTestObject("Object Repository/ADDING_A_NEW_EMPLOYEE/Add_employee_id"), "value"): Attribute 'value' of object 'Object Repository/ADDING_A_NEW_EMPLOYEE/Add_employee_id' is: '333247575'

12-08-2024T16:45:07 - [MESSAGE][PASSED] - Attribute 'value' of object 'Object Repository/ADDING_A_NEW_EMPLOYEE/Add_employee_id' is: '333247575'

12-08-2024T16:45:07 - [TEST_STEP][PASSED] - out.println(employee_id): null

12-08-2024T16:45:07 - [TEST_STEP][PASSED] - delay(3): Delayed 3 second(s)

12-08-2024T16:45:10 - [MESSAGE][PASSED] - Delayed 3 second(s)

12-08-2024T16:45:10 - [TEST_STEP][PASSED] - click(findTestObject("Object Repository/ADDING_A_NEW_EMPLOYEE/Add_employee_save_button")): Object: 'Object Repository/ADDING_A_NEW_EMPLOYEE/Add_employee_save_button' is clicked on

12-08-2024T16:45:10 - [MESSAGE][PASSED] - Object: 'Object Repository/ADDING_A_NEW_EMPLOYEE/Add_employee_save_button' is clicked on

12-08-2024T16:45:10 - [TEST_STEP][PASSED] - delay(2): Delayed 2 second(s)

12-08-2024T16:45:12 - [MESSAGE][PASSED] - Delayed 2 second(s)

12-08-2024T16:45:12 - [MESSAGE][PASSED] - Call Test Case 'Test Cases/ADDING_A_NEW_EMPLOYEE' successfully

12-08-2024T16:45:12 - [TEST_STEP][PASSED] - rowIndex = sheet.getLastRowNum() + 1: null

12-08-2024T16:45:12 - [TEST_STEP][PASSED] - row = sheet.createRow(rowIndex): null

12-08-2024T16:45:12 - [TEST_STEP][PASSED] - createCell(0).setCellValue(First_name): null

12-08-2024T16:45:12 - [TEST_STEP][PASSED] - createCell(1).setCellValue(Middle_name): null

12-08-2024T16:45:12 - [TEST_STEP][PASSED] - createCell(2).setCellValue(Last_name): null

12-08-2024T16:45:12 - [TEST_STEP][PASSED] - createCell(3).setCellValue(User_name): null

12-08-2024T16:45:12 - [TEST_STEP][PASSED] - createCell(4).setCellValue(Password): null

12-08-2024T16:45:12 - [TEST_STEP][PASSED] - createCell(5).setCellValue(employee_id): null

12-08-2024T16:45:12 - [TEST_STEP][PASSED] - callTestCase(findTestCase("ADDING_A_NEW_EMPLOYEE"), [:], STOP_ON_FAILURE): Call Test Case 'Test Cases/ADDING_A_NEW_EMPLOYEE' successfully

12-08-2024T16:45:13 - [TEST_CASE][PASSED] - Test Cases/ADDING_A_NEW_EMPLOYEE: Test Cases/ADDING_A_NEW_EMPLOYEE

12-08-2024T16:45:13 - [TEST_STEP][PASSED] - verifyElementPresent(findTestObject("ADDING_A_NEW_EMPLOYEE/pim_option_from_side_bar"), 10): Object 'Object Repository/ADDING_A_NEW_EMPLOYEE/pim_option_from_side_bar' is present

12-08-2024T16:45:13 - [MESSAGE][PASSED] - Object 'Object Repository/ADDING_A_NEW_EMPLOYEE/pim_option_from_side_bar' is present

12-08-2024T16:45:13 - [TEST_STEP][PASSED] - click(findTestObject("ADDING_A_NEW_EMPLOYEE/pim_option_from_side_bar")): Object: 'Object Repository/ADDING_A_NEW_EMPLOYEE/pim_option_from_side_bar' is clicked on

12-08-2024T16:45:15 - [MESSAGE][PASSED] - Object: 'Object Repository/ADDING_A_NEW_EMPLOYEE/pim_option_from_side_bar' is clicked on

12-08-2024T16:45:15 - [TEST_STEP][PASSED] - waitForElementPresent(findTestObject("ADDING_A_NEW_EMPLOYEE/adding_new_employee_button_in_pim_page"), 10): Object 'Object Repository/ADDING_A_NEW_EMPLOYEE/adding_new_employee_button_in_pim_page' is present

12-08-2024T16:45:18 - [MESSAGE][PASSED] - Object 'Object Repository/ADDING_A_NEW_EMPLOYEE/adding_new_employee_button_in_pim_page' is present

12-08-2024T16:45:18 - [TEST_STEP][PASSED] - click(findTestObject("ADDING_A_NEW_EMPLOYEE/adding_new_employee_button_in_pim_page")): Object: 'Object Repository/ADDING_A_NEW_EMPLOYEE/adding_new_employee_button_in_pim_page' is clicked on

12-08-2024T16:45:19 - [MESSAGE][PASSED] - Object: 'Object Repository/ADDING_A_NEW_EMPLOYEE/adding_new_employee_button_in_pim_page' is clicked on

12-08-2024T16:45:19 - [TEST_STEP][PASSED] - verifyElementPresent(findTestObject("ADDING_A_NEW_EMPLOYEE/create_login_details_checkbox"), 10): Object 'Object Repository/ADDING_A_NEW_EMPLOYEE/create_login_details_checkbox' is present

12-08-2024T16:45:21 - [MESSAGE][PASSED] - Object 'Object Repository/ADDING_A_NEW_EMPLOYEE/create_login_details_checkbox' is present

12-08-2024T16:45:21 - [TEST_STEP][PASSED] - click(findTestObject("ADDING_A_NEW_EMPLOYEE/create_login_details_checkbox")): Object: 'Object Repository/ADDING_A_NEW_EMPLOYEE/create_login_details_checkbox' is clicked on

12-08-2024T16:45:21 - [MESSAGE][PASSED] - Object: 'Object Repository/ADDING_A_NEW_EMPLOYEE/create_login_details_checkbox' is clicked on

12-08-2024T16:45:21 - [TEST_STEP][PASSED] - verifyElementPresent(findTestObject("Object Repository/ADDING_A_NEW_EMPLOYEE/Add_employee_enabled_radio_button"), 10): Object 'Object Repository/ADDING_A_NEW_EMPLOYEE/Add_employee_enabled_radio_button' is present

12-08-2024T16:45:21 - [MESSAGE][PASSED] - Object 'Object Repository/ADDING_A_NEW_EMPLOYEE/Add_employee_enabled_radio_button' is present

12-08-2024T16:45:21 - [TEST_STEP][PASSED] - click(findTestObject("Object Repository/ADDING_A_NEW_EMPLOYEE/Add_employee_enabled_radio_button")): Object: 'Object Repository/ADDING_A_NEW_EMPLOYEE/Add_employee_enabled_radio_button' is clicked on

12-08-2024T16:45:22 - [MESSAGE][PASSED] - Object: 'Object Repository/ADDING_A_NEW_EMPLOYEE/Add_employee_enabled_radio_button' is clicked on

12-08-2024T16:45:22 - [TEST_STEP][PASSED] - verifyElementPresent(findTestObject("Object Repository/ADDING_A_NEW_EMPLOYEE/Add_Employee_first_name"), 10): Object 'Object Repository/ADDING_A_NEW_EMPLOYEE/Add_Employee_first_name' is present

12-08-2024T16:45:22 - [MESSAGE][PASSED] - Object 'Object Repository/ADDING_A_NEW_EMPLOYEE/Add_Employee_first_name' is present

12-08-2024T16:45:22 - [TEST_STEP][PASSED] - click(findTestObject("Object Repository/ADDING_A_NEW_EMPLOYEE/Add_Employee_first_name")): Object: 'Object Repository/ADDING_A_NEW_EMPLOYEE/Add_Employee_first_name' is clicked on

12-08-2024T16:45:22 - [MESSAGE][PASSED] - Object: 'Object Repository/ADDING_A_NEW_EMPLOYEE/Add_Employee_first_name' is clicked on

12-08-2024T16:45:22 - [TEST_STEP][PASSED] - setText(findTestObject("Object Repository/ADDING_A_NEW_EMPLOYEE/Add_Employee_first_name"), "First_name_" + RandomStringUtils.randomAlphabetic(7)): Text 'First_name_DvKxRRr' is set on object 'Object Repository/ADDING_A_NEW_EMPLOYEE/Add_Employee_first_name'

12-08-2024T16:45:23 - [MESSAGE][PASSED] - Text 'First_name_DvKxRRr' is set on object 'Object Repository/ADDING_A_NEW_EMPLOYEE/Add_Employee_first_name'

12-08-2024T16:45:23 - [TEST_STEP][PASSED] - verifyElementPresent(findTestObject("Object Repository/ADDING_A_NEW_EMPLOYEE/Add_employee_middle_name"), 10): Object 'Object Repository/ADDING_A_NEW_EMPLOYEE/Add_employee_middle_name' is present

12-08-2024T16:45:23 - [MESSAGE][PASSED] - Object 'Object Repository/ADDING_A_NEW_EMPLOYEE/Add_employee_middle_name' is present

12-08-2024T16:45:23 - [TEST_STEP][PASSED] - click(findTestObject("Object Repository/ADDING_A_NEW_EMPLOYEE/Add_employee_middle_name")): Object: 'Object Repository/ADDING_A_NEW_EMPLOYEE/Add_employee_middle_name' is clicked on

12-08-2024T16:45:24 - [MESSAGE][PASSED] - Object: 'Object Repository/ADDING_A_NEW_EMPLOYEE/Add_employee_middle_name' is clicked on

12-08-2024T16:45:24 - [TEST_STEP][PASSED] - setText(findTestObject("Object Repository/ADDING_A_NEW_EMPLOYEE/Add_employee_middle_name"), "Middle_name_" + RandomStringUtils.randomAlphabetic(7)): Text 'Middle_name_lSegTAg' is set on object 'Object Repository/ADDING_A_NEW_EMPLOYEE/Add_employee_middle_name'

12-08-2024T16:45:24 - [MESSAGE][PASSED] - Text 'Middle_name_lSegTAg' is set on object 'Object Repository/ADDING_A_NEW_EMPLOYEE/Add_employee_middle_name'

12-08-2024T16:45:24 - [TEST_STEP][PASSED] - verifyElementPresent(findTestObject("Object Repository/ADDING_A_NEW_EMPLOYEE/Add_employee_last_name"), 10): Object 'Object Repository/ADDING_A_NEW_EMPLOYEE/Add_employee_last_name' is present

12-08-2024T16:45:25 - [MESSAGE][PASSED] - Object 'Object Repository/ADDING_A_NEW_EMPLOYEE/Add_employee_last_name' is present

12-08-2024T16:45:25 - [TEST_STEP][PASSED] - click(findTestObject("Object Repository/ADDING_A_NEW_EMPLOYEE/Add_employee_last_name")): Object: 'Object Repository/ADDING_A_NEW_EMPLOYEE/Add_employee_last_name' is clicked on

12-08-2024T16:45:25 - [MESSAGE][PASSED] - Object: 'Object Repository/ADDING_A_NEW_EMPLOYEE/Add_employee_last_name' is clicked on

12-08-2024T16:45:25 - [TEST_STEP][PASSED] - setText(findTestObject("Object Repository/ADDING_A_NEW_EMPLOYEE/Add_employee_last_name"), "Last_name_" + RandomStringUtils.randomAlphabetic(7)): Text 'Last_name_GBVFvAh' is set on object 'Object Repository/ADDING_A_NEW_EMPLOYEE/Add_employee_last_name'

12-08-2024T16:45:26 - [MESSAGE][PASSED] - Text 'Last_name_GBVFvAh' is set on object 'Object Repository/ADDING_A_NEW_EMPLOYEE/Add_employee_last_name'

12-08-2024T16:45:26 - [TEST_STEP][PASSED] - randomString_001 = RandomStringUtils.randomNumeric(6): null

12-08-2024T16:45:26 - [TEST_STEP][PASSED] - newValue_001 = "333" + randomString_001: null

12-08-2024T16:45:26 - [TEST_STEP][PASSED] - xpath_for_employee_id = "//label[text()='Employee Id']/ancestor::div[@class='oxd-input-group__label-wrapper']/following-sibling::div//input[@class='oxd-input oxd-input--active']": null

12-08-2024T16:45:26 - [TEST_STEP][PASSED] - inputField_001 = TestObject().addProperty("xpath", EQUALS, xpath_for_employee_id): null

12-08-2024T16:45:26 - [TEST_STEP][PASSED] - executeJavaScript(
    var element = document.evaluate("$xpath_for_employee_id", document, null, XPathResult.FIRST_ORDERED_NODE_TYPE, null).singleNodeValue;
    if (element) {
        element.value = '$newValue_001';
        var event = new Event('input', { bubbles: true });
        element.dispatchEvent(event);
    }
    , null): Execute JavaScript '
    var element = document.evaluate("//label[text()='Employee Id']/ancestor::div[@class='oxd-input-group__label-wrapper']/following-sibling::div//input[@class='oxd-input oxd-input--active']", document, null, XPathResult.FIRST_ORDERED_NODE_TYPE, null).singleNodeValue;
    if (element) {
        element.value = '333132042';
        var event = new Event('input', { bubbles: true });
        element.dispatchEvent(event);
    }
    ' successfully

12-08-2024T16:45:26 - [MESSAGE][PASSED] - Execute JavaScript '
    var element = document.evaluate("//label[text()='Employee Id']/ancestor::div[@class='oxd-input-group__label-wrapper']/following-sibling::div//input[@class='oxd-input oxd-input--active']", document, null, XPathResult.FIRST_ORDERED_NODE_TYPE, null).singleNodeValue;
    if (element) {
        element.value = '333132042';
        var event = new Event('input', { bubbles: true });
        element.dispatchEvent(event);
    }
    ' successfully

12-08-2024T16:45:26 - [TEST_STEP][PASSED] - delay(3): Delayed 3 second(s)

12-08-2024T16:45:29 - [MESSAGE][PASSED] - Delayed 3 second(s)

12-08-2024T16:45:29 - [TEST_STEP][PASSED] - randomString_for_password = RandomStringUtils.randomNumeric(6): null

12-08-2024T16:45:29 - [TEST_STEP][PASSED] - new_Value_for_password = "Fiboo" + randomString_for_password + "@@": null

12-08-2024T16:45:29 - [TEST_STEP][PASSED] - xpath_for_password = "//label[text()='Username']/ancestor::div[@class='oxd-input-group__label-wrapper']/following-sibling::div//input[@class='oxd-input oxd-input--active']": null

12-08-2024T16:45:29 - [TEST_STEP][PASSED] - inputField_for_password = TestObject().addProperty("xpath", EQUALS, xpath_for_password): null

12-08-2024T16:45:29 - [TEST_STEP][PASSED] - executeJavaScript(
    var element = document.evaluate("$xpath_for_password", document, null, XPathResult.FIRST_ORDERED_NODE_TYPE, null).singleNodeValue;
    if (element) {
        element.value = '$new_Value_for_password';
        var event = new Event('input', { bubbles: true });
        element.dispatchEvent(event);
    }
    , null): Execute JavaScript '
    var element = document.evaluate("//label[text()='Username']/ancestor::div[@class='oxd-input-group__label-wrapper']/following-sibling::div//input[@class='oxd-input oxd-input--active']", document, null, XPathResult.FIRST_ORDERED_NODE_TYPE, null).singleNodeValue;
    if (element) {
        element.value = 'Fiboo192186@@';
        var event = new Event('input', { bubbles: true });
        element.dispatchEvent(event);
    }
    ' successfully

12-08-2024T16:45:29 - [MESSAGE][PASSED] - Execute JavaScript '
    var element = document.evaluate("//label[text()='Username']/ancestor::div[@class='oxd-input-group__label-wrapper']/following-sibling::div//input[@class='oxd-input oxd-input--active']", document, null, XPathResult.FIRST_ORDERED_NODE_TYPE, null).singleNodeValue;
    if (element) {
        element.value = 'Fiboo192186@@';
        var event = new Event('input', { bubbles: true });
        element.dispatchEvent(event);
    }
    ' successfully

12-08-2024T16:45:29 - [TEST_STEP][PASSED] - delay(1): Delayed 1 second(s)

12-08-2024T16:45:30 - [MESSAGE][PASSED] - Delayed 1 second(s)

12-08-2024T16:45:30 - [TEST_STEP][PASSED] - Password = getAttribute(findTestObject("Object Repository/ADDING_A_NEW_EMPLOYEE/Add_employee_username"), "value"): Attribute 'value' of object 'Object Repository/ADDING_A_NEW_EMPLOYEE/Add_employee_username' is: 'Fiboo192186@@'

12-08-2024T16:45:30 - [MESSAGE][PASSED] - Attribute 'value' of object 'Object Repository/ADDING_A_NEW_EMPLOYEE/Add_employee_username' is: 'Fiboo192186@@'

12-08-2024T16:45:30 - [TEST_STEP][PASSED] - out.println(Password): null

12-08-2024T16:45:30 - [TEST_STEP][PASSED] - new_Value_for_password_001 = Password: null

12-08-2024T16:45:30 - [TEST_STEP][PASSED] - xpath_for_password_001 = "//label[text()='Password']/ancestor::div[@class='oxd-input-group__label-wrapper']/following-sibling::div//input[@class='oxd-input oxd-input--active']": null

12-08-2024T16:45:30 - [TEST_STEP][PASSED] - inputField_for_password_001 = TestObject().addProperty("xpath", EQUALS, xpath_for_password_001): null

12-08-2024T16:45:30 - [TEST_STEP][PASSED] - executeJavaScript(
    var element = document.evaluate("$xpath_for_password_001", document, null, XPathResult.FIRST_ORDERED_NODE_TYPE, null).singleNodeValue;
    if (element) {
        element.value = '$new_Value_for_password_001';
        var event = new Event('input', { bubbles: true });
        element.dispatchEvent(event);
    }
    , null): Execute JavaScript '
    var element = document.evaluate("//label[text()='Password']/ancestor::div[@class='oxd-input-group__label-wrapper']/following-sibling::div//input[@class='oxd-input oxd-input--active']", document, null, XPathResult.FIRST_ORDERED_NODE_TYPE, null).singleNodeValue;
    if (element) {
        element.value = 'Fiboo192186@@';
        var event = new Event('input', { bubbles: true });
        element.dispatchEvent(event);
    }
    ' successfully

12-08-2024T16:45:30 - [MESSAGE][PASSED] - Execute JavaScript '
    var element = document.evaluate("//label[text()='Password']/ancestor::div[@class='oxd-input-group__label-wrapper']/following-sibling::div//input[@class='oxd-input oxd-input--active']", document, null, XPathResult.FIRST_ORDERED_NODE_TYPE, null).singleNodeValue;
    if (element) {
        element.value = 'Fiboo192186@@';
        var event = new Event('input', { bubbles: true });
        element.dispatchEvent(event);
    }
    ' successfully

12-08-2024T16:45:30 - [TEST_STEP][PASSED] - delay(1): Delayed 1 second(s)

12-08-2024T16:45:31 - [MESSAGE][PASSED] - Delayed 1 second(s)

12-08-2024T16:45:31 - [TEST_STEP][PASSED] - new_Value_for_password_002 = Password: null

12-08-2024T16:45:31 - [TEST_STEP][PASSED] - xpath_for_password_002 = "//label[text()='Confirm Password']/ancestor::div[@class='oxd-input-group__label-wrapper']/following-sibling::div//input[@class='oxd-input oxd-input--active']": null

12-08-2024T16:45:31 - [TEST_STEP][PASSED] - inputField_for_password_002 = TestObject().addProperty("xpath", EQUALS, xpath_for_password_002): null

12-08-2024T16:45:31 - [TEST_STEP][PASSED] - executeJavaScript(
    var element = document.evaluate("$xpath_for_password_002", document, null, XPathResult.FIRST_ORDERED_NODE_TYPE, null).singleNodeValue;
    if (element) {
        element.value = '$new_Value_for_password_002';
        var event = new Event('input', { bubbles: true });
        element.dispatchEvent(event);
    }
    , null): Execute JavaScript '
    var element = document.evaluate("//label[text()='Confirm Password']/ancestor::div[@class='oxd-input-group__label-wrapper']/following-sibling::div//input[@class='oxd-input oxd-input--active']", document, null, XPathResult.FIRST_ORDERED_NODE_TYPE, null).singleNodeValue;
    if (element) {
        element.value = 'Fiboo192186@@';
        var event = new Event('input', { bubbles: true });
        element.dispatchEvent(event);
    }
    ' successfully

12-08-2024T16:45:31 - [MESSAGE][PASSED] - Execute JavaScript '
    var element = document.evaluate("//label[text()='Confirm Password']/ancestor::div[@class='oxd-input-group__label-wrapper']/following-sibling::div//input[@class='oxd-input oxd-input--active']", document, null, XPathResult.FIRST_ORDERED_NODE_TYPE, null).singleNodeValue;
    if (element) {
        element.value = 'Fiboo192186@@';
        var event = new Event('input', { bubbles: true });
        element.dispatchEvent(event);
    }
    ' successfully

12-08-2024T16:45:31 - [TEST_STEP][PASSED] - delay(1): Delayed 1 second(s)

12-08-2024T16:45:32 - [MESSAGE][PASSED] - Delayed 1 second(s)

12-08-2024T16:45:32 - [TEST_STEP][PASSED] - randomString = RandomStringUtils.randomAlphabetic(7): null

12-08-2024T16:45:32 - [TEST_STEP][PASSED] - newValue = "User_name_" + randomString: null

12-08-2024T16:45:32 - [TEST_STEP][PASSED] - xpath_for_user_name = "//label[text()='Username']/ancestor::div[@class='oxd-input-group__label-wrapper']/following-sibling::div//input[@class='oxd-input oxd-input--active']": null

12-08-2024T16:45:32 - [TEST_STEP][PASSED] - inputField = TestObject().addProperty("xpath", EQUALS, xpath_for_user_name): null

12-08-2024T16:45:32 - [TEST_STEP][PASSED] - executeJavaScript(
    var element = document.evaluate("$xpath_for_user_name", document, null, XPathResult.FIRST_ORDERED_NODE_TYPE, null).singleNodeValue;
    if (element) {
        element.value = '$newValue';
        var event = new Event('input', { bubbles: true });
        element.dispatchEvent(event);
    }
    , null): Execute JavaScript '
    var element = document.evaluate("//label[text()='Username']/ancestor::div[@class='oxd-input-group__label-wrapper']/following-sibling::div//input[@class='oxd-input oxd-input--active']", document, null, XPathResult.FIRST_ORDERED_NODE_TYPE, null).singleNodeValue;
    if (element) {
        element.value = 'User_name_vrfvoid';
        var event = new Event('input', { bubbles: true });
        element.dispatchEvent(event);
    }
    ' successfully

12-08-2024T16:45:32 - [MESSAGE][PASSED] - Execute JavaScript '
    var element = document.evaluate("//label[text()='Username']/ancestor::div[@class='oxd-input-group__label-wrapper']/following-sibling::div//input[@class='oxd-input oxd-input--active']", document, null, XPathResult.FIRST_ORDERED_NODE_TYPE, null).singleNodeValue;
    if (element) {
        element.value = 'User_name_vrfvoid';
        var event = new Event('input', { bubbles: true });
        element.dispatchEvent(event);
    }
    ' successfully

12-08-2024T16:45:32 - [TEST_STEP][PASSED] - delay(1): Delayed 1 second(s)

12-08-2024T16:45:33 - [MESSAGE][PASSED] - Delayed 1 second(s)

12-08-2024T16:45:33 - [TEST_STEP][PASSED] - User_name = getAttribute(findTestObject("Object Repository/ADDING_A_NEW_EMPLOYEE/Add_employee_username"), "value"): Attribute 'value' of object 'Object Repository/ADDING_A_NEW_EMPLOYEE/Add_employee_username' is: 'User_name_vrfvoid'

12-08-2024T16:45:34 - [MESSAGE][PASSED] - Attribute 'value' of object 'Object Repository/ADDING_A_NEW_EMPLOYEE/Add_employee_username' is: 'User_name_vrfvoid'

12-08-2024T16:45:34 - [TEST_STEP][PASSED] - out.println(User_name): null

12-08-2024T16:45:34 - [TEST_STEP][PASSED] - out.println(Password): null

12-08-2024T16:45:34 - [TEST_STEP][PASSED] - First_name = getAttribute(findTestObject("Object Repository/ADDING_A_NEW_EMPLOYEE/Add_Employee_first_name"), "value"): Attribute 'value' of object 'Object Repository/ADDING_A_NEW_EMPLOYEE/Add_Employee_first_name' is: 'First_name_DvKxRRr'

12-08-2024T16:45:34 - [MESSAGE][PASSED] - Attribute 'value' of object 'Object Repository/ADDING_A_NEW_EMPLOYEE/Add_Employee_first_name' is: 'First_name_DvKxRRr'

12-08-2024T16:45:34 - [TEST_STEP][PASSED] - out.println(First_name): null

12-08-2024T16:45:34 - [TEST_STEP][PASSED] - Middle_name = getAttribute(findTestObject("Object Repository/ADDING_A_NEW_EMPLOYEE/Add_employee_middle_name"), "value"): Attribute 'value' of object 'Object Repository/ADDING_A_NEW_EMPLOYEE/Add_employee_middle_name' is: 'Middle_name_lSegTAg'

12-08-2024T16:45:34 - [MESSAGE][PASSED] - Attribute 'value' of object 'Object Repository/ADDING_A_NEW_EMPLOYEE/Add_employee_middle_name' is: 'Middle_name_lSegTAg'

12-08-2024T16:45:34 - [TEST_STEP][PASSED] - out.println(Middle_name): null

12-08-2024T16:45:34 - [TEST_STEP][PASSED] - Last_name = getAttribute(findTestObject("Object Repository/ADDING_A_NEW_EMPLOYEE/Add_employee_last_name"), "value"): Attribute 'value' of object 'Object Repository/ADDING_A_NEW_EMPLOYEE/Add_employee_last_name' is: 'Last_name_GBVFvAh'

12-08-2024T16:45:34 - [MESSAGE][PASSED] - Attribute 'value' of object 'Object Repository/ADDING_A_NEW_EMPLOYEE/Add_employee_last_name' is: 'Last_name_GBVFvAh'

12-08-2024T16:45:34 - [TEST_STEP][PASSED] - out.println(Last_name): null

12-08-2024T16:45:34 - [TEST_STEP][PASSED] - employee_id = getAttribute(findTestObject("Object Repository/ADDING_A_NEW_EMPLOYEE/Add_employee_id"), "value"): Attribute 'value' of object 'Object Repository/ADDING_A_NEW_EMPLOYEE/Add_employee_id' is: '333132042'

12-08-2024T16:45:35 - [MESSAGE][PASSED] - Attribute 'value' of object 'Object Repository/ADDING_A_NEW_EMPLOYEE/Add_employee_id' is: '333132042'

12-08-2024T16:45:35 - [TEST_STEP][PASSED] - out.println(employee_id): null

12-08-2024T16:45:35 - [TEST_STEP][PASSED] - delay(3): Delayed 3 second(s)

12-08-2024T16:45:38 - [MESSAGE][PASSED] - Delayed 3 second(s)

12-08-2024T16:45:38 - [TEST_STEP][PASSED] - click(findTestObject("Object Repository/ADDING_A_NEW_EMPLOYEE/Add_employee_save_button")): Object: 'Object Repository/ADDING_A_NEW_EMPLOYEE/Add_employee_save_button' is clicked on

12-08-2024T16:45:38 - [MESSAGE][PASSED] - Object: 'Object Repository/ADDING_A_NEW_EMPLOYEE/Add_employee_save_button' is clicked on

12-08-2024T16:45:38 - [TEST_STEP][PASSED] - delay(2): Delayed 2 second(s)

12-08-2024T16:45:40 - [MESSAGE][PASSED] - Delayed 2 second(s)

12-08-2024T16:45:40 - [MESSAGE][PASSED] - Call Test Case 'Test Cases/ADDING_A_NEW_EMPLOYEE' successfully

12-08-2024T16:45:40 - [TEST_STEP][PASSED] - rowIndex = sheet.getLastRowNum() + 1: null

12-08-2024T16:45:40 - [TEST_STEP][PASSED] - row = sheet.createRow(rowIndex): null

12-08-2024T16:45:40 - [TEST_STEP][PASSED] - createCell(0).setCellValue(First_name): null

12-08-2024T16:45:40 - [TEST_STEP][PASSED] - createCell(1).setCellValue(Middle_name): null

12-08-2024T16:45:40 - [TEST_STEP][PASSED] - createCell(2).setCellValue(Last_name): null

12-08-2024T16:45:40 - [TEST_STEP][PASSED] - createCell(3).setCellValue(User_name): null

12-08-2024T16:45:40 - [TEST_STEP][PASSED] - createCell(4).setCellValue(Password): null

12-08-2024T16:45:40 - [TEST_STEP][PASSED] - createCell(5).setCellValue(employee_id): null

12-08-2024T16:45:40 - [TEST_STEP][PASSED] - callTestCase(findTestCase("ADDING_A_NEW_EMPLOYEE"), [:], STOP_ON_FAILURE): Call Test Case 'Test Cases/ADDING_A_NEW_EMPLOYEE' successfully

12-08-2024T16:45:40 - [TEST_CASE][PASSED] - Test Cases/ADDING_A_NEW_EMPLOYEE: Test Cases/ADDING_A_NEW_EMPLOYEE

12-08-2024T16:45:40 - [TEST_STEP][PASSED] - verifyElementPresent(findTestObject("ADDING_A_NEW_EMPLOYEE/pim_option_from_side_bar"), 10): Object 'Object Repository/ADDING_A_NEW_EMPLOYEE/pim_option_from_side_bar' is present

12-08-2024T16:45:41 - [MESSAGE][PASSED] - Object 'Object Repository/ADDING_A_NEW_EMPLOYEE/pim_option_from_side_bar' is present

12-08-2024T16:45:41 - [TEST_STEP][PASSED] - click(findTestObject("ADDING_A_NEW_EMPLOYEE/pim_option_from_side_bar")): Object: 'Object Repository/ADDING_A_NEW_EMPLOYEE/pim_option_from_side_bar' is clicked on

12-08-2024T16:45:42 - [MESSAGE][PASSED] - Object: 'Object Repository/ADDING_A_NEW_EMPLOYEE/pim_option_from_side_bar' is clicked on

12-08-2024T16:45:42 - [TEST_STEP][PASSED] - waitForElementPresent(findTestObject("ADDING_A_NEW_EMPLOYEE/adding_new_employee_button_in_pim_page"), 10): Object 'Object Repository/ADDING_A_NEW_EMPLOYEE/adding_new_employee_button_in_pim_page' is present

12-08-2024T16:45:44 - [MESSAGE][PASSED] - Object 'Object Repository/ADDING_A_NEW_EMPLOYEE/adding_new_employee_button_in_pim_page' is present

12-08-2024T16:45:44 - [TEST_STEP][PASSED] - click(findTestObject("ADDING_A_NEW_EMPLOYEE/adding_new_employee_button_in_pim_page")): Object: 'Object Repository/ADDING_A_NEW_EMPLOYEE/adding_new_employee_button_in_pim_page' is clicked on

12-08-2024T16:45:45 - [MESSAGE][PASSED] - Object: 'Object Repository/ADDING_A_NEW_EMPLOYEE/adding_new_employee_button_in_pim_page' is clicked on

12-08-2024T16:45:45 - [TEST_STEP][PASSED] - verifyElementPresent(findTestObject("ADDING_A_NEW_EMPLOYEE/create_login_details_checkbox"), 10): Object 'Object Repository/ADDING_A_NEW_EMPLOYEE/create_login_details_checkbox' is present

12-08-2024T16:45:52 - [MESSAGE][PASSED] - Object 'Object Repository/ADDING_A_NEW_EMPLOYEE/create_login_details_checkbox' is present

12-08-2024T16:45:52 - [TEST_STEP][PASSED] - click(findTestObject("ADDING_A_NEW_EMPLOYEE/create_login_details_checkbox")): Object: 'Object Repository/ADDING_A_NEW_EMPLOYEE/create_login_details_checkbox' is clicked on

12-08-2024T16:45:53 - [MESSAGE][PASSED] - Object: 'Object Repository/ADDING_A_NEW_EMPLOYEE/create_login_details_checkbox' is clicked on

12-08-2024T16:45:53 - [TEST_STEP][PASSED] - verifyElementPresent(findTestObject("Object Repository/ADDING_A_NEW_EMPLOYEE/Add_employee_enabled_radio_button"), 10): Object 'Object Repository/ADDING_A_NEW_EMPLOYEE/Add_employee_enabled_radio_button' is present

12-08-2024T16:45:53 - [MESSAGE][PASSED] - Object 'Object Repository/ADDING_A_NEW_EMPLOYEE/Add_employee_enabled_radio_button' is present

12-08-2024T16:45:53 - [TEST_STEP][PASSED] - click(findTestObject("Object Repository/ADDING_A_NEW_EMPLOYEE/Add_employee_enabled_radio_button")): Object: 'Object Repository/ADDING_A_NEW_EMPLOYEE/Add_employee_enabled_radio_button' is clicked on

12-08-2024T16:45:54 - [MESSAGE][PASSED] - Object: 'Object Repository/ADDING_A_NEW_EMPLOYEE/Add_employee_enabled_radio_button' is clicked on

12-08-2024T16:45:54 - [TEST_STEP][PASSED] - verifyElementPresent(findTestObject("Object Repository/ADDING_A_NEW_EMPLOYEE/Add_Employee_first_name"), 10): Object 'Object Repository/ADDING_A_NEW_EMPLOYEE/Add_Employee_first_name' is present

12-08-2024T16:45:54 - [MESSAGE][PASSED] - Object 'Object Repository/ADDING_A_NEW_EMPLOYEE/Add_Employee_first_name' is present

12-08-2024T16:45:54 - [TEST_STEP][PASSED] - click(findTestObject("Object Repository/ADDING_A_NEW_EMPLOYEE/Add_Employee_first_name")): Object: 'Object Repository/ADDING_A_NEW_EMPLOYEE/Add_Employee_first_name' is clicked on

12-08-2024T16:45:54 - [MESSAGE][PASSED] - Object: 'Object Repository/ADDING_A_NEW_EMPLOYEE/Add_Employee_first_name' is clicked on

12-08-2024T16:45:54 - [TEST_STEP][PASSED] - setText(findTestObject("Object Repository/ADDING_A_NEW_EMPLOYEE/Add_Employee_first_name"), "First_name_" + RandomStringUtils.randomAlphabetic(7)): Text 'First_name_yiKOGlw' is set on object 'Object Repository/ADDING_A_NEW_EMPLOYEE/Add_Employee_first_name'

12-08-2024T16:45:55 - [MESSAGE][PASSED] - Text 'First_name_yiKOGlw' is set on object 'Object Repository/ADDING_A_NEW_EMPLOYEE/Add_Employee_first_name'

12-08-2024T16:45:55 - [TEST_STEP][PASSED] - verifyElementPresent(findTestObject("Object Repository/ADDING_A_NEW_EMPLOYEE/Add_employee_middle_name"), 10): Object 'Object Repository/ADDING_A_NEW_EMPLOYEE/Add_employee_middle_name' is present

12-08-2024T16:45:55 - [MESSAGE][PASSED] - Object 'Object Repository/ADDING_A_NEW_EMPLOYEE/Add_employee_middle_name' is present

12-08-2024T16:45:55 - [TEST_STEP][PASSED] - click(findTestObject("Object Repository/ADDING_A_NEW_EMPLOYEE/Add_employee_middle_name")): Object: 'Object Repository/ADDING_A_NEW_EMPLOYEE/Add_employee_middle_name' is clicked on

12-08-2024T16:45:56 - [MESSAGE][PASSED] - Object: 'Object Repository/ADDING_A_NEW_EMPLOYEE/Add_employee_middle_name' is clicked on

12-08-2024T16:45:56 - [TEST_STEP][PASSED] - setText(findTestObject("Object Repository/ADDING_A_NEW_EMPLOYEE/Add_employee_middle_name"), "Middle_name_" + RandomStringUtils.randomAlphabetic(7)): Text 'Middle_name_Hylpckm' is set on object 'Object Repository/ADDING_A_NEW_EMPLOYEE/Add_employee_middle_name'

12-08-2024T16:45:56 - [MESSAGE][PASSED] - Text 'Middle_name_Hylpckm' is set on object 'Object Repository/ADDING_A_NEW_EMPLOYEE/Add_employee_middle_name'

12-08-2024T16:45:56 - [TEST_STEP][PASSED] - verifyElementPresent(findTestObject("Object Repository/ADDING_A_NEW_EMPLOYEE/Add_employee_last_name"), 10): Object 'Object Repository/ADDING_A_NEW_EMPLOYEE/Add_employee_last_name' is present

12-08-2024T16:45:57 - [MESSAGE][PASSED] - Object 'Object Repository/ADDING_A_NEW_EMPLOYEE/Add_employee_last_name' is present

12-08-2024T16:45:57 - [TEST_STEP][PASSED] - click(findTestObject("Object Repository/ADDING_A_NEW_EMPLOYEE/Add_employee_last_name")): Object: 'Object Repository/ADDING_A_NEW_EMPLOYEE/Add_employee_last_name' is clicked on

12-08-2024T16:45:57 - [MESSAGE][PASSED] - Object: 'Object Repository/ADDING_A_NEW_EMPLOYEE/Add_employee_last_name' is clicked on

12-08-2024T16:45:57 - [TEST_STEP][PASSED] - setText(findTestObject("Object Repository/ADDING_A_NEW_EMPLOYEE/Add_employee_last_name"), "Last_name_" + RandomStringUtils.randomAlphabetic(7)): Text 'Last_name_PHMvylk' is set on object 'Object Repository/ADDING_A_NEW_EMPLOYEE/Add_employee_last_name'

12-08-2024T16:45:58 - [MESSAGE][PASSED] - Text 'Last_name_PHMvylk' is set on object 'Object Repository/ADDING_A_NEW_EMPLOYEE/Add_employee_last_name'

12-08-2024T16:45:58 - [TEST_STEP][PASSED] - randomString_001 = RandomStringUtils.randomNumeric(6): null

12-08-2024T16:45:58 - [TEST_STEP][PASSED] - newValue_001 = "333" + randomString_001: null

12-08-2024T16:45:58 - [TEST_STEP][PASSED] - xpath_for_employee_id = "//label[text()='Employee Id']/ancestor::div[@class='oxd-input-group__label-wrapper']/following-sibling::div//input[@class='oxd-input oxd-input--active']": null

12-08-2024T16:45:58 - [TEST_STEP][PASSED] - inputField_001 = TestObject().addProperty("xpath", EQUALS, xpath_for_employee_id): null

12-08-2024T16:45:58 - [TEST_STEP][PASSED] - executeJavaScript(
    var element = document.evaluate("$xpath_for_employee_id", document, null, XPathResult.FIRST_ORDERED_NODE_TYPE, null).singleNodeValue;
    if (element) {
        element.value = '$newValue_001';
        var event = new Event('input', { bubbles: true });
        element.dispatchEvent(event);
    }
    , null): Execute JavaScript '
    var element = document.evaluate("//label[text()='Employee Id']/ancestor::div[@class='oxd-input-group__label-wrapper']/following-sibling::div//input[@class='oxd-input oxd-input--active']", document, null, XPathResult.FIRST_ORDERED_NODE_TYPE, null).singleNodeValue;
    if (element) {
        element.value = '333029842';
        var event = new Event('input', { bubbles: true });
        element.dispatchEvent(event);
    }
    ' successfully

12-08-2024T16:45:58 - [MESSAGE][PASSED] - Execute JavaScript '
    var element = document.evaluate("//label[text()='Employee Id']/ancestor::div[@class='oxd-input-group__label-wrapper']/following-sibling::div//input[@class='oxd-input oxd-input--active']", document, null, XPathResult.FIRST_ORDERED_NODE_TYPE, null).singleNodeValue;
    if (element) {
        element.value = '333029842';
        var event = new Event('input', { bubbles: true });
        element.dispatchEvent(event);
    }
    ' successfully

12-08-2024T16:45:58 - [TEST_STEP][PASSED] - delay(3): Delayed 3 second(s)

12-08-2024T16:46:01 - [MESSAGE][PASSED] - Delayed 3 second(s)

12-08-2024T16:46:01 - [TEST_STEP][PASSED] - randomString_for_password = RandomStringUtils.randomNumeric(6): null

12-08-2024T16:46:01 - [TEST_STEP][PASSED] - new_Value_for_password = "Fiboo" + randomString_for_password + "@@": null

12-08-2024T16:46:01 - [TEST_STEP][PASSED] - xpath_for_password = "//label[text()='Username']/ancestor::div[@class='oxd-input-group__label-wrapper']/following-sibling::div//input[@class='oxd-input oxd-input--active']": null

12-08-2024T16:46:01 - [TEST_STEP][PASSED] - inputField_for_password = TestObject().addProperty("xpath", EQUALS, xpath_for_password): null

12-08-2024T16:46:01 - [TEST_STEP][PASSED] - executeJavaScript(
    var element = document.evaluate("$xpath_for_password", document, null, XPathResult.FIRST_ORDERED_NODE_TYPE, null).singleNodeValue;
    if (element) {
        element.value = '$new_Value_for_password';
        var event = new Event('input', { bubbles: true });
        element.dispatchEvent(event);
    }
    , null): Execute JavaScript '
    var element = document.evaluate("//label[text()='Username']/ancestor::div[@class='oxd-input-group__label-wrapper']/following-sibling::div//input[@class='oxd-input oxd-input--active']", document, null, XPathResult.FIRST_ORDERED_NODE_TYPE, null).singleNodeValue;
    if (element) {
        element.value = 'Fiboo001247@@';
        var event = new Event('input', { bubbles: true });
        element.dispatchEvent(event);
    }
    ' successfully

12-08-2024T16:46:01 - [MESSAGE][PASSED] - Execute JavaScript '
    var element = document.evaluate("//label[text()='Username']/ancestor::div[@class='oxd-input-group__label-wrapper']/following-sibling::div//input[@class='oxd-input oxd-input--active']", document, null, XPathResult.FIRST_ORDERED_NODE_TYPE, null).singleNodeValue;
    if (element) {
        element.value = 'Fiboo001247@@';
        var event = new Event('input', { bubbles: true });
        element.dispatchEvent(event);
    }
    ' successfully

12-08-2024T16:46:01 - [TEST_STEP][PASSED] - delay(1): Delayed 1 second(s)

12-08-2024T16:46:02 - [MESSAGE][PASSED] - Delayed 1 second(s)

12-08-2024T16:46:02 - [TEST_STEP][PASSED] - Password = getAttribute(findTestObject("Object Repository/ADDING_A_NEW_EMPLOYEE/Add_employee_username"), "value"): Attribute 'value' of object 'Object Repository/ADDING_A_NEW_EMPLOYEE/Add_employee_username' is: 'Fiboo001247@@'

12-08-2024T16:46:02 - [MESSAGE][PASSED] - Attribute 'value' of object 'Object Repository/ADDING_A_NEW_EMPLOYEE/Add_employee_username' is: 'Fiboo001247@@'

12-08-2024T16:46:02 - [TEST_STEP][PASSED] - out.println(Password): null

12-08-2024T16:46:02 - [TEST_STEP][PASSED] - new_Value_for_password_001 = Password: null

12-08-2024T16:46:02 - [TEST_STEP][PASSED] - xpath_for_password_001 = "//label[text()='Password']/ancestor::div[@class='oxd-input-group__label-wrapper']/following-sibling::div//input[@class='oxd-input oxd-input--active']": null

12-08-2024T16:46:02 - [TEST_STEP][PASSED] - inputField_for_password_001 = TestObject().addProperty("xpath", EQUALS, xpath_for_password_001): null

12-08-2024T16:46:02 - [TEST_STEP][PASSED] - executeJavaScript(
    var element = document.evaluate("$xpath_for_password_001", document, null, XPathResult.FIRST_ORDERED_NODE_TYPE, null).singleNodeValue;
    if (element) {
        element.value = '$new_Value_for_password_001';
        var event = new Event('input', { bubbles: true });
        element.dispatchEvent(event);
    }
    , null): Execute JavaScript '
    var element = document.evaluate("//label[text()='Password']/ancestor::div[@class='oxd-input-group__label-wrapper']/following-sibling::div//input[@class='oxd-input oxd-input--active']", document, null, XPathResult.FIRST_ORDERED_NODE_TYPE, null).singleNodeValue;
    if (element) {
        element.value = 'Fiboo001247@@';
        var event = new Event('input', { bubbles: true });
        element.dispatchEvent(event);
    }
    ' successfully

12-08-2024T16:46:02 - [MESSAGE][PASSED] - Execute JavaScript '
    var element = document.evaluate("//label[text()='Password']/ancestor::div[@class='oxd-input-group__label-wrapper']/following-sibling::div//input[@class='oxd-input oxd-input--active']", document, null, XPathResult.FIRST_ORDERED_NODE_TYPE, null).singleNodeValue;
    if (element) {
        element.value = 'Fiboo001247@@';
        var event = new Event('input', { bubbles: true });
        element.dispatchEvent(event);
    }
    ' successfully

12-08-2024T16:46:02 - [TEST_STEP][PASSED] - delay(1): Delayed 1 second(s)

12-08-2024T16:46:03 - [MESSAGE][PASSED] - Delayed 1 second(s)

12-08-2024T16:46:03 - [TEST_STEP][PASSED] - new_Value_for_password_002 = Password: null

12-08-2024T16:46:03 - [TEST_STEP][PASSED] - xpath_for_password_002 = "//label[text()='Confirm Password']/ancestor::div[@class='oxd-input-group__label-wrapper']/following-sibling::div//input[@class='oxd-input oxd-input--active']": null

12-08-2024T16:46:03 - [TEST_STEP][PASSED] - inputField_for_password_002 = TestObject().addProperty("xpath", EQUALS, xpath_for_password_002): null

12-08-2024T16:46:03 - [TEST_STEP][PASSED] - executeJavaScript(
    var element = document.evaluate("$xpath_for_password_002", document, null, XPathResult.FIRST_ORDERED_NODE_TYPE, null).singleNodeValue;
    if (element) {
        element.value = '$new_Value_for_password_002';
        var event = new Event('input', { bubbles: true });
        element.dispatchEvent(event);
    }
    , null): Execute JavaScript '
    var element = document.evaluate("//label[text()='Confirm Password']/ancestor::div[@class='oxd-input-group__label-wrapper']/following-sibling::div//input[@class='oxd-input oxd-input--active']", document, null, XPathResult.FIRST_ORDERED_NODE_TYPE, null).singleNodeValue;
    if (element) {
        element.value = 'Fiboo001247@@';
        var event = new Event('input', { bubbles: true });
        element.dispatchEvent(event);
    }
    ' successfully

12-08-2024T16:46:03 - [MESSAGE][PASSED] - Execute JavaScript '
    var element = document.evaluate("//label[text()='Confirm Password']/ancestor::div[@class='oxd-input-group__label-wrapper']/following-sibling::div//input[@class='oxd-input oxd-input--active']", document, null, XPathResult.FIRST_ORDERED_NODE_TYPE, null).singleNodeValue;
    if (element) {
        element.value = 'Fiboo001247@@';
        var event = new Event('input', { bubbles: true });
        element.dispatchEvent(event);
    }
    ' successfully

12-08-2024T16:46:03 - [TEST_STEP][PASSED] - delay(1): Delayed 1 second(s)

12-08-2024T16:46:04 - [MESSAGE][PASSED] - Delayed 1 second(s)

12-08-2024T16:46:04 - [TEST_STEP][PASSED] - randomString = RandomStringUtils.randomAlphabetic(7): null

12-08-2024T16:46:04 - [TEST_STEP][PASSED] - newValue = "User_name_" + randomString: null

12-08-2024T16:46:04 - [TEST_STEP][PASSED] - xpath_for_user_name = "//label[text()='Username']/ancestor::div[@class='oxd-input-group__label-wrapper']/following-sibling::div//input[@class='oxd-input oxd-input--active']": null

12-08-2024T16:46:04 - [TEST_STEP][PASSED] - inputField = TestObject().addProperty("xpath", EQUALS, xpath_for_user_name): null

12-08-2024T16:46:04 - [TEST_STEP][PASSED] - executeJavaScript(
    var element = document.evaluate("$xpath_for_user_name", document, null, XPathResult.FIRST_ORDERED_NODE_TYPE, null).singleNodeValue;
    if (element) {
        element.value = '$newValue';
        var event = new Event('input', { bubbles: true });
        element.dispatchEvent(event);
    }
    , null): Execute JavaScript '
    var element = document.evaluate("//label[text()='Username']/ancestor::div[@class='oxd-input-group__label-wrapper']/following-sibling::div//input[@class='oxd-input oxd-input--active']", document, null, XPathResult.FIRST_ORDERED_NODE_TYPE, null).singleNodeValue;
    if (element) {
        element.value = 'User_name_snLBOGw';
        var event = new Event('input', { bubbles: true });
        element.dispatchEvent(event);
    }
    ' successfully

12-08-2024T16:46:04 - [MESSAGE][PASSED] - Execute JavaScript '
    var element = document.evaluate("//label[text()='Username']/ancestor::div[@class='oxd-input-group__label-wrapper']/following-sibling::div//input[@class='oxd-input oxd-input--active']", document, null, XPathResult.FIRST_ORDERED_NODE_TYPE, null).singleNodeValue;
    if (element) {
        element.value = 'User_name_snLBOGw';
        var event = new Event('input', { bubbles: true });
        element.dispatchEvent(event);
    }
    ' successfully

12-08-2024T16:46:04 - [TEST_STEP][PASSED] - delay(1): Delayed 1 second(s)

12-08-2024T16:46:05 - [MESSAGE][PASSED] - Delayed 1 second(s)

12-08-2024T16:46:05 - [TEST_STEP][PASSED] - User_name = getAttribute(findTestObject("Object Repository/ADDING_A_NEW_EMPLOYEE/Add_employee_username"), "value"): Attribute 'value' of object 'Object Repository/ADDING_A_NEW_EMPLOYEE/Add_employee_username' is: 'User_name_snLBOGw'

12-08-2024T16:46:06 - [MESSAGE][PASSED] - Attribute 'value' of object 'Object Repository/ADDING_A_NEW_EMPLOYEE/Add_employee_username' is: 'User_name_snLBOGw'

12-08-2024T16:46:06 - [TEST_STEP][PASSED] - out.println(User_name): null

12-08-2024T16:46:06 - [TEST_STEP][PASSED] - out.println(Password): null

12-08-2024T16:46:06 - [TEST_STEP][PASSED] - First_name = getAttribute(findTestObject("Object Repository/ADDING_A_NEW_EMPLOYEE/Add_Employee_first_name"), "value"): Attribute 'value' of object 'Object Repository/ADDING_A_NEW_EMPLOYEE/Add_Employee_first_name' is: 'First_name_yiKOGlw'

12-08-2024T16:46:06 - [MESSAGE][PASSED] - Attribute 'value' of object 'Object Repository/ADDING_A_NEW_EMPLOYEE/Add_Employee_first_name' is: 'First_name_yiKOGlw'

12-08-2024T16:46:06 - [TEST_STEP][PASSED] - out.println(First_name): null

12-08-2024T16:46:06 - [TEST_STEP][PASSED] - Middle_name = getAttribute(findTestObject("Object Repository/ADDING_A_NEW_EMPLOYEE/Add_employee_middle_name"), "value"): Attribute 'value' of object 'Object Repository/ADDING_A_NEW_EMPLOYEE/Add_employee_middle_name' is: 'Middle_name_Hylpckm'

12-08-2024T16:46:06 - [MESSAGE][PASSED] - Attribute 'value' of object 'Object Repository/ADDING_A_NEW_EMPLOYEE/Add_employee_middle_name' is: 'Middle_name_Hylpckm'

12-08-2024T16:46:06 - [TEST_STEP][PASSED] - out.println(Middle_name): null

12-08-2024T16:46:06 - [TEST_STEP][PASSED] - Last_name = getAttribute(findTestObject("Object Repository/ADDING_A_NEW_EMPLOYEE/Add_employee_last_name"), "value"): Attribute 'value' of object 'Object Repository/ADDING_A_NEW_EMPLOYEE/Add_employee_last_name' is: 'Last_name_PHMvylk'

12-08-2024T16:46:06 - [MESSAGE][PASSED] - Attribute 'value' of object 'Object Repository/ADDING_A_NEW_EMPLOYEE/Add_employee_last_name' is: 'Last_name_PHMvylk'

12-08-2024T16:46:06 - [TEST_STEP][PASSED] - out.println(Last_name): null

12-08-2024T16:46:06 - [TEST_STEP][PASSED] - employee_id = getAttribute(findTestObject("Object Repository/ADDING_A_NEW_EMPLOYEE/Add_employee_id"), "value"): Attribute 'value' of object 'Object Repository/ADDING_A_NEW_EMPLOYEE/Add_employee_id' is: '333029842'

12-08-2024T16:46:07 - [MESSAGE][PASSED] - Attribute 'value' of object 'Object Repository/ADDING_A_NEW_EMPLOYEE/Add_employee_id' is: '333029842'

12-08-2024T16:46:07 - [TEST_STEP][PASSED] - out.println(employee_id): null

12-08-2024T16:46:07 - [TEST_STEP][PASSED] - delay(3): Delayed 3 second(s)

12-08-2024T16:46:10 - [MESSAGE][PASSED] - Delayed 3 second(s)

12-08-2024T16:46:10 - [TEST_STEP][PASSED] - click(findTestObject("Object Repository/ADDING_A_NEW_EMPLOYEE/Add_employee_save_button")): Object: 'Object Repository/ADDING_A_NEW_EMPLOYEE/Add_employee_save_button' is clicked on

12-08-2024T16:46:10 - [MESSAGE][PASSED] - Object: 'Object Repository/ADDING_A_NEW_EMPLOYEE/Add_employee_save_button' is clicked on

12-08-2024T16:46:10 - [TEST_STEP][PASSED] - delay(2): Delayed 2 second(s)

12-08-2024T16:46:12 - [MESSAGE][PASSED] - Delayed 2 second(s)

12-08-2024T16:46:12 - [MESSAGE][PASSED] - Call Test Case 'Test Cases/ADDING_A_NEW_EMPLOYEE' successfully

12-08-2024T16:46:12 - [TEST_STEP][PASSED] - rowIndex = sheet.getLastRowNum() + 1: null

12-08-2024T16:46:12 - [TEST_STEP][PASSED] - row = sheet.createRow(rowIndex): null

12-08-2024T16:46:12 - [TEST_STEP][PASSED] - createCell(0).setCellValue(First_name): null

12-08-2024T16:46:12 - [TEST_STEP][PASSED] - createCell(1).setCellValue(Middle_name): null

12-08-2024T16:46:12 - [TEST_STEP][PASSED] - createCell(2).setCellValue(Last_name): null

12-08-2024T16:46:12 - [TEST_STEP][PASSED] - createCell(3).setCellValue(User_name): null

12-08-2024T16:46:12 - [TEST_STEP][PASSED] - createCell(4).setCellValue(Password): null

12-08-2024T16:46:12 - [TEST_STEP][PASSED] - createCell(5).setCellValue(employee_id): null

12-08-2024T16:46:12 - [TEST_STEP][PASSED] - callTestCase(findTestCase("ADDING_A_NEW_EMPLOYEE"), [:], STOP_ON_FAILURE): Call Test Case 'Test Cases/ADDING_A_NEW_EMPLOYEE' successfully

12-08-2024T16:46:12 - [TEST_CASE][PASSED] - Test Cases/ADDING_A_NEW_EMPLOYEE: Test Cases/ADDING_A_NEW_EMPLOYEE

12-08-2024T16:46:12 - [TEST_STEP][PASSED] - verifyElementPresent(findTestObject("ADDING_A_NEW_EMPLOYEE/pim_option_from_side_bar"), 10): Object 'Object Repository/ADDING_A_NEW_EMPLOYEE/pim_option_from_side_bar' is present

12-08-2024T16:46:13 - [MESSAGE][PASSED] - Object 'Object Repository/ADDING_A_NEW_EMPLOYEE/pim_option_from_side_bar' is present

12-08-2024T16:46:13 - [TEST_STEP][PASSED] - click(findTestObject("ADDING_A_NEW_EMPLOYEE/pim_option_from_side_bar")): Object: 'Object Repository/ADDING_A_NEW_EMPLOYEE/pim_option_from_side_bar' is clicked on

12-08-2024T16:46:14 - [MESSAGE][PASSED] - Object: 'Object Repository/ADDING_A_NEW_EMPLOYEE/pim_option_from_side_bar' is clicked on

12-08-2024T16:46:14 - [TEST_STEP][PASSED] - waitForElementPresent(findTestObject("ADDING_A_NEW_EMPLOYEE/adding_new_employee_button_in_pim_page"), 10): Object 'Object Repository/ADDING_A_NEW_EMPLOYEE/adding_new_employee_button_in_pim_page' is present

12-08-2024T16:46:16 - [MESSAGE][PASSED] - Object 'Object Repository/ADDING_A_NEW_EMPLOYEE/adding_new_employee_button_in_pim_page' is present

12-08-2024T16:46:16 - [TEST_STEP][PASSED] - click(findTestObject("ADDING_A_NEW_EMPLOYEE/adding_new_employee_button_in_pim_page")): Object: 'Object Repository/ADDING_A_NEW_EMPLOYEE/adding_new_employee_button_in_pim_page' is clicked on

12-08-2024T16:46:17 - [MESSAGE][PASSED] - Object: 'Object Repository/ADDING_A_NEW_EMPLOYEE/adding_new_employee_button_in_pim_page' is clicked on

12-08-2024T16:46:17 - [TEST_STEP][PASSED] - verifyElementPresent(findTestObject("ADDING_A_NEW_EMPLOYEE/create_login_details_checkbox"), 10): Object 'Object Repository/ADDING_A_NEW_EMPLOYEE/create_login_details_checkbox' is present

12-08-2024T16:46:18 - [MESSAGE][PASSED] - Object 'Object Repository/ADDING_A_NEW_EMPLOYEE/create_login_details_checkbox' is present

12-08-2024T16:46:18 - [TEST_STEP][PASSED] - click(findTestObject("ADDING_A_NEW_EMPLOYEE/create_login_details_checkbox")): Object: 'Object Repository/ADDING_A_NEW_EMPLOYEE/create_login_details_checkbox' is clicked on

12-08-2024T16:46:18 - [MESSAGE][PASSED] - Object: 'Object Repository/ADDING_A_NEW_EMPLOYEE/create_login_details_checkbox' is clicked on

12-08-2024T16:46:18 - [TEST_STEP][PASSED] - verifyElementPresent(findTestObject("Object Repository/ADDING_A_NEW_EMPLOYEE/Add_employee_enabled_radio_button"), 10): Object 'Object Repository/ADDING_A_NEW_EMPLOYEE/Add_employee_enabled_radio_button' is present

12-08-2024T16:46:19 - [MESSAGE][PASSED] - Object 'Object Repository/ADDING_A_NEW_EMPLOYEE/Add_employee_enabled_radio_button' is present

12-08-2024T16:46:19 - [TEST_STEP][PASSED] - click(findTestObject("Object Repository/ADDING_A_NEW_EMPLOYEE/Add_employee_enabled_radio_button")): Object: 'Object Repository/ADDING_A_NEW_EMPLOYEE/Add_employee_enabled_radio_button' is clicked on

12-08-2024T16:46:19 - [MESSAGE][PASSED] - Object: 'Object Repository/ADDING_A_NEW_EMPLOYEE/Add_employee_enabled_radio_button' is clicked on

12-08-2024T16:46:19 - [TEST_STEP][PASSED] - verifyElementPresent(findTestObject("Object Repository/ADDING_A_NEW_EMPLOYEE/Add_Employee_first_name"), 10): Object 'Object Repository/ADDING_A_NEW_EMPLOYEE/Add_Employee_first_name' is present

12-08-2024T16:46:19 - [MESSAGE][PASSED] - Object 'Object Repository/ADDING_A_NEW_EMPLOYEE/Add_Employee_first_name' is present

12-08-2024T16:46:19 - [TEST_STEP][PASSED] - click(findTestObject("Object Repository/ADDING_A_NEW_EMPLOYEE/Add_Employee_first_name")): Object: 'Object Repository/ADDING_A_NEW_EMPLOYEE/Add_Employee_first_name' is clicked on

12-08-2024T16:46:20 - [MESSAGE][PASSED] - Object: 'Object Repository/ADDING_A_NEW_EMPLOYEE/Add_Employee_first_name' is clicked on

12-08-2024T16:46:20 - [TEST_STEP][PASSED] - setText(findTestObject("Object Repository/ADDING_A_NEW_EMPLOYEE/Add_Employee_first_name"), "First_name_" + RandomStringUtils.randomAlphabetic(7)): Text 'First_name_AyNzren' is set on object 'Object Repository/ADDING_A_NEW_EMPLOYEE/Add_Employee_first_name'

12-08-2024T16:46:20 - [MESSAGE][PASSED] - Text 'First_name_AyNzren' is set on object 'Object Repository/ADDING_A_NEW_EMPLOYEE/Add_Employee_first_name'

12-08-2024T16:46:20 - [TEST_STEP][PASSED] - verifyElementPresent(findTestObject("Object Repository/ADDING_A_NEW_EMPLOYEE/Add_employee_middle_name"), 10): Object 'Object Repository/ADDING_A_NEW_EMPLOYEE/Add_employee_middle_name' is present

12-08-2024T16:46:21 - [MESSAGE][PASSED] - Object 'Object Repository/ADDING_A_NEW_EMPLOYEE/Add_employee_middle_name' is present

12-08-2024T16:46:21 - [TEST_STEP][PASSED] - click(findTestObject("Object Repository/ADDING_A_NEW_EMPLOYEE/Add_employee_middle_name")): Object: 'Object Repository/ADDING_A_NEW_EMPLOYEE/Add_employee_middle_name' is clicked on

12-08-2024T16:46:21 - [MESSAGE][PASSED] - Object: 'Object Repository/ADDING_A_NEW_EMPLOYEE/Add_employee_middle_name' is clicked on

12-08-2024T16:46:21 - [TEST_STEP][PASSED] - setText(findTestObject("Object Repository/ADDING_A_NEW_EMPLOYEE/Add_employee_middle_name"), "Middle_name_" + RandomStringUtils.randomAlphabetic(7)): Text 'Middle_name_OuIERKe' is set on object 'Object Repository/ADDING_A_NEW_EMPLOYEE/Add_employee_middle_name'

12-08-2024T16:46:22 - [MESSAGE][PASSED] - Text 'Middle_name_OuIERKe' is set on object 'Object Repository/ADDING_A_NEW_EMPLOYEE/Add_employee_middle_name'

12-08-2024T16:46:22 - [TEST_STEP][PASSED] - verifyElementPresent(findTestObject("Object Repository/ADDING_A_NEW_EMPLOYEE/Add_employee_last_name"), 10): Object 'Object Repository/ADDING_A_NEW_EMPLOYEE/Add_employee_last_name' is present

12-08-2024T16:46:22 - [MESSAGE][PASSED] - Object 'Object Repository/ADDING_A_NEW_EMPLOYEE/Add_employee_last_name' is present

12-08-2024T16:46:22 - [TEST_STEP][PASSED] - click(findTestObject("Object Repository/ADDING_A_NEW_EMPLOYEE/Add_employee_last_name")): Object: 'Object Repository/ADDING_A_NEW_EMPLOYEE/Add_employee_last_name' is clicked on

12-08-2024T16:46:22 - [MESSAGE][PASSED] - Object: 'Object Repository/ADDING_A_NEW_EMPLOYEE/Add_employee_last_name' is clicked on

12-08-2024T16:46:22 - [TEST_STEP][PASSED] - setText(findTestObject("Object Repository/ADDING_A_NEW_EMPLOYEE/Add_employee_last_name"), "Last_name_" + RandomStringUtils.randomAlphabetic(7)): Text 'Last_name_pUjdnpv' is set on object 'Object Repository/ADDING_A_NEW_EMPLOYEE/Add_employee_last_name'

12-08-2024T16:46:23 - [MESSAGE][PASSED] - Text 'Last_name_pUjdnpv' is set on object 'Object Repository/ADDING_A_NEW_EMPLOYEE/Add_employee_last_name'

12-08-2024T16:46:23 - [TEST_STEP][PASSED] - randomString_001 = RandomStringUtils.randomNumeric(6): null

12-08-2024T16:46:23 - [TEST_STEP][PASSED] - newValue_001 = "333" + randomString_001: null

12-08-2024T16:46:23 - [TEST_STEP][PASSED] - xpath_for_employee_id = "//label[text()='Employee Id']/ancestor::div[@class='oxd-input-group__label-wrapper']/following-sibling::div//input[@class='oxd-input oxd-input--active']": null

12-08-2024T16:46:23 - [TEST_STEP][PASSED] - inputField_001 = TestObject().addProperty("xpath", EQUALS, xpath_for_employee_id): null

12-08-2024T16:46:23 - [TEST_STEP][PASSED] - executeJavaScript(
    var element = document.evaluate("$xpath_for_employee_id", document, null, XPathResult.FIRST_ORDERED_NODE_TYPE, null).singleNodeValue;
    if (element) {
        element.value = '$newValue_001';
        var event = new Event('input', { bubbles: true });
        element.dispatchEvent(event);
    }
    , null): Execute JavaScript '
    var element = document.evaluate("//label[text()='Employee Id']/ancestor::div[@class='oxd-input-group__label-wrapper']/following-sibling::div//input[@class='oxd-input oxd-input--active']", document, null, XPathResult.FIRST_ORDERED_NODE_TYPE, null).singleNodeValue;
    if (element) {
        element.value = '333609610';
        var event = new Event('input', { bubbles: true });
        element.dispatchEvent(event);
    }
    ' successfully

12-08-2024T16:46:23 - [MESSAGE][PASSED] - Execute JavaScript '
    var element = document.evaluate("//label[text()='Employee Id']/ancestor::div[@class='oxd-input-group__label-wrapper']/following-sibling::div//input[@class='oxd-input oxd-input--active']", document, null, XPathResult.FIRST_ORDERED_NODE_TYPE, null).singleNodeValue;
    if (element) {
        element.value = '333609610';
        var event = new Event('input', { bubbles: true });
        element.dispatchEvent(event);
    }
    ' successfully

12-08-2024T16:46:23 - [TEST_STEP][PASSED] - delay(3): Delayed 3 second(s)

12-08-2024T16:46:26 - [MESSAGE][PASSED] - Delayed 3 second(s)

12-08-2024T16:46:26 - [TEST_STEP][PASSED] - randomString_for_password = RandomStringUtils.randomNumeric(6): null

12-08-2024T16:46:26 - [TEST_STEP][PASSED] - new_Value_for_password = "Fiboo" + randomString_for_password + "@@": null

12-08-2024T16:46:26 - [TEST_STEP][PASSED] - xpath_for_password = "//label[text()='Username']/ancestor::div[@class='oxd-input-group__label-wrapper']/following-sibling::div//input[@class='oxd-input oxd-input--active']": null

12-08-2024T16:46:26 - [TEST_STEP][PASSED] - inputField_for_password = TestObject().addProperty("xpath", EQUALS, xpath_for_password): null

12-08-2024T16:46:26 - [TEST_STEP][PASSED] - executeJavaScript(
    var element = document.evaluate("$xpath_for_password", document, null, XPathResult.FIRST_ORDERED_NODE_TYPE, null).singleNodeValue;
    if (element) {
        element.value = '$new_Value_for_password';
        var event = new Event('input', { bubbles: true });
        element.dispatchEvent(event);
    }
    , null): Execute JavaScript '
    var element = document.evaluate("//label[text()='Username']/ancestor::div[@class='oxd-input-group__label-wrapper']/following-sibling::div//input[@class='oxd-input oxd-input--active']", document, null, XPathResult.FIRST_ORDERED_NODE_TYPE, null).singleNodeValue;
    if (element) {
        element.value = 'Fiboo783702@@';
        var event = new Event('input', { bubbles: true });
        element.dispatchEvent(event);
    }
    ' successfully

12-08-2024T16:46:26 - [MESSAGE][PASSED] - Execute JavaScript '
    var element = document.evaluate("//label[text()='Username']/ancestor::div[@class='oxd-input-group__label-wrapper']/following-sibling::div//input[@class='oxd-input oxd-input--active']", document, null, XPathResult.FIRST_ORDERED_NODE_TYPE, null).singleNodeValue;
    if (element) {
        element.value = 'Fiboo783702@@';
        var event = new Event('input', { bubbles: true });
        element.dispatchEvent(event);
    }
    ' successfully

12-08-2024T16:46:26 - [TEST_STEP][PASSED] - delay(1): Delayed 1 second(s)

12-08-2024T16:46:27 - [MESSAGE][PASSED] - Delayed 1 second(s)

12-08-2024T16:46:27 - [TEST_STEP][PASSED] - Password = getAttribute(findTestObject("Object Repository/ADDING_A_NEW_EMPLOYEE/Add_employee_username"), "value"): Attribute 'value' of object 'Object Repository/ADDING_A_NEW_EMPLOYEE/Add_employee_username' is: 'Fiboo783702@@'

12-08-2024T16:46:27 - [MESSAGE][PASSED] - Attribute 'value' of object 'Object Repository/ADDING_A_NEW_EMPLOYEE/Add_employee_username' is: 'Fiboo783702@@'

12-08-2024T16:46:27 - [TEST_STEP][PASSED] - out.println(Password): null

12-08-2024T16:46:27 - [TEST_STEP][PASSED] - new_Value_for_password_001 = Password: null

12-08-2024T16:46:27 - [TEST_STEP][PASSED] - xpath_for_password_001 = "//label[text()='Password']/ancestor::div[@class='oxd-input-group__label-wrapper']/following-sibling::div//input[@class='oxd-input oxd-input--active']": null

12-08-2024T16:46:27 - [TEST_STEP][PASSED] - inputField_for_password_001 = TestObject().addProperty("xpath", EQUALS, xpath_for_password_001): null

12-08-2024T16:46:27 - [TEST_STEP][PASSED] - executeJavaScript(
    var element = document.evaluate("$xpath_for_password_001", document, null, XPathResult.FIRST_ORDERED_NODE_TYPE, null).singleNodeValue;
    if (element) {
        element.value = '$new_Value_for_password_001';
        var event = new Event('input', { bubbles: true });
        element.dispatchEvent(event);
    }
    , null): Execute JavaScript '
    var element = document.evaluate("//label[text()='Password']/ancestor::div[@class='oxd-input-group__label-wrapper']/following-sibling::div//input[@class='oxd-input oxd-input--active']", document, null, XPathResult.FIRST_ORDERED_NODE_TYPE, null).singleNodeValue;
    if (element) {
        element.value = 'Fiboo783702@@';
        var event = new Event('input', { bubbles: true });
        element.dispatchEvent(event);
    }
    ' successfully

12-08-2024T16:46:27 - [MESSAGE][PASSED] - Execute JavaScript '
    var element = document.evaluate("//label[text()='Password']/ancestor::div[@class='oxd-input-group__label-wrapper']/following-sibling::div//input[@class='oxd-input oxd-input--active']", document, null, XPathResult.FIRST_ORDERED_NODE_TYPE, null).singleNodeValue;
    if (element) {
        element.value = 'Fiboo783702@@';
        var event = new Event('input', { bubbles: true });
        element.dispatchEvent(event);
    }
    ' successfully

12-08-2024T16:46:27 - [TEST_STEP][PASSED] - delay(1): Delayed 1 second(s)

12-08-2024T16:46:28 - [MESSAGE][PASSED] - Delayed 1 second(s)

12-08-2024T16:46:28 - [TEST_STEP][PASSED] - new_Value_for_password_002 = Password: null

12-08-2024T16:46:28 - [TEST_STEP][PASSED] - xpath_for_password_002 = "//label[text()='Confirm Password']/ancestor::div[@class='oxd-input-group__label-wrapper']/following-sibling::div//input[@class='oxd-input oxd-input--active']": null

12-08-2024T16:46:28 - [TEST_STEP][PASSED] - inputField_for_password_002 = TestObject().addProperty("xpath", EQUALS, xpath_for_password_002): null

12-08-2024T16:46:28 - [TEST_STEP][PASSED] - executeJavaScript(
    var element = document.evaluate("$xpath_for_password_002", document, null, XPathResult.FIRST_ORDERED_NODE_TYPE, null).singleNodeValue;
    if (element) {
        element.value = '$new_Value_for_password_002';
        var event = new Event('input', { bubbles: true });
        element.dispatchEvent(event);
    }
    , null): Execute JavaScript '
    var element = document.evaluate("//label[text()='Confirm Password']/ancestor::div[@class='oxd-input-group__label-wrapper']/following-sibling::div//input[@class='oxd-input oxd-input--active']", document, null, XPathResult.FIRST_ORDERED_NODE_TYPE, null).singleNodeValue;
    if (element) {
        element.value = 'Fiboo783702@@';
        var event = new Event('input', { bubbles: true });
        element.dispatchEvent(event);
    }
    ' successfully

12-08-2024T16:46:28 - [MESSAGE][PASSED] - Execute JavaScript '
    var element = document.evaluate("//label[text()='Confirm Password']/ancestor::div[@class='oxd-input-group__label-wrapper']/following-sibling::div//input[@class='oxd-input oxd-input--active']", document, null, XPathResult.FIRST_ORDERED_NODE_TYPE, null).singleNodeValue;
    if (element) {
        element.value = 'Fiboo783702@@';
        var event = new Event('input', { bubbles: true });
        element.dispatchEvent(event);
    }
    ' successfully

12-08-2024T16:46:28 - [TEST_STEP][PASSED] - delay(1): Delayed 1 second(s)

12-08-2024T16:46:29 - [MESSAGE][PASSED] - Delayed 1 second(s)

12-08-2024T16:46:29 - [TEST_STEP][PASSED] - randomString = RandomStringUtils.randomAlphabetic(7): null

12-08-2024T16:46:29 - [TEST_STEP][PASSED] - newValue = "User_name_" + randomString: null

12-08-2024T16:46:29 - [TEST_STEP][PASSED] - xpath_for_user_name = "//label[text()='Username']/ancestor::div[@class='oxd-input-group__label-wrapper']/following-sibling::div//input[@class='oxd-input oxd-input--active']": null

12-08-2024T16:46:29 - [TEST_STEP][PASSED] - inputField = TestObject().addProperty("xpath", EQUALS, xpath_for_user_name): null

12-08-2024T16:46:29 - [TEST_STEP][PASSED] - executeJavaScript(
    var element = document.evaluate("$xpath_for_user_name", document, null, XPathResult.FIRST_ORDERED_NODE_TYPE, null).singleNodeValue;
    if (element) {
        element.value = '$newValue';
        var event = new Event('input', { bubbles: true });
        element.dispatchEvent(event);
    }
    , null): Execute JavaScript '
    var element = document.evaluate("//label[text()='Username']/ancestor::div[@class='oxd-input-group__label-wrapper']/following-sibling::div//input[@class='oxd-input oxd-input--active']", document, null, XPathResult.FIRST_ORDERED_NODE_TYPE, null).singleNodeValue;
    if (element) {
        element.value = 'User_name_JmSFfrs';
        var event = new Event('input', { bubbles: true });
        element.dispatchEvent(event);
    }
    ' successfully

12-08-2024T16:46:29 - [MESSAGE][PASSED] - Execute JavaScript '
    var element = document.evaluate("//label[text()='Username']/ancestor::div[@class='oxd-input-group__label-wrapper']/following-sibling::div//input[@class='oxd-input oxd-input--active']", document, null, XPathResult.FIRST_ORDERED_NODE_TYPE, null).singleNodeValue;
    if (element) {
        element.value = 'User_name_JmSFfrs';
        var event = new Event('input', { bubbles: true });
        element.dispatchEvent(event);
    }
    ' successfully

12-08-2024T16:46:29 - [TEST_STEP][PASSED] - delay(1): Delayed 1 second(s)

12-08-2024T16:46:30 - [MESSAGE][PASSED] - Delayed 1 second(s)

12-08-2024T16:46:30 - [TEST_STEP][PASSED] - User_name = getAttribute(findTestObject("Object Repository/ADDING_A_NEW_EMPLOYEE/Add_employee_username"), "value"): Attribute 'value' of object 'Object Repository/ADDING_A_NEW_EMPLOYEE/Add_employee_username' is: 'User_name_JmSFfrs'

12-08-2024T16:46:31 - [MESSAGE][PASSED] - Attribute 'value' of object 'Object Repository/ADDING_A_NEW_EMPLOYEE/Add_employee_username' is: 'User_name_JmSFfrs'

12-08-2024T16:46:31 - [TEST_STEP][PASSED] - out.println(User_name): null

12-08-2024T16:46:31 - [TEST_STEP][PASSED] - out.println(Password): null

12-08-2024T16:46:31 - [TEST_STEP][PASSED] - First_name = getAttribute(findTestObject("Object Repository/ADDING_A_NEW_EMPLOYEE/Add_Employee_first_name"), "value"): Attribute 'value' of object 'Object Repository/ADDING_A_NEW_EMPLOYEE/Add_Employee_first_name' is: 'First_name_AyNzren'

12-08-2024T16:46:31 - [MESSAGE][PASSED] - Attribute 'value' of object 'Object Repository/ADDING_A_NEW_EMPLOYEE/Add_Employee_first_name' is: 'First_name_AyNzren'

12-08-2024T16:46:31 - [TEST_STEP][PASSED] - out.println(First_name): null

12-08-2024T16:46:31 - [TEST_STEP][PASSED] - Middle_name = getAttribute(findTestObject("Object Repository/ADDING_A_NEW_EMPLOYEE/Add_employee_middle_name"), "value"): Attribute 'value' of object 'Object Repository/ADDING_A_NEW_EMPLOYEE/Add_employee_middle_name' is: 'Middle_name_OuIERKe'

12-08-2024T16:46:31 - [MESSAGE][PASSED] - Attribute 'value' of object 'Object Repository/ADDING_A_NEW_EMPLOYEE/Add_employee_middle_name' is: 'Middle_name_OuIERKe'

12-08-2024T16:46:31 - [TEST_STEP][PASSED] - out.println(Middle_name): null

12-08-2024T16:46:31 - [TEST_STEP][PASSED] - Last_name = getAttribute(findTestObject("Object Repository/ADDING_A_NEW_EMPLOYEE/Add_employee_last_name"), "value"): Attribute 'value' of object 'Object Repository/ADDING_A_NEW_EMPLOYEE/Add_employee_last_name' is: 'Last_name_pUjdnpv'

12-08-2024T16:46:31 - [MESSAGE][PASSED] - Attribute 'value' of object 'Object Repository/ADDING_A_NEW_EMPLOYEE/Add_employee_last_name' is: 'Last_name_pUjdnpv'

12-08-2024T16:46:31 - [TEST_STEP][PASSED] - out.println(Last_name): null

12-08-2024T16:46:31 - [TEST_STEP][PASSED] - employee_id = getAttribute(findTestObject("Object Repository/ADDING_A_NEW_EMPLOYEE/Add_employee_id"), "value"): Attribute 'value' of object 'Object Repository/ADDING_A_NEW_EMPLOYEE/Add_employee_id' is: '333609610'

12-08-2024T16:46:32 - [MESSAGE][PASSED] - Attribute 'value' of object 'Object Repository/ADDING_A_NEW_EMPLOYEE/Add_employee_id' is: '333609610'

12-08-2024T16:46:32 - [TEST_STEP][PASSED] - out.println(employee_id): null

12-08-2024T16:46:32 - [TEST_STEP][PASSED] - delay(3): Delayed 3 second(s)

12-08-2024T16:46:35 - [MESSAGE][PASSED] - Delayed 3 second(s)

12-08-2024T16:46:35 - [TEST_STEP][PASSED] - click(findTestObject("Object Repository/ADDING_A_NEW_EMPLOYEE/Add_employee_save_button")): Object: 'Object Repository/ADDING_A_NEW_EMPLOYEE/Add_employee_save_button' is clicked on

12-08-2024T16:46:35 - [MESSAGE][PASSED] - Object: 'Object Repository/ADDING_A_NEW_EMPLOYEE/Add_employee_save_button' is clicked on

12-08-2024T16:46:35 - [TEST_STEP][PASSED] - delay(2): Delayed 2 second(s)

12-08-2024T16:46:37 - [MESSAGE][PASSED] - Delayed 2 second(s)

12-08-2024T16:46:37 - [MESSAGE][PASSED] - Call Test Case 'Test Cases/ADDING_A_NEW_EMPLOYEE' successfully

12-08-2024T16:46:37 - [TEST_STEP][PASSED] - rowIndex = sheet.getLastRowNum() + 1: null

12-08-2024T16:46:37 - [TEST_STEP][PASSED] - row = sheet.createRow(rowIndex): null

12-08-2024T16:46:37 - [TEST_STEP][PASSED] - createCell(0).setCellValue(First_name): null

12-08-2024T16:46:37 - [TEST_STEP][PASSED] - createCell(1).setCellValue(Middle_name): null

12-08-2024T16:46:37 - [TEST_STEP][PASSED] - createCell(2).setCellValue(Last_name): null

12-08-2024T16:46:37 - [TEST_STEP][PASSED] - createCell(3).setCellValue(User_name): null

12-08-2024T16:46:37 - [TEST_STEP][PASSED] - createCell(4).setCellValue(Password): null

12-08-2024T16:46:37 - [TEST_STEP][PASSED] - createCell(5).setCellValue(employee_id): null

12-08-2024T16:46:37 - [TEST_STEP][PASSED] - fis.close(): null

12-08-2024T16:46:37 - [TEST_STEP][PASSED] - fos = new java.io.FileOutputStream(file): null

12-08-2024T16:46:37 - [TEST_STEP][PASSED] - workbook.write(fos): null

12-08-2024T16:46:37 - [TEST_STEP][PASSED] - fos.close(): null

12-08-2024T16:46:37 - [TEST_STEP][PASSED] - workbook.close(): null

12-08-2024T16:46:37 - [TEST_STEP][PASSED] - println("Employee data has been successfully saved in Excel."): null

12-08-2024T16:46:37 - [TEST_STEP][PASSED] - callTestCase(findTestCase("logout_testcase"), [:], STOP_ON_FAILURE): Call Test Case 'Test Cases/logout_testcase' successfully

12-08-2024T16:46:37 - [TEST_CASE][PASSED] - Test Cases/logout_testcase: Test Cases/logout_testcase

12-08-2024T16:46:37 - [TEST_STEP][PASSED] - delay(3): Delayed 3 second(s)

12-08-2024T16:46:40 - [MESSAGE][PASSED] - Delayed 3 second(s)

12-08-2024T16:46:40 - [TEST_STEP][PASSED] - verifyElementPresent(findTestObject("logout_and_login_after_new_employee_added/userdropdown_for_logout_option"), 10): Object 'Object Repository/logout_and_login_after_new_employee_added/userdropdown_for_logout_option' is present

12-08-2024T16:46:43 - [MESSAGE][PASSED] - Object 'Object Repository/logout_and_login_after_new_employee_added/userdropdown_for_logout_option' is present

12-08-2024T16:46:43 - [TEST_STEP][PASSED] - delay(3): Delayed 3 second(s)

12-08-2024T16:46:46 - [MESSAGE][PASSED] - Delayed 3 second(s)

12-08-2024T16:46:46 - [TEST_STEP][PASSED] - click(findTestObject("logout_and_login_after_new_employee_added/userdropdown_for_logout_option")): Object: 'Object Repository/logout_and_login_after_new_employee_added/userdropdown_for_logout_option' is clicked on

12-08-2024T16:46:46 - [MESSAGE][PASSED] - Object: 'Object Repository/logout_and_login_after_new_employee_added/userdropdown_for_logout_option' is clicked on

12-08-2024T16:46:46 - [TEST_STEP][PASSED] - delay(3): Delayed 3 second(s)

12-08-2024T16:46:49 - [MESSAGE][PASSED] - Delayed 3 second(s)

12-08-2024T16:46:49 - [TEST_STEP][PASSED] - click(findTestObject("logout_and_login_after_new_employee_added/logout_option")): Object: 'Object Repository/logout_and_login_after_new_employee_added/logout_option' is clicked on

12-08-2024T16:46:51 - [MESSAGE][PASSED] - Object: 'Object Repository/logout_and_login_after_new_employee_added/logout_option' is clicked on

12-08-2024T16:46:51 - [TEST_STEP][PASSED] - delay(3): Delayed 3 second(s)

12-08-2024T16:46:54 - [MESSAGE][PASSED] - Delayed 3 second(s)

12-08-2024T16:46:54 - [MESSAGE][PASSED] - Call Test Case 'Test Cases/logout_testcase' successfully

12-08-2024T16:46:54 - [TEST_STEP][PASSED] - callTestCase(findTestCase("test_case_for_excel_automation_and_verifiying_data_in_excel"), [:], STOP_ON_FAILURE): Call Test Case 'Test Cases/test_case_for_excel_automation_and_verifiying_data_in_excel' successfully

12-08-2024T16:46:54 - [TEST_CASE][PASSED] - Test Cases/test_case_for_excel_automation_and_verifiying_data_in_excel: Test Cases/test_case_for_excel_automation_and_verifiying_data_in_excel

12-08-2024T16:46:54 - [TEST_STEP][PASSED] - excelFilePath = "C:\Users\DELL\OneDrive\Desktop\mail\add_employee_data.xlsx": null

12-08-2024T16:46:54 - [TEST_STEP][PASSED] - sheetName = "Sheet1": null

12-08-2024T16:46:54 - [TEST_STEP][PASSED] - fis = new java.io.FileInputStream(new java.io.File(excelFilePath)): null

12-08-2024T16:46:54 - [TEST_STEP][PASSED] - workbook = new org.apache.poi.xssf.usermodel.XSSFWorkbook(fis): null

12-08-2024T16:46:54 - [TEST_STEP][PASSED] - sheet = workbook.getSheet(sheetName): null

12-08-2024T16:46:54 - [TEST_STEP][PASSED] - for ([i = 1, i <= sheet.getLastRowNum(), (i++)]): Call Test Case 'Test Cases/logout_testcase' successfully

12-08-2024T16:46:54 - [TEST_STEP][PASSED] - delay(3): Delayed 3 second(s)

12-08-2024T16:46:57 - [MESSAGE][PASSED] - Delayed 3 second(s)

12-08-2024T16:46:57 - [TEST_STEP][PASSED] - row = sheet.getRow(i): null

12-08-2024T16:46:57 - [TEST_STEP][PASSED] - firstName = getCell(0).getStringCellValue(): null

12-08-2024T16:46:57 - [TEST_STEP][PASSED] - Middlename = getCell(1).getStringCellValue(): null

12-08-2024T16:46:57 - [TEST_STEP][PASSED] - lastName = getCell(2).getStringCellValue(): null

12-08-2024T16:46:57 - [TEST_STEP][PASSED] - username = getCell(3).getStringCellValue(): null

12-08-2024T16:46:57 - [TEST_STEP][PASSED] - password = getCell(4).getStringCellValue(): null

12-08-2024T16:46:57 - [TEST_STEP][PASSED] - Employee_id = getCell(5).getStringCellValue(): null

12-08-2024T16:46:57 - [TEST_STEP][PASSED] - println("Logging in with Username: " + username + " and Password: " + password): null

12-08-2024T16:46:57 - [TEST_STEP][PASSED] - User_name = username: null

12-08-2024T16:46:57 - [TEST_STEP][PASSED] - Password = password: null

12-08-2024T16:46:57 - [TEST_STEP][PASSED] - First_name = firstName: null

12-08-2024T16:46:57 - [TEST_STEP][PASSED] - Last_name = lastName: null

12-08-2024T16:46:57 - [TEST_STEP][PASSED] - Middle_name = Middlename: null

12-08-2024T16:46:57 - [TEST_STEP][PASSED] - employee_id = Employee_id: null

12-08-2024T16:46:57 - [TEST_STEP][PASSED] - callTestCase(findTestCase("test_case_for_new_login_creds_excel_sheet"), [:], STOP_ON_FAILURE): Call Test Case 'Test Cases/test_case_for_new_login_creds_excel_sheet' successfully

12-08-2024T16:46:57 - [TEST_CASE][PASSED] - Test Cases/test_case_for_new_login_creds_excel_sheet: Test Cases/test_case_for_new_login_creds_excel_sheet

12-08-2024T16:46:57 - [TEST_STEP][PASSED] - refresh(): Refresh successfully

12-08-2024T16:46:58 - [MESSAGE][PASSED] - Refresh successfully

12-08-2024T16:46:58 - [TEST_STEP][PASSED] - delay(3): Delayed 3 second(s)

12-08-2024T16:47:01 - [MESSAGE][PASSED] - Delayed 3 second(s)

12-08-2024T16:47:01 - [TEST_STEP][PASSED] - verifyElementPresent(findTestObject("Object Repository/LOGIN_TEST_CASE_FOR_ORANGE_HRM/username_text_box_login_page"), 10): Object 'Object Repository/LOGIN_TEST_CASE_FOR_ORANGE_HRM/username_text_box_login_page' is present

12-08-2024T16:47:01 - [MESSAGE][PASSED] - Object 'Object Repository/LOGIN_TEST_CASE_FOR_ORANGE_HRM/username_text_box_login_page' is present

12-08-2024T16:47:01 - [TEST_STEP][PASSED] - click(findTestObject("Object Repository/LOGIN_TEST_CASE_FOR_ORANGE_HRM/username_text_box_login_page")): Object: 'Object Repository/LOGIN_TEST_CASE_FOR_ORANGE_HRM/username_text_box_login_page' is clicked on

12-08-2024T16:47:01 - [MESSAGE][PASSED] - Object: 'Object Repository/LOGIN_TEST_CASE_FOR_ORANGE_HRM/username_text_box_login_page' is clicked on

12-08-2024T16:47:01 - [TEST_STEP][PASSED] - setText(findTestObject("Object Repository/LOGIN_TEST_CASE_FOR_ORANGE_HRM/username_text_box_login_page"), User_name): Text 'User_name_RWNAyci' is set on object 'Object Repository/LOGIN_TEST_CASE_FOR_ORANGE_HRM/username_text_box_login_page'

12-08-2024T16:47:02 - [MESSAGE][PASSED] - Text 'User_name_RWNAyci' is set on object 'Object Repository/LOGIN_TEST_CASE_FOR_ORANGE_HRM/username_text_box_login_page'

12-08-2024T16:47:02 - [TEST_STEP][PASSED] - verifyElementPresent(findTestObject("Object Repository/LOGIN_TEST_CASE_FOR_ORANGE_HRM/password_text_box_for_login_page"), 10): Object 'Object Repository/LOGIN_TEST_CASE_FOR_ORANGE_HRM/password_text_box_for_login_page' is present

12-08-2024T16:47:02 - [MESSAGE][PASSED] - Object 'Object Repository/LOGIN_TEST_CASE_FOR_ORANGE_HRM/password_text_box_for_login_page' is present

12-08-2024T16:47:02 - [TEST_STEP][PASSED] - click(findTestObject("Object Repository/LOGIN_TEST_CASE_FOR_ORANGE_HRM/password_text_box_for_login_page")): Object: 'Object Repository/LOGIN_TEST_CASE_FOR_ORANGE_HRM/password_text_box_for_login_page' is clicked on

12-08-2024T16:47:03 - [MESSAGE][PASSED] - Object: 'Object Repository/LOGIN_TEST_CASE_FOR_ORANGE_HRM/password_text_box_for_login_page' is clicked on

12-08-2024T16:47:03 - [TEST_STEP][PASSED] - setText(findTestObject("Object Repository/LOGIN_TEST_CASE_FOR_ORANGE_HRM/password_text_box_for_login_page"), Password): Text 'Fiboo229210@@' is set on object 'Object Repository/LOGIN_TEST_CASE_FOR_ORANGE_HRM/password_text_box_for_login_page'

12-08-2024T16:47:04 - [MESSAGE][PASSED] - Text 'Fiboo229210@@' is set on object 'Object Repository/LOGIN_TEST_CASE_FOR_ORANGE_HRM/password_text_box_for_login_page'

12-08-2024T16:47:04 - [TEST_STEP][PASSED] - verifyElementPresent(findTestObject("Object Repository/LOGIN_TEST_CASE_FOR_ORANGE_HRM/login_button_for_login_page"), 10): Object 'Object Repository/LOGIN_TEST_CASE_FOR_ORANGE_HRM/login_button_for_login_page' is present

12-08-2024T16:47:04 - [MESSAGE][PASSED] - Object 'Object Repository/LOGIN_TEST_CASE_FOR_ORANGE_HRM/login_button_for_login_page' is present

12-08-2024T16:47:04 - [TEST_STEP][PASSED] - click(findTestObject("Object Repository/LOGIN_TEST_CASE_FOR_ORANGE_HRM/login_button_for_login_page")): Object: 'Object Repository/LOGIN_TEST_CASE_FOR_ORANGE_HRM/login_button_for_login_page' is clicked on

12-08-2024T16:47:04 - [MESSAGE][PASSED] - Object: 'Object Repository/LOGIN_TEST_CASE_FOR_ORANGE_HRM/login_button_for_login_page' is clicked on

12-08-2024T16:47:04 - [MESSAGE][PASSED] - Call Test Case 'Test Cases/test_case_for_new_login_creds_excel_sheet' successfully

12-08-2024T16:47:04 - [TEST_STEP][PASSED] - callTestCase(findTestCase("test_case_to_verify_data"), [:], STOP_ON_FAILURE): Call Test Case 'Test Cases/test_case_to_verify_data' successfully

12-08-2024T16:47:04 - [TEST_CASE][PASSED] - Test Cases/test_case_to_verify_data: Test Cases/test_case_to_verify_data

12-08-2024T16:47:04 - [TEST_STEP][PASSED] - delay(3): Delayed 3 second(s)

12-08-2024T16:47:07 - [MESSAGE][PASSED] - Delayed 3 second(s)

12-08-2024T16:47:07 - [TEST_STEP][PASSED] - click(findTestObject("to_verify_data/myinfo_option_from_side_bar")): Object: 'Object Repository/to_verify_data/myinfo_option_from_side_bar' is clicked on

12-08-2024T16:47:09 - [MESSAGE][PASSED] - Object: 'Object Repository/to_verify_data/myinfo_option_from_side_bar' is clicked on

12-08-2024T16:47:09 - [TEST_STEP][PASSED] - First_name = getAttribute(findTestObject("Object Repository/to_verify_data/first_name_text_box"), "value"): Attribute 'value' of object 'Object Repository/to_verify_data/first_name_text_box' is: 'First_name_ZHZuiiL'

12-08-2024T16:47:12 - [MESSAGE][PASSED] - Attribute 'value' of object 'Object Repository/to_verify_data/first_name_text_box' is: 'First_name_ZHZuiiL'

12-08-2024T16:47:12 - [TEST_STEP][PASSED] - out.println(First_name): null

12-08-2024T16:47:12 - [TEST_STEP][PASSED] - Middle_name = getAttribute(findTestObject("Object Repository/to_verify_data/middle_name_text_box"), "value"): Attribute 'value' of object 'Object Repository/to_verify_data/middle_name_text_box' is: 'Middle_name_HFOSHHZ'

12-08-2024T16:47:12 - [MESSAGE][PASSED] - Attribute 'value' of object 'Object Repository/to_verify_data/middle_name_text_box' is: 'Middle_name_HFOSHHZ'

12-08-2024T16:47:12 - [TEST_STEP][PASSED] - out.println(Middle_name): null

12-08-2024T16:47:12 - [TEST_STEP][PASSED] - Last_name = getAttribute(findTestObject("Object Repository/to_verify_data/last_name_text_box"), "value"): Attribute 'value' of object 'Object Repository/to_verify_data/last_name_text_box' is: 'Last_name_DjvZpPD'

12-08-2024T16:47:12 - [MESSAGE][PASSED] - Attribute 'value' of object 'Object Repository/to_verify_data/last_name_text_box' is: 'Last_name_DjvZpPD'

12-08-2024T16:47:12 - [TEST_STEP][PASSED] - out.println(Last_name): null

12-08-2024T16:47:12 - [TEST_STEP][PASSED] - employee_id = getAttribute(findTestObject("Object Repository/to_verify_data/employee_id"), "value"): Attribute 'value' of object 'Object Repository/to_verify_data/employee_id' is: '333255959'

12-08-2024T16:47:13 - [MESSAGE][PASSED] - Attribute 'value' of object 'Object Repository/to_verify_data/employee_id' is: '333255959'

12-08-2024T16:47:13 - [TEST_STEP][PASSED] - out.println(employee_id): null

12-08-2024T16:47:13 - [TEST_STEP][PASSED] - if (First_name == First_name): first name is same

12-08-2024T16:47:13 - [TEST_STEP][PASSED] - markPassed("first name is same"): first name is same

12-08-2024T16:47:13 - [MESSAGE][PASSED] - first name is same

12-08-2024T16:47:13 - [TEST_STEP][PASSED] - if (Middle_name == Middle_name): middle name is same

12-08-2024T16:47:13 - [TEST_STEP][PASSED] - markPassed("middle name is same"): middle name is same

12-08-2024T16:47:13 - [MESSAGE][PASSED] - middle name is same

12-08-2024T16:47:13 - [TEST_STEP][PASSED] - if (Last_name == Last_name): last name is same

12-08-2024T16:47:13 - [TEST_STEP][PASSED] - markPassed("last name is same"): last name is same

12-08-2024T16:47:13 - [MESSAGE][PASSED] - last name is same

12-08-2024T16:47:13 - [TEST_STEP][PASSED] - if (employee_id == employee_id): employee id is same

12-08-2024T16:47:13 - [TEST_STEP][PASSED] - markPassed("employee id is same"): employee id is same

12-08-2024T16:47:13 - [MESSAGE][PASSED] - employee id is same

12-08-2024T16:47:13 - [MESSAGE][PASSED] - Call Test Case 'Test Cases/test_case_to_verify_data' successfully

12-08-2024T16:47:13 - [TEST_STEP][PASSED] - callTestCase(findTestCase("logout_testcase"), [:], STOP_ON_FAILURE): Call Test Case 'Test Cases/logout_testcase' successfully

12-08-2024T16:47:13 - [TEST_CASE][PASSED] - Test Cases/logout_testcase: Test Cases/logout_testcase

12-08-2024T16:47:13 - [TEST_STEP][PASSED] - delay(3): Delayed 3 second(s)

12-08-2024T16:47:16 - [MESSAGE][PASSED] - Delayed 3 second(s)

12-08-2024T16:47:16 - [TEST_STEP][PASSED] - verifyElementPresent(findTestObject("logout_and_login_after_new_employee_added/userdropdown_for_logout_option"), 10): Object 'Object Repository/logout_and_login_after_new_employee_added/userdropdown_for_logout_option' is present

12-08-2024T16:47:16 - [MESSAGE][PASSED] - Object 'Object Repository/logout_and_login_after_new_employee_added/userdropdown_for_logout_option' is present

12-08-2024T16:47:16 - [TEST_STEP][PASSED] - delay(3): Delayed 3 second(s)

12-08-2024T16:47:19 - [MESSAGE][PASSED] - Delayed 3 second(s)

12-08-2024T16:47:19 - [TEST_STEP][PASSED] - click(findTestObject("logout_and_login_after_new_employee_added/userdropdown_for_logout_option")): Object: 'Object Repository/logout_and_login_after_new_employee_added/userdropdown_for_logout_option' is clicked on

12-08-2024T16:47:20 - [MESSAGE][PASSED] - Object: 'Object Repository/logout_and_login_after_new_employee_added/userdropdown_for_logout_option' is clicked on

12-08-2024T16:47:20 - [TEST_STEP][PASSED] - delay(3): Delayed 3 second(s)

12-08-2024T16:47:23 - [MESSAGE][PASSED] - Delayed 3 second(s)

12-08-2024T16:47:23 - [TEST_STEP][PASSED] - click(findTestObject("logout_and_login_after_new_employee_added/logout_option")): Object: 'Object Repository/logout_and_login_after_new_employee_added/logout_option' is clicked on

12-08-2024T16:47:24 - [MESSAGE][PASSED] - Object: 'Object Repository/logout_and_login_after_new_employee_added/logout_option' is clicked on

12-08-2024T16:47:24 - [TEST_STEP][PASSED] - delay(3): Delayed 3 second(s)

12-08-2024T16:47:27 - [MESSAGE][PASSED] - Delayed 3 second(s)

12-08-2024T16:47:27 - [MESSAGE][PASSED] - Call Test Case 'Test Cases/logout_testcase' successfully

12-08-2024T16:47:27 - [TEST_STEP][PASSED] - delay(3): Delayed 3 second(s)

12-08-2024T16:47:30 - [MESSAGE][PASSED] - Delayed 3 second(s)

12-08-2024T16:47:30 - [TEST_STEP][PASSED] - row = sheet.getRow(i): null

12-08-2024T16:47:30 - [TEST_STEP][PASSED] - firstName = getCell(0).getStringCellValue(): null

12-08-2024T16:47:30 - [TEST_STEP][PASSED] - Middlename = getCell(1).getStringCellValue(): null

12-08-2024T16:47:30 - [TEST_STEP][PASSED] - lastName = getCell(2).getStringCellValue(): null

12-08-2024T16:47:30 - [TEST_STEP][PASSED] - username = getCell(3).getStringCellValue(): null

12-08-2024T16:47:30 - [TEST_STEP][PASSED] - password = getCell(4).getStringCellValue(): null

12-08-2024T16:47:30 - [TEST_STEP][PASSED] - Employee_id = getCell(5).getStringCellValue(): null

12-08-2024T16:47:30 - [TEST_STEP][PASSED] - println("Logging in with Username: " + username + " and Password: " + password): null

12-08-2024T16:47:30 - [TEST_STEP][PASSED] - User_name = username: null

12-08-2024T16:47:30 - [TEST_STEP][PASSED] - Password = password: null

12-08-2024T16:47:30 - [TEST_STEP][PASSED] - First_name = firstName: null

12-08-2024T16:47:30 - [TEST_STEP][PASSED] - Last_name = lastName: null

12-08-2024T16:47:30 - [TEST_STEP][PASSED] - Middle_name = Middlename: null

12-08-2024T16:47:30 - [TEST_STEP][PASSED] - employee_id = Employee_id: null

12-08-2024T16:47:30 - [TEST_STEP][PASSED] - callTestCase(findTestCase("test_case_for_new_login_creds_excel_sheet"), [:], STOP_ON_FAILURE): Call Test Case 'Test Cases/test_case_for_new_login_creds_excel_sheet' successfully

12-08-2024T16:47:30 - [TEST_CASE][PASSED] - Test Cases/test_case_for_new_login_creds_excel_sheet: Test Cases/test_case_for_new_login_creds_excel_sheet

12-08-2024T16:47:30 - [TEST_STEP][PASSED] - refresh(): Refresh successfully

12-08-2024T16:47:31 - [MESSAGE][PASSED] - Refresh successfully

12-08-2024T16:47:31 - [TEST_STEP][PASSED] - delay(3): Delayed 3 second(s)

12-08-2024T16:47:34 - [MESSAGE][PASSED] - Delayed 3 second(s)

12-08-2024T16:47:34 - [TEST_STEP][PASSED] - verifyElementPresent(findTestObject("Object Repository/LOGIN_TEST_CASE_FOR_ORANGE_HRM/username_text_box_login_page"), 10): Object 'Object Repository/LOGIN_TEST_CASE_FOR_ORANGE_HRM/username_text_box_login_page' is present

12-08-2024T16:47:34 - [MESSAGE][PASSED] - Object 'Object Repository/LOGIN_TEST_CASE_FOR_ORANGE_HRM/username_text_box_login_page' is present

12-08-2024T16:47:34 - [TEST_STEP][PASSED] - click(findTestObject("Object Repository/LOGIN_TEST_CASE_FOR_ORANGE_HRM/username_text_box_login_page")): Object: 'Object Repository/LOGIN_TEST_CASE_FOR_ORANGE_HRM/username_text_box_login_page' is clicked on

12-08-2024T16:47:34 - [MESSAGE][PASSED] - Object: 'Object Repository/LOGIN_TEST_CASE_FOR_ORANGE_HRM/username_text_box_login_page' is clicked on

12-08-2024T16:47:34 - [TEST_STEP][PASSED] - setText(findTestObject("Object Repository/LOGIN_TEST_CASE_FOR_ORANGE_HRM/username_text_box_login_page"), User_name): Text 'User_name_MJtdKfy' is set on object 'Object Repository/LOGIN_TEST_CASE_FOR_ORANGE_HRM/username_text_box_login_page'

12-08-2024T16:47:35 - [MESSAGE][PASSED] - Text 'User_name_MJtdKfy' is set on object 'Object Repository/LOGIN_TEST_CASE_FOR_ORANGE_HRM/username_text_box_login_page'

12-08-2024T16:47:35 - [TEST_STEP][PASSED] - verifyElementPresent(findTestObject("Object Repository/LOGIN_TEST_CASE_FOR_ORANGE_HRM/password_text_box_for_login_page"), 10): Object 'Object Repository/LOGIN_TEST_CASE_FOR_ORANGE_HRM/password_text_box_for_login_page' is present

12-08-2024T16:47:35 - [MESSAGE][PASSED] - Object 'Object Repository/LOGIN_TEST_CASE_FOR_ORANGE_HRM/password_text_box_for_login_page' is present

12-08-2024T16:47:35 - [TEST_STEP][PASSED] - click(findTestObject("Object Repository/LOGIN_TEST_CASE_FOR_ORANGE_HRM/password_text_box_for_login_page")): Object: 'Object Repository/LOGIN_TEST_CASE_FOR_ORANGE_HRM/password_text_box_for_login_page' is clicked on

12-08-2024T16:47:36 - [MESSAGE][PASSED] - Object: 'Object Repository/LOGIN_TEST_CASE_FOR_ORANGE_HRM/password_text_box_for_login_page' is clicked on

12-08-2024T16:47:36 - [TEST_STEP][PASSED] - setText(findTestObject("Object Repository/LOGIN_TEST_CASE_FOR_ORANGE_HRM/password_text_box_for_login_page"), Password): Text 'Fiboo631010@@' is set on object 'Object Repository/LOGIN_TEST_CASE_FOR_ORANGE_HRM/password_text_box_for_login_page'

12-08-2024T16:47:36 - [MESSAGE][PASSED] - Text 'Fiboo631010@@' is set on object 'Object Repository/LOGIN_TEST_CASE_FOR_ORANGE_HRM/password_text_box_for_login_page'

12-08-2024T16:47:36 - [TEST_STEP][PASSED] - verifyElementPresent(findTestObject("Object Repository/LOGIN_TEST_CASE_FOR_ORANGE_HRM/login_button_for_login_page"), 10): Object 'Object Repository/LOGIN_TEST_CASE_FOR_ORANGE_HRM/login_button_for_login_page' is present

12-08-2024T16:47:37 - [MESSAGE][PASSED] - Object 'Object Repository/LOGIN_TEST_CASE_FOR_ORANGE_HRM/login_button_for_login_page' is present

12-08-2024T16:47:37 - [TEST_STEP][PASSED] - click(findTestObject("Object Repository/LOGIN_TEST_CASE_FOR_ORANGE_HRM/login_button_for_login_page")): Object: 'Object Repository/LOGIN_TEST_CASE_FOR_ORANGE_HRM/login_button_for_login_page' is clicked on

12-08-2024T16:47:37 - [MESSAGE][PASSED] - Object: 'Object Repository/LOGIN_TEST_CASE_FOR_ORANGE_HRM/login_button_for_login_page' is clicked on

12-08-2024T16:47:37 - [MESSAGE][PASSED] - Call Test Case 'Test Cases/test_case_for_new_login_creds_excel_sheet' successfully

12-08-2024T16:47:37 - [TEST_STEP][PASSED] - callTestCase(findTestCase("test_case_to_verify_data"), [:], STOP_ON_FAILURE): Call Test Case 'Test Cases/test_case_to_verify_data' successfully

12-08-2024T16:47:37 - [TEST_CASE][PASSED] - Test Cases/test_case_to_verify_data: Test Cases/test_case_to_verify_data

12-08-2024T16:47:37 - [TEST_STEP][PASSED] - delay(3): Delayed 3 second(s)

12-08-2024T16:47:40 - [MESSAGE][PASSED] - Delayed 3 second(s)

12-08-2024T16:47:40 - [TEST_STEP][PASSED] - click(findTestObject("to_verify_data/myinfo_option_from_side_bar")): Object: 'Object Repository/to_verify_data/myinfo_option_from_side_bar' is clicked on

12-08-2024T16:47:43 - [MESSAGE][PASSED] - Object: 'Object Repository/to_verify_data/myinfo_option_from_side_bar' is clicked on

12-08-2024T16:47:43 - [TEST_STEP][PASSED] - First_name = getAttribute(findTestObject("Object Repository/to_verify_data/first_name_text_box"), "value"): Attribute 'value' of object 'Object Repository/to_verify_data/first_name_text_box' is: 'First_name_CcWEyEk'

12-08-2024T16:47:45 - [MESSAGE][PASSED] - Attribute 'value' of object 'Object Repository/to_verify_data/first_name_text_box' is: 'First_name_CcWEyEk'

12-08-2024T16:47:45 - [TEST_STEP][PASSED] - out.println(First_name): null

12-08-2024T16:47:45 - [TEST_STEP][PASSED] - Middle_name = getAttribute(findTestObject("Object Repository/to_verify_data/middle_name_text_box"), "value"): Attribute 'value' of object 'Object Repository/to_verify_data/middle_name_text_box' is: 'Middle_name_ocbosYE'

12-08-2024T16:47:45 - [MESSAGE][PASSED] - Attribute 'value' of object 'Object Repository/to_verify_data/middle_name_text_box' is: 'Middle_name_ocbosYE'

12-08-2024T16:47:45 - [TEST_STEP][PASSED] - out.println(Middle_name): null

12-08-2024T16:47:45 - [TEST_STEP][PASSED] - Last_name = getAttribute(findTestObject("Object Repository/to_verify_data/last_name_text_box"), "value"): Attribute 'value' of object 'Object Repository/to_verify_data/last_name_text_box' is: 'Last_name_mJuScLm'

12-08-2024T16:47:46 - [MESSAGE][PASSED] - Attribute 'value' of object 'Object Repository/to_verify_data/last_name_text_box' is: 'Last_name_mJuScLm'

12-08-2024T16:47:46 - [TEST_STEP][PASSED] - out.println(Last_name): null

12-08-2024T16:47:46 - [TEST_STEP][PASSED] - employee_id = getAttribute(findTestObject("Object Repository/to_verify_data/employee_id"), "value"): Attribute 'value' of object 'Object Repository/to_verify_data/employee_id' is: '333869842'

12-08-2024T16:47:46 - [MESSAGE][PASSED] - Attribute 'value' of object 'Object Repository/to_verify_data/employee_id' is: '333869842'

12-08-2024T16:47:46 - [TEST_STEP][PASSED] - out.println(employee_id): null

12-08-2024T16:47:46 - [TEST_STEP][PASSED] - if (First_name == First_name): first name is same

12-08-2024T16:47:46 - [TEST_STEP][PASSED] - markPassed("first name is same"): first name is same

12-08-2024T16:47:46 - [MESSAGE][PASSED] - first name is same

12-08-2024T16:47:46 - [TEST_STEP][PASSED] - if (Middle_name == Middle_name): middle name is same

12-08-2024T16:47:46 - [TEST_STEP][PASSED] - markPassed("middle name is same"): middle name is same

12-08-2024T16:47:46 - [MESSAGE][PASSED] - middle name is same

12-08-2024T16:47:46 - [TEST_STEP][PASSED] - if (Last_name == Last_name): last name is same

12-08-2024T16:47:46 - [TEST_STEP][PASSED] - markPassed("last name is same"): last name is same

12-08-2024T16:47:46 - [MESSAGE][PASSED] - last name is same

12-08-2024T16:47:46 - [TEST_STEP][PASSED] - if (employee_id == employee_id): employee id is same

12-08-2024T16:47:46 - [TEST_STEP][PASSED] - markPassed("employee id is same"): employee id is same

12-08-2024T16:47:46 - [MESSAGE][PASSED] - employee id is same

12-08-2024T16:47:46 - [MESSAGE][PASSED] - Call Test Case 'Test Cases/test_case_to_verify_data' successfully

12-08-2024T16:47:46 - [TEST_STEP][PASSED] - callTestCase(findTestCase("logout_testcase"), [:], STOP_ON_FAILURE): Call Test Case 'Test Cases/logout_testcase' successfully

12-08-2024T16:47:46 - [TEST_CASE][PASSED] - Test Cases/logout_testcase: Test Cases/logout_testcase

12-08-2024T16:47:46 - [TEST_STEP][PASSED] - delay(3): Delayed 3 second(s)

12-08-2024T16:47:49 - [MESSAGE][PASSED] - Delayed 3 second(s)

12-08-2024T16:47:49 - [TEST_STEP][PASSED] - verifyElementPresent(findTestObject("logout_and_login_after_new_employee_added/userdropdown_for_logout_option"), 10): Object 'Object Repository/logout_and_login_after_new_employee_added/userdropdown_for_logout_option' is present

12-08-2024T16:47:49 - [MESSAGE][PASSED] - Object 'Object Repository/logout_and_login_after_new_employee_added/userdropdown_for_logout_option' is present

12-08-2024T16:47:49 - [TEST_STEP][PASSED] - delay(3): Delayed 3 second(s)

12-08-2024T16:47:52 - [MESSAGE][PASSED] - Delayed 3 second(s)

12-08-2024T16:47:52 - [TEST_STEP][PASSED] - click(findTestObject("logout_and_login_after_new_employee_added/userdropdown_for_logout_option")): Object: 'Object Repository/logout_and_login_after_new_employee_added/userdropdown_for_logout_option' is clicked on

12-08-2024T16:47:53 - [MESSAGE][PASSED] - Object: 'Object Repository/logout_and_login_after_new_employee_added/userdropdown_for_logout_option' is clicked on

12-08-2024T16:47:53 - [TEST_STEP][PASSED] - delay(3): Delayed 3 second(s)

12-08-2024T16:47:56 - [MESSAGE][PASSED] - Delayed 3 second(s)

12-08-2024T16:47:56 - [TEST_STEP][PASSED] - click(findTestObject("logout_and_login_after_new_employee_added/logout_option")): Object: 'Object Repository/logout_and_login_after_new_employee_added/logout_option' is clicked on

12-08-2024T16:47:57 - [MESSAGE][PASSED] - Object: 'Object Repository/logout_and_login_after_new_employee_added/logout_option' is clicked on

12-08-2024T16:47:57 - [TEST_STEP][PASSED] - delay(3): Delayed 3 second(s)

12-08-2024T16:48:00 - [MESSAGE][PASSED] - Delayed 3 second(s)

12-08-2024T16:48:00 - [MESSAGE][PASSED] - Call Test Case 'Test Cases/logout_testcase' successfully

12-08-2024T16:48:00 - [TEST_STEP][PASSED] - delay(3): Delayed 3 second(s)

12-08-2024T16:48:03 - [MESSAGE][PASSED] - Delayed 3 second(s)

12-08-2024T16:48:03 - [TEST_STEP][PASSED] - row = sheet.getRow(i): null

12-08-2024T16:48:03 - [TEST_STEP][PASSED] - firstName = getCell(0).getStringCellValue(): null

12-08-2024T16:48:03 - [TEST_STEP][PASSED] - Middlename = getCell(1).getStringCellValue(): null

12-08-2024T16:48:03 - [TEST_STEP][PASSED] - lastName = getCell(2).getStringCellValue(): null

12-08-2024T16:48:03 - [TEST_STEP][PASSED] - username = getCell(3).getStringCellValue(): null

12-08-2024T16:48:03 - [TEST_STEP][PASSED] - password = getCell(4).getStringCellValue(): null

12-08-2024T16:48:03 - [TEST_STEP][PASSED] - Employee_id = getCell(5).getStringCellValue(): null

12-08-2024T16:48:03 - [TEST_STEP][PASSED] - println("Logging in with Username: " + username + " and Password: " + password): null

12-08-2024T16:48:03 - [TEST_STEP][PASSED] - User_name = username: null

12-08-2024T16:48:03 - [TEST_STEP][PASSED] - Password = password: null

12-08-2024T16:48:03 - [TEST_STEP][PASSED] - First_name = firstName: null

12-08-2024T16:48:03 - [TEST_STEP][PASSED] - Last_name = lastName: null

12-08-2024T16:48:03 - [TEST_STEP][PASSED] - Middle_name = Middlename: null

12-08-2024T16:48:03 - [TEST_STEP][PASSED] - employee_id = Employee_id: null

12-08-2024T16:48:03 - [TEST_STEP][PASSED] - callTestCase(findTestCase("test_case_for_new_login_creds_excel_sheet"), [:], STOP_ON_FAILURE): Call Test Case 'Test Cases/test_case_for_new_login_creds_excel_sheet' successfully

12-08-2024T16:48:03 - [TEST_CASE][PASSED] - Test Cases/test_case_for_new_login_creds_excel_sheet: Test Cases/test_case_for_new_login_creds_excel_sheet

12-08-2024T16:48:03 - [TEST_STEP][PASSED] - refresh(): Refresh successfully

12-08-2024T16:48:04 - [MESSAGE][PASSED] - Refresh successfully

12-08-2024T16:48:04 - [TEST_STEP][PASSED] - delay(3): Delayed 3 second(s)

12-08-2024T16:48:07 - [MESSAGE][PASSED] - Delayed 3 second(s)

12-08-2024T16:48:07 - [TEST_STEP][PASSED] - verifyElementPresent(findTestObject("Object Repository/LOGIN_TEST_CASE_FOR_ORANGE_HRM/username_text_box_login_page"), 10): Object 'Object Repository/LOGIN_TEST_CASE_FOR_ORANGE_HRM/username_text_box_login_page' is present

12-08-2024T16:48:07 - [MESSAGE][PASSED] - Object 'Object Repository/LOGIN_TEST_CASE_FOR_ORANGE_HRM/username_text_box_login_page' is present

12-08-2024T16:48:07 - [TEST_STEP][PASSED] - click(findTestObject("Object Repository/LOGIN_TEST_CASE_FOR_ORANGE_HRM/username_text_box_login_page")): Object: 'Object Repository/LOGIN_TEST_CASE_FOR_ORANGE_HRM/username_text_box_login_page' is clicked on

12-08-2024T16:48:07 - [MESSAGE][PASSED] - Object: 'Object Repository/LOGIN_TEST_CASE_FOR_ORANGE_HRM/username_text_box_login_page' is clicked on

12-08-2024T16:48:07 - [TEST_STEP][PASSED] - setText(findTestObject("Object Repository/LOGIN_TEST_CASE_FOR_ORANGE_HRM/username_text_box_login_page"), User_name): Text 'User_name_wBQKmre' is set on object 'Object Repository/LOGIN_TEST_CASE_FOR_ORANGE_HRM/username_text_box_login_page'

12-08-2024T16:48:08 - [MESSAGE][PASSED] - Text 'User_name_wBQKmre' is set on object 'Object Repository/LOGIN_TEST_CASE_FOR_ORANGE_HRM/username_text_box_login_page'

12-08-2024T16:48:08 - [TEST_STEP][PASSED] - verifyElementPresent(findTestObject("Object Repository/LOGIN_TEST_CASE_FOR_ORANGE_HRM/password_text_box_for_login_page"), 10): Object 'Object Repository/LOGIN_TEST_CASE_FOR_ORANGE_HRM/password_text_box_for_login_page' is present

12-08-2024T16:48:08 - [MESSAGE][PASSED] - Object 'Object Repository/LOGIN_TEST_CASE_FOR_ORANGE_HRM/password_text_box_for_login_page' is present

12-08-2024T16:48:08 - [TEST_STEP][PASSED] - click(findTestObject("Object Repository/LOGIN_TEST_CASE_FOR_ORANGE_HRM/password_text_box_for_login_page")): Object: 'Object Repository/LOGIN_TEST_CASE_FOR_ORANGE_HRM/password_text_box_for_login_page' is clicked on

12-08-2024T16:48:09 - [MESSAGE][PASSED] - Object: 'Object Repository/LOGIN_TEST_CASE_FOR_ORANGE_HRM/password_text_box_for_login_page' is clicked on

12-08-2024T16:48:09 - [TEST_STEP][PASSED] - setText(findTestObject("Object Repository/LOGIN_TEST_CASE_FOR_ORANGE_HRM/password_text_box_for_login_page"), Password): Text 'Fiboo893143@@' is set on object 'Object Repository/LOGIN_TEST_CASE_FOR_ORANGE_HRM/password_text_box_for_login_page'

12-08-2024T16:48:09 - [MESSAGE][PASSED] - Text 'Fiboo893143@@' is set on object 'Object Repository/LOGIN_TEST_CASE_FOR_ORANGE_HRM/password_text_box_for_login_page'

12-08-2024T16:48:09 - [TEST_STEP][PASSED] - verifyElementPresent(findTestObject("Object Repository/LOGIN_TEST_CASE_FOR_ORANGE_HRM/login_button_for_login_page"), 10): Object 'Object Repository/LOGIN_TEST_CASE_FOR_ORANGE_HRM/login_button_for_login_page' is present

12-08-2024T16:48:10 - [MESSAGE][PASSED] - Object 'Object Repository/LOGIN_TEST_CASE_FOR_ORANGE_HRM/login_button_for_login_page' is present

12-08-2024T16:48:10 - [TEST_STEP][PASSED] - click(findTestObject("Object Repository/LOGIN_TEST_CASE_FOR_ORANGE_HRM/login_button_for_login_page")): Object: 'Object Repository/LOGIN_TEST_CASE_FOR_ORANGE_HRM/login_button_for_login_page' is clicked on

12-08-2024T16:48:10 - [MESSAGE][PASSED] - Object: 'Object Repository/LOGIN_TEST_CASE_FOR_ORANGE_HRM/login_button_for_login_page' is clicked on

12-08-2024T16:48:10 - [MESSAGE][PASSED] - Call Test Case 'Test Cases/test_case_for_new_login_creds_excel_sheet' successfully

12-08-2024T16:48:10 - [TEST_STEP][PASSED] - callTestCase(findTestCase("test_case_to_verify_data"), [:], STOP_ON_FAILURE): Call Test Case 'Test Cases/test_case_to_verify_data' successfully

12-08-2024T16:48:10 - [TEST_CASE][PASSED] - Test Cases/test_case_to_verify_data: Test Cases/test_case_to_verify_data

12-08-2024T16:48:10 - [TEST_STEP][PASSED] - delay(3): Delayed 3 second(s)

12-08-2024T16:48:13 - [MESSAGE][PASSED] - Delayed 3 second(s)

12-08-2024T16:48:13 - [TEST_STEP][PASSED] - click(findTestObject("to_verify_data/myinfo_option_from_side_bar")): Object: 'Object Repository/to_verify_data/myinfo_option_from_side_bar' is clicked on

12-08-2024T16:48:15 - [MESSAGE][PASSED] - Object: 'Object Repository/to_verify_data/myinfo_option_from_side_bar' is clicked on

12-08-2024T16:48:15 - [TEST_STEP][PASSED] - First_name = getAttribute(findTestObject("Object Repository/to_verify_data/first_name_text_box"), "value"): Attribute 'value' of object 'Object Repository/to_verify_data/first_name_text_box' is: 'First_name_fSPRHlG'

12-08-2024T16:48:17 - [MESSAGE][PASSED] - Attribute 'value' of object 'Object Repository/to_verify_data/first_name_text_box' is: 'First_name_fSPRHlG'

12-08-2024T16:48:17 - [TEST_STEP][PASSED] - out.println(First_name): null

12-08-2024T16:48:17 - [TEST_STEP][PASSED] - Middle_name = getAttribute(findTestObject("Object Repository/to_verify_data/middle_name_text_box"), "value"): Attribute 'value' of object 'Object Repository/to_verify_data/middle_name_text_box' is: 'Middle_name_pcRWIje'

12-08-2024T16:48:17 - [MESSAGE][PASSED] - Attribute 'value' of object 'Object Repository/to_verify_data/middle_name_text_box' is: 'Middle_name_pcRWIje'

12-08-2024T16:48:17 - [TEST_STEP][PASSED] - out.println(Middle_name): null

12-08-2024T16:48:17 - [TEST_STEP][PASSED] - Last_name = getAttribute(findTestObject("Object Repository/to_verify_data/last_name_text_box"), "value"): Attribute 'value' of object 'Object Repository/to_verify_data/last_name_text_box' is: 'Last_name_YIQcsFx'

12-08-2024T16:48:17 - [MESSAGE][PASSED] - Attribute 'value' of object 'Object Repository/to_verify_data/last_name_text_box' is: 'Last_name_YIQcsFx'

12-08-2024T16:48:17 - [TEST_STEP][PASSED] - out.println(Last_name): null

12-08-2024T16:48:17 - [TEST_STEP][PASSED] - employee_id = getAttribute(findTestObject("Object Repository/to_verify_data/employee_id"), "value"): Attribute 'value' of object 'Object Repository/to_verify_data/employee_id' is: '333259772'

12-08-2024T16:48:18 - [MESSAGE][PASSED] - Attribute 'value' of object 'Object Repository/to_verify_data/employee_id' is: '333259772'

12-08-2024T16:48:18 - [TEST_STEP][PASSED] - out.println(employee_id): null

12-08-2024T16:48:18 - [TEST_STEP][PASSED] - if (First_name == First_name): first name is same

12-08-2024T16:48:18 - [TEST_STEP][PASSED] - markPassed("first name is same"): first name is same

12-08-2024T16:48:18 - [MESSAGE][PASSED] - first name is same

12-08-2024T16:48:18 - [TEST_STEP][PASSED] - if (Middle_name == Middle_name): middle name is same

12-08-2024T16:48:18 - [TEST_STEP][PASSED] - markPassed("middle name is same"): middle name is same

12-08-2024T16:48:18 - [MESSAGE][PASSED] - middle name is same

12-08-2024T16:48:18 - [TEST_STEP][PASSED] - if (Last_name == Last_name): last name is same

12-08-2024T16:48:18 - [TEST_STEP][PASSED] - markPassed("last name is same"): last name is same

12-08-2024T16:48:18 - [MESSAGE][PASSED] - last name is same

12-08-2024T16:48:18 - [TEST_STEP][PASSED] - if (employee_id == employee_id): employee id is same

12-08-2024T16:48:18 - [TEST_STEP][PASSED] - markPassed("employee id is same"): employee id is same

12-08-2024T16:48:18 - [MESSAGE][PASSED] - employee id is same

12-08-2024T16:48:18 - [MESSAGE][PASSED] - Call Test Case 'Test Cases/test_case_to_verify_data' successfully

12-08-2024T16:48:18 - [TEST_STEP][PASSED] - callTestCase(findTestCase("logout_testcase"), [:], STOP_ON_FAILURE): Call Test Case 'Test Cases/logout_testcase' successfully

12-08-2024T16:48:18 - [TEST_CASE][PASSED] - Test Cases/logout_testcase: Test Cases/logout_testcase

12-08-2024T16:48:18 - [TEST_STEP][PASSED] - delay(3): Delayed 3 second(s)

12-08-2024T16:48:21 - [MESSAGE][PASSED] - Delayed 3 second(s)

12-08-2024T16:48:21 - [TEST_STEP][PASSED] - verifyElementPresent(findTestObject("logout_and_login_after_new_employee_added/userdropdown_for_logout_option"), 10): Object 'Object Repository/logout_and_login_after_new_employee_added/userdropdown_for_logout_option' is present

12-08-2024T16:48:21 - [MESSAGE][PASSED] - Object 'Object Repository/logout_and_login_after_new_employee_added/userdropdown_for_logout_option' is present

12-08-2024T16:48:21 - [TEST_STEP][PASSED] - delay(3): Delayed 3 second(s)

12-08-2024T16:48:24 - [MESSAGE][PASSED] - Delayed 3 second(s)

12-08-2024T16:48:24 - [TEST_STEP][PASSED] - click(findTestObject("logout_and_login_after_new_employee_added/userdropdown_for_logout_option")): Object: 'Object Repository/logout_and_login_after_new_employee_added/userdropdown_for_logout_option' is clicked on

12-08-2024T16:48:25 - [MESSAGE][PASSED] - Object: 'Object Repository/logout_and_login_after_new_employee_added/userdropdown_for_logout_option' is clicked on

12-08-2024T16:48:25 - [TEST_STEP][PASSED] - delay(3): Delayed 3 second(s)

12-08-2024T16:48:28 - [MESSAGE][PASSED] - Delayed 3 second(s)

12-08-2024T16:48:28 - [TEST_STEP][PASSED] - click(findTestObject("logout_and_login_after_new_employee_added/logout_option")): Object: 'Object Repository/logout_and_login_after_new_employee_added/logout_option' is clicked on

12-08-2024T16:48:29 - [MESSAGE][PASSED] - Object: 'Object Repository/logout_and_login_after_new_employee_added/logout_option' is clicked on

12-08-2024T16:48:29 - [TEST_STEP][PASSED] - delay(3): Delayed 3 second(s)

12-08-2024T16:48:32 - [MESSAGE][PASSED] - Delayed 3 second(s)

12-08-2024T16:48:32 - [MESSAGE][PASSED] - Call Test Case 'Test Cases/logout_testcase' successfully

12-08-2024T16:48:32 - [TEST_STEP][PASSED] - delay(3): Delayed 3 second(s)

12-08-2024T16:48:35 - [MESSAGE][PASSED] - Delayed 3 second(s)

12-08-2024T16:48:35 - [TEST_STEP][PASSED] - row = sheet.getRow(i): null

12-08-2024T16:48:35 - [TEST_STEP][PASSED] - firstName = getCell(0).getStringCellValue(): null

12-08-2024T16:48:35 - [TEST_STEP][PASSED] - Middlename = getCell(1).getStringCellValue(): null

12-08-2024T16:48:35 - [TEST_STEP][PASSED] - lastName = getCell(2).getStringCellValue(): null

12-08-2024T16:48:35 - [TEST_STEP][PASSED] - username = getCell(3).getStringCellValue(): null

12-08-2024T16:48:35 - [TEST_STEP][PASSED] - password = getCell(4).getStringCellValue(): null

12-08-2024T16:48:35 - [TEST_STEP][PASSED] - Employee_id = getCell(5).getStringCellValue(): null

12-08-2024T16:48:35 - [TEST_STEP][PASSED] - println("Logging in with Username: " + username + " and Password: " + password): null

12-08-2024T16:48:35 - [TEST_STEP][PASSED] - User_name = username: null

12-08-2024T16:48:35 - [TEST_STEP][PASSED] - Password = password: null

12-08-2024T16:48:35 - [TEST_STEP][PASSED] - First_name = firstName: null

12-08-2024T16:48:35 - [TEST_STEP][PASSED] - Last_name = lastName: null

12-08-2024T16:48:35 - [TEST_STEP][PASSED] - Middle_name = Middlename: null

12-08-2024T16:48:35 - [TEST_STEP][PASSED] - employee_id = Employee_id: null

12-08-2024T16:48:35 - [TEST_STEP][PASSED] - callTestCase(findTestCase("test_case_for_new_login_creds_excel_sheet"), [:], STOP_ON_FAILURE): Call Test Case 'Test Cases/test_case_for_new_login_creds_excel_sheet' successfully

12-08-2024T16:48:35 - [TEST_CASE][PASSED] - Test Cases/test_case_for_new_login_creds_excel_sheet: Test Cases/test_case_for_new_login_creds_excel_sheet

12-08-2024T16:48:35 - [TEST_STEP][PASSED] - refresh(): Refresh successfully

12-08-2024T16:48:36 - [MESSAGE][PASSED] - Refresh successfully

12-08-2024T16:48:36 - [TEST_STEP][PASSED] - delay(3): Delayed 3 second(s)

12-08-2024T16:48:39 - [MESSAGE][PASSED] - Delayed 3 second(s)

12-08-2024T16:48:39 - [TEST_STEP][PASSED] - verifyElementPresent(findTestObject("Object Repository/LOGIN_TEST_CASE_FOR_ORANGE_HRM/username_text_box_login_page"), 10): Object 'Object Repository/LOGIN_TEST_CASE_FOR_ORANGE_HRM/username_text_box_login_page' is present

12-08-2024T16:48:40 - [MESSAGE][PASSED] - Object 'Object Repository/LOGIN_TEST_CASE_FOR_ORANGE_HRM/username_text_box_login_page' is present

12-08-2024T16:48:40 - [TEST_STEP][PASSED] - click(findTestObject("Object Repository/LOGIN_TEST_CASE_FOR_ORANGE_HRM/username_text_box_login_page")): Object: 'Object Repository/LOGIN_TEST_CASE_FOR_ORANGE_HRM/username_text_box_login_page' is clicked on

12-08-2024T16:48:40 - [MESSAGE][PASSED] - Object: 'Object Repository/LOGIN_TEST_CASE_FOR_ORANGE_HRM/username_text_box_login_page' is clicked on

12-08-2024T16:48:40 - [TEST_STEP][PASSED] - setText(findTestObject("Object Repository/LOGIN_TEST_CASE_FOR_ORANGE_HRM/username_text_box_login_page"), User_name): Text 'User_name_zlduYHk' is set on object 'Object Repository/LOGIN_TEST_CASE_FOR_ORANGE_HRM/username_text_box_login_page'

12-08-2024T16:48:41 - [MESSAGE][PASSED] - Text 'User_name_zlduYHk' is set on object 'Object Repository/LOGIN_TEST_CASE_FOR_ORANGE_HRM/username_text_box_login_page'

12-08-2024T16:48:41 - [TEST_STEP][PASSED] - verifyElementPresent(findTestObject("Object Repository/LOGIN_TEST_CASE_FOR_ORANGE_HRM/password_text_box_for_login_page"), 10): Object 'Object Repository/LOGIN_TEST_CASE_FOR_ORANGE_HRM/password_text_box_for_login_page' is present

12-08-2024T16:48:41 - [MESSAGE][PASSED] - Object 'Object Repository/LOGIN_TEST_CASE_FOR_ORANGE_HRM/password_text_box_for_login_page' is present

12-08-2024T16:48:41 - [TEST_STEP][PASSED] - click(findTestObject("Object Repository/LOGIN_TEST_CASE_FOR_ORANGE_HRM/password_text_box_for_login_page")): Object: 'Object Repository/LOGIN_TEST_CASE_FOR_ORANGE_HRM/password_text_box_for_login_page' is clicked on

12-08-2024T16:48:41 - [MESSAGE][PASSED] - Object: 'Object Repository/LOGIN_TEST_CASE_FOR_ORANGE_HRM/password_text_box_for_login_page' is clicked on

12-08-2024T16:48:41 - [TEST_STEP][PASSED] - setText(findTestObject("Object Repository/LOGIN_TEST_CASE_FOR_ORANGE_HRM/password_text_box_for_login_page"), Password): Text 'Fiboo983448@@' is set on object 'Object Repository/LOGIN_TEST_CASE_FOR_ORANGE_HRM/password_text_box_for_login_page'

12-08-2024T16:48:42 - [MESSAGE][PASSED] - Text 'Fiboo983448@@' is set on object 'Object Repository/LOGIN_TEST_CASE_FOR_ORANGE_HRM/password_text_box_for_login_page'

12-08-2024T16:48:42 - [TEST_STEP][PASSED] - verifyElementPresent(findTestObject("Object Repository/LOGIN_TEST_CASE_FOR_ORANGE_HRM/login_button_for_login_page"), 10): Object 'Object Repository/LOGIN_TEST_CASE_FOR_ORANGE_HRM/login_button_for_login_page' is present

12-08-2024T16:48:42 - [MESSAGE][PASSED] - Object 'Object Repository/LOGIN_TEST_CASE_FOR_ORANGE_HRM/login_button_for_login_page' is present

12-08-2024T16:48:42 - [TEST_STEP][PASSED] - click(findTestObject("Object Repository/LOGIN_TEST_CASE_FOR_ORANGE_HRM/login_button_for_login_page")): Object: 'Object Repository/LOGIN_TEST_CASE_FOR_ORANGE_HRM/login_button_for_login_page' is clicked on

12-08-2024T16:48:43 - [MESSAGE][PASSED] - Object: 'Object Repository/LOGIN_TEST_CASE_FOR_ORANGE_HRM/login_button_for_login_page' is clicked on

12-08-2024T16:48:43 - [MESSAGE][PASSED] - Call Test Case 'Test Cases/test_case_for_new_login_creds_excel_sheet' successfully

12-08-2024T16:48:43 - [TEST_STEP][PASSED] - callTestCase(findTestCase("test_case_to_verify_data"), [:], STOP_ON_FAILURE): Call Test Case 'Test Cases/test_case_to_verify_data' successfully

12-08-2024T16:48:43 - [TEST_CASE][PASSED] - Test Cases/test_case_to_verify_data: Test Cases/test_case_to_verify_data

12-08-2024T16:48:43 - [TEST_STEP][PASSED] - delay(3): Delayed 3 second(s)

12-08-2024T16:48:46 - [MESSAGE][PASSED] - Delayed 3 second(s)

12-08-2024T16:48:46 - [TEST_STEP][PASSED] - click(findTestObject("to_verify_data/myinfo_option_from_side_bar")): Object: 'Object Repository/to_verify_data/myinfo_option_from_side_bar' is clicked on

12-08-2024T16:48:49 - [MESSAGE][PASSED] - Object: 'Object Repository/to_verify_data/myinfo_option_from_side_bar' is clicked on

12-08-2024T16:48:49 - [TEST_STEP][PASSED] - First_name = getAttribute(findTestObject("Object Repository/to_verify_data/first_name_text_box"), "value"): Attribute 'value' of object 'Object Repository/to_verify_data/first_name_text_box' is: 'First_name_mbTJNXN'

12-08-2024T16:48:51 - [MESSAGE][PASSED] - Attribute 'value' of object 'Object Repository/to_verify_data/first_name_text_box' is: 'First_name_mbTJNXN'

12-08-2024T16:48:51 - [TEST_STEP][PASSED] - out.println(First_name): null

12-08-2024T16:48:51 - [TEST_STEP][PASSED] - Middle_name = getAttribute(findTestObject("Object Repository/to_verify_data/middle_name_text_box"), "value"): Attribute 'value' of object 'Object Repository/to_verify_data/middle_name_text_box' is: 'Middle_name_uPEIhuG'

12-08-2024T16:48:52 - [MESSAGE][PASSED] - Attribute 'value' of object 'Object Repository/to_verify_data/middle_name_text_box' is: 'Middle_name_uPEIhuG'

12-08-2024T16:48:52 - [TEST_STEP][PASSED] - out.println(Middle_name): null

12-08-2024T16:48:52 - [TEST_STEP][PASSED] - Last_name = getAttribute(findTestObject("Object Repository/to_verify_data/last_name_text_box"), "value"): Attribute 'value' of object 'Object Repository/to_verify_data/last_name_text_box' is: 'Last_name_vPDXBep'

12-08-2024T16:48:52 - [MESSAGE][PASSED] - Attribute 'value' of object 'Object Repository/to_verify_data/last_name_text_box' is: 'Last_name_vPDXBep'

12-08-2024T16:48:52 - [TEST_STEP][PASSED] - out.println(Last_name): null

12-08-2024T16:48:52 - [TEST_STEP][PASSED] - employee_id = getAttribute(findTestObject("Object Repository/to_verify_data/employee_id"), "value"): Attribute 'value' of object 'Object Repository/to_verify_data/employee_id' is: '333043470'

12-08-2024T16:48:52 - [MESSAGE][PASSED] - Attribute 'value' of object 'Object Repository/to_verify_data/employee_id' is: '333043470'

12-08-2024T16:48:52 - [TEST_STEP][PASSED] - out.println(employee_id): null

12-08-2024T16:48:52 - [TEST_STEP][PASSED] - if (First_name == First_name): first name is same

12-08-2024T16:48:52 - [TEST_STEP][PASSED] - markPassed("first name is same"): first name is same

12-08-2024T16:48:52 - [MESSAGE][PASSED] - first name is same

12-08-2024T16:48:52 - [TEST_STEP][PASSED] - if (Middle_name == Middle_name): middle name is same

12-08-2024T16:48:52 - [TEST_STEP][PASSED] - markPassed("middle name is same"): middle name is same

12-08-2024T16:48:52 - [MESSAGE][PASSED] - middle name is same

12-08-2024T16:48:52 - [TEST_STEP][PASSED] - if (Last_name == Last_name): last name is same

12-08-2024T16:48:52 - [TEST_STEP][PASSED] - markPassed("last name is same"): last name is same

12-08-2024T16:48:52 - [MESSAGE][PASSED] - last name is same

12-08-2024T16:48:52 - [TEST_STEP][PASSED] - if (employee_id == employee_id): employee id is same

12-08-2024T16:48:52 - [TEST_STEP][PASSED] - markPassed("employee id is same"): employee id is same

12-08-2024T16:48:52 - [MESSAGE][PASSED] - employee id is same

12-08-2024T16:48:52 - [MESSAGE][PASSED] - Call Test Case 'Test Cases/test_case_to_verify_data' successfully

12-08-2024T16:48:52 - [TEST_STEP][PASSED] - callTestCase(findTestCase("logout_testcase"), [:], STOP_ON_FAILURE): Call Test Case 'Test Cases/logout_testcase' successfully

12-08-2024T16:48:52 - [TEST_CASE][PASSED] - Test Cases/logout_testcase: Test Cases/logout_testcase

12-08-2024T16:48:52 - [TEST_STEP][PASSED] - delay(3): Delayed 3 second(s)

12-08-2024T16:48:55 - [MESSAGE][PASSED] - Delayed 3 second(s)

12-08-2024T16:48:55 - [TEST_STEP][PASSED] - verifyElementPresent(findTestObject("logout_and_login_after_new_employee_added/userdropdown_for_logout_option"), 10): Object 'Object Repository/logout_and_login_after_new_employee_added/userdropdown_for_logout_option' is present

12-08-2024T16:48:56 - [MESSAGE][PASSED] - Object 'Object Repository/logout_and_login_after_new_employee_added/userdropdown_for_logout_option' is present

12-08-2024T16:48:56 - [TEST_STEP][PASSED] - delay(3): Delayed 3 second(s)

12-08-2024T16:48:59 - [MESSAGE][PASSED] - Delayed 3 second(s)

12-08-2024T16:48:59 - [TEST_STEP][PASSED] - click(findTestObject("logout_and_login_after_new_employee_added/userdropdown_for_logout_option")): Object: 'Object Repository/logout_and_login_after_new_employee_added/userdropdown_for_logout_option' is clicked on

12-08-2024T16:48:59 - [MESSAGE][PASSED] - Object: 'Object Repository/logout_and_login_after_new_employee_added/userdropdown_for_logout_option' is clicked on

12-08-2024T16:48:59 - [TEST_STEP][PASSED] - delay(3): Delayed 3 second(s)

12-08-2024T16:49:02 - [MESSAGE][PASSED] - Delayed 3 second(s)

12-08-2024T16:49:02 - [TEST_STEP][PASSED] - click(findTestObject("logout_and_login_after_new_employee_added/logout_option")): Object: 'Object Repository/logout_and_login_after_new_employee_added/logout_option' is clicked on

12-08-2024T16:49:03 - [MESSAGE][PASSED] - Object: 'Object Repository/logout_and_login_after_new_employee_added/logout_option' is clicked on

12-08-2024T16:49:03 - [TEST_STEP][PASSED] - delay(3): Delayed 3 second(s)

12-08-2024T16:49:06 - [MESSAGE][PASSED] - Delayed 3 second(s)

12-08-2024T16:49:06 - [MESSAGE][PASSED] - Call Test Case 'Test Cases/logout_testcase' successfully

12-08-2024T16:49:06 - [TEST_STEP][PASSED] - delay(3): Delayed 3 second(s)

12-08-2024T16:49:09 - [MESSAGE][PASSED] - Delayed 3 second(s)

12-08-2024T16:49:09 - [TEST_STEP][PASSED] - row = sheet.getRow(i): null

12-08-2024T16:49:09 - [TEST_STEP][PASSED] - firstName = getCell(0).getStringCellValue(): null

12-08-2024T16:49:09 - [TEST_STEP][PASSED] - Middlename = getCell(1).getStringCellValue(): null

12-08-2024T16:49:09 - [TEST_STEP][PASSED] - lastName = getCell(2).getStringCellValue(): null

12-08-2024T16:49:09 - [TEST_STEP][PASSED] - username = getCell(3).getStringCellValue(): null

12-08-2024T16:49:09 - [TEST_STEP][PASSED] - password = getCell(4).getStringCellValue(): null

12-08-2024T16:49:09 - [TEST_STEP][PASSED] - Employee_id = getCell(5).getStringCellValue(): null

12-08-2024T16:49:09 - [TEST_STEP][PASSED] - println("Logging in with Username: " + username + " and Password: " + password): null

12-08-2024T16:49:09 - [TEST_STEP][PASSED] - User_name = username: null

12-08-2024T16:49:09 - [TEST_STEP][PASSED] - Password = password: null

12-08-2024T16:49:09 - [TEST_STEP][PASSED] - First_name = firstName: null

12-08-2024T16:49:09 - [TEST_STEP][PASSED] - Last_name = lastName: null

12-08-2024T16:49:09 - [TEST_STEP][PASSED] - Middle_name = Middlename: null

12-08-2024T16:49:09 - [TEST_STEP][PASSED] - employee_id = Employee_id: null

12-08-2024T16:49:09 - [TEST_STEP][PASSED] - callTestCase(findTestCase("test_case_for_new_login_creds_excel_sheet"), [:], STOP_ON_FAILURE): Call Test Case 'Test Cases/test_case_for_new_login_creds_excel_sheet' successfully

12-08-2024T16:49:09 - [TEST_CASE][PASSED] - Test Cases/test_case_for_new_login_creds_excel_sheet: Test Cases/test_case_for_new_login_creds_excel_sheet

12-08-2024T16:49:09 - [TEST_STEP][PASSED] - refresh(): Refresh successfully

12-08-2024T16:49:10 - [MESSAGE][PASSED] - Refresh successfully

12-08-2024T16:49:10 - [TEST_STEP][PASSED] - delay(3): Delayed 3 second(s)

12-08-2024T16:49:13 - [MESSAGE][PASSED] - Delayed 3 second(s)

12-08-2024T16:49:13 - [TEST_STEP][PASSED] - verifyElementPresent(findTestObject("Object Repository/LOGIN_TEST_CASE_FOR_ORANGE_HRM/username_text_box_login_page"), 10): Object 'Object Repository/LOGIN_TEST_CASE_FOR_ORANGE_HRM/username_text_box_login_page' is present

12-08-2024T16:49:13 - [MESSAGE][PASSED] - Object 'Object Repository/LOGIN_TEST_CASE_FOR_ORANGE_HRM/username_text_box_login_page' is present

12-08-2024T16:49:13 - [TEST_STEP][PASSED] - click(findTestObject("Object Repository/LOGIN_TEST_CASE_FOR_ORANGE_HRM/username_text_box_login_page")): Object: 'Object Repository/LOGIN_TEST_CASE_FOR_ORANGE_HRM/username_text_box_login_page' is clicked on

12-08-2024T16:49:13 - [MESSAGE][PASSED] - Object: 'Object Repository/LOGIN_TEST_CASE_FOR_ORANGE_HRM/username_text_box_login_page' is clicked on

12-08-2024T16:49:13 - [TEST_STEP][PASSED] - setText(findTestObject("Object Repository/LOGIN_TEST_CASE_FOR_ORANGE_HRM/username_text_box_login_page"), User_name): Text 'User_name_ZjFskSS' is set on object 'Object Repository/LOGIN_TEST_CASE_FOR_ORANGE_HRM/username_text_box_login_page'

12-08-2024T16:49:14 - [MESSAGE][PASSED] - Text 'User_name_ZjFskSS' is set on object 'Object Repository/LOGIN_TEST_CASE_FOR_ORANGE_HRM/username_text_box_login_page'

12-08-2024T16:49:14 - [TEST_STEP][PASSED] - verifyElementPresent(findTestObject("Object Repository/LOGIN_TEST_CASE_FOR_ORANGE_HRM/password_text_box_for_login_page"), 10): Object 'Object Repository/LOGIN_TEST_CASE_FOR_ORANGE_HRM/password_text_box_for_login_page' is present

12-08-2024T16:49:14 - [MESSAGE][PASSED] - Object 'Object Repository/LOGIN_TEST_CASE_FOR_ORANGE_HRM/password_text_box_for_login_page' is present

12-08-2024T16:49:14 - [TEST_STEP][PASSED] - click(findTestObject("Object Repository/LOGIN_TEST_CASE_FOR_ORANGE_HRM/password_text_box_for_login_page")): Object: 'Object Repository/LOGIN_TEST_CASE_FOR_ORANGE_HRM/password_text_box_for_login_page' is clicked on

12-08-2024T16:49:15 - [MESSAGE][PASSED] - Object: 'Object Repository/LOGIN_TEST_CASE_FOR_ORANGE_HRM/password_text_box_for_login_page' is clicked on

12-08-2024T16:49:15 - [TEST_STEP][PASSED] - setText(findTestObject("Object Repository/LOGIN_TEST_CASE_FOR_ORANGE_HRM/password_text_box_for_login_page"), Password): Text 'Fiboo875888@@' is set on object 'Object Repository/LOGIN_TEST_CASE_FOR_ORANGE_HRM/password_text_box_for_login_page'

12-08-2024T16:49:16 - [MESSAGE][PASSED] - Text 'Fiboo875888@@' is set on object 'Object Repository/LOGIN_TEST_CASE_FOR_ORANGE_HRM/password_text_box_for_login_page'

12-08-2024T16:49:16 - [TEST_STEP][PASSED] - verifyElementPresent(findTestObject("Object Repository/LOGIN_TEST_CASE_FOR_ORANGE_HRM/login_button_for_login_page"), 10): Object 'Object Repository/LOGIN_TEST_CASE_FOR_ORANGE_HRM/login_button_for_login_page' is present

12-08-2024T16:49:16 - [MESSAGE][PASSED] - Object 'Object Repository/LOGIN_TEST_CASE_FOR_ORANGE_HRM/login_button_for_login_page' is present

12-08-2024T16:49:16 - [TEST_STEP][PASSED] - click(findTestObject("Object Repository/LOGIN_TEST_CASE_FOR_ORANGE_HRM/login_button_for_login_page")): Object: 'Object Repository/LOGIN_TEST_CASE_FOR_ORANGE_HRM/login_button_for_login_page' is clicked on

12-08-2024T16:49:16 - [MESSAGE][PASSED] - Object: 'Object Repository/LOGIN_TEST_CASE_FOR_ORANGE_HRM/login_button_for_login_page' is clicked on

12-08-2024T16:49:16 - [MESSAGE][PASSED] - Call Test Case 'Test Cases/test_case_for_new_login_creds_excel_sheet' successfully

12-08-2024T16:49:16 - [TEST_STEP][PASSED] - callTestCase(findTestCase("test_case_to_verify_data"), [:], STOP_ON_FAILURE): Call Test Case 'Test Cases/test_case_to_verify_data' successfully

12-08-2024T16:49:16 - [TEST_CASE][PASSED] - Test Cases/test_case_to_verify_data: Test Cases/test_case_to_verify_data

12-08-2024T16:49:16 - [TEST_STEP][PASSED] - delay(3): Delayed 3 second(s)

12-08-2024T16:49:19 - [MESSAGE][PASSED] - Delayed 3 second(s)

12-08-2024T16:49:19 - [TEST_STEP][PASSED] - click(findTestObject("to_verify_data/myinfo_option_from_side_bar")): Object: 'Object Repository/to_verify_data/myinfo_option_from_side_bar' is clicked on

12-08-2024T16:49:21 - [MESSAGE][PASSED] - Object: 'Object Repository/to_verify_data/myinfo_option_from_side_bar' is clicked on

12-08-2024T16:49:21 - [TEST_STEP][PASSED] - First_name = getAttribute(findTestObject("Object Repository/to_verify_data/first_name_text_box"), "value"): Attribute 'value' of object 'Object Repository/to_verify_data/first_name_text_box' is: 'First_name_MGmViaK'

12-08-2024T16:49:23 - [MESSAGE][PASSED] - Attribute 'value' of object 'Object Repository/to_verify_data/first_name_text_box' is: 'First_name_MGmViaK'

12-08-2024T16:49:23 - [TEST_STEP][PASSED] - out.println(First_name): null

12-08-2024T16:49:23 - [TEST_STEP][PASSED] - Middle_name = getAttribute(findTestObject("Object Repository/to_verify_data/middle_name_text_box"), "value"): Attribute 'value' of object 'Object Repository/to_verify_data/middle_name_text_box' is: 'Middle_name_oKSypVj'

12-08-2024T16:49:23 - [MESSAGE][PASSED] - Attribute 'value' of object 'Object Repository/to_verify_data/middle_name_text_box' is: 'Middle_name_oKSypVj'

12-08-2024T16:49:23 - [TEST_STEP][PASSED] - out.println(Middle_name): null

12-08-2024T16:49:23 - [TEST_STEP][PASSED] - Last_name = getAttribute(findTestObject("Object Repository/to_verify_data/last_name_text_box"), "value"): Attribute 'value' of object 'Object Repository/to_verify_data/last_name_text_box' is: 'Last_name_fFWGgZP'

12-08-2024T16:49:24 - [MESSAGE][PASSED] - Attribute 'value' of object 'Object Repository/to_verify_data/last_name_text_box' is: 'Last_name_fFWGgZP'

12-08-2024T16:49:24 - [TEST_STEP][PASSED] - out.println(Last_name): null

12-08-2024T16:49:24 - [TEST_STEP][PASSED] - employee_id = getAttribute(findTestObject("Object Repository/to_verify_data/employee_id"), "value"): Attribute 'value' of object 'Object Repository/to_verify_data/employee_id' is: '333012133'

12-08-2024T16:49:24 - [MESSAGE][PASSED] - Attribute 'value' of object 'Object Repository/to_verify_data/employee_id' is: '333012133'

12-08-2024T16:49:24 - [TEST_STEP][PASSED] - out.println(employee_id): null

12-08-2024T16:49:24 - [TEST_STEP][PASSED] - if (First_name == First_name): first name is same

12-08-2024T16:49:24 - [TEST_STEP][PASSED] - markPassed("first name is same"): first name is same

12-08-2024T16:49:24 - [MESSAGE][PASSED] - first name is same

12-08-2024T16:49:24 - [TEST_STEP][PASSED] - if (Middle_name == Middle_name): middle name is same

12-08-2024T16:49:24 - [TEST_STEP][PASSED] - markPassed("middle name is same"): middle name is same

12-08-2024T16:49:24 - [MESSAGE][PASSED] - middle name is same

12-08-2024T16:49:24 - [TEST_STEP][PASSED] - if (Last_name == Last_name): last name is same

12-08-2024T16:49:24 - [TEST_STEP][PASSED] - markPassed("last name is same"): last name is same

12-08-2024T16:49:24 - [MESSAGE][PASSED] - last name is same

12-08-2024T16:49:24 - [TEST_STEP][PASSED] - if (employee_id == employee_id): employee id is same

12-08-2024T16:49:24 - [TEST_STEP][PASSED] - markPassed("employee id is same"): employee id is same

12-08-2024T16:49:24 - [MESSAGE][PASSED] - employee id is same

12-08-2024T16:49:24 - [MESSAGE][PASSED] - Call Test Case 'Test Cases/test_case_to_verify_data' successfully

12-08-2024T16:49:24 - [TEST_STEP][PASSED] - callTestCase(findTestCase("logout_testcase"), [:], STOP_ON_FAILURE): Call Test Case 'Test Cases/logout_testcase' successfully

12-08-2024T16:49:24 - [TEST_CASE][PASSED] - Test Cases/logout_testcase: Test Cases/logout_testcase

12-08-2024T16:49:24 - [TEST_STEP][PASSED] - delay(3): Delayed 3 second(s)

12-08-2024T16:49:27 - [MESSAGE][PASSED] - Delayed 3 second(s)

12-08-2024T16:49:27 - [TEST_STEP][PASSED] - verifyElementPresent(findTestObject("logout_and_login_after_new_employee_added/userdropdown_for_logout_option"), 10): Object 'Object Repository/logout_and_login_after_new_employee_added/userdropdown_for_logout_option' is present

12-08-2024T16:49:27 - [MESSAGE][PASSED] - Object 'Object Repository/logout_and_login_after_new_employee_added/userdropdown_for_logout_option' is present

12-08-2024T16:49:27 - [TEST_STEP][PASSED] - delay(3): Delayed 3 second(s)

12-08-2024T16:49:30 - [MESSAGE][PASSED] - Delayed 3 second(s)

12-08-2024T16:49:30 - [TEST_STEP][PASSED] - click(findTestObject("logout_and_login_after_new_employee_added/userdropdown_for_logout_option")): Object: 'Object Repository/logout_and_login_after_new_employee_added/userdropdown_for_logout_option' is clicked on

12-08-2024T16:49:31 - [MESSAGE][PASSED] - Object: 'Object Repository/logout_and_login_after_new_employee_added/userdropdown_for_logout_option' is clicked on

12-08-2024T16:49:31 - [TEST_STEP][PASSED] - delay(3): Delayed 3 second(s)

12-08-2024T16:49:34 - [MESSAGE][PASSED] - Delayed 3 second(s)

12-08-2024T16:49:34 - [TEST_STEP][PASSED] - click(findTestObject("logout_and_login_after_new_employee_added/logout_option")): Object: 'Object Repository/logout_and_login_after_new_employee_added/logout_option' is clicked on

12-08-2024T16:49:35 - [MESSAGE][PASSED] - Object: 'Object Repository/logout_and_login_after_new_employee_added/logout_option' is clicked on

12-08-2024T16:49:35 - [TEST_STEP][PASSED] - delay(3): Delayed 3 second(s)

12-08-2024T16:49:38 - [MESSAGE][PASSED] - Delayed 3 second(s)

12-08-2024T16:49:38 - [MESSAGE][PASSED] - Call Test Case 'Test Cases/logout_testcase' successfully

12-08-2024T16:49:38 - [TEST_STEP][PASSED] - delay(3): Delayed 3 second(s)

12-08-2024T16:49:41 - [MESSAGE][PASSED] - Delayed 3 second(s)

12-08-2024T16:49:41 - [TEST_STEP][PASSED] - row = sheet.getRow(i): null

12-08-2024T16:49:41 - [TEST_STEP][PASSED] - firstName = getCell(0).getStringCellValue(): null

12-08-2024T16:49:41 - [TEST_STEP][PASSED] - Middlename = getCell(1).getStringCellValue(): null

12-08-2024T16:49:41 - [TEST_STEP][PASSED] - lastName = getCell(2).getStringCellValue(): null

12-08-2024T16:49:41 - [TEST_STEP][PASSED] - username = getCell(3).getStringCellValue(): null

12-08-2024T16:49:41 - [TEST_STEP][PASSED] - password = getCell(4).getStringCellValue(): null

12-08-2024T16:49:41 - [TEST_STEP][PASSED] - Employee_id = getCell(5).getStringCellValue(): null

12-08-2024T16:49:41 - [TEST_STEP][PASSED] - println("Logging in with Username: " + username + " and Password: " + password): null

12-08-2024T16:49:41 - [TEST_STEP][PASSED] - User_name = username: null

12-08-2024T16:49:41 - [TEST_STEP][PASSED] - Password = password: null

12-08-2024T16:49:41 - [TEST_STEP][PASSED] - First_name = firstName: null

12-08-2024T16:49:41 - [TEST_STEP][PASSED] - Last_name = lastName: null

12-08-2024T16:49:41 - [TEST_STEP][PASSED] - Middle_name = Middlename: null

12-08-2024T16:49:41 - [TEST_STEP][PASSED] - employee_id = Employee_id: null

12-08-2024T16:49:41 - [TEST_STEP][PASSED] - callTestCase(findTestCase("test_case_for_new_login_creds_excel_sheet"), [:], STOP_ON_FAILURE): Call Test Case 'Test Cases/test_case_for_new_login_creds_excel_sheet' successfully

12-08-2024T16:49:41 - [TEST_CASE][PASSED] - Test Cases/test_case_for_new_login_creds_excel_sheet: Test Cases/test_case_for_new_login_creds_excel_sheet

12-08-2024T16:49:41 - [TEST_STEP][PASSED] - refresh(): Refresh successfully

12-08-2024T16:49:42 - [MESSAGE][PASSED] - Refresh successfully

12-08-2024T16:49:42 - [TEST_STEP][PASSED] - delay(3): Delayed 3 second(s)

12-08-2024T16:49:45 - [MESSAGE][PASSED] - Delayed 3 second(s)

12-08-2024T16:49:45 - [TEST_STEP][PASSED] - verifyElementPresent(findTestObject("Object Repository/LOGIN_TEST_CASE_FOR_ORANGE_HRM/username_text_box_login_page"), 10): Object 'Object Repository/LOGIN_TEST_CASE_FOR_ORANGE_HRM/username_text_box_login_page' is present

12-08-2024T16:49:45 - [MESSAGE][PASSED] - Object 'Object Repository/LOGIN_TEST_CASE_FOR_ORANGE_HRM/username_text_box_login_page' is present

12-08-2024T16:49:45 - [TEST_STEP][PASSED] - click(findTestObject("Object Repository/LOGIN_TEST_CASE_FOR_ORANGE_HRM/username_text_box_login_page")): Object: 'Object Repository/LOGIN_TEST_CASE_FOR_ORANGE_HRM/username_text_box_login_page' is clicked on

12-08-2024T16:49:45 - [MESSAGE][PASSED] - Object: 'Object Repository/LOGIN_TEST_CASE_FOR_ORANGE_HRM/username_text_box_login_page' is clicked on

12-08-2024T16:49:45 - [TEST_STEP][PASSED] - setText(findTestObject("Object Repository/LOGIN_TEST_CASE_FOR_ORANGE_HRM/username_text_box_login_page"), User_name): Text 'User_name_LxcuUsM' is set on object 'Object Repository/LOGIN_TEST_CASE_FOR_ORANGE_HRM/username_text_box_login_page'

12-08-2024T16:49:46 - [MESSAGE][PASSED] - Text 'User_name_LxcuUsM' is set on object 'Object Repository/LOGIN_TEST_CASE_FOR_ORANGE_HRM/username_text_box_login_page'

12-08-2024T16:49:46 - [TEST_STEP][PASSED] - verifyElementPresent(findTestObject("Object Repository/LOGIN_TEST_CASE_FOR_ORANGE_HRM/password_text_box_for_login_page"), 10): Object 'Object Repository/LOGIN_TEST_CASE_FOR_ORANGE_HRM/password_text_box_for_login_page' is present

12-08-2024T16:49:46 - [MESSAGE][PASSED] - Object 'Object Repository/LOGIN_TEST_CASE_FOR_ORANGE_HRM/password_text_box_for_login_page' is present

12-08-2024T16:49:46 - [TEST_STEP][PASSED] - click(findTestObject("Object Repository/LOGIN_TEST_CASE_FOR_ORANGE_HRM/password_text_box_for_login_page")): Object: 'Object Repository/LOGIN_TEST_CASE_FOR_ORANGE_HRM/password_text_box_for_login_page' is clicked on

12-08-2024T16:49:47 - [MESSAGE][PASSED] - Object: 'Object Repository/LOGIN_TEST_CASE_FOR_ORANGE_HRM/password_text_box_for_login_page' is clicked on

12-08-2024T16:49:47 - [TEST_STEP][PASSED] - setText(findTestObject("Object Repository/LOGIN_TEST_CASE_FOR_ORANGE_HRM/password_text_box_for_login_page"), Password): Text 'Fiboo371530@@' is set on object 'Object Repository/LOGIN_TEST_CASE_FOR_ORANGE_HRM/password_text_box_for_login_page'

12-08-2024T16:49:48 - [MESSAGE][PASSED] - Text 'Fiboo371530@@' is set on object 'Object Repository/LOGIN_TEST_CASE_FOR_ORANGE_HRM/password_text_box_for_login_page'

12-08-2024T16:49:48 - [TEST_STEP][PASSED] - verifyElementPresent(findTestObject("Object Repository/LOGIN_TEST_CASE_FOR_ORANGE_HRM/login_button_for_login_page"), 10): Object 'Object Repository/LOGIN_TEST_CASE_FOR_ORANGE_HRM/login_button_for_login_page' is present

12-08-2024T16:49:48 - [MESSAGE][PASSED] - Object 'Object Repository/LOGIN_TEST_CASE_FOR_ORANGE_HRM/login_button_for_login_page' is present

12-08-2024T16:49:48 - [TEST_STEP][PASSED] - click(findTestObject("Object Repository/LOGIN_TEST_CASE_FOR_ORANGE_HRM/login_button_for_login_page")): Object: 'Object Repository/LOGIN_TEST_CASE_FOR_ORANGE_HRM/login_button_for_login_page' is clicked on

12-08-2024T16:49:48 - [MESSAGE][PASSED] - Object: 'Object Repository/LOGIN_TEST_CASE_FOR_ORANGE_HRM/login_button_for_login_page' is clicked on

12-08-2024T16:49:48 - [MESSAGE][PASSED] - Call Test Case 'Test Cases/test_case_for_new_login_creds_excel_sheet' successfully

12-08-2024T16:49:48 - [TEST_STEP][PASSED] - callTestCase(findTestCase("test_case_to_verify_data"), [:], STOP_ON_FAILURE): Call Test Case 'Test Cases/test_case_to_verify_data' successfully

12-08-2024T16:49:48 - [TEST_CASE][PASSED] - Test Cases/test_case_to_verify_data: Test Cases/test_case_to_verify_data

12-08-2024T16:49:48 - [TEST_STEP][PASSED] - delay(3): Delayed 3 second(s)

12-08-2024T16:49:51 - [MESSAGE][PASSED] - Delayed 3 second(s)

12-08-2024T16:49:51 - [TEST_STEP][PASSED] - click(findTestObject("to_verify_data/myinfo_option_from_side_bar")): Object: 'Object Repository/to_verify_data/myinfo_option_from_side_bar' is clicked on

12-08-2024T16:49:53 - [MESSAGE][PASSED] - Object: 'Object Repository/to_verify_data/myinfo_option_from_side_bar' is clicked on

12-08-2024T16:49:53 - [TEST_STEP][PASSED] - First_name = getAttribute(findTestObject("Object Repository/to_verify_data/first_name_text_box"), "value"): Attribute 'value' of object 'Object Repository/to_verify_data/first_name_text_box' is: 'First_name_ajcRhte'

12-08-2024T16:49:55 - [MESSAGE][PASSED] - Attribute 'value' of object 'Object Repository/to_verify_data/first_name_text_box' is: 'First_name_ajcRhte'

12-08-2024T16:49:55 - [TEST_STEP][PASSED] - out.println(First_name): null

12-08-2024T16:49:55 - [TEST_STEP][PASSED] - Middle_name = getAttribute(findTestObject("Object Repository/to_verify_data/middle_name_text_box"), "value"): Attribute 'value' of object 'Object Repository/to_verify_data/middle_name_text_box' is: 'Middle_name_eZGApPp'

12-08-2024T16:49:56 - [MESSAGE][PASSED] - Attribute 'value' of object 'Object Repository/to_verify_data/middle_name_text_box' is: 'Middle_name_eZGApPp'

12-08-2024T16:49:56 - [TEST_STEP][PASSED] - out.println(Middle_name): null

12-08-2024T16:49:56 - [TEST_STEP][PASSED] - Last_name = getAttribute(findTestObject("Object Repository/to_verify_data/last_name_text_box"), "value"): Attribute 'value' of object 'Object Repository/to_verify_data/last_name_text_box' is: 'Last_name_gQeZzWW'

12-08-2024T16:49:56 - [MESSAGE][PASSED] - Attribute 'value' of object 'Object Repository/to_verify_data/last_name_text_box' is: 'Last_name_gQeZzWW'

12-08-2024T16:49:56 - [TEST_STEP][PASSED] - out.println(Last_name): null

12-08-2024T16:49:56 - [TEST_STEP][PASSED] - employee_id = getAttribute(findTestObject("Object Repository/to_verify_data/employee_id"), "value"): Attribute 'value' of object 'Object Repository/to_verify_data/employee_id' is: '333075476'

12-08-2024T16:49:56 - [MESSAGE][PASSED] - Attribute 'value' of object 'Object Repository/to_verify_data/employee_id' is: '333075476'

12-08-2024T16:49:56 - [TEST_STEP][PASSED] - out.println(employee_id): null

12-08-2024T16:49:56 - [TEST_STEP][PASSED] - if (First_name == First_name): first name is same

12-08-2024T16:49:56 - [TEST_STEP][PASSED] - markPassed("first name is same"): first name is same

12-08-2024T16:49:56 - [MESSAGE][PASSED] - first name is same

12-08-2024T16:49:56 - [TEST_STEP][PASSED] - if (Middle_name == Middle_name): middle name is same

12-08-2024T16:49:56 - [TEST_STEP][PASSED] - markPassed("middle name is same"): middle name is same

12-08-2024T16:49:56 - [MESSAGE][PASSED] - middle name is same

12-08-2024T16:49:56 - [TEST_STEP][PASSED] - if (Last_name == Last_name): last name is same

12-08-2024T16:49:56 - [TEST_STEP][PASSED] - markPassed("last name is same"): last name is same

12-08-2024T16:49:56 - [MESSAGE][PASSED] - last name is same

12-08-2024T16:49:56 - [TEST_STEP][PASSED] - if (employee_id == employee_id): employee id is same

12-08-2024T16:49:56 - [TEST_STEP][PASSED] - markPassed("employee id is same"): employee id is same

12-08-2024T16:49:56 - [MESSAGE][PASSED] - employee id is same

12-08-2024T16:49:56 - [MESSAGE][PASSED] - Call Test Case 'Test Cases/test_case_to_verify_data' successfully

12-08-2024T16:49:56 - [TEST_STEP][PASSED] - callTestCase(findTestCase("logout_testcase"), [:], STOP_ON_FAILURE): Call Test Case 'Test Cases/logout_testcase' successfully

12-08-2024T16:49:56 - [TEST_CASE][PASSED] - Test Cases/logout_testcase: Test Cases/logout_testcase

12-08-2024T16:49:56 - [TEST_STEP][PASSED] - delay(3): Delayed 3 second(s)

12-08-2024T16:49:59 - [MESSAGE][PASSED] - Delayed 3 second(s)

12-08-2024T16:49:59 - [TEST_STEP][PASSED] - verifyElementPresent(findTestObject("logout_and_login_after_new_employee_added/userdropdown_for_logout_option"), 10): Object 'Object Repository/logout_and_login_after_new_employee_added/userdropdown_for_logout_option' is present

12-08-2024T16:50:00 - [MESSAGE][PASSED] - Object 'Object Repository/logout_and_login_after_new_employee_added/userdropdown_for_logout_option' is present

12-08-2024T16:50:00 - [TEST_STEP][PASSED] - delay(3): Delayed 3 second(s)

12-08-2024T16:50:03 - [MESSAGE][PASSED] - Delayed 3 second(s)

12-08-2024T16:50:03 - [TEST_STEP][PASSED] - click(findTestObject("logout_and_login_after_new_employee_added/userdropdown_for_logout_option")): Object: 'Object Repository/logout_and_login_after_new_employee_added/userdropdown_for_logout_option' is clicked on

12-08-2024T16:50:03 - [MESSAGE][PASSED] - Object: 'Object Repository/logout_and_login_after_new_employee_added/userdropdown_for_logout_option' is clicked on

12-08-2024T16:50:03 - [TEST_STEP][PASSED] - delay(3): Delayed 3 second(s)

12-08-2024T16:50:06 - [MESSAGE][PASSED] - Delayed 3 second(s)

12-08-2024T16:50:06 - [TEST_STEP][PASSED] - click(findTestObject("logout_and_login_after_new_employee_added/logout_option")): Object: 'Object Repository/logout_and_login_after_new_employee_added/logout_option' is clicked on

12-08-2024T16:50:08 - [MESSAGE][PASSED] - Object: 'Object Repository/logout_and_login_after_new_employee_added/logout_option' is clicked on

12-08-2024T16:50:08 - [TEST_STEP][PASSED] - delay(3): Delayed 3 second(s)

12-08-2024T16:50:11 - [MESSAGE][PASSED] - Delayed 3 second(s)

12-08-2024T16:50:11 - [MESSAGE][PASSED] - Call Test Case 'Test Cases/logout_testcase' successfully

12-08-2024T16:50:11 - [TEST_STEP][PASSED] - delay(3): Delayed 3 second(s)

12-08-2024T16:50:14 - [MESSAGE][PASSED] - Delayed 3 second(s)

12-08-2024T16:50:14 - [TEST_STEP][PASSED] - row = sheet.getRow(i): null

12-08-2024T16:50:14 - [TEST_STEP][PASSED] - firstName = getCell(0).getStringCellValue(): null

12-08-2024T16:50:14 - [TEST_STEP][PASSED] - Middlename = getCell(1).getStringCellValue(): null

12-08-2024T16:50:14 - [TEST_STEP][PASSED] - lastName = getCell(2).getStringCellValue(): null

12-08-2024T16:50:14 - [TEST_STEP][PASSED] - username = getCell(3).getStringCellValue(): null

12-08-2024T16:50:14 - [TEST_STEP][PASSED] - password = getCell(4).getStringCellValue(): null

12-08-2024T16:50:14 - [TEST_STEP][PASSED] - Employee_id = getCell(5).getStringCellValue(): null

12-08-2024T16:50:14 - [TEST_STEP][PASSED] - println("Logging in with Username: " + username + " and Password: " + password): null

12-08-2024T16:50:14 - [TEST_STEP][PASSED] - User_name = username: null

12-08-2024T16:50:14 - [TEST_STEP][PASSED] - Password = password: null

12-08-2024T16:50:14 - [TEST_STEP][PASSED] - First_name = firstName: null

12-08-2024T16:50:14 - [TEST_STEP][PASSED] - Last_name = lastName: null

12-08-2024T16:50:14 - [TEST_STEP][PASSED] - Middle_name = Middlename: null

12-08-2024T16:50:14 - [TEST_STEP][PASSED] - employee_id = Employee_id: null

12-08-2024T16:50:14 - [TEST_STEP][PASSED] - callTestCase(findTestCase("test_case_for_new_login_creds_excel_sheet"), [:], STOP_ON_FAILURE): Call Test Case 'Test Cases/test_case_for_new_login_creds_excel_sheet' successfully

12-08-2024T16:50:14 - [TEST_CASE][PASSED] - Test Cases/test_case_for_new_login_creds_excel_sheet: Test Cases/test_case_for_new_login_creds_excel_sheet

12-08-2024T16:50:14 - [TEST_STEP][PASSED] - refresh(): Refresh successfully

12-08-2024T16:50:14 - [MESSAGE][PASSED] - Refresh successfully

12-08-2024T16:50:14 - [TEST_STEP][PASSED] - delay(3): Delayed 3 second(s)

12-08-2024T16:50:17 - [MESSAGE][PASSED] - Delayed 3 second(s)

12-08-2024T16:50:17 - [TEST_STEP][PASSED] - verifyElementPresent(findTestObject("Object Repository/LOGIN_TEST_CASE_FOR_ORANGE_HRM/username_text_box_login_page"), 10): Object 'Object Repository/LOGIN_TEST_CASE_FOR_ORANGE_HRM/username_text_box_login_page' is present

12-08-2024T16:50:17 - [MESSAGE][PASSED] - Object 'Object Repository/LOGIN_TEST_CASE_FOR_ORANGE_HRM/username_text_box_login_page' is present

12-08-2024T16:50:17 - [TEST_STEP][PASSED] - click(findTestObject("Object Repository/LOGIN_TEST_CASE_FOR_ORANGE_HRM/username_text_box_login_page")): Object: 'Object Repository/LOGIN_TEST_CASE_FOR_ORANGE_HRM/username_text_box_login_page' is clicked on

12-08-2024T16:50:18 - [MESSAGE][PASSED] - Object: 'Object Repository/LOGIN_TEST_CASE_FOR_ORANGE_HRM/username_text_box_login_page' is clicked on

12-08-2024T16:50:18 - [TEST_STEP][PASSED] - setText(findTestObject("Object Repository/LOGIN_TEST_CASE_FOR_ORANGE_HRM/username_text_box_login_page"), User_name): Text 'User_name_FzSbIUH' is set on object 'Object Repository/LOGIN_TEST_CASE_FOR_ORANGE_HRM/username_text_box_login_page'

12-08-2024T16:50:19 - [MESSAGE][PASSED] - Text 'User_name_FzSbIUH' is set on object 'Object Repository/LOGIN_TEST_CASE_FOR_ORANGE_HRM/username_text_box_login_page'

12-08-2024T16:50:19 - [TEST_STEP][PASSED] - verifyElementPresent(findTestObject("Object Repository/LOGIN_TEST_CASE_FOR_ORANGE_HRM/password_text_box_for_login_page"), 10): Object 'Object Repository/LOGIN_TEST_CASE_FOR_ORANGE_HRM/password_text_box_for_login_page' is present

12-08-2024T16:50:19 - [MESSAGE][PASSED] - Object 'Object Repository/LOGIN_TEST_CASE_FOR_ORANGE_HRM/password_text_box_for_login_page' is present

12-08-2024T16:50:19 - [TEST_STEP][PASSED] - click(findTestObject("Object Repository/LOGIN_TEST_CASE_FOR_ORANGE_HRM/password_text_box_for_login_page")): Object: 'Object Repository/LOGIN_TEST_CASE_FOR_ORANGE_HRM/password_text_box_for_login_page' is clicked on

12-08-2024T16:50:19 - [MESSAGE][PASSED] - Object: 'Object Repository/LOGIN_TEST_CASE_FOR_ORANGE_HRM/password_text_box_for_login_page' is clicked on

12-08-2024T16:50:19 - [TEST_STEP][PASSED] - setText(findTestObject("Object Repository/LOGIN_TEST_CASE_FOR_ORANGE_HRM/password_text_box_for_login_page"), Password): Text 'Fiboo472824@@' is set on object 'Object Repository/LOGIN_TEST_CASE_FOR_ORANGE_HRM/password_text_box_for_login_page'

12-08-2024T16:50:20 - [MESSAGE][PASSED] - Text 'Fiboo472824@@' is set on object 'Object Repository/LOGIN_TEST_CASE_FOR_ORANGE_HRM/password_text_box_for_login_page'

12-08-2024T16:50:20 - [TEST_STEP][PASSED] - verifyElementPresent(findTestObject("Object Repository/LOGIN_TEST_CASE_FOR_ORANGE_HRM/login_button_for_login_page"), 10): Object 'Object Repository/LOGIN_TEST_CASE_FOR_ORANGE_HRM/login_button_for_login_page' is present

12-08-2024T16:50:20 - [MESSAGE][PASSED] - Object 'Object Repository/LOGIN_TEST_CASE_FOR_ORANGE_HRM/login_button_for_login_page' is present

12-08-2024T16:50:20 - [TEST_STEP][PASSED] - click(findTestObject("Object Repository/LOGIN_TEST_CASE_FOR_ORANGE_HRM/login_button_for_login_page")): Object: 'Object Repository/LOGIN_TEST_CASE_FOR_ORANGE_HRM/login_button_for_login_page' is clicked on

12-08-2024T16:50:21 - [MESSAGE][PASSED] - Object: 'Object Repository/LOGIN_TEST_CASE_FOR_ORANGE_HRM/login_button_for_login_page' is clicked on

12-08-2024T16:50:21 - [MESSAGE][PASSED] - Call Test Case 'Test Cases/test_case_for_new_login_creds_excel_sheet' successfully

12-08-2024T16:50:21 - [TEST_STEP][PASSED] - callTestCase(findTestCase("test_case_to_verify_data"), [:], STOP_ON_FAILURE): Call Test Case 'Test Cases/test_case_to_verify_data' successfully

12-08-2024T16:50:21 - [TEST_CASE][PASSED] - Test Cases/test_case_to_verify_data: Test Cases/test_case_to_verify_data

12-08-2024T16:50:21 - [TEST_STEP][PASSED] - delay(3): Delayed 3 second(s)

12-08-2024T16:50:24 - [MESSAGE][PASSED] - Delayed 3 second(s)

12-08-2024T16:50:24 - [TEST_STEP][PASSED] - click(findTestObject("to_verify_data/myinfo_option_from_side_bar")): Object: 'Object Repository/to_verify_data/myinfo_option_from_side_bar' is clicked on

12-08-2024T16:50:25 - [MESSAGE][PASSED] - Object: 'Object Repository/to_verify_data/myinfo_option_from_side_bar' is clicked on

12-08-2024T16:50:25 - [TEST_STEP][PASSED] - First_name = getAttribute(findTestObject("Object Repository/to_verify_data/first_name_text_box"), "value"): Attribute 'value' of object 'Object Repository/to_verify_data/first_name_text_box' is: 'First_name_jmfEfBw'

12-08-2024T16:50:27 - [MESSAGE][PASSED] - Attribute 'value' of object 'Object Repository/to_verify_data/first_name_text_box' is: 'First_name_jmfEfBw'

12-08-2024T16:50:27 - [TEST_STEP][PASSED] - out.println(First_name): null

12-08-2024T16:50:27 - [TEST_STEP][PASSED] - Middle_name = getAttribute(findTestObject("Object Repository/to_verify_data/middle_name_text_box"), "value"): Attribute 'value' of object 'Object Repository/to_verify_data/middle_name_text_box' is: 'Middle_name_LPNwFuP'

12-08-2024T16:50:27 - [MESSAGE][PASSED] - Attribute 'value' of object 'Object Repository/to_verify_data/middle_name_text_box' is: 'Middle_name_LPNwFuP'

12-08-2024T16:50:27 - [TEST_STEP][PASSED] - out.println(Middle_name): null

12-08-2024T16:50:27 - [TEST_STEP][PASSED] - Last_name = getAttribute(findTestObject("Object Repository/to_verify_data/last_name_text_box"), "value"): Attribute 'value' of object 'Object Repository/to_verify_data/last_name_text_box' is: 'Last_name_iVDVuPm'

12-08-2024T16:50:28 - [MESSAGE][PASSED] - Attribute 'value' of object 'Object Repository/to_verify_data/last_name_text_box' is: 'Last_name_iVDVuPm'

12-08-2024T16:50:28 - [TEST_STEP][PASSED] - out.println(Last_name): null

12-08-2024T16:50:28 - [TEST_STEP][PASSED] - employee_id = getAttribute(findTestObject("Object Repository/to_verify_data/employee_id"), "value"): Attribute 'value' of object 'Object Repository/to_verify_data/employee_id' is: '333241476'

12-08-2024T16:50:28 - [MESSAGE][PASSED] - Attribute 'value' of object 'Object Repository/to_verify_data/employee_id' is: '333241476'

12-08-2024T16:50:28 - [TEST_STEP][PASSED] - out.println(employee_id): null

12-08-2024T16:50:28 - [TEST_STEP][PASSED] - if (First_name == First_name): first name is same

12-08-2024T16:50:28 - [TEST_STEP][PASSED] - markPassed("first name is same"): first name is same

12-08-2024T16:50:28 - [MESSAGE][PASSED] - first name is same

12-08-2024T16:50:28 - [TEST_STEP][PASSED] - if (Middle_name == Middle_name): middle name is same

12-08-2024T16:50:28 - [TEST_STEP][PASSED] - markPassed("middle name is same"): middle name is same

12-08-2024T16:50:28 - [MESSAGE][PASSED] - middle name is same

12-08-2024T16:50:28 - [TEST_STEP][PASSED] - if (Last_name == Last_name): last name is same

12-08-2024T16:50:28 - [TEST_STEP][PASSED] - markPassed("last name is same"): last name is same

12-08-2024T16:50:28 - [MESSAGE][PASSED] - last name is same

12-08-2024T16:50:28 - [TEST_STEP][PASSED] - if (employee_id == employee_id): employee id is same

12-08-2024T16:50:28 - [TEST_STEP][PASSED] - markPassed("employee id is same"): employee id is same

12-08-2024T16:50:28 - [MESSAGE][PASSED] - employee id is same

12-08-2024T16:50:28 - [MESSAGE][PASSED] - Call Test Case 'Test Cases/test_case_to_verify_data' successfully

12-08-2024T16:50:28 - [TEST_STEP][PASSED] - callTestCase(findTestCase("logout_testcase"), [:], STOP_ON_FAILURE): Call Test Case 'Test Cases/logout_testcase' successfully

12-08-2024T16:50:28 - [TEST_CASE][PASSED] - Test Cases/logout_testcase: Test Cases/logout_testcase

12-08-2024T16:50:28 - [TEST_STEP][PASSED] - delay(3): Delayed 3 second(s)

12-08-2024T16:50:31 - [MESSAGE][PASSED] - Delayed 3 second(s)

12-08-2024T16:50:31 - [TEST_STEP][PASSED] - verifyElementPresent(findTestObject("logout_and_login_after_new_employee_added/userdropdown_for_logout_option"), 10): Object 'Object Repository/logout_and_login_after_new_employee_added/userdropdown_for_logout_option' is present

12-08-2024T16:50:31 - [MESSAGE][PASSED] - Object 'Object Repository/logout_and_login_after_new_employee_added/userdropdown_for_logout_option' is present

12-08-2024T16:50:31 - [TEST_STEP][PASSED] - delay(3): Delayed 3 second(s)

12-08-2024T16:50:34 - [MESSAGE][PASSED] - Delayed 3 second(s)

12-08-2024T16:50:34 - [TEST_STEP][PASSED] - click(findTestObject("logout_and_login_after_new_employee_added/userdropdown_for_logout_option")): Object: 'Object Repository/logout_and_login_after_new_employee_added/userdropdown_for_logout_option' is clicked on

12-08-2024T16:50:35 - [MESSAGE][PASSED] - Object: 'Object Repository/logout_and_login_after_new_employee_added/userdropdown_for_logout_option' is clicked on

12-08-2024T16:50:35 - [TEST_STEP][PASSED] - delay(3): Delayed 3 second(s)

12-08-2024T16:50:38 - [MESSAGE][PASSED] - Delayed 3 second(s)

12-08-2024T16:50:38 - [TEST_STEP][PASSED] - click(findTestObject("logout_and_login_after_new_employee_added/logout_option")): Object: 'Object Repository/logout_and_login_after_new_employee_added/logout_option' is clicked on

12-08-2024T16:50:39 - [MESSAGE][PASSED] - Object: 'Object Repository/logout_and_login_after_new_employee_added/logout_option' is clicked on

12-08-2024T16:50:39 - [TEST_STEP][PASSED] - delay(3): Delayed 3 second(s)

12-08-2024T16:50:42 - [MESSAGE][PASSED] - Delayed 3 second(s)

12-08-2024T16:50:42 - [MESSAGE][PASSED] - Call Test Case 'Test Cases/logout_testcase' successfully

12-08-2024T16:50:42 - [TEST_STEP][PASSED] - delay(3): Delayed 3 second(s)

12-08-2024T16:50:45 - [MESSAGE][PASSED] - Delayed 3 second(s)

12-08-2024T16:50:45 - [TEST_STEP][PASSED] - row = sheet.getRow(i): null

12-08-2024T16:50:45 - [TEST_STEP][PASSED] - firstName = getCell(0).getStringCellValue(): null

12-08-2024T16:50:45 - [TEST_STEP][PASSED] - Middlename = getCell(1).getStringCellValue(): null

12-08-2024T16:50:45 - [TEST_STEP][PASSED] - lastName = getCell(2).getStringCellValue(): null

12-08-2024T16:50:45 - [TEST_STEP][PASSED] - username = getCell(3).getStringCellValue(): null

12-08-2024T16:50:45 - [TEST_STEP][PASSED] - password = getCell(4).getStringCellValue(): null

12-08-2024T16:50:45 - [TEST_STEP][PASSED] - Employee_id = getCell(5).getStringCellValue(): null

12-08-2024T16:50:45 - [TEST_STEP][PASSED] - println("Logging in with Username: " + username + " and Password: " + password): null

12-08-2024T16:50:45 - [TEST_STEP][PASSED] - User_name = username: null

12-08-2024T16:50:45 - [TEST_STEP][PASSED] - Password = password: null

12-08-2024T16:50:45 - [TEST_STEP][PASSED] - First_name = firstName: null

12-08-2024T16:50:45 - [TEST_STEP][PASSED] - Last_name = lastName: null

12-08-2024T16:50:45 - [TEST_STEP][PASSED] - Middle_name = Middlename: null

12-08-2024T16:50:45 - [TEST_STEP][PASSED] - employee_id = Employee_id: null

12-08-2024T16:50:45 - [TEST_STEP][PASSED] - callTestCase(findTestCase("test_case_for_new_login_creds_excel_sheet"), [:], STOP_ON_FAILURE): Call Test Case 'Test Cases/test_case_for_new_login_creds_excel_sheet' successfully

12-08-2024T16:50:45 - [TEST_CASE][PASSED] - Test Cases/test_case_for_new_login_creds_excel_sheet: Test Cases/test_case_for_new_login_creds_excel_sheet

12-08-2024T16:50:45 - [TEST_STEP][PASSED] - refresh(): Refresh successfully

12-08-2024T16:50:46 - [MESSAGE][PASSED] - Refresh successfully

12-08-2024T16:50:46 - [TEST_STEP][PASSED] - delay(3): Delayed 3 second(s)

12-08-2024T16:50:49 - [MESSAGE][PASSED] - Delayed 3 second(s)

12-08-2024T16:50:49 - [TEST_STEP][PASSED] - verifyElementPresent(findTestObject("Object Repository/LOGIN_TEST_CASE_FOR_ORANGE_HRM/username_text_box_login_page"), 10): Object 'Object Repository/LOGIN_TEST_CASE_FOR_ORANGE_HRM/username_text_box_login_page' is present

12-08-2024T16:50:49 - [MESSAGE][PASSED] - Object 'Object Repository/LOGIN_TEST_CASE_FOR_ORANGE_HRM/username_text_box_login_page' is present

12-08-2024T16:50:49 - [TEST_STEP][PASSED] - click(findTestObject("Object Repository/LOGIN_TEST_CASE_FOR_ORANGE_HRM/username_text_box_login_page")): Object: 'Object Repository/LOGIN_TEST_CASE_FOR_ORANGE_HRM/username_text_box_login_page' is clicked on

12-08-2024T16:50:49 - [MESSAGE][PASSED] - Object: 'Object Repository/LOGIN_TEST_CASE_FOR_ORANGE_HRM/username_text_box_login_page' is clicked on

12-08-2024T16:50:49 - [TEST_STEP][PASSED] - setText(findTestObject("Object Repository/LOGIN_TEST_CASE_FOR_ORANGE_HRM/username_text_box_login_page"), User_name): Text 'User_name_iZVtfOJ' is set on object 'Object Repository/LOGIN_TEST_CASE_FOR_ORANGE_HRM/username_text_box_login_page'

12-08-2024T16:50:50 - [MESSAGE][PASSED] - Text 'User_name_iZVtfOJ' is set on object 'Object Repository/LOGIN_TEST_CASE_FOR_ORANGE_HRM/username_text_box_login_page'

12-08-2024T16:50:50 - [TEST_STEP][PASSED] - verifyElementPresent(findTestObject("Object Repository/LOGIN_TEST_CASE_FOR_ORANGE_HRM/password_text_box_for_login_page"), 10): Object 'Object Repository/LOGIN_TEST_CASE_FOR_ORANGE_HRM/password_text_box_for_login_page' is present

12-08-2024T16:50:50 - [MESSAGE][PASSED] - Object 'Object Repository/LOGIN_TEST_CASE_FOR_ORANGE_HRM/password_text_box_for_login_page' is present

12-08-2024T16:50:50 - [TEST_STEP][PASSED] - click(findTestObject("Object Repository/LOGIN_TEST_CASE_FOR_ORANGE_HRM/password_text_box_for_login_page")): Object: 'Object Repository/LOGIN_TEST_CASE_FOR_ORANGE_HRM/password_text_box_for_login_page' is clicked on

12-08-2024T16:50:51 - [MESSAGE][PASSED] - Object: 'Object Repository/LOGIN_TEST_CASE_FOR_ORANGE_HRM/password_text_box_for_login_page' is clicked on

12-08-2024T16:50:51 - [TEST_STEP][PASSED] - setText(findTestObject("Object Repository/LOGIN_TEST_CASE_FOR_ORANGE_HRM/password_text_box_for_login_page"), Password): Text 'Fiboo561201@@' is set on object 'Object Repository/LOGIN_TEST_CASE_FOR_ORANGE_HRM/password_text_box_for_login_page'

12-08-2024T16:50:52 - [MESSAGE][PASSED] - Text 'Fiboo561201@@' is set on object 'Object Repository/LOGIN_TEST_CASE_FOR_ORANGE_HRM/password_text_box_for_login_page'

12-08-2024T16:50:52 - [TEST_STEP][PASSED] - verifyElementPresent(findTestObject("Object Repository/LOGIN_TEST_CASE_FOR_ORANGE_HRM/login_button_for_login_page"), 10): Object 'Object Repository/LOGIN_TEST_CASE_FOR_ORANGE_HRM/login_button_for_login_page' is present

12-08-2024T16:50:52 - [MESSAGE][PASSED] - Object 'Object Repository/LOGIN_TEST_CASE_FOR_ORANGE_HRM/login_button_for_login_page' is present

12-08-2024T16:50:52 - [TEST_STEP][PASSED] - click(findTestObject("Object Repository/LOGIN_TEST_CASE_FOR_ORANGE_HRM/login_button_for_login_page")): Object: 'Object Repository/LOGIN_TEST_CASE_FOR_ORANGE_HRM/login_button_for_login_page' is clicked on

12-08-2024T16:50:52 - [MESSAGE][PASSED] - Object: 'Object Repository/LOGIN_TEST_CASE_FOR_ORANGE_HRM/login_button_for_login_page' is clicked on

12-08-2024T16:50:52 - [MESSAGE][PASSED] - Call Test Case 'Test Cases/test_case_for_new_login_creds_excel_sheet' successfully

12-08-2024T16:50:52 - [TEST_STEP][PASSED] - callTestCase(findTestCase("test_case_to_verify_data"), [:], STOP_ON_FAILURE): Call Test Case 'Test Cases/test_case_to_verify_data' successfully

12-08-2024T16:50:52 - [TEST_CASE][PASSED] - Test Cases/test_case_to_verify_data: Test Cases/test_case_to_verify_data

12-08-2024T16:50:52 - [TEST_STEP][PASSED] - delay(3): Delayed 3 second(s)

12-08-2024T16:50:55 - [MESSAGE][PASSED] - Delayed 3 second(s)

12-08-2024T16:50:55 - [TEST_STEP][PASSED] - click(findTestObject("to_verify_data/myinfo_option_from_side_bar")): Object: 'Object Repository/to_verify_data/myinfo_option_from_side_bar' is clicked on

12-08-2024T16:50:57 - [MESSAGE][PASSED] - Object: 'Object Repository/to_verify_data/myinfo_option_from_side_bar' is clicked on

12-08-2024T16:50:57 - [TEST_STEP][PASSED] - First_name = getAttribute(findTestObject("Object Repository/to_verify_data/first_name_text_box"), "value"): Attribute 'value' of object 'Object Repository/to_verify_data/first_name_text_box' is: 'First_name_eIZejdA'

12-08-2024T16:50:59 - [MESSAGE][PASSED] - Attribute 'value' of object 'Object Repository/to_verify_data/first_name_text_box' is: 'First_name_eIZejdA'

12-08-2024T16:50:59 - [TEST_STEP][PASSED] - out.println(First_name): null

12-08-2024T16:50:59 - [TEST_STEP][PASSED] - Middle_name = getAttribute(findTestObject("Object Repository/to_verify_data/middle_name_text_box"), "value"): Attribute 'value' of object 'Object Repository/to_verify_data/middle_name_text_box' is: 'Middle_name_bJkyLzj'

12-08-2024T16:50:59 - [MESSAGE][PASSED] - Attribute 'value' of object 'Object Repository/to_verify_data/middle_name_text_box' is: 'Middle_name_bJkyLzj'

12-08-2024T16:50:59 - [TEST_STEP][PASSED] - out.println(Middle_name): null

12-08-2024T16:50:59 - [TEST_STEP][PASSED] - Last_name = getAttribute(findTestObject("Object Repository/to_verify_data/last_name_text_box"), "value"): Attribute 'value' of object 'Object Repository/to_verify_data/last_name_text_box' is: 'Last_name_SbLlKWS'

12-08-2024T16:51:00 - [MESSAGE][PASSED] - Attribute 'value' of object 'Object Repository/to_verify_data/last_name_text_box' is: 'Last_name_SbLlKWS'

12-08-2024T16:51:00 - [TEST_STEP][PASSED] - out.println(Last_name): null

12-08-2024T16:51:00 - [TEST_STEP][PASSED] - employee_id = getAttribute(findTestObject("Object Repository/to_verify_data/employee_id"), "value"): Attribute 'value' of object 'Object Repository/to_verify_data/employee_id' is: '333225864'

12-08-2024T16:51:00 - [MESSAGE][PASSED] - Attribute 'value' of object 'Object Repository/to_verify_data/employee_id' is: '333225864'

12-08-2024T16:51:00 - [TEST_STEP][PASSED] - out.println(employee_id): null

12-08-2024T16:51:00 - [TEST_STEP][PASSED] - if (First_name == First_name): first name is same

12-08-2024T16:51:00 - [TEST_STEP][PASSED] - markPassed("first name is same"): first name is same

12-08-2024T16:51:00 - [MESSAGE][PASSED] - first name is same

12-08-2024T16:51:00 - [TEST_STEP][PASSED] - if (Middle_name == Middle_name): middle name is same

12-08-2024T16:51:00 - [TEST_STEP][PASSED] - markPassed("middle name is same"): middle name is same

12-08-2024T16:51:00 - [MESSAGE][PASSED] - middle name is same

12-08-2024T16:51:00 - [TEST_STEP][PASSED] - if (Last_name == Last_name): last name is same

12-08-2024T16:51:00 - [TEST_STEP][PASSED] - markPassed("last name is same"): last name is same

12-08-2024T16:51:00 - [MESSAGE][PASSED] - last name is same

12-08-2024T16:51:00 - [TEST_STEP][PASSED] - if (employee_id == employee_id): employee id is same

12-08-2024T16:51:00 - [TEST_STEP][PASSED] - markPassed("employee id is same"): employee id is same

12-08-2024T16:51:00 - [MESSAGE][PASSED] - employee id is same

12-08-2024T16:51:00 - [MESSAGE][PASSED] - Call Test Case 'Test Cases/test_case_to_verify_data' successfully

12-08-2024T16:51:00 - [TEST_STEP][PASSED] - callTestCase(findTestCase("logout_testcase"), [:], STOP_ON_FAILURE): Call Test Case 'Test Cases/logout_testcase' successfully

12-08-2024T16:51:00 - [TEST_CASE][PASSED] - Test Cases/logout_testcase: Test Cases/logout_testcase

12-08-2024T16:51:00 - [TEST_STEP][PASSED] - delay(3): Delayed 3 second(s)

12-08-2024T16:51:03 - [MESSAGE][PASSED] - Delayed 3 second(s)

12-08-2024T16:51:03 - [TEST_STEP][PASSED] - verifyElementPresent(findTestObject("logout_and_login_after_new_employee_added/userdropdown_for_logout_option"), 10): Object 'Object Repository/logout_and_login_after_new_employee_added/userdropdown_for_logout_option' is present

12-08-2024T16:51:03 - [MESSAGE][PASSED] - Object 'Object Repository/logout_and_login_after_new_employee_added/userdropdown_for_logout_option' is present

12-08-2024T16:51:03 - [TEST_STEP][PASSED] - delay(3): Delayed 3 second(s)

12-08-2024T16:51:06 - [MESSAGE][PASSED] - Delayed 3 second(s)

12-08-2024T16:51:06 - [TEST_STEP][PASSED] - click(findTestObject("logout_and_login_after_new_employee_added/userdropdown_for_logout_option")): Object: 'Object Repository/logout_and_login_after_new_employee_added/userdropdown_for_logout_option' is clicked on

12-08-2024T16:51:07 - [MESSAGE][PASSED] - Object: 'Object Repository/logout_and_login_after_new_employee_added/userdropdown_for_logout_option' is clicked on

12-08-2024T16:51:07 - [TEST_STEP][PASSED] - delay(3): Delayed 3 second(s)

12-08-2024T16:51:10 - [MESSAGE][PASSED] - Delayed 3 second(s)

12-08-2024T16:51:10 - [TEST_STEP][PASSED] - click(findTestObject("logout_and_login_after_new_employee_added/logout_option")): Object: 'Object Repository/logout_and_login_after_new_employee_added/logout_option' is clicked on

12-08-2024T16:51:11 - [MESSAGE][PASSED] - Object: 'Object Repository/logout_and_login_after_new_employee_added/logout_option' is clicked on

12-08-2024T16:51:11 - [TEST_STEP][PASSED] - delay(3): Delayed 3 second(s)

12-08-2024T16:51:14 - [MESSAGE][PASSED] - Delayed 3 second(s)

12-08-2024T16:51:14 - [MESSAGE][PASSED] - Call Test Case 'Test Cases/logout_testcase' successfully

12-08-2024T16:51:14 - [TEST_STEP][PASSED] - delay(3): Delayed 3 second(s)

12-08-2024T16:51:17 - [MESSAGE][PASSED] - Delayed 3 second(s)

12-08-2024T16:51:17 - [TEST_STEP][PASSED] - row = sheet.getRow(i): null

12-08-2024T16:51:17 - [TEST_STEP][PASSED] - firstName = getCell(0).getStringCellValue(): null

12-08-2024T16:51:17 - [TEST_STEP][PASSED] - Middlename = getCell(1).getStringCellValue(): null

12-08-2024T16:51:17 - [TEST_STEP][PASSED] - lastName = getCell(2).getStringCellValue(): null

12-08-2024T16:51:17 - [TEST_STEP][PASSED] - username = getCell(3).getStringCellValue(): null

12-08-2024T16:51:17 - [TEST_STEP][PASSED] - password = getCell(4).getStringCellValue(): null

12-08-2024T16:51:17 - [TEST_STEP][PASSED] - Employee_id = getCell(5).getStringCellValue(): null

12-08-2024T16:51:17 - [TEST_STEP][PASSED] - println("Logging in with Username: " + username + " and Password: " + password): null

12-08-2024T16:51:17 - [TEST_STEP][PASSED] - User_name = username: null

12-08-2024T16:51:17 - [TEST_STEP][PASSED] - Password = password: null

12-08-2024T16:51:17 - [TEST_STEP][PASSED] - First_name = firstName: null

12-08-2024T16:51:17 - [TEST_STEP][PASSED] - Last_name = lastName: null

12-08-2024T16:51:17 - [TEST_STEP][PASSED] - Middle_name = Middlename: null

12-08-2024T16:51:17 - [TEST_STEP][PASSED] - employee_id = Employee_id: null

12-08-2024T16:51:17 - [TEST_STEP][PASSED] - callTestCase(findTestCase("test_case_for_new_login_creds_excel_sheet"), [:], STOP_ON_FAILURE): Call Test Case 'Test Cases/test_case_for_new_login_creds_excel_sheet' successfully

12-08-2024T16:51:17 - [TEST_CASE][PASSED] - Test Cases/test_case_for_new_login_creds_excel_sheet: Test Cases/test_case_for_new_login_creds_excel_sheet

12-08-2024T16:51:17 - [TEST_STEP][PASSED] - refresh(): Refresh successfully

12-08-2024T16:51:18 - [MESSAGE][PASSED] - Refresh successfully

12-08-2024T16:51:18 - [TEST_STEP][PASSED] - delay(3): Delayed 3 second(s)

12-08-2024T16:51:21 - [MESSAGE][PASSED] - Delayed 3 second(s)

12-08-2024T16:51:21 - [TEST_STEP][PASSED] - verifyElementPresent(findTestObject("Object Repository/LOGIN_TEST_CASE_FOR_ORANGE_HRM/username_text_box_login_page"), 10): Object 'Object Repository/LOGIN_TEST_CASE_FOR_ORANGE_HRM/username_text_box_login_page' is present

12-08-2024T16:51:21 - [MESSAGE][PASSED] - Object 'Object Repository/LOGIN_TEST_CASE_FOR_ORANGE_HRM/username_text_box_login_page' is present

12-08-2024T16:51:21 - [TEST_STEP][PASSED] - click(findTestObject("Object Repository/LOGIN_TEST_CASE_FOR_ORANGE_HRM/username_text_box_login_page")): Object: 'Object Repository/LOGIN_TEST_CASE_FOR_ORANGE_HRM/username_text_box_login_page' is clicked on

12-08-2024T16:51:22 - [MESSAGE][PASSED] - Object: 'Object Repository/LOGIN_TEST_CASE_FOR_ORANGE_HRM/username_text_box_login_page' is clicked on

12-08-2024T16:51:22 - [TEST_STEP][PASSED] - setText(findTestObject("Object Repository/LOGIN_TEST_CASE_FOR_ORANGE_HRM/username_text_box_login_page"), User_name): Text 'User_name_FVvTnBl' is set on object 'Object Repository/LOGIN_TEST_CASE_FOR_ORANGE_HRM/username_text_box_login_page'

12-08-2024T16:51:22 - [MESSAGE][PASSED] - Text 'User_name_FVvTnBl' is set on object 'Object Repository/LOGIN_TEST_CASE_FOR_ORANGE_HRM/username_text_box_login_page'

12-08-2024T16:51:22 - [TEST_STEP][PASSED] - verifyElementPresent(findTestObject("Object Repository/LOGIN_TEST_CASE_FOR_ORANGE_HRM/password_text_box_for_login_page"), 10): Object 'Object Repository/LOGIN_TEST_CASE_FOR_ORANGE_HRM/password_text_box_for_login_page' is present

12-08-2024T16:51:23 - [MESSAGE][PASSED] - Object 'Object Repository/LOGIN_TEST_CASE_FOR_ORANGE_HRM/password_text_box_for_login_page' is present

12-08-2024T16:51:23 - [TEST_STEP][PASSED] - click(findTestObject("Object Repository/LOGIN_TEST_CASE_FOR_ORANGE_HRM/password_text_box_for_login_page")): Object: 'Object Repository/LOGIN_TEST_CASE_FOR_ORANGE_HRM/password_text_box_for_login_page' is clicked on

12-08-2024T16:51:23 - [MESSAGE][PASSED] - Object: 'Object Repository/LOGIN_TEST_CASE_FOR_ORANGE_HRM/password_text_box_for_login_page' is clicked on

12-08-2024T16:51:23 - [TEST_STEP][PASSED] - setText(findTestObject("Object Repository/LOGIN_TEST_CASE_FOR_ORANGE_HRM/password_text_box_for_login_page"), Password): Text 'Fiboo040008@@' is set on object 'Object Repository/LOGIN_TEST_CASE_FOR_ORANGE_HRM/password_text_box_for_login_page'

12-08-2024T16:51:24 - [MESSAGE][PASSED] - Text 'Fiboo040008@@' is set on object 'Object Repository/LOGIN_TEST_CASE_FOR_ORANGE_HRM/password_text_box_for_login_page'

12-08-2024T16:51:24 - [TEST_STEP][PASSED] - verifyElementPresent(findTestObject("Object Repository/LOGIN_TEST_CASE_FOR_ORANGE_HRM/login_button_for_login_page"), 10): Object 'Object Repository/LOGIN_TEST_CASE_FOR_ORANGE_HRM/login_button_for_login_page' is present

12-08-2024T16:51:24 - [MESSAGE][PASSED] - Object 'Object Repository/LOGIN_TEST_CASE_FOR_ORANGE_HRM/login_button_for_login_page' is present

12-08-2024T16:51:24 - [TEST_STEP][PASSED] - click(findTestObject("Object Repository/LOGIN_TEST_CASE_FOR_ORANGE_HRM/login_button_for_login_page")): Object: 'Object Repository/LOGIN_TEST_CASE_FOR_ORANGE_HRM/login_button_for_login_page' is clicked on

12-08-2024T16:51:24 - [MESSAGE][PASSED] - Object: 'Object Repository/LOGIN_TEST_CASE_FOR_ORANGE_HRM/login_button_for_login_page' is clicked on

12-08-2024T16:51:24 - [MESSAGE][PASSED] - Call Test Case 'Test Cases/test_case_for_new_login_creds_excel_sheet' successfully

12-08-2024T16:51:24 - [TEST_STEP][PASSED] - callTestCase(findTestCase("test_case_to_verify_data"), [:], STOP_ON_FAILURE): Call Test Case 'Test Cases/test_case_to_verify_data' successfully

12-08-2024T16:51:24 - [TEST_CASE][PASSED] - Test Cases/test_case_to_verify_data: Test Cases/test_case_to_verify_data

12-08-2024T16:51:24 - [TEST_STEP][PASSED] - delay(3): Delayed 3 second(s)

12-08-2024T16:51:27 - [MESSAGE][PASSED] - Delayed 3 second(s)

12-08-2024T16:51:27 - [TEST_STEP][PASSED] - click(findTestObject("to_verify_data/myinfo_option_from_side_bar")): Object: 'Object Repository/to_verify_data/myinfo_option_from_side_bar' is clicked on

12-08-2024T16:51:29 - [MESSAGE][PASSED] - Object: 'Object Repository/to_verify_data/myinfo_option_from_side_bar' is clicked on

12-08-2024T16:51:29 - [TEST_STEP][PASSED] - First_name = getAttribute(findTestObject("Object Repository/to_verify_data/first_name_text_box"), "value"): Attribute 'value' of object 'Object Repository/to_verify_data/first_name_text_box' is: 'First_name_ZwcOHYW'

12-08-2024T16:51:31 - [MESSAGE][PASSED] - Attribute 'value' of object 'Object Repository/to_verify_data/first_name_text_box' is: 'First_name_ZwcOHYW'

12-08-2024T16:51:31 - [TEST_STEP][PASSED] - out.println(First_name): null

12-08-2024T16:51:31 - [TEST_STEP][PASSED] - Middle_name = getAttribute(findTestObject("Object Repository/to_verify_data/middle_name_text_box"), "value"): Attribute 'value' of object 'Object Repository/to_verify_data/middle_name_text_box' is: 'Middle_name_YuryvvO'

12-08-2024T16:51:31 - [MESSAGE][PASSED] - Attribute 'value' of object 'Object Repository/to_verify_data/middle_name_text_box' is: 'Middle_name_YuryvvO'

12-08-2024T16:51:31 - [TEST_STEP][PASSED] - out.println(Middle_name): null

12-08-2024T16:51:31 - [TEST_STEP][PASSED] - Last_name = getAttribute(findTestObject("Object Repository/to_verify_data/last_name_text_box"), "value"): Attribute 'value' of object 'Object Repository/to_verify_data/last_name_text_box' is: 'Last_name_nkjfgXo'

12-08-2024T16:51:31 - [MESSAGE][PASSED] - Attribute 'value' of object 'Object Repository/to_verify_data/last_name_text_box' is: 'Last_name_nkjfgXo'

12-08-2024T16:51:31 - [TEST_STEP][PASSED] - out.println(Last_name): null

12-08-2024T16:51:31 - [TEST_STEP][PASSED] - employee_id = getAttribute(findTestObject("Object Repository/to_verify_data/employee_id"), "value"): Attribute 'value' of object 'Object Repository/to_verify_data/employee_id' is: '333559104'

12-08-2024T16:51:32 - [MESSAGE][PASSED] - Attribute 'value' of object 'Object Repository/to_verify_data/employee_id' is: '333559104'

12-08-2024T16:51:32 - [TEST_STEP][PASSED] - out.println(employee_id): null

12-08-2024T16:51:32 - [TEST_STEP][PASSED] - if (First_name == First_name): first name is same

12-08-2024T16:51:32 - [TEST_STEP][PASSED] - markPassed("first name is same"): first name is same

12-08-2024T16:51:32 - [MESSAGE][PASSED] - first name is same

12-08-2024T16:51:32 - [TEST_STEP][PASSED] - if (Middle_name == Middle_name): middle name is same

12-08-2024T16:51:32 - [TEST_STEP][PASSED] - markPassed("middle name is same"): middle name is same

12-08-2024T16:51:32 - [MESSAGE][PASSED] - middle name is same

12-08-2024T16:51:32 - [TEST_STEP][PASSED] - if (Last_name == Last_name): last name is same

12-08-2024T16:51:32 - [TEST_STEP][PASSED] - markPassed("last name is same"): last name is same

12-08-2024T16:51:32 - [MESSAGE][PASSED] - last name is same

12-08-2024T16:51:32 - [TEST_STEP][PASSED] - if (employee_id == employee_id): employee id is same

12-08-2024T16:51:32 - [TEST_STEP][PASSED] - markPassed("employee id is same"): employee id is same

12-08-2024T16:51:32 - [MESSAGE][PASSED] - employee id is same

12-08-2024T16:51:32 - [MESSAGE][PASSED] - Call Test Case 'Test Cases/test_case_to_verify_data' successfully

12-08-2024T16:51:32 - [TEST_STEP][PASSED] - callTestCase(findTestCase("logout_testcase"), [:], STOP_ON_FAILURE): Call Test Case 'Test Cases/logout_testcase' successfully

12-08-2024T16:51:32 - [TEST_CASE][PASSED] - Test Cases/logout_testcase: Test Cases/logout_testcase

12-08-2024T16:51:32 - [TEST_STEP][PASSED] - delay(3): Delayed 3 second(s)

12-08-2024T16:51:35 - [MESSAGE][PASSED] - Delayed 3 second(s)

12-08-2024T16:51:35 - [TEST_STEP][PASSED] - verifyElementPresent(findTestObject("logout_and_login_after_new_employee_added/userdropdown_for_logout_option"), 10): Object 'Object Repository/logout_and_login_after_new_employee_added/userdropdown_for_logout_option' is present

12-08-2024T16:51:35 - [MESSAGE][PASSED] - Object 'Object Repository/logout_and_login_after_new_employee_added/userdropdown_for_logout_option' is present

12-08-2024T16:51:35 - [TEST_STEP][PASSED] - delay(3): Delayed 3 second(s)

12-08-2024T16:51:38 - [MESSAGE][PASSED] - Delayed 3 second(s)

12-08-2024T16:51:38 - [TEST_STEP][PASSED] - click(findTestObject("logout_and_login_after_new_employee_added/userdropdown_for_logout_option")): Object: 'Object Repository/logout_and_login_after_new_employee_added/userdropdown_for_logout_option' is clicked on

12-08-2024T16:51:38 - [MESSAGE][PASSED] - Object: 'Object Repository/logout_and_login_after_new_employee_added/userdropdown_for_logout_option' is clicked on

12-08-2024T16:51:38 - [TEST_STEP][PASSED] - delay(3): Delayed 3 second(s)

12-08-2024T16:51:41 - [MESSAGE][PASSED] - Delayed 3 second(s)

12-08-2024T16:51:41 - [TEST_STEP][PASSED] - click(findTestObject("logout_and_login_after_new_employee_added/logout_option")): Object: 'Object Repository/logout_and_login_after_new_employee_added/logout_option' is clicked on

12-08-2024T16:51:43 - [MESSAGE][PASSED] - Object: 'Object Repository/logout_and_login_after_new_employee_added/logout_option' is clicked on

12-08-2024T16:51:43 - [TEST_STEP][PASSED] - delay(3): Delayed 3 second(s)

12-08-2024T16:51:46 - [MESSAGE][PASSED] - Delayed 3 second(s)

12-08-2024T16:51:46 - [MESSAGE][PASSED] - Call Test Case 'Test Cases/logout_testcase' successfully

12-08-2024T16:51:46 - [TEST_STEP][PASSED] - delay(3): Delayed 3 second(s)

12-08-2024T16:51:49 - [MESSAGE][PASSED] - Delayed 3 second(s)

12-08-2024T16:51:49 - [TEST_STEP][PASSED] - row = sheet.getRow(i): null

12-08-2024T16:51:49 - [TEST_STEP][PASSED] - firstName = getCell(0).getStringCellValue(): null

12-08-2024T16:51:49 - [TEST_STEP][PASSED] - Middlename = getCell(1).getStringCellValue(): null

12-08-2024T16:51:49 - [TEST_STEP][PASSED] - lastName = getCell(2).getStringCellValue(): null

12-08-2024T16:51:49 - [TEST_STEP][PASSED] - username = getCell(3).getStringCellValue(): null

12-08-2024T16:51:49 - [TEST_STEP][PASSED] - password = getCell(4).getStringCellValue(): null

12-08-2024T16:51:49 - [TEST_STEP][PASSED] - Employee_id = getCell(5).getStringCellValue(): null

12-08-2024T16:51:49 - [TEST_STEP][PASSED] - println("Logging in with Username: " + username + " and Password: " + password): null

12-08-2024T16:51:49 - [TEST_STEP][PASSED] - User_name = username: null

12-08-2024T16:51:49 - [TEST_STEP][PASSED] - Password = password: null

12-08-2024T16:51:49 - [TEST_STEP][PASSED] - First_name = firstName: null

12-08-2024T16:51:49 - [TEST_STEP][PASSED] - Last_name = lastName: null

12-08-2024T16:51:49 - [TEST_STEP][PASSED] - Middle_name = Middlename: null

12-08-2024T16:51:49 - [TEST_STEP][PASSED] - employee_id = Employee_id: null

12-08-2024T16:51:49 - [TEST_STEP][PASSED] - callTestCase(findTestCase("test_case_for_new_login_creds_excel_sheet"), [:], STOP_ON_FAILURE): Call Test Case 'Test Cases/test_case_for_new_login_creds_excel_sheet' successfully

12-08-2024T16:51:49 - [TEST_CASE][PASSED] - Test Cases/test_case_for_new_login_creds_excel_sheet: Test Cases/test_case_for_new_login_creds_excel_sheet

12-08-2024T16:51:49 - [TEST_STEP][PASSED] - refresh(): Refresh successfully

12-08-2024T16:51:49 - [MESSAGE][PASSED] - Refresh successfully

12-08-2024T16:51:49 - [TEST_STEP][PASSED] - delay(3): Delayed 3 second(s)

12-08-2024T16:51:52 - [MESSAGE][PASSED] - Delayed 3 second(s)

12-08-2024T16:51:52 - [TEST_STEP][PASSED] - verifyElementPresent(findTestObject("Object Repository/LOGIN_TEST_CASE_FOR_ORANGE_HRM/username_text_box_login_page"), 10): Object 'Object Repository/LOGIN_TEST_CASE_FOR_ORANGE_HRM/username_text_box_login_page' is present

12-08-2024T16:51:53 - [MESSAGE][PASSED] - Object 'Object Repository/LOGIN_TEST_CASE_FOR_ORANGE_HRM/username_text_box_login_page' is present

12-08-2024T16:51:53 - [TEST_STEP][PASSED] - click(findTestObject("Object Repository/LOGIN_TEST_CASE_FOR_ORANGE_HRM/username_text_box_login_page")): Object: 'Object Repository/LOGIN_TEST_CASE_FOR_ORANGE_HRM/username_text_box_login_page' is clicked on

12-08-2024T16:51:53 - [MESSAGE][PASSED] - Object: 'Object Repository/LOGIN_TEST_CASE_FOR_ORANGE_HRM/username_text_box_login_page' is clicked on

12-08-2024T16:51:53 - [TEST_STEP][PASSED] - setText(findTestObject("Object Repository/LOGIN_TEST_CASE_FOR_ORANGE_HRM/username_text_box_login_page"), User_name): Text 'User_name_BTrsyeg' is set on object 'Object Repository/LOGIN_TEST_CASE_FOR_ORANGE_HRM/username_text_box_login_page'

12-08-2024T16:51:54 - [MESSAGE][PASSED] - Text 'User_name_BTrsyeg' is set on object 'Object Repository/LOGIN_TEST_CASE_FOR_ORANGE_HRM/username_text_box_login_page'

12-08-2024T16:51:54 - [TEST_STEP][PASSED] - verifyElementPresent(findTestObject("Object Repository/LOGIN_TEST_CASE_FOR_ORANGE_HRM/password_text_box_for_login_page"), 10): Object 'Object Repository/LOGIN_TEST_CASE_FOR_ORANGE_HRM/password_text_box_for_login_page' is present

12-08-2024T16:51:54 - [MESSAGE][PASSED] - Object 'Object Repository/LOGIN_TEST_CASE_FOR_ORANGE_HRM/password_text_box_for_login_page' is present

12-08-2024T16:51:54 - [TEST_STEP][PASSED] - click(findTestObject("Object Repository/LOGIN_TEST_CASE_FOR_ORANGE_HRM/password_text_box_for_login_page")): Object: 'Object Repository/LOGIN_TEST_CASE_FOR_ORANGE_HRM/password_text_box_for_login_page' is clicked on

12-08-2024T16:51:54 - [MESSAGE][PASSED] - Object: 'Object Repository/LOGIN_TEST_CASE_FOR_ORANGE_HRM/password_text_box_for_login_page' is clicked on

12-08-2024T16:51:54 - [TEST_STEP][PASSED] - setText(findTestObject("Object Repository/LOGIN_TEST_CASE_FOR_ORANGE_HRM/password_text_box_for_login_page"), Password): Text 'Fiboo465110@@' is set on object 'Object Repository/LOGIN_TEST_CASE_FOR_ORANGE_HRM/password_text_box_for_login_page'

12-08-2024T16:51:55 - [MESSAGE][PASSED] - Text 'Fiboo465110@@' is set on object 'Object Repository/LOGIN_TEST_CASE_FOR_ORANGE_HRM/password_text_box_for_login_page'

12-08-2024T16:51:55 - [TEST_STEP][PASSED] - verifyElementPresent(findTestObject("Object Repository/LOGIN_TEST_CASE_FOR_ORANGE_HRM/login_button_for_login_page"), 10): Object 'Object Repository/LOGIN_TEST_CASE_FOR_ORANGE_HRM/login_button_for_login_page' is present

12-08-2024T16:51:55 - [MESSAGE][PASSED] - Object 'Object Repository/LOGIN_TEST_CASE_FOR_ORANGE_HRM/login_button_for_login_page' is present

12-08-2024T16:51:55 - [TEST_STEP][PASSED] - click(findTestObject("Object Repository/LOGIN_TEST_CASE_FOR_ORANGE_HRM/login_button_for_login_page")): Object: 'Object Repository/LOGIN_TEST_CASE_FOR_ORANGE_HRM/login_button_for_login_page' is clicked on

12-08-2024T16:51:56 - [MESSAGE][PASSED] - Object: 'Object Repository/LOGIN_TEST_CASE_FOR_ORANGE_HRM/login_button_for_login_page' is clicked on

12-08-2024T16:51:56 - [MESSAGE][PASSED] - Call Test Case 'Test Cases/test_case_for_new_login_creds_excel_sheet' successfully

12-08-2024T16:51:56 - [TEST_STEP][PASSED] - callTestCase(findTestCase("test_case_to_verify_data"), [:], STOP_ON_FAILURE): Call Test Case 'Test Cases/test_case_to_verify_data' successfully

12-08-2024T16:51:56 - [TEST_CASE][PASSED] - Test Cases/test_case_to_verify_data: Test Cases/test_case_to_verify_data

12-08-2024T16:51:56 - [TEST_STEP][PASSED] - delay(3): Delayed 3 second(s)

12-08-2024T16:51:59 - [MESSAGE][PASSED] - Delayed 3 second(s)

12-08-2024T16:51:59 - [TEST_STEP][PASSED] - click(findTestObject("to_verify_data/myinfo_option_from_side_bar")): Object: 'Object Repository/to_verify_data/myinfo_option_from_side_bar' is clicked on

12-08-2024T16:52:00 - [MESSAGE][PASSED] - Object: 'Object Repository/to_verify_data/myinfo_option_from_side_bar' is clicked on

12-08-2024T16:52:00 - [TEST_STEP][PASSED] - First_name = getAttribute(findTestObject("Object Repository/to_verify_data/first_name_text_box"), "value"): Attribute 'value' of object 'Object Repository/to_verify_data/first_name_text_box' is: 'First_name_ygTJPkd'

12-08-2024T16:52:02 - [MESSAGE][PASSED] - Attribute 'value' of object 'Object Repository/to_verify_data/first_name_text_box' is: 'First_name_ygTJPkd'

12-08-2024T16:52:02 - [TEST_STEP][PASSED] - out.println(First_name): null

12-08-2024T16:52:02 - [TEST_STEP][PASSED] - Middle_name = getAttribute(findTestObject("Object Repository/to_verify_data/middle_name_text_box"), "value"): Attribute 'value' of object 'Object Repository/to_verify_data/middle_name_text_box' is: 'Middle_name_NQzPIZa'

12-08-2024T16:52:03 - [MESSAGE][PASSED] - Attribute 'value' of object 'Object Repository/to_verify_data/middle_name_text_box' is: 'Middle_name_NQzPIZa'

12-08-2024T16:52:03 - [TEST_STEP][PASSED] - out.println(Middle_name): null

12-08-2024T16:52:03 - [TEST_STEP][PASSED] - Last_name = getAttribute(findTestObject("Object Repository/to_verify_data/last_name_text_box"), "value"): Attribute 'value' of object 'Object Repository/to_verify_data/last_name_text_box' is: 'Last_name_PbCuqve'

12-08-2024T16:52:03 - [MESSAGE][PASSED] - Attribute 'value' of object 'Object Repository/to_verify_data/last_name_text_box' is: 'Last_name_PbCuqve'

12-08-2024T16:52:03 - [TEST_STEP][PASSED] - out.println(Last_name): null

12-08-2024T16:52:03 - [TEST_STEP][PASSED] - employee_id = getAttribute(findTestObject("Object Repository/to_verify_data/employee_id"), "value"): Attribute 'value' of object 'Object Repository/to_verify_data/employee_id' is: '333357994'

12-08-2024T16:52:03 - [MESSAGE][PASSED] - Attribute 'value' of object 'Object Repository/to_verify_data/employee_id' is: '333357994'

12-08-2024T16:52:03 - [TEST_STEP][PASSED] - out.println(employee_id): null

12-08-2024T16:52:03 - [TEST_STEP][PASSED] - if (First_name == First_name): first name is same

12-08-2024T16:52:03 - [TEST_STEP][PASSED] - markPassed("first name is same"): first name is same

12-08-2024T16:52:03 - [MESSAGE][PASSED] - first name is same

12-08-2024T16:52:03 - [TEST_STEP][PASSED] - if (Middle_name == Middle_name): middle name is same

12-08-2024T16:52:03 - [TEST_STEP][PASSED] - markPassed("middle name is same"): middle name is same

12-08-2024T16:52:03 - [MESSAGE][PASSED] - middle name is same

12-08-2024T16:52:03 - [TEST_STEP][PASSED] - if (Last_name == Last_name): last name is same

12-08-2024T16:52:03 - [TEST_STEP][PASSED] - markPassed("last name is same"): last name is same

12-08-2024T16:52:03 - [MESSAGE][PASSED] - last name is same

12-08-2024T16:52:03 - [TEST_STEP][PASSED] - if (employee_id == employee_id): employee id is same

12-08-2024T16:52:03 - [TEST_STEP][PASSED] - markPassed("employee id is same"): employee id is same

12-08-2024T16:52:03 - [MESSAGE][PASSED] - employee id is same

12-08-2024T16:52:03 - [MESSAGE][PASSED] - Call Test Case 'Test Cases/test_case_to_verify_data' successfully

12-08-2024T16:52:03 - [TEST_STEP][PASSED] - callTestCase(findTestCase("logout_testcase"), [:], STOP_ON_FAILURE): Call Test Case 'Test Cases/logout_testcase' successfully

12-08-2024T16:52:03 - [TEST_CASE][PASSED] - Test Cases/logout_testcase: Test Cases/logout_testcase

12-08-2024T16:52:03 - [TEST_STEP][PASSED] - delay(3): Delayed 3 second(s)

12-08-2024T16:52:06 - [MESSAGE][PASSED] - Delayed 3 second(s)

12-08-2024T16:52:06 - [TEST_STEP][PASSED] - verifyElementPresent(findTestObject("logout_and_login_after_new_employee_added/userdropdown_for_logout_option"), 10): Object 'Object Repository/logout_and_login_after_new_employee_added/userdropdown_for_logout_option' is present

12-08-2024T16:52:07 - [MESSAGE][PASSED] - Object 'Object Repository/logout_and_login_after_new_employee_added/userdropdown_for_logout_option' is present

12-08-2024T16:52:07 - [TEST_STEP][PASSED] - delay(3): Delayed 3 second(s)

12-08-2024T16:52:10 - [MESSAGE][PASSED] - Delayed 3 second(s)

12-08-2024T16:52:10 - [TEST_STEP][PASSED] - click(findTestObject("logout_and_login_after_new_employee_added/userdropdown_for_logout_option")): Object: 'Object Repository/logout_and_login_after_new_employee_added/userdropdown_for_logout_option' is clicked on

12-08-2024T16:52:10 - [MESSAGE][PASSED] - Object: 'Object Repository/logout_and_login_after_new_employee_added/userdropdown_for_logout_option' is clicked on

12-08-2024T16:52:10 - [TEST_STEP][PASSED] - delay(3): Delayed 3 second(s)

12-08-2024T16:52:13 - [MESSAGE][PASSED] - Delayed 3 second(s)

12-08-2024T16:52:13 - [TEST_STEP][PASSED] - click(findTestObject("logout_and_login_after_new_employee_added/logout_option")): Object: 'Object Repository/logout_and_login_after_new_employee_added/logout_option' is clicked on

12-08-2024T16:52:14 - [MESSAGE][PASSED] - Object: 'Object Repository/logout_and_login_after_new_employee_added/logout_option' is clicked on

12-08-2024T16:52:14 - [TEST_STEP][PASSED] - delay(3): Delayed 3 second(s)

12-08-2024T16:52:17 - [MESSAGE][PASSED] - Delayed 3 second(s)

12-08-2024T16:52:17 - [MESSAGE][PASSED] - Call Test Case 'Test Cases/logout_testcase' successfully

12-08-2024T16:52:17 - [TEST_STEP][PASSED] - delay(3): Delayed 3 second(s)

12-08-2024T16:52:20 - [MESSAGE][PASSED] - Delayed 3 second(s)

12-08-2024T16:52:20 - [TEST_STEP][PASSED] - row = sheet.getRow(i): null

12-08-2024T16:52:20 - [TEST_STEP][PASSED] - firstName = getCell(0).getStringCellValue(): null

12-08-2024T16:52:20 - [TEST_STEP][PASSED] - Middlename = getCell(1).getStringCellValue(): null

12-08-2024T16:52:20 - [TEST_STEP][PASSED] - lastName = getCell(2).getStringCellValue(): null

12-08-2024T16:52:20 - [TEST_STEP][PASSED] - username = getCell(3).getStringCellValue(): null

12-08-2024T16:52:20 - [TEST_STEP][PASSED] - password = getCell(4).getStringCellValue(): null

12-08-2024T16:52:20 - [TEST_STEP][PASSED] - Employee_id = getCell(5).getStringCellValue(): null

12-08-2024T16:52:20 - [TEST_STEP][PASSED] - println("Logging in with Username: " + username + " and Password: " + password): null

12-08-2024T16:52:20 - [TEST_STEP][PASSED] - User_name = username: null

12-08-2024T16:52:20 - [TEST_STEP][PASSED] - Password = password: null

12-08-2024T16:52:20 - [TEST_STEP][PASSED] - First_name = firstName: null

12-08-2024T16:52:20 - [TEST_STEP][PASSED] - Last_name = lastName: null

12-08-2024T16:52:20 - [TEST_STEP][PASSED] - Middle_name = Middlename: null

12-08-2024T16:52:20 - [TEST_STEP][PASSED] - employee_id = Employee_id: null

12-08-2024T16:52:20 - [TEST_STEP][PASSED] - callTestCase(findTestCase("test_case_for_new_login_creds_excel_sheet"), [:], STOP_ON_FAILURE): Call Test Case 'Test Cases/test_case_for_new_login_creds_excel_sheet' successfully

12-08-2024T16:52:20 - [TEST_CASE][PASSED] - Test Cases/test_case_for_new_login_creds_excel_sheet: Test Cases/test_case_for_new_login_creds_excel_sheet

12-08-2024T16:52:20 - [TEST_STEP][PASSED] - refresh(): Refresh successfully

12-08-2024T16:52:21 - [MESSAGE][PASSED] - Refresh successfully

12-08-2024T16:52:21 - [TEST_STEP][PASSED] - delay(3): Delayed 3 second(s)

12-08-2024T16:52:24 - [MESSAGE][PASSED] - Delayed 3 second(s)

12-08-2024T16:52:24 - [TEST_STEP][PASSED] - verifyElementPresent(findTestObject("Object Repository/LOGIN_TEST_CASE_FOR_ORANGE_HRM/username_text_box_login_page"), 10): Object 'Object Repository/LOGIN_TEST_CASE_FOR_ORANGE_HRM/username_text_box_login_page' is present

12-08-2024T16:52:24 - [MESSAGE][PASSED] - Object 'Object Repository/LOGIN_TEST_CASE_FOR_ORANGE_HRM/username_text_box_login_page' is present

12-08-2024T16:52:24 - [TEST_STEP][PASSED] - click(findTestObject("Object Repository/LOGIN_TEST_CASE_FOR_ORANGE_HRM/username_text_box_login_page")): Object: 'Object Repository/LOGIN_TEST_CASE_FOR_ORANGE_HRM/username_text_box_login_page' is clicked on

12-08-2024T16:52:25 - [MESSAGE][PASSED] - Object: 'Object Repository/LOGIN_TEST_CASE_FOR_ORANGE_HRM/username_text_box_login_page' is clicked on

12-08-2024T16:52:25 - [TEST_STEP][PASSED] - setText(findTestObject("Object Repository/LOGIN_TEST_CASE_FOR_ORANGE_HRM/username_text_box_login_page"), User_name): Text 'User_name_OQCsTQd' is set on object 'Object Repository/LOGIN_TEST_CASE_FOR_ORANGE_HRM/username_text_box_login_page'

12-08-2024T16:52:25 - [MESSAGE][PASSED] - Text 'User_name_OQCsTQd' is set on object 'Object Repository/LOGIN_TEST_CASE_FOR_ORANGE_HRM/username_text_box_login_page'

12-08-2024T16:52:25 - [TEST_STEP][PASSED] - verifyElementPresent(findTestObject("Object Repository/LOGIN_TEST_CASE_FOR_ORANGE_HRM/password_text_box_for_login_page"), 10): Object 'Object Repository/LOGIN_TEST_CASE_FOR_ORANGE_HRM/password_text_box_for_login_page' is present

12-08-2024T16:52:25 - [MESSAGE][PASSED] - Object 'Object Repository/LOGIN_TEST_CASE_FOR_ORANGE_HRM/password_text_box_for_login_page' is present

12-08-2024T16:52:25 - [TEST_STEP][PASSED] - click(findTestObject("Object Repository/LOGIN_TEST_CASE_FOR_ORANGE_HRM/password_text_box_for_login_page")): Object: 'Object Repository/LOGIN_TEST_CASE_FOR_ORANGE_HRM/password_text_box_for_login_page' is clicked on

12-08-2024T16:52:26 - [MESSAGE][PASSED] - Object: 'Object Repository/LOGIN_TEST_CASE_FOR_ORANGE_HRM/password_text_box_for_login_page' is clicked on

12-08-2024T16:52:26 - [TEST_STEP][PASSED] - setText(findTestObject("Object Repository/LOGIN_TEST_CASE_FOR_ORANGE_HRM/password_text_box_for_login_page"), Password): Text 'Fiboo390513@@' is set on object 'Object Repository/LOGIN_TEST_CASE_FOR_ORANGE_HRM/password_text_box_for_login_page'

12-08-2024T16:52:27 - [MESSAGE][PASSED] - Text 'Fiboo390513@@' is set on object 'Object Repository/LOGIN_TEST_CASE_FOR_ORANGE_HRM/password_text_box_for_login_page'

12-08-2024T16:52:27 - [TEST_STEP][PASSED] - verifyElementPresent(findTestObject("Object Repository/LOGIN_TEST_CASE_FOR_ORANGE_HRM/login_button_for_login_page"), 10): Object 'Object Repository/LOGIN_TEST_CASE_FOR_ORANGE_HRM/login_button_for_login_page' is present

12-08-2024T16:52:27 - [MESSAGE][PASSED] - Object 'Object Repository/LOGIN_TEST_CASE_FOR_ORANGE_HRM/login_button_for_login_page' is present

12-08-2024T16:52:27 - [TEST_STEP][PASSED] - click(findTestObject("Object Repository/LOGIN_TEST_CASE_FOR_ORANGE_HRM/login_button_for_login_page")): Object: 'Object Repository/LOGIN_TEST_CASE_FOR_ORANGE_HRM/login_button_for_login_page' is clicked on

12-08-2024T16:52:27 - [MESSAGE][PASSED] - Object: 'Object Repository/LOGIN_TEST_CASE_FOR_ORANGE_HRM/login_button_for_login_page' is clicked on

12-08-2024T16:52:27 - [MESSAGE][PASSED] - Call Test Case 'Test Cases/test_case_for_new_login_creds_excel_sheet' successfully

12-08-2024T16:52:27 - [TEST_STEP][PASSED] - callTestCase(findTestCase("test_case_to_verify_data"), [:], STOP_ON_FAILURE): Call Test Case 'Test Cases/test_case_to_verify_data' successfully

12-08-2024T16:52:27 - [TEST_CASE][PASSED] - Test Cases/test_case_to_verify_data: Test Cases/test_case_to_verify_data

12-08-2024T16:52:27 - [TEST_STEP][PASSED] - delay(3): Delayed 3 second(s)

12-08-2024T16:52:30 - [MESSAGE][PASSED] - Delayed 3 second(s)

12-08-2024T16:52:30 - [TEST_STEP][PASSED] - click(findTestObject("to_verify_data/myinfo_option_from_side_bar")): Object: 'Object Repository/to_verify_data/myinfo_option_from_side_bar' is clicked on

12-08-2024T16:52:32 - [MESSAGE][PASSED] - Object: 'Object Repository/to_verify_data/myinfo_option_from_side_bar' is clicked on

12-08-2024T16:52:32 - [TEST_STEP][PASSED] - First_name = getAttribute(findTestObject("Object Repository/to_verify_data/first_name_text_box"), "value"): Attribute 'value' of object 'Object Repository/to_verify_data/first_name_text_box' is: 'First_name_GbJkpiP'

12-08-2024T16:52:34 - [MESSAGE][PASSED] - Attribute 'value' of object 'Object Repository/to_verify_data/first_name_text_box' is: 'First_name_GbJkpiP'

12-08-2024T16:52:34 - [TEST_STEP][PASSED] - out.println(First_name): null

12-08-2024T16:52:34 - [TEST_STEP][PASSED] - Middle_name = getAttribute(findTestObject("Object Repository/to_verify_data/middle_name_text_box"), "value"): Attribute 'value' of object 'Object Repository/to_verify_data/middle_name_text_box' is: 'Middle_name_JUZqEbB'

12-08-2024T16:52:34 - [MESSAGE][PASSED] - Attribute 'value' of object 'Object Repository/to_verify_data/middle_name_text_box' is: 'Middle_name_JUZqEbB'

12-08-2024T16:52:34 - [TEST_STEP][PASSED] - out.println(Middle_name): null

12-08-2024T16:52:34 - [TEST_STEP][PASSED] - Last_name = getAttribute(findTestObject("Object Repository/to_verify_data/last_name_text_box"), "value"): Attribute 'value' of object 'Object Repository/to_verify_data/last_name_text_box' is: 'Last_name_Enkfbdc'

12-08-2024T16:52:34 - [MESSAGE][PASSED] - Attribute 'value' of object 'Object Repository/to_verify_data/last_name_text_box' is: 'Last_name_Enkfbdc'

12-08-2024T16:52:34 - [TEST_STEP][PASSED] - out.println(Last_name): null

12-08-2024T16:52:34 - [TEST_STEP][PASSED] - employee_id = getAttribute(findTestObject("Object Repository/to_verify_data/employee_id"), "value"): Attribute 'value' of object 'Object Repository/to_verify_data/employee_id' is: '333811403'

12-08-2024T16:52:35 - [MESSAGE][PASSED] - Attribute 'value' of object 'Object Repository/to_verify_data/employee_id' is: '333811403'

12-08-2024T16:52:35 - [TEST_STEP][PASSED] - out.println(employee_id): null

12-08-2024T16:52:35 - [TEST_STEP][PASSED] - if (First_name == First_name): first name is same

12-08-2024T16:52:35 - [TEST_STEP][PASSED] - markPassed("first name is same"): first name is same

12-08-2024T16:52:35 - [MESSAGE][PASSED] - first name is same

12-08-2024T16:52:35 - [TEST_STEP][PASSED] - if (Middle_name == Middle_name): middle name is same

12-08-2024T16:52:35 - [TEST_STEP][PASSED] - markPassed("middle name is same"): middle name is same

12-08-2024T16:52:35 - [MESSAGE][PASSED] - middle name is same

12-08-2024T16:52:35 - [TEST_STEP][PASSED] - if (Last_name == Last_name): last name is same

12-08-2024T16:52:35 - [TEST_STEP][PASSED] - markPassed("last name is same"): last name is same

12-08-2024T16:52:35 - [MESSAGE][PASSED] - last name is same

12-08-2024T16:52:35 - [TEST_STEP][PASSED] - if (employee_id == employee_id): employee id is same

12-08-2024T16:52:35 - [TEST_STEP][PASSED] - markPassed("employee id is same"): employee id is same

12-08-2024T16:52:35 - [MESSAGE][PASSED] - employee id is same

12-08-2024T16:52:35 - [MESSAGE][PASSED] - Call Test Case 'Test Cases/test_case_to_verify_data' successfully

12-08-2024T16:52:35 - [TEST_STEP][PASSED] - callTestCase(findTestCase("logout_testcase"), [:], STOP_ON_FAILURE): Call Test Case 'Test Cases/logout_testcase' successfully

12-08-2024T16:52:35 - [TEST_CASE][PASSED] - Test Cases/logout_testcase: Test Cases/logout_testcase

12-08-2024T16:52:35 - [TEST_STEP][PASSED] - delay(3): Delayed 3 second(s)

12-08-2024T16:52:38 - [MESSAGE][PASSED] - Delayed 3 second(s)

12-08-2024T16:52:38 - [TEST_STEP][PASSED] - verifyElementPresent(findTestObject("logout_and_login_after_new_employee_added/userdropdown_for_logout_option"), 10): Object 'Object Repository/logout_and_login_after_new_employee_added/userdropdown_for_logout_option' is present

12-08-2024T16:52:38 - [MESSAGE][PASSED] - Object 'Object Repository/logout_and_login_after_new_employee_added/userdropdown_for_logout_option' is present

12-08-2024T16:52:38 - [TEST_STEP][PASSED] - delay(3): Delayed 3 second(s)

12-08-2024T16:52:41 - [MESSAGE][PASSED] - Delayed 3 second(s)

12-08-2024T16:52:41 - [TEST_STEP][PASSED] - click(findTestObject("logout_and_login_after_new_employee_added/userdropdown_for_logout_option")): Object: 'Object Repository/logout_and_login_after_new_employee_added/userdropdown_for_logout_option' is clicked on

12-08-2024T16:52:41 - [MESSAGE][PASSED] - Object: 'Object Repository/logout_and_login_after_new_employee_added/userdropdown_for_logout_option' is clicked on

12-08-2024T16:52:41 - [TEST_STEP][PASSED] - delay(3): Delayed 3 second(s)

12-08-2024T16:52:44 - [MESSAGE][PASSED] - Delayed 3 second(s)

12-08-2024T16:52:44 - [TEST_STEP][PASSED] - click(findTestObject("logout_and_login_after_new_employee_added/logout_option")): Object: 'Object Repository/logout_and_login_after_new_employee_added/logout_option' is clicked on

12-08-2024T16:52:46 - [MESSAGE][PASSED] - Object: 'Object Repository/logout_and_login_after_new_employee_added/logout_option' is clicked on

12-08-2024T16:52:46 - [TEST_STEP][PASSED] - delay(3): Delayed 3 second(s)

12-08-2024T16:52:49 - [MESSAGE][PASSED] - Delayed 3 second(s)

12-08-2024T16:52:49 - [MESSAGE][PASSED] - Call Test Case 'Test Cases/logout_testcase' successfully

12-08-2024T16:52:49 - [TEST_STEP][PASSED] - delay(3): Delayed 3 second(s)

12-08-2024T16:52:52 - [MESSAGE][PASSED] - Delayed 3 second(s)

12-08-2024T16:52:52 - [TEST_STEP][PASSED] - row = sheet.getRow(i): null

12-08-2024T16:52:52 - [TEST_STEP][PASSED] - firstName = getCell(0).getStringCellValue(): null

12-08-2024T16:52:52 - [TEST_STEP][PASSED] - Middlename = getCell(1).getStringCellValue(): null

12-08-2024T16:52:52 - [TEST_STEP][PASSED] - lastName = getCell(2).getStringCellValue(): null

12-08-2024T16:52:52 - [TEST_STEP][PASSED] - username = getCell(3).getStringCellValue(): null

12-08-2024T16:52:52 - [TEST_STEP][PASSED] - password = getCell(4).getStringCellValue(): null

12-08-2024T16:52:52 - [TEST_STEP][PASSED] - Employee_id = getCell(5).getStringCellValue(): null

12-08-2024T16:52:52 - [TEST_STEP][PASSED] - println("Logging in with Username: " + username + " and Password: " + password): null

12-08-2024T16:52:52 - [TEST_STEP][PASSED] - User_name = username: null

12-08-2024T16:52:52 - [TEST_STEP][PASSED] - Password = password: null

12-08-2024T16:52:52 - [TEST_STEP][PASSED] - First_name = firstName: null

12-08-2024T16:52:52 - [TEST_STEP][PASSED] - Last_name = lastName: null

12-08-2024T16:52:52 - [TEST_STEP][PASSED] - Middle_name = Middlename: null

12-08-2024T16:52:52 - [TEST_STEP][PASSED] - employee_id = Employee_id: null

12-08-2024T16:52:52 - [TEST_STEP][PASSED] - callTestCase(findTestCase("test_case_for_new_login_creds_excel_sheet"), [:], STOP_ON_FAILURE): Call Test Case 'Test Cases/test_case_for_new_login_creds_excel_sheet' successfully

12-08-2024T16:52:52 - [TEST_CASE][PASSED] - Test Cases/test_case_for_new_login_creds_excel_sheet: Test Cases/test_case_for_new_login_creds_excel_sheet

12-08-2024T16:52:52 - [TEST_STEP][PASSED] - refresh(): Refresh successfully

12-08-2024T16:52:52 - [MESSAGE][PASSED] - Refresh successfully

12-08-2024T16:52:52 - [TEST_STEP][PASSED] - delay(3): Delayed 3 second(s)

12-08-2024T16:52:55 - [MESSAGE][PASSED] - Delayed 3 second(s)

12-08-2024T16:52:55 - [TEST_STEP][PASSED] - verifyElementPresent(findTestObject("Object Repository/LOGIN_TEST_CASE_FOR_ORANGE_HRM/username_text_box_login_page"), 10): Object 'Object Repository/LOGIN_TEST_CASE_FOR_ORANGE_HRM/username_text_box_login_page' is present

12-08-2024T16:52:56 - [MESSAGE][PASSED] - Object 'Object Repository/LOGIN_TEST_CASE_FOR_ORANGE_HRM/username_text_box_login_page' is present

12-08-2024T16:52:56 - [TEST_STEP][PASSED] - click(findTestObject("Object Repository/LOGIN_TEST_CASE_FOR_ORANGE_HRM/username_text_box_login_page")): Object: 'Object Repository/LOGIN_TEST_CASE_FOR_ORANGE_HRM/username_text_box_login_page' is clicked on

12-08-2024T16:52:56 - [MESSAGE][PASSED] - Object: 'Object Repository/LOGIN_TEST_CASE_FOR_ORANGE_HRM/username_text_box_login_page' is clicked on

12-08-2024T16:52:56 - [TEST_STEP][PASSED] - setText(findTestObject("Object Repository/LOGIN_TEST_CASE_FOR_ORANGE_HRM/username_text_box_login_page"), User_name): Text 'User_name_aSJDMCZ' is set on object 'Object Repository/LOGIN_TEST_CASE_FOR_ORANGE_HRM/username_text_box_login_page'

12-08-2024T16:52:57 - [MESSAGE][PASSED] - Text 'User_name_aSJDMCZ' is set on object 'Object Repository/LOGIN_TEST_CASE_FOR_ORANGE_HRM/username_text_box_login_page'

12-08-2024T16:52:57 - [TEST_STEP][PASSED] - verifyElementPresent(findTestObject("Object Repository/LOGIN_TEST_CASE_FOR_ORANGE_HRM/password_text_box_for_login_page"), 10): Object 'Object Repository/LOGIN_TEST_CASE_FOR_ORANGE_HRM/password_text_box_for_login_page' is present

12-08-2024T16:52:57 - [MESSAGE][PASSED] - Object 'Object Repository/LOGIN_TEST_CASE_FOR_ORANGE_HRM/password_text_box_for_login_page' is present

12-08-2024T16:52:57 - [TEST_STEP][PASSED] - click(findTestObject("Object Repository/LOGIN_TEST_CASE_FOR_ORANGE_HRM/password_text_box_for_login_page")): Object: 'Object Repository/LOGIN_TEST_CASE_FOR_ORANGE_HRM/password_text_box_for_login_page' is clicked on

12-08-2024T16:52:57 - [MESSAGE][PASSED] - Object: 'Object Repository/LOGIN_TEST_CASE_FOR_ORANGE_HRM/password_text_box_for_login_page' is clicked on

12-08-2024T16:52:57 - [TEST_STEP][PASSED] - setText(findTestObject("Object Repository/LOGIN_TEST_CASE_FOR_ORANGE_HRM/password_text_box_for_login_page"), Password): Text 'Fiboo485233@@' is set on object 'Object Repository/LOGIN_TEST_CASE_FOR_ORANGE_HRM/password_text_box_for_login_page'

12-08-2024T16:52:58 - [MESSAGE][PASSED] - Text 'Fiboo485233@@' is set on object 'Object Repository/LOGIN_TEST_CASE_FOR_ORANGE_HRM/password_text_box_for_login_page'

12-08-2024T16:52:58 - [TEST_STEP][PASSED] - verifyElementPresent(findTestObject("Object Repository/LOGIN_TEST_CASE_FOR_ORANGE_HRM/login_button_for_login_page"), 10): Object 'Object Repository/LOGIN_TEST_CASE_FOR_ORANGE_HRM/login_button_for_login_page' is present

12-08-2024T16:52:58 - [MESSAGE][PASSED] - Object 'Object Repository/LOGIN_TEST_CASE_FOR_ORANGE_HRM/login_button_for_login_page' is present

12-08-2024T16:52:58 - [TEST_STEP][PASSED] - click(findTestObject("Object Repository/LOGIN_TEST_CASE_FOR_ORANGE_HRM/login_button_for_login_page")): Object: 'Object Repository/LOGIN_TEST_CASE_FOR_ORANGE_HRM/login_button_for_login_page' is clicked on

12-08-2024T16:52:59 - [MESSAGE][PASSED] - Object: 'Object Repository/LOGIN_TEST_CASE_FOR_ORANGE_HRM/login_button_for_login_page' is clicked on

12-08-2024T16:52:59 - [MESSAGE][PASSED] - Call Test Case 'Test Cases/test_case_for_new_login_creds_excel_sheet' successfully

12-08-2024T16:52:59 - [TEST_STEP][PASSED] - callTestCase(findTestCase("test_case_to_verify_data"), [:], STOP_ON_FAILURE): Call Test Case 'Test Cases/test_case_to_verify_data' successfully

12-08-2024T16:52:59 - [TEST_CASE][PASSED] - Test Cases/test_case_to_verify_data: Test Cases/test_case_to_verify_data

12-08-2024T16:52:59 - [TEST_STEP][PASSED] - delay(3): Delayed 3 second(s)

12-08-2024T16:53:02 - [MESSAGE][PASSED] - Delayed 3 second(s)

12-08-2024T16:53:02 - [TEST_STEP][PASSED] - click(findTestObject("to_verify_data/myinfo_option_from_side_bar")): Object: 'Object Repository/to_verify_data/myinfo_option_from_side_bar' is clicked on

12-08-2024T16:53:03 - [MESSAGE][PASSED] - Object: 'Object Repository/to_verify_data/myinfo_option_from_side_bar' is clicked on

12-08-2024T16:53:03 - [TEST_STEP][PASSED] - First_name = getAttribute(findTestObject("Object Repository/to_verify_data/first_name_text_box"), "value"): Attribute 'value' of object 'Object Repository/to_verify_data/first_name_text_box' is: 'First_name_cptHXHF'

12-08-2024T16:53:05 - [MESSAGE][PASSED] - Attribute 'value' of object 'Object Repository/to_verify_data/first_name_text_box' is: 'First_name_cptHXHF'

12-08-2024T16:53:05 - [TEST_STEP][PASSED] - out.println(First_name): null

12-08-2024T16:53:05 - [TEST_STEP][PASSED] - Middle_name = getAttribute(findTestObject("Object Repository/to_verify_data/middle_name_text_box"), "value"): Attribute 'value' of object 'Object Repository/to_verify_data/middle_name_text_box' is: 'Middle_name_iIQpITq'

12-08-2024T16:53:06 - [MESSAGE][PASSED] - Attribute 'value' of object 'Object Repository/to_verify_data/middle_name_text_box' is: 'Middle_name_iIQpITq'

12-08-2024T16:53:06 - [TEST_STEP][PASSED] - out.println(Middle_name): null

12-08-2024T16:53:06 - [TEST_STEP][PASSED] - Last_name = getAttribute(findTestObject("Object Repository/to_verify_data/last_name_text_box"), "value"): Attribute 'value' of object 'Object Repository/to_verify_data/last_name_text_box' is: 'Last_name_jgvpmen'

12-08-2024T16:53:06 - [MESSAGE][PASSED] - Attribute 'value' of object 'Object Repository/to_verify_data/last_name_text_box' is: 'Last_name_jgvpmen'

12-08-2024T16:53:06 - [TEST_STEP][PASSED] - out.println(Last_name): null

12-08-2024T16:53:06 - [TEST_STEP][PASSED] - employee_id = getAttribute(findTestObject("Object Repository/to_verify_data/employee_id"), "value"): Attribute 'value' of object 'Object Repository/to_verify_data/employee_id' is: '333450110'

12-08-2024T16:53:06 - [MESSAGE][PASSED] - Attribute 'value' of object 'Object Repository/to_verify_data/employee_id' is: '333450110'

12-08-2024T16:53:06 - [TEST_STEP][PASSED] - out.println(employee_id): null

12-08-2024T16:53:06 - [TEST_STEP][PASSED] - if (First_name == First_name): first name is same

12-08-2024T16:53:06 - [TEST_STEP][PASSED] - markPassed("first name is same"): first name is same

12-08-2024T16:53:06 - [MESSAGE][PASSED] - first name is same

12-08-2024T16:53:06 - [TEST_STEP][PASSED] - if (Middle_name == Middle_name): middle name is same

12-08-2024T16:53:06 - [TEST_STEP][PASSED] - markPassed("middle name is same"): middle name is same

12-08-2024T16:53:06 - [MESSAGE][PASSED] - middle name is same

12-08-2024T16:53:06 - [TEST_STEP][PASSED] - if (Last_name == Last_name): last name is same

12-08-2024T16:53:06 - [TEST_STEP][PASSED] - markPassed("last name is same"): last name is same

12-08-2024T16:53:06 - [MESSAGE][PASSED] - last name is same

12-08-2024T16:53:06 - [TEST_STEP][PASSED] - if (employee_id == employee_id): employee id is same

12-08-2024T16:53:06 - [TEST_STEP][PASSED] - markPassed("employee id is same"): employee id is same

12-08-2024T16:53:06 - [MESSAGE][PASSED] - employee id is same

12-08-2024T16:53:06 - [MESSAGE][PASSED] - Call Test Case 'Test Cases/test_case_to_verify_data' successfully

12-08-2024T16:53:06 - [TEST_STEP][PASSED] - callTestCase(findTestCase("logout_testcase"), [:], STOP_ON_FAILURE): Call Test Case 'Test Cases/logout_testcase' successfully

12-08-2024T16:53:06 - [TEST_CASE][PASSED] - Test Cases/logout_testcase: Test Cases/logout_testcase

12-08-2024T16:53:06 - [TEST_STEP][PASSED] - delay(3): Delayed 3 second(s)

12-08-2024T16:53:09 - [MESSAGE][PASSED] - Delayed 3 second(s)

12-08-2024T16:53:09 - [TEST_STEP][PASSED] - verifyElementPresent(findTestObject("logout_and_login_after_new_employee_added/userdropdown_for_logout_option"), 10): Object 'Object Repository/logout_and_login_after_new_employee_added/userdropdown_for_logout_option' is present

12-08-2024T16:53:10 - [MESSAGE][PASSED] - Object 'Object Repository/logout_and_login_after_new_employee_added/userdropdown_for_logout_option' is present

12-08-2024T16:53:10 - [TEST_STEP][PASSED] - delay(3): Delayed 3 second(s)

12-08-2024T16:53:13 - [MESSAGE][PASSED] - Delayed 3 second(s)

12-08-2024T16:53:13 - [TEST_STEP][PASSED] - click(findTestObject("logout_and_login_after_new_employee_added/userdropdown_for_logout_option")): Object: 'Object Repository/logout_and_login_after_new_employee_added/userdropdown_for_logout_option' is clicked on

12-08-2024T16:53:13 - [MESSAGE][PASSED] - Object: 'Object Repository/logout_and_login_after_new_employee_added/userdropdown_for_logout_option' is clicked on

12-08-2024T16:53:13 - [TEST_STEP][PASSED] - delay(3): Delayed 3 second(s)

12-08-2024T16:53:16 - [MESSAGE][PASSED] - Delayed 3 second(s)

12-08-2024T16:53:16 - [TEST_STEP][PASSED] - click(findTestObject("logout_and_login_after_new_employee_added/logout_option")): Object: 'Object Repository/logout_and_login_after_new_employee_added/logout_option' is clicked on

12-08-2024T16:53:17 - [MESSAGE][PASSED] - Object: 'Object Repository/logout_and_login_after_new_employee_added/logout_option' is clicked on

12-08-2024T16:53:17 - [TEST_STEP][PASSED] - delay(3): Delayed 3 second(s)

12-08-2024T16:53:20 - [MESSAGE][PASSED] - Delayed 3 second(s)

12-08-2024T16:53:20 - [MESSAGE][PASSED] - Call Test Case 'Test Cases/logout_testcase' successfully

12-08-2024T16:53:20 - [TEST_STEP][PASSED] - delay(3): Delayed 3 second(s)

12-08-2024T16:53:23 - [MESSAGE][PASSED] - Delayed 3 second(s)

12-08-2024T16:53:23 - [TEST_STEP][PASSED] - row = sheet.getRow(i): null

12-08-2024T16:53:23 - [TEST_STEP][PASSED] - firstName = getCell(0).getStringCellValue(): null

12-08-2024T16:53:23 - [TEST_STEP][PASSED] - Middlename = getCell(1).getStringCellValue(): null

12-08-2024T16:53:23 - [TEST_STEP][PASSED] - lastName = getCell(2).getStringCellValue(): null

12-08-2024T16:53:23 - [TEST_STEP][PASSED] - username = getCell(3).getStringCellValue(): null

12-08-2024T16:53:23 - [TEST_STEP][PASSED] - password = getCell(4).getStringCellValue(): null

12-08-2024T16:53:23 - [TEST_STEP][PASSED] - Employee_id = getCell(5).getStringCellValue(): null

12-08-2024T16:53:23 - [TEST_STEP][PASSED] - println("Logging in with Username: " + username + " and Password: " + password): null

12-08-2024T16:53:23 - [TEST_STEP][PASSED] - User_name = username: null

12-08-2024T16:53:23 - [TEST_STEP][PASSED] - Password = password: null

12-08-2024T16:53:23 - [TEST_STEP][PASSED] - First_name = firstName: null

12-08-2024T16:53:23 - [TEST_STEP][PASSED] - Last_name = lastName: null

12-08-2024T16:53:23 - [TEST_STEP][PASSED] - Middle_name = Middlename: null

12-08-2024T16:53:23 - [TEST_STEP][PASSED] - employee_id = Employee_id: null

12-08-2024T16:53:23 - [TEST_STEP][PASSED] - callTestCase(findTestCase("test_case_for_new_login_creds_excel_sheet"), [:], STOP_ON_FAILURE): Call Test Case 'Test Cases/test_case_for_new_login_creds_excel_sheet' successfully

12-08-2024T16:53:23 - [TEST_CASE][PASSED] - Test Cases/test_case_for_new_login_creds_excel_sheet: Test Cases/test_case_for_new_login_creds_excel_sheet

12-08-2024T16:53:23 - [TEST_STEP][PASSED] - refresh(): Refresh successfully

12-08-2024T16:53:24 - [MESSAGE][PASSED] - Refresh successfully

12-08-2024T16:53:24 - [TEST_STEP][PASSED] - delay(3): Delayed 3 second(s)

12-08-2024T16:53:27 - [MESSAGE][PASSED] - Delayed 3 second(s)

12-08-2024T16:53:27 - [TEST_STEP][PASSED] - verifyElementPresent(findTestObject("Object Repository/LOGIN_TEST_CASE_FOR_ORANGE_HRM/username_text_box_login_page"), 10): Object 'Object Repository/LOGIN_TEST_CASE_FOR_ORANGE_HRM/username_text_box_login_page' is present

12-08-2024T16:53:27 - [MESSAGE][PASSED] - Object 'Object Repository/LOGIN_TEST_CASE_FOR_ORANGE_HRM/username_text_box_login_page' is present

12-08-2024T16:53:27 - [TEST_STEP][PASSED] - click(findTestObject("Object Repository/LOGIN_TEST_CASE_FOR_ORANGE_HRM/username_text_box_login_page")): Object: 'Object Repository/LOGIN_TEST_CASE_FOR_ORANGE_HRM/username_text_box_login_page' is clicked on

12-08-2024T16:53:28 - [MESSAGE][PASSED] - Object: 'Object Repository/LOGIN_TEST_CASE_FOR_ORANGE_HRM/username_text_box_login_page' is clicked on

12-08-2024T16:53:28 - [TEST_STEP][PASSED] - setText(findTestObject("Object Repository/LOGIN_TEST_CASE_FOR_ORANGE_HRM/username_text_box_login_page"), User_name): Text 'User_name_YfZLDWC' is set on object 'Object Repository/LOGIN_TEST_CASE_FOR_ORANGE_HRM/username_text_box_login_page'

12-08-2024T16:53:28 - [MESSAGE][PASSED] - Text 'User_name_YfZLDWC' is set on object 'Object Repository/LOGIN_TEST_CASE_FOR_ORANGE_HRM/username_text_box_login_page'

12-08-2024T16:53:28 - [TEST_STEP][PASSED] - verifyElementPresent(findTestObject("Object Repository/LOGIN_TEST_CASE_FOR_ORANGE_HRM/password_text_box_for_login_page"), 10): Object 'Object Repository/LOGIN_TEST_CASE_FOR_ORANGE_HRM/password_text_box_for_login_page' is present

12-08-2024T16:53:29 - [MESSAGE][PASSED] - Object 'Object Repository/LOGIN_TEST_CASE_FOR_ORANGE_HRM/password_text_box_for_login_page' is present

12-08-2024T16:53:29 - [TEST_STEP][PASSED] - click(findTestObject("Object Repository/LOGIN_TEST_CASE_FOR_ORANGE_HRM/password_text_box_for_login_page")): Object: 'Object Repository/LOGIN_TEST_CASE_FOR_ORANGE_HRM/password_text_box_for_login_page' is clicked on

12-08-2024T16:53:29 - [MESSAGE][PASSED] - Object: 'Object Repository/LOGIN_TEST_CASE_FOR_ORANGE_HRM/password_text_box_for_login_page' is clicked on

12-08-2024T16:53:29 - [TEST_STEP][PASSED] - setText(findTestObject("Object Repository/LOGIN_TEST_CASE_FOR_ORANGE_HRM/password_text_box_for_login_page"), Password): Text 'Fiboo987599@@' is set on object 'Object Repository/LOGIN_TEST_CASE_FOR_ORANGE_HRM/password_text_box_for_login_page'

12-08-2024T16:53:30 - [MESSAGE][PASSED] - Text 'Fiboo987599@@' is set on object 'Object Repository/LOGIN_TEST_CASE_FOR_ORANGE_HRM/password_text_box_for_login_page'

12-08-2024T16:53:30 - [TEST_STEP][PASSED] - verifyElementPresent(findTestObject("Object Repository/LOGIN_TEST_CASE_FOR_ORANGE_HRM/login_button_for_login_page"), 10): Object 'Object Repository/LOGIN_TEST_CASE_FOR_ORANGE_HRM/login_button_for_login_page' is present

12-08-2024T16:53:30 - [MESSAGE][PASSED] - Object 'Object Repository/LOGIN_TEST_CASE_FOR_ORANGE_HRM/login_button_for_login_page' is present

12-08-2024T16:53:30 - [TEST_STEP][PASSED] - click(findTestObject("Object Repository/LOGIN_TEST_CASE_FOR_ORANGE_HRM/login_button_for_login_page")): Object: 'Object Repository/LOGIN_TEST_CASE_FOR_ORANGE_HRM/login_button_for_login_page' is clicked on

12-08-2024T16:53:30 - [MESSAGE][PASSED] - Object: 'Object Repository/LOGIN_TEST_CASE_FOR_ORANGE_HRM/login_button_for_login_page' is clicked on

12-08-2024T16:53:30 - [MESSAGE][PASSED] - Call Test Case 'Test Cases/test_case_for_new_login_creds_excel_sheet' successfully

12-08-2024T16:53:30 - [TEST_STEP][PASSED] - callTestCase(findTestCase("test_case_to_verify_data"), [:], STOP_ON_FAILURE): Call Test Case 'Test Cases/test_case_to_verify_data' successfully

12-08-2024T16:53:30 - [TEST_CASE][PASSED] - Test Cases/test_case_to_verify_data: Test Cases/test_case_to_verify_data

12-08-2024T16:53:30 - [TEST_STEP][PASSED] - delay(3): Delayed 3 second(s)

12-08-2024T16:53:33 - [MESSAGE][PASSED] - Delayed 3 second(s)

12-08-2024T16:53:33 - [TEST_STEP][PASSED] - click(findTestObject("to_verify_data/myinfo_option_from_side_bar")): Object: 'Object Repository/to_verify_data/myinfo_option_from_side_bar' is clicked on

12-08-2024T16:53:35 - [MESSAGE][PASSED] - Object: 'Object Repository/to_verify_data/myinfo_option_from_side_bar' is clicked on

12-08-2024T16:53:35 - [TEST_STEP][PASSED] - First_name = getAttribute(findTestObject("Object Repository/to_verify_data/first_name_text_box"), "value"): Attribute 'value' of object 'Object Repository/to_verify_data/first_name_text_box' is: 'First_name_OPbwLKq'

12-08-2024T16:53:37 - [MESSAGE][PASSED] - Attribute 'value' of object 'Object Repository/to_verify_data/first_name_text_box' is: 'First_name_OPbwLKq'

12-08-2024T16:53:37 - [TEST_STEP][PASSED] - out.println(First_name): null

12-08-2024T16:53:37 - [TEST_STEP][PASSED] - Middle_name = getAttribute(findTestObject("Object Repository/to_verify_data/middle_name_text_box"), "value"): Attribute 'value' of object 'Object Repository/to_verify_data/middle_name_text_box' is: 'Middle_name_AHEvGXE'

12-08-2024T16:53:37 - [MESSAGE][PASSED] - Attribute 'value' of object 'Object Repository/to_verify_data/middle_name_text_box' is: 'Middle_name_AHEvGXE'

12-08-2024T16:53:37 - [TEST_STEP][PASSED] - out.println(Middle_name): null

12-08-2024T16:53:37 - [TEST_STEP][PASSED] - Last_name = getAttribute(findTestObject("Object Repository/to_verify_data/last_name_text_box"), "value"): Attribute 'value' of object 'Object Repository/to_verify_data/last_name_text_box' is: 'Last_name_JrILeAE'

12-08-2024T16:53:37 - [MESSAGE][PASSED] - Attribute 'value' of object 'Object Repository/to_verify_data/last_name_text_box' is: 'Last_name_JrILeAE'

12-08-2024T16:53:37 - [TEST_STEP][PASSED] - out.println(Last_name): null

12-08-2024T16:53:37 - [TEST_STEP][PASSED] - employee_id = getAttribute(findTestObject("Object Repository/to_verify_data/employee_id"), "value"): Attribute 'value' of object 'Object Repository/to_verify_data/employee_id' is: '333352974'

12-08-2024T16:53:38 - [MESSAGE][PASSED] - Attribute 'value' of object 'Object Repository/to_verify_data/employee_id' is: '333352974'

12-08-2024T16:53:38 - [TEST_STEP][PASSED] - out.println(employee_id): null

12-08-2024T16:53:38 - [TEST_STEP][PASSED] - if (First_name == First_name): first name is same

12-08-2024T16:53:38 - [TEST_STEP][PASSED] - markPassed("first name is same"): first name is same

12-08-2024T16:53:38 - [MESSAGE][PASSED] - first name is same

12-08-2024T16:53:38 - [TEST_STEP][PASSED] - if (Middle_name == Middle_name): middle name is same

12-08-2024T16:53:38 - [TEST_STEP][PASSED] - markPassed("middle name is same"): middle name is same

12-08-2024T16:53:38 - [MESSAGE][PASSED] - middle name is same

12-08-2024T16:53:38 - [TEST_STEP][PASSED] - if (Last_name == Last_name): last name is same

12-08-2024T16:53:38 - [TEST_STEP][PASSED] - markPassed("last name is same"): last name is same

12-08-2024T16:53:38 - [MESSAGE][PASSED] - last name is same

12-08-2024T16:53:38 - [TEST_STEP][PASSED] - if (employee_id == employee_id): employee id is same

12-08-2024T16:53:38 - [TEST_STEP][PASSED] - markPassed("employee id is same"): employee id is same

12-08-2024T16:53:38 - [MESSAGE][PASSED] - employee id is same

12-08-2024T16:53:38 - [MESSAGE][PASSED] - Call Test Case 'Test Cases/test_case_to_verify_data' successfully

12-08-2024T16:53:38 - [TEST_STEP][PASSED] - callTestCase(findTestCase("logout_testcase"), [:], STOP_ON_FAILURE): Call Test Case 'Test Cases/logout_testcase' successfully

12-08-2024T16:53:38 - [TEST_CASE][PASSED] - Test Cases/logout_testcase: Test Cases/logout_testcase

12-08-2024T16:53:38 - [TEST_STEP][PASSED] - delay(3): Delayed 3 second(s)

12-08-2024T16:53:41 - [MESSAGE][PASSED] - Delayed 3 second(s)

12-08-2024T16:53:41 - [TEST_STEP][PASSED] - verifyElementPresent(findTestObject("logout_and_login_after_new_employee_added/userdropdown_for_logout_option"), 10): Object 'Object Repository/logout_and_login_after_new_employee_added/userdropdown_for_logout_option' is present

12-08-2024T16:53:41 - [MESSAGE][PASSED] - Object 'Object Repository/logout_and_login_after_new_employee_added/userdropdown_for_logout_option' is present

12-08-2024T16:53:41 - [TEST_STEP][PASSED] - delay(3): Delayed 3 second(s)

12-08-2024T16:53:44 - [MESSAGE][PASSED] - Delayed 3 second(s)

12-08-2024T16:53:44 - [TEST_STEP][PASSED] - click(findTestObject("logout_and_login_after_new_employee_added/userdropdown_for_logout_option")): Object: 'Object Repository/logout_and_login_after_new_employee_added/userdropdown_for_logout_option' is clicked on

12-08-2024T16:53:44 - [MESSAGE][PASSED] - Object: 'Object Repository/logout_and_login_after_new_employee_added/userdropdown_for_logout_option' is clicked on

12-08-2024T16:53:44 - [TEST_STEP][PASSED] - delay(3): Delayed 3 second(s)

12-08-2024T16:53:47 - [MESSAGE][PASSED] - Delayed 3 second(s)

12-08-2024T16:53:47 - [TEST_STEP][PASSED] - click(findTestObject("logout_and_login_after_new_employee_added/logout_option")): Object: 'Object Repository/logout_and_login_after_new_employee_added/logout_option' is clicked on

12-08-2024T16:53:49 - [MESSAGE][PASSED] - Object: 'Object Repository/logout_and_login_after_new_employee_added/logout_option' is clicked on

12-08-2024T16:53:49 - [TEST_STEP][PASSED] - delay(3): Delayed 3 second(s)

12-08-2024T16:53:52 - [MESSAGE][PASSED] - Delayed 3 second(s)

12-08-2024T16:53:52 - [MESSAGE][PASSED] - Call Test Case 'Test Cases/logout_testcase' successfully

12-08-2024T16:53:52 - [TEST_STEP][PASSED] - delay(3): Delayed 3 second(s)

12-08-2024T16:53:55 - [MESSAGE][PASSED] - Delayed 3 second(s)

12-08-2024T16:53:55 - [TEST_STEP][PASSED] - row = sheet.getRow(i): null

12-08-2024T16:53:55 - [TEST_STEP][PASSED] - firstName = getCell(0).getStringCellValue(): null

12-08-2024T16:53:55 - [TEST_STEP][PASSED] - Middlename = getCell(1).getStringCellValue(): null

12-08-2024T16:53:55 - [TEST_STEP][PASSED] - lastName = getCell(2).getStringCellValue(): null

12-08-2024T16:53:55 - [TEST_STEP][PASSED] - username = getCell(3).getStringCellValue(): null

12-08-2024T16:53:55 - [TEST_STEP][PASSED] - password = getCell(4).getStringCellValue(): null

12-08-2024T16:53:55 - [TEST_STEP][PASSED] - Employee_id = getCell(5).getStringCellValue(): null

12-08-2024T16:53:55 - [TEST_STEP][PASSED] - println("Logging in with Username: " + username + " and Password: " + password): null

12-08-2024T16:53:55 - [TEST_STEP][PASSED] - User_name = username: null

12-08-2024T16:53:55 - [TEST_STEP][PASSED] - Password = password: null

12-08-2024T16:53:55 - [TEST_STEP][PASSED] - First_name = firstName: null

12-08-2024T16:53:55 - [TEST_STEP][PASSED] - Last_name = lastName: null

12-08-2024T16:53:55 - [TEST_STEP][PASSED] - Middle_name = Middlename: null

12-08-2024T16:53:55 - [TEST_STEP][PASSED] - employee_id = Employee_id: null

12-08-2024T16:53:55 - [TEST_STEP][PASSED] - callTestCase(findTestCase("test_case_for_new_login_creds_excel_sheet"), [:], STOP_ON_FAILURE): Call Test Case 'Test Cases/test_case_for_new_login_creds_excel_sheet' successfully

12-08-2024T16:53:55 - [TEST_CASE][PASSED] - Test Cases/test_case_for_new_login_creds_excel_sheet: Test Cases/test_case_for_new_login_creds_excel_sheet

12-08-2024T16:53:55 - [TEST_STEP][PASSED] - refresh(): Refresh successfully

12-08-2024T16:53:55 - [MESSAGE][PASSED] - Refresh successfully

12-08-2024T16:53:55 - [TEST_STEP][PASSED] - delay(3): Delayed 3 second(s)

12-08-2024T16:53:58 - [MESSAGE][PASSED] - Delayed 3 second(s)

12-08-2024T16:53:58 - [TEST_STEP][PASSED] - verifyElementPresent(findTestObject("Object Repository/LOGIN_TEST_CASE_FOR_ORANGE_HRM/username_text_box_login_page"), 10): Object 'Object Repository/LOGIN_TEST_CASE_FOR_ORANGE_HRM/username_text_box_login_page' is present

12-08-2024T16:53:58 - [MESSAGE][PASSED] - Object 'Object Repository/LOGIN_TEST_CASE_FOR_ORANGE_HRM/username_text_box_login_page' is present

12-08-2024T16:53:58 - [TEST_STEP][PASSED] - click(findTestObject("Object Repository/LOGIN_TEST_CASE_FOR_ORANGE_HRM/username_text_box_login_page")): Object: 'Object Repository/LOGIN_TEST_CASE_FOR_ORANGE_HRM/username_text_box_login_page' is clicked on

12-08-2024T16:53:59 - [MESSAGE][PASSED] - Object: 'Object Repository/LOGIN_TEST_CASE_FOR_ORANGE_HRM/username_text_box_login_page' is clicked on

12-08-2024T16:53:59 - [TEST_STEP][PASSED] - setText(findTestObject("Object Repository/LOGIN_TEST_CASE_FOR_ORANGE_HRM/username_text_box_login_page"), User_name): Text 'User_name_DNRyNWv' is set on object 'Object Repository/LOGIN_TEST_CASE_FOR_ORANGE_HRM/username_text_box_login_page'

12-08-2024T16:54:00 - [MESSAGE][PASSED] - Text 'User_name_DNRyNWv' is set on object 'Object Repository/LOGIN_TEST_CASE_FOR_ORANGE_HRM/username_text_box_login_page'

12-08-2024T16:54:00 - [TEST_STEP][PASSED] - verifyElementPresent(findTestObject("Object Repository/LOGIN_TEST_CASE_FOR_ORANGE_HRM/password_text_box_for_login_page"), 10): Object 'Object Repository/LOGIN_TEST_CASE_FOR_ORANGE_HRM/password_text_box_for_login_page' is present

12-08-2024T16:54:00 - [MESSAGE][PASSED] - Object 'Object Repository/LOGIN_TEST_CASE_FOR_ORANGE_HRM/password_text_box_for_login_page' is present

12-08-2024T16:54:00 - [TEST_STEP][PASSED] - click(findTestObject("Object Repository/LOGIN_TEST_CASE_FOR_ORANGE_HRM/password_text_box_for_login_page")): Object: 'Object Repository/LOGIN_TEST_CASE_FOR_ORANGE_HRM/password_text_box_for_login_page' is clicked on

12-08-2024T16:54:00 - [MESSAGE][PASSED] - Object: 'Object Repository/LOGIN_TEST_CASE_FOR_ORANGE_HRM/password_text_box_for_login_page' is clicked on

12-08-2024T16:54:00 - [TEST_STEP][PASSED] - setText(findTestObject("Object Repository/LOGIN_TEST_CASE_FOR_ORANGE_HRM/password_text_box_for_login_page"), Password): Text 'Fiboo681489@@' is set on object 'Object Repository/LOGIN_TEST_CASE_FOR_ORANGE_HRM/password_text_box_for_login_page'

12-08-2024T16:54:01 - [MESSAGE][PASSED] - Text 'Fiboo681489@@' is set on object 'Object Repository/LOGIN_TEST_CASE_FOR_ORANGE_HRM/password_text_box_for_login_page'

12-08-2024T16:54:01 - [TEST_STEP][PASSED] - verifyElementPresent(findTestObject("Object Repository/LOGIN_TEST_CASE_FOR_ORANGE_HRM/login_button_for_login_page"), 10): Object 'Object Repository/LOGIN_TEST_CASE_FOR_ORANGE_HRM/login_button_for_login_page' is present

12-08-2024T16:54:01 - [MESSAGE][PASSED] - Object 'Object Repository/LOGIN_TEST_CASE_FOR_ORANGE_HRM/login_button_for_login_page' is present

12-08-2024T16:54:01 - [TEST_STEP][PASSED] - click(findTestObject("Object Repository/LOGIN_TEST_CASE_FOR_ORANGE_HRM/login_button_for_login_page")): Object: 'Object Repository/LOGIN_TEST_CASE_FOR_ORANGE_HRM/login_button_for_login_page' is clicked on

12-08-2024T16:54:01 - [MESSAGE][PASSED] - Object: 'Object Repository/LOGIN_TEST_CASE_FOR_ORANGE_HRM/login_button_for_login_page' is clicked on

12-08-2024T16:54:01 - [MESSAGE][PASSED] - Call Test Case 'Test Cases/test_case_for_new_login_creds_excel_sheet' successfully

12-08-2024T16:54:01 - [TEST_STEP][PASSED] - callTestCase(findTestCase("test_case_to_verify_data"), [:], STOP_ON_FAILURE): Call Test Case 'Test Cases/test_case_to_verify_data' successfully

12-08-2024T16:54:02 - [TEST_CASE][PASSED] - Test Cases/test_case_to_verify_data: Test Cases/test_case_to_verify_data

12-08-2024T16:54:02 - [TEST_STEP][PASSED] - delay(3): Delayed 3 second(s)

12-08-2024T16:54:05 - [MESSAGE][PASSED] - Delayed 3 second(s)

12-08-2024T16:54:05 - [TEST_STEP][PASSED] - click(findTestObject("to_verify_data/myinfo_option_from_side_bar")): Object: 'Object Repository/to_verify_data/myinfo_option_from_side_bar' is clicked on

12-08-2024T16:54:06 - [MESSAGE][PASSED] - Object: 'Object Repository/to_verify_data/myinfo_option_from_side_bar' is clicked on

12-08-2024T16:54:06 - [TEST_STEP][PASSED] - First_name = getAttribute(findTestObject("Object Repository/to_verify_data/first_name_text_box"), "value"): Attribute 'value' of object 'Object Repository/to_verify_data/first_name_text_box' is: 'First_name_eTbmvSy'

12-08-2024T16:54:08 - [MESSAGE][PASSED] - Attribute 'value' of object 'Object Repository/to_verify_data/first_name_text_box' is: 'First_name_eTbmvSy'

12-08-2024T16:54:08 - [TEST_STEP][PASSED] - out.println(First_name): null

12-08-2024T16:54:08 - [TEST_STEP][PASSED] - Middle_name = getAttribute(findTestObject("Object Repository/to_verify_data/middle_name_text_box"), "value"): Attribute 'value' of object 'Object Repository/to_verify_data/middle_name_text_box' is: 'Middle_name_mAbnjLQ'

12-08-2024T16:54:08 - [MESSAGE][PASSED] - Attribute 'value' of object 'Object Repository/to_verify_data/middle_name_text_box' is: 'Middle_name_mAbnjLQ'

12-08-2024T16:54:08 - [TEST_STEP][PASSED] - out.println(Middle_name): null

12-08-2024T16:54:08 - [TEST_STEP][PASSED] - Last_name = getAttribute(findTestObject("Object Repository/to_verify_data/last_name_text_box"), "value"): Attribute 'value' of object 'Object Repository/to_verify_data/last_name_text_box' is: 'Last_name_kxqufBH'

12-08-2024T16:54:09 - [MESSAGE][PASSED] - Attribute 'value' of object 'Object Repository/to_verify_data/last_name_text_box' is: 'Last_name_kxqufBH'

12-08-2024T16:54:09 - [TEST_STEP][PASSED] - out.println(Last_name): null

12-08-2024T16:54:09 - [TEST_STEP][PASSED] - employee_id = getAttribute(findTestObject("Object Repository/to_verify_data/employee_id"), "value"): Attribute 'value' of object 'Object Repository/to_verify_data/employee_id' is: '333107318'

12-08-2024T16:54:09 - [MESSAGE][PASSED] - Attribute 'value' of object 'Object Repository/to_verify_data/employee_id' is: '333107318'

12-08-2024T16:54:09 - [TEST_STEP][PASSED] - out.println(employee_id): null

12-08-2024T16:54:09 - [TEST_STEP][PASSED] - if (First_name == First_name): first name is same

12-08-2024T16:54:09 - [TEST_STEP][PASSED] - markPassed("first name is same"): first name is same

12-08-2024T16:54:09 - [MESSAGE][PASSED] - first name is same

12-08-2024T16:54:09 - [TEST_STEP][PASSED] - if (Middle_name == Middle_name): middle name is same

12-08-2024T16:54:09 - [TEST_STEP][PASSED] - markPassed("middle name is same"): middle name is same

12-08-2024T16:54:09 - [MESSAGE][PASSED] - middle name is same

12-08-2024T16:54:09 - [TEST_STEP][PASSED] - if (Last_name == Last_name): last name is same

12-08-2024T16:54:09 - [TEST_STEP][PASSED] - markPassed("last name is same"): last name is same

12-08-2024T16:54:09 - [MESSAGE][PASSED] - last name is same

12-08-2024T16:54:09 - [TEST_STEP][PASSED] - if (employee_id == employee_id): employee id is same

12-08-2024T16:54:09 - [TEST_STEP][PASSED] - markPassed("employee id is same"): employee id is same

12-08-2024T16:54:09 - [MESSAGE][PASSED] - employee id is same

12-08-2024T16:54:09 - [MESSAGE][PASSED] - Call Test Case 'Test Cases/test_case_to_verify_data' successfully

12-08-2024T16:54:09 - [TEST_STEP][PASSED] - callTestCase(findTestCase("logout_testcase"), [:], STOP_ON_FAILURE): Call Test Case 'Test Cases/logout_testcase' successfully

12-08-2024T16:54:09 - [TEST_CASE][PASSED] - Test Cases/logout_testcase: Test Cases/logout_testcase

12-08-2024T16:54:09 - [TEST_STEP][PASSED] - delay(3): Delayed 3 second(s)

12-08-2024T16:54:12 - [MESSAGE][PASSED] - Delayed 3 second(s)

12-08-2024T16:54:12 - [TEST_STEP][PASSED] - verifyElementPresent(findTestObject("logout_and_login_after_new_employee_added/userdropdown_for_logout_option"), 10): Object 'Object Repository/logout_and_login_after_new_employee_added/userdropdown_for_logout_option' is present

12-08-2024T16:54:12 - [MESSAGE][PASSED] - Object 'Object Repository/logout_and_login_after_new_employee_added/userdropdown_for_logout_option' is present

12-08-2024T16:54:12 - [TEST_STEP][PASSED] - delay(3): Delayed 3 second(s)

12-08-2024T16:54:15 - [MESSAGE][PASSED] - Delayed 3 second(s)

12-08-2024T16:54:15 - [TEST_STEP][PASSED] - click(findTestObject("logout_and_login_after_new_employee_added/userdropdown_for_logout_option")): Object: 'Object Repository/logout_and_login_after_new_employee_added/userdropdown_for_logout_option' is clicked on

12-08-2024T16:54:16 - [MESSAGE][PASSED] - Object: 'Object Repository/logout_and_login_after_new_employee_added/userdropdown_for_logout_option' is clicked on

12-08-2024T16:54:16 - [TEST_STEP][PASSED] - delay(3): Delayed 3 second(s)

12-08-2024T16:54:19 - [MESSAGE][PASSED] - Delayed 3 second(s)

12-08-2024T16:54:19 - [TEST_STEP][PASSED] - click(findTestObject("logout_and_login_after_new_employee_added/logout_option")): Object: 'Object Repository/logout_and_login_after_new_employee_added/logout_option' is clicked on

12-08-2024T16:54:20 - [MESSAGE][PASSED] - Object: 'Object Repository/logout_and_login_after_new_employee_added/logout_option' is clicked on

12-08-2024T16:54:20 - [TEST_STEP][PASSED] - delay(3): Delayed 3 second(s)

12-08-2024T16:54:23 - [MESSAGE][PASSED] - Delayed 3 second(s)

12-08-2024T16:54:23 - [MESSAGE][PASSED] - Call Test Case 'Test Cases/logout_testcase' successfully

12-08-2024T16:54:23 - [TEST_STEP][PASSED] - delay(3): Delayed 3 second(s)

12-08-2024T16:54:26 - [MESSAGE][PASSED] - Delayed 3 second(s)

12-08-2024T16:54:26 - [TEST_STEP][PASSED] - row = sheet.getRow(i): null

12-08-2024T16:54:26 - [TEST_STEP][PASSED] - firstName = getCell(0).getStringCellValue(): null

12-08-2024T16:54:26 - [TEST_STEP][PASSED] - Middlename = getCell(1).getStringCellValue(): null

12-08-2024T16:54:26 - [TEST_STEP][PASSED] - lastName = getCell(2).getStringCellValue(): null

12-08-2024T16:54:26 - [TEST_STEP][PASSED] - username = getCell(3).getStringCellValue(): null

12-08-2024T16:54:26 - [TEST_STEP][PASSED] - password = getCell(4).getStringCellValue(): null

12-08-2024T16:54:26 - [TEST_STEP][PASSED] - Employee_id = getCell(5).getStringCellValue(): null

12-08-2024T16:54:26 - [TEST_STEP][PASSED] - println("Logging in with Username: " + username + " and Password: " + password): null

12-08-2024T16:54:26 - [TEST_STEP][PASSED] - User_name = username: null

12-08-2024T16:54:26 - [TEST_STEP][PASSED] - Password = password: null

12-08-2024T16:54:26 - [TEST_STEP][PASSED] - First_name = firstName: null

12-08-2024T16:54:26 - [TEST_STEP][PASSED] - Last_name = lastName: null

12-08-2024T16:54:26 - [TEST_STEP][PASSED] - Middle_name = Middlename: null

12-08-2024T16:54:26 - [TEST_STEP][PASSED] - employee_id = Employee_id: null

12-08-2024T16:54:26 - [TEST_STEP][PASSED] - callTestCase(findTestCase("test_case_for_new_login_creds_excel_sheet"), [:], STOP_ON_FAILURE): Call Test Case 'Test Cases/test_case_for_new_login_creds_excel_sheet' successfully

12-08-2024T16:54:26 - [TEST_CASE][PASSED] - Test Cases/test_case_for_new_login_creds_excel_sheet: Test Cases/test_case_for_new_login_creds_excel_sheet

12-08-2024T16:54:26 - [TEST_STEP][PASSED] - refresh(): Refresh successfully

12-08-2024T16:54:27 - [MESSAGE][PASSED] - Refresh successfully

12-08-2024T16:54:27 - [TEST_STEP][PASSED] - delay(3): Delayed 3 second(s)

12-08-2024T16:54:30 - [MESSAGE][PASSED] - Delayed 3 second(s)

12-08-2024T16:54:30 - [TEST_STEP][PASSED] - verifyElementPresent(findTestObject("Object Repository/LOGIN_TEST_CASE_FOR_ORANGE_HRM/username_text_box_login_page"), 10): Object 'Object Repository/LOGIN_TEST_CASE_FOR_ORANGE_HRM/username_text_box_login_page' is present

12-08-2024T16:54:30 - [MESSAGE][PASSED] - Object 'Object Repository/LOGIN_TEST_CASE_FOR_ORANGE_HRM/username_text_box_login_page' is present

12-08-2024T16:54:30 - [TEST_STEP][PASSED] - click(findTestObject("Object Repository/LOGIN_TEST_CASE_FOR_ORANGE_HRM/username_text_box_login_page")): Object: 'Object Repository/LOGIN_TEST_CASE_FOR_ORANGE_HRM/username_text_box_login_page' is clicked on

12-08-2024T16:54:30 - [MESSAGE][PASSED] - Object: 'Object Repository/LOGIN_TEST_CASE_FOR_ORANGE_HRM/username_text_box_login_page' is clicked on

12-08-2024T16:54:30 - [TEST_STEP][PASSED] - setText(findTestObject("Object Repository/LOGIN_TEST_CASE_FOR_ORANGE_HRM/username_text_box_login_page"), User_name): Text 'User_name_OWijYdZ' is set on object 'Object Repository/LOGIN_TEST_CASE_FOR_ORANGE_HRM/username_text_box_login_page'

12-08-2024T16:54:31 - [MESSAGE][PASSED] - Text 'User_name_OWijYdZ' is set on object 'Object Repository/LOGIN_TEST_CASE_FOR_ORANGE_HRM/username_text_box_login_page'

12-08-2024T16:54:31 - [TEST_STEP][PASSED] - verifyElementPresent(findTestObject("Object Repository/LOGIN_TEST_CASE_FOR_ORANGE_HRM/password_text_box_for_login_page"), 10): Object 'Object Repository/LOGIN_TEST_CASE_FOR_ORANGE_HRM/password_text_box_for_login_page' is present

12-08-2024T16:54:31 - [MESSAGE][PASSED] - Object 'Object Repository/LOGIN_TEST_CASE_FOR_ORANGE_HRM/password_text_box_for_login_page' is present

12-08-2024T16:54:31 - [TEST_STEP][PASSED] - click(findTestObject("Object Repository/LOGIN_TEST_CASE_FOR_ORANGE_HRM/password_text_box_for_login_page")): Object: 'Object Repository/LOGIN_TEST_CASE_FOR_ORANGE_HRM/password_text_box_for_login_page' is clicked on

12-08-2024T16:54:32 - [MESSAGE][PASSED] - Object: 'Object Repository/LOGIN_TEST_CASE_FOR_ORANGE_HRM/password_text_box_for_login_page' is clicked on

12-08-2024T16:54:32 - [TEST_STEP][PASSED] - setText(findTestObject("Object Repository/LOGIN_TEST_CASE_FOR_ORANGE_HRM/password_text_box_for_login_page"), Password): Text 'Fiboo752613@@' is set on object 'Object Repository/LOGIN_TEST_CASE_FOR_ORANGE_HRM/password_text_box_for_login_page'

12-08-2024T16:54:32 - [MESSAGE][PASSED] - Text 'Fiboo752613@@' is set on object 'Object Repository/LOGIN_TEST_CASE_FOR_ORANGE_HRM/password_text_box_for_login_page'

12-08-2024T16:54:32 - [TEST_STEP][PASSED] - verifyElementPresent(findTestObject("Object Repository/LOGIN_TEST_CASE_FOR_ORANGE_HRM/login_button_for_login_page"), 10): Object 'Object Repository/LOGIN_TEST_CASE_FOR_ORANGE_HRM/login_button_for_login_page' is present

12-08-2024T16:54:33 - [MESSAGE][PASSED] - Object 'Object Repository/LOGIN_TEST_CASE_FOR_ORANGE_HRM/login_button_for_login_page' is present

12-08-2024T16:54:33 - [TEST_STEP][PASSED] - click(findTestObject("Object Repository/LOGIN_TEST_CASE_FOR_ORANGE_HRM/login_button_for_login_page")): Object: 'Object Repository/LOGIN_TEST_CASE_FOR_ORANGE_HRM/login_button_for_login_page' is clicked on

12-08-2024T16:54:33 - [MESSAGE][PASSED] - Object: 'Object Repository/LOGIN_TEST_CASE_FOR_ORANGE_HRM/login_button_for_login_page' is clicked on

12-08-2024T16:54:33 - [MESSAGE][PASSED] - Call Test Case 'Test Cases/test_case_for_new_login_creds_excel_sheet' successfully

12-08-2024T16:54:33 - [TEST_STEP][PASSED] - callTestCase(findTestCase("test_case_to_verify_data"), [:], STOP_ON_FAILURE): Call Test Case 'Test Cases/test_case_to_verify_data' successfully

12-08-2024T16:54:33 - [TEST_CASE][PASSED] - Test Cases/test_case_to_verify_data: Test Cases/test_case_to_verify_data

12-08-2024T16:54:33 - [TEST_STEP][PASSED] - delay(3): Delayed 3 second(s)

12-08-2024T16:54:36 - [MESSAGE][PASSED] - Delayed 3 second(s)

12-08-2024T16:54:36 - [TEST_STEP][PASSED] - click(findTestObject("to_verify_data/myinfo_option_from_side_bar")): Object: 'Object Repository/to_verify_data/myinfo_option_from_side_bar' is clicked on

12-08-2024T16:54:38 - [MESSAGE][PASSED] - Object: 'Object Repository/to_verify_data/myinfo_option_from_side_bar' is clicked on

12-08-2024T16:54:38 - [TEST_STEP][PASSED] - First_name = getAttribute(findTestObject("Object Repository/to_verify_data/first_name_text_box"), "value"): Attribute 'value' of object 'Object Repository/to_verify_data/first_name_text_box' is: 'First_name_SAYQJSS'

12-08-2024T16:54:39 - [MESSAGE][PASSED] - Attribute 'value' of object 'Object Repository/to_verify_data/first_name_text_box' is: 'First_name_SAYQJSS'

12-08-2024T16:54:39 - [TEST_STEP][PASSED] - out.println(First_name): null

12-08-2024T16:54:39 - [TEST_STEP][PASSED] - Middle_name = getAttribute(findTestObject("Object Repository/to_verify_data/middle_name_text_box"), "value"): Attribute 'value' of object 'Object Repository/to_verify_data/middle_name_text_box' is: 'Middle_name_kaUuFln'

12-08-2024T16:54:40 - [MESSAGE][PASSED] - Attribute 'value' of object 'Object Repository/to_verify_data/middle_name_text_box' is: 'Middle_name_kaUuFln'

12-08-2024T16:54:40 - [TEST_STEP][PASSED] - out.println(Middle_name): null

12-08-2024T16:54:40 - [TEST_STEP][PASSED] - Last_name = getAttribute(findTestObject("Object Repository/to_verify_data/last_name_text_box"), "value"): Attribute 'value' of object 'Object Repository/to_verify_data/last_name_text_box' is: 'Last_name_EubdDjc'

12-08-2024T16:54:40 - [MESSAGE][PASSED] - Attribute 'value' of object 'Object Repository/to_verify_data/last_name_text_box' is: 'Last_name_EubdDjc'

12-08-2024T16:54:40 - [TEST_STEP][PASSED] - out.println(Last_name): null

12-08-2024T16:54:40 - [TEST_STEP][PASSED] - employee_id = getAttribute(findTestObject("Object Repository/to_verify_data/employee_id"), "value"): Attribute 'value' of object 'Object Repository/to_verify_data/employee_id' is: '333496747'

12-08-2024T16:54:40 - [MESSAGE][PASSED] - Attribute 'value' of object 'Object Repository/to_verify_data/employee_id' is: '333496747'

12-08-2024T16:54:40 - [TEST_STEP][PASSED] - out.println(employee_id): null

12-08-2024T16:54:40 - [TEST_STEP][PASSED] - if (First_name == First_name): first name is same

12-08-2024T16:54:40 - [TEST_STEP][PASSED] - markPassed("first name is same"): first name is same

12-08-2024T16:54:40 - [MESSAGE][PASSED] - first name is same

12-08-2024T16:54:40 - [TEST_STEP][PASSED] - if (Middle_name == Middle_name): middle name is same

12-08-2024T16:54:40 - [TEST_STEP][PASSED] - markPassed("middle name is same"): middle name is same

12-08-2024T16:54:40 - [MESSAGE][PASSED] - middle name is same

12-08-2024T16:54:40 - [TEST_STEP][PASSED] - if (Last_name == Last_name): last name is same

12-08-2024T16:54:40 - [TEST_STEP][PASSED] - markPassed("last name is same"): last name is same

12-08-2024T16:54:40 - [MESSAGE][PASSED] - last name is same

12-08-2024T16:54:40 - [TEST_STEP][PASSED] - if (employee_id == employee_id): employee id is same

12-08-2024T16:54:40 - [TEST_STEP][PASSED] - markPassed("employee id is same"): employee id is same

12-08-2024T16:54:40 - [MESSAGE][PASSED] - employee id is same

12-08-2024T16:54:40 - [MESSAGE][PASSED] - Call Test Case 'Test Cases/test_case_to_verify_data' successfully

12-08-2024T16:54:40 - [TEST_STEP][PASSED] - callTestCase(findTestCase("logout_testcase"), [:], STOP_ON_FAILURE): Call Test Case 'Test Cases/logout_testcase' successfully

12-08-2024T16:54:40 - [TEST_CASE][PASSED] - Test Cases/logout_testcase: Test Cases/logout_testcase

12-08-2024T16:54:40 - [TEST_STEP][PASSED] - delay(3): Delayed 3 second(s)

12-08-2024T16:54:43 - [MESSAGE][PASSED] - Delayed 3 second(s)

12-08-2024T16:54:43 - [TEST_STEP][PASSED] - verifyElementPresent(findTestObject("logout_and_login_after_new_employee_added/userdropdown_for_logout_option"), 10): Object 'Object Repository/logout_and_login_after_new_employee_added/userdropdown_for_logout_option' is present

12-08-2024T16:54:44 - [MESSAGE][PASSED] - Object 'Object Repository/logout_and_login_after_new_employee_added/userdropdown_for_logout_option' is present

12-08-2024T16:54:44 - [TEST_STEP][PASSED] - delay(3): Delayed 3 second(s)

12-08-2024T16:54:47 - [MESSAGE][PASSED] - Delayed 3 second(s)

12-08-2024T16:54:47 - [TEST_STEP][PASSED] - click(findTestObject("logout_and_login_after_new_employee_added/userdropdown_for_logout_option")): Object: 'Object Repository/logout_and_login_after_new_employee_added/userdropdown_for_logout_option' is clicked on

12-08-2024T16:54:47 - [MESSAGE][PASSED] - Object: 'Object Repository/logout_and_login_after_new_employee_added/userdropdown_for_logout_option' is clicked on

12-08-2024T16:54:47 - [TEST_STEP][PASSED] - delay(3): Delayed 3 second(s)

12-08-2024T16:54:50 - [MESSAGE][PASSED] - Delayed 3 second(s)

12-08-2024T16:54:50 - [TEST_STEP][PASSED] - click(findTestObject("logout_and_login_after_new_employee_added/logout_option")): Object: 'Object Repository/logout_and_login_after_new_employee_added/logout_option' is clicked on

12-08-2024T16:54:51 - [MESSAGE][PASSED] - Object: 'Object Repository/logout_and_login_after_new_employee_added/logout_option' is clicked on

12-08-2024T16:54:51 - [TEST_STEP][PASSED] - delay(3): Delayed 3 second(s)

12-08-2024T16:54:54 - [MESSAGE][PASSED] - Delayed 3 second(s)

12-08-2024T16:54:54 - [MESSAGE][PASSED] - Call Test Case 'Test Cases/logout_testcase' successfully

12-08-2024T16:54:54 - [TEST_STEP][PASSED] - delay(3): Delayed 3 second(s)

12-08-2024T16:54:57 - [MESSAGE][PASSED] - Delayed 3 second(s)

12-08-2024T16:54:57 - [TEST_STEP][PASSED] - row = sheet.getRow(i): null

12-08-2024T16:54:57 - [TEST_STEP][PASSED] - firstName = getCell(0).getStringCellValue(): null

12-08-2024T16:54:57 - [TEST_STEP][PASSED] - Middlename = getCell(1).getStringCellValue(): null

12-08-2024T16:54:57 - [TEST_STEP][PASSED] - lastName = getCell(2).getStringCellValue(): null

12-08-2024T16:54:57 - [TEST_STEP][PASSED] - username = getCell(3).getStringCellValue(): null

12-08-2024T16:54:57 - [TEST_STEP][PASSED] - password = getCell(4).getStringCellValue(): null

12-08-2024T16:54:57 - [TEST_STEP][PASSED] - Employee_id = getCell(5).getStringCellValue(): null

12-08-2024T16:54:57 - [TEST_STEP][PASSED] - println("Logging in with Username: " + username + " and Password: " + password): null

12-08-2024T16:54:57 - [TEST_STEP][PASSED] - User_name = username: null

12-08-2024T16:54:57 - [TEST_STEP][PASSED] - Password = password: null

12-08-2024T16:54:57 - [TEST_STEP][PASSED] - First_name = firstName: null

12-08-2024T16:54:57 - [TEST_STEP][PASSED] - Last_name = lastName: null

12-08-2024T16:54:57 - [TEST_STEP][PASSED] - Middle_name = Middlename: null

12-08-2024T16:54:57 - [TEST_STEP][PASSED] - employee_id = Employee_id: null

12-08-2024T16:54:57 - [TEST_STEP][PASSED] - callTestCase(findTestCase("test_case_for_new_login_creds_excel_sheet"), [:], STOP_ON_FAILURE): Call Test Case 'Test Cases/test_case_for_new_login_creds_excel_sheet' successfully

12-08-2024T16:54:58 - [TEST_CASE][PASSED] - Test Cases/test_case_for_new_login_creds_excel_sheet: Test Cases/test_case_for_new_login_creds_excel_sheet

12-08-2024T16:54:58 - [TEST_STEP][PASSED] - refresh(): Refresh successfully

12-08-2024T16:54:58 - [MESSAGE][PASSED] - Refresh successfully

12-08-2024T16:54:58 - [TEST_STEP][PASSED] - delay(3): Delayed 3 second(s)

12-08-2024T16:55:01 - [MESSAGE][PASSED] - Delayed 3 second(s)

12-08-2024T16:55:01 - [TEST_STEP][PASSED] - verifyElementPresent(findTestObject("Object Repository/LOGIN_TEST_CASE_FOR_ORANGE_HRM/username_text_box_login_page"), 10): Object 'Object Repository/LOGIN_TEST_CASE_FOR_ORANGE_HRM/username_text_box_login_page' is present

12-08-2024T16:55:01 - [MESSAGE][PASSED] - Object 'Object Repository/LOGIN_TEST_CASE_FOR_ORANGE_HRM/username_text_box_login_page' is present

12-08-2024T16:55:01 - [TEST_STEP][PASSED] - click(findTestObject("Object Repository/LOGIN_TEST_CASE_FOR_ORANGE_HRM/username_text_box_login_page")): Object: 'Object Repository/LOGIN_TEST_CASE_FOR_ORANGE_HRM/username_text_box_login_page' is clicked on

12-08-2024T16:55:02 - [MESSAGE][PASSED] - Object: 'Object Repository/LOGIN_TEST_CASE_FOR_ORANGE_HRM/username_text_box_login_page' is clicked on

12-08-2024T16:55:02 - [TEST_STEP][PASSED] - setText(findTestObject("Object Repository/LOGIN_TEST_CASE_FOR_ORANGE_HRM/username_text_box_login_page"), User_name): Text 'User_name_NJmhsug' is set on object 'Object Repository/LOGIN_TEST_CASE_FOR_ORANGE_HRM/username_text_box_login_page'

12-08-2024T16:55:03 - [MESSAGE][PASSED] - Text 'User_name_NJmhsug' is set on object 'Object Repository/LOGIN_TEST_CASE_FOR_ORANGE_HRM/username_text_box_login_page'

12-08-2024T16:55:03 - [TEST_STEP][PASSED] - verifyElementPresent(findTestObject("Object Repository/LOGIN_TEST_CASE_FOR_ORANGE_HRM/password_text_box_for_login_page"), 10): Object 'Object Repository/LOGIN_TEST_CASE_FOR_ORANGE_HRM/password_text_box_for_login_page' is present

12-08-2024T16:55:03 - [MESSAGE][PASSED] - Object 'Object Repository/LOGIN_TEST_CASE_FOR_ORANGE_HRM/password_text_box_for_login_page' is present

12-08-2024T16:55:03 - [TEST_STEP][PASSED] - click(findTestObject("Object Repository/LOGIN_TEST_CASE_FOR_ORANGE_HRM/password_text_box_for_login_page")): Object: 'Object Repository/LOGIN_TEST_CASE_FOR_ORANGE_HRM/password_text_box_for_login_page' is clicked on

12-08-2024T16:55:03 - [MESSAGE][PASSED] - Object: 'Object Repository/LOGIN_TEST_CASE_FOR_ORANGE_HRM/password_text_box_for_login_page' is clicked on

12-08-2024T16:55:03 - [TEST_STEP][PASSED] - setText(findTestObject("Object Repository/LOGIN_TEST_CASE_FOR_ORANGE_HRM/password_text_box_for_login_page"), Password): Text 'Fiboo953050@@' is set on object 'Object Repository/LOGIN_TEST_CASE_FOR_ORANGE_HRM/password_text_box_for_login_page'

12-08-2024T16:55:04 - [MESSAGE][PASSED] - Text 'Fiboo953050@@' is set on object 'Object Repository/LOGIN_TEST_CASE_FOR_ORANGE_HRM/password_text_box_for_login_page'

12-08-2024T16:55:04 - [TEST_STEP][PASSED] - verifyElementPresent(findTestObject("Object Repository/LOGIN_TEST_CASE_FOR_ORANGE_HRM/login_button_for_login_page"), 10): Object 'Object Repository/LOGIN_TEST_CASE_FOR_ORANGE_HRM/login_button_for_login_page' is present

12-08-2024T16:55:04 - [MESSAGE][PASSED] - Object 'Object Repository/LOGIN_TEST_CASE_FOR_ORANGE_HRM/login_button_for_login_page' is present

12-08-2024T16:55:04 - [TEST_STEP][PASSED] - click(findTestObject("Object Repository/LOGIN_TEST_CASE_FOR_ORANGE_HRM/login_button_for_login_page")): Object: 'Object Repository/LOGIN_TEST_CASE_FOR_ORANGE_HRM/login_button_for_login_page' is clicked on

12-08-2024T16:55:05 - [MESSAGE][PASSED] - Object: 'Object Repository/LOGIN_TEST_CASE_FOR_ORANGE_HRM/login_button_for_login_page' is clicked on

12-08-2024T16:55:05 - [MESSAGE][PASSED] - Call Test Case 'Test Cases/test_case_for_new_login_creds_excel_sheet' successfully

12-08-2024T16:55:05 - [TEST_STEP][PASSED] - callTestCase(findTestCase("test_case_to_verify_data"), [:], STOP_ON_FAILURE): Call Test Case 'Test Cases/test_case_to_verify_data' successfully

12-08-2024T16:55:05 - [TEST_CASE][PASSED] - Test Cases/test_case_to_verify_data: Test Cases/test_case_to_verify_data

12-08-2024T16:55:05 - [TEST_STEP][PASSED] - delay(3): Delayed 3 second(s)

12-08-2024T16:55:08 - [MESSAGE][PASSED] - Delayed 3 second(s)

12-08-2024T16:55:08 - [TEST_STEP][PASSED] - click(findTestObject("to_verify_data/myinfo_option_from_side_bar")): Object: 'Object Repository/to_verify_data/myinfo_option_from_side_bar' is clicked on

12-08-2024T16:55:10 - [MESSAGE][PASSED] - Object: 'Object Repository/to_verify_data/myinfo_option_from_side_bar' is clicked on

12-08-2024T16:55:10 - [TEST_STEP][PASSED] - First_name = getAttribute(findTestObject("Object Repository/to_verify_data/first_name_text_box"), "value"): Attribute 'value' of object 'Object Repository/to_verify_data/first_name_text_box' is: 'First_name_oRHOmgL'

12-08-2024T16:55:12 - [MESSAGE][PASSED] - Attribute 'value' of object 'Object Repository/to_verify_data/first_name_text_box' is: 'First_name_oRHOmgL'

12-08-2024T16:55:12 - [TEST_STEP][PASSED] - out.println(First_name): null

12-08-2024T16:55:12 - [TEST_STEP][PASSED] - Middle_name = getAttribute(findTestObject("Object Repository/to_verify_data/middle_name_text_box"), "value"): Attribute 'value' of object 'Object Repository/to_verify_data/middle_name_text_box' is: 'Middle_name_jhVsWkS'

12-08-2024T16:55:12 - [MESSAGE][PASSED] - Attribute 'value' of object 'Object Repository/to_verify_data/middle_name_text_box' is: 'Middle_name_jhVsWkS'

12-08-2024T16:55:12 - [TEST_STEP][PASSED] - out.println(Middle_name): null

12-08-2024T16:55:12 - [TEST_STEP][PASSED] - Last_name = getAttribute(findTestObject("Object Repository/to_verify_data/last_name_text_box"), "value"): Attribute 'value' of object 'Object Repository/to_verify_data/last_name_text_box' is: 'Last_name_GjShQkP'

12-08-2024T16:55:13 - [MESSAGE][PASSED] - Attribute 'value' of object 'Object Repository/to_verify_data/last_name_text_box' is: 'Last_name_GjShQkP'

12-08-2024T16:55:13 - [TEST_STEP][PASSED] - out.println(Last_name): null

12-08-2024T16:55:13 - [TEST_STEP][PASSED] - employee_id = getAttribute(findTestObject("Object Repository/to_verify_data/employee_id"), "value"): Attribute 'value' of object 'Object Repository/to_verify_data/employee_id' is: '333387891'

12-08-2024T16:55:13 - [MESSAGE][PASSED] - Attribute 'value' of object 'Object Repository/to_verify_data/employee_id' is: '333387891'

12-08-2024T16:55:13 - [TEST_STEP][PASSED] - out.println(employee_id): null

12-08-2024T16:55:13 - [TEST_STEP][PASSED] - if (First_name == First_name): first name is same

12-08-2024T16:55:13 - [TEST_STEP][PASSED] - markPassed("first name is same"): first name is same

12-08-2024T16:55:13 - [MESSAGE][PASSED] - first name is same

12-08-2024T16:55:13 - [TEST_STEP][PASSED] - if (Middle_name == Middle_name): middle name is same

12-08-2024T16:55:13 - [TEST_STEP][PASSED] - markPassed("middle name is same"): middle name is same

12-08-2024T16:55:13 - [MESSAGE][PASSED] - middle name is same

12-08-2024T16:55:13 - [TEST_STEP][PASSED] - if (Last_name == Last_name): last name is same

12-08-2024T16:55:13 - [TEST_STEP][PASSED] - markPassed("last name is same"): last name is same

12-08-2024T16:55:13 - [MESSAGE][PASSED] - last name is same

12-08-2024T16:55:13 - [TEST_STEP][PASSED] - if (employee_id == employee_id): employee id is same

12-08-2024T16:55:13 - [TEST_STEP][PASSED] - markPassed("employee id is same"): employee id is same

12-08-2024T16:55:13 - [MESSAGE][PASSED] - employee id is same

12-08-2024T16:55:13 - [MESSAGE][PASSED] - Call Test Case 'Test Cases/test_case_to_verify_data' successfully

12-08-2024T16:55:13 - [TEST_STEP][PASSED] - callTestCase(findTestCase("logout_testcase"), [:], STOP_ON_FAILURE): Call Test Case 'Test Cases/logout_testcase' successfully

12-08-2024T16:55:13 - [TEST_CASE][PASSED] - Test Cases/logout_testcase: Test Cases/logout_testcase

12-08-2024T16:55:13 - [TEST_STEP][PASSED] - delay(3): Delayed 3 second(s)

12-08-2024T16:55:16 - [MESSAGE][PASSED] - Delayed 3 second(s)

12-08-2024T16:55:16 - [TEST_STEP][PASSED] - verifyElementPresent(findTestObject("logout_and_login_after_new_employee_added/userdropdown_for_logout_option"), 10): Object 'Object Repository/logout_and_login_after_new_employee_added/userdropdown_for_logout_option' is present

12-08-2024T16:55:16 - [MESSAGE][PASSED] - Object 'Object Repository/logout_and_login_after_new_employee_added/userdropdown_for_logout_option' is present

12-08-2024T16:55:16 - [TEST_STEP][PASSED] - delay(3): Delayed 3 second(s)

12-08-2024T16:55:19 - [MESSAGE][PASSED] - Delayed 3 second(s)

12-08-2024T16:55:19 - [TEST_STEP][PASSED] - click(findTestObject("logout_and_login_after_new_employee_added/userdropdown_for_logout_option")): Object: 'Object Repository/logout_and_login_after_new_employee_added/userdropdown_for_logout_option' is clicked on

12-08-2024T16:55:20 - [MESSAGE][PASSED] - Object: 'Object Repository/logout_and_login_after_new_employee_added/userdropdown_for_logout_option' is clicked on

12-08-2024T16:55:20 - [TEST_STEP][PASSED] - delay(3): Delayed 3 second(s)

12-08-2024T16:55:23 - [MESSAGE][PASSED] - Delayed 3 second(s)

12-08-2024T16:55:23 - [TEST_STEP][PASSED] - click(findTestObject("logout_and_login_after_new_employee_added/logout_option")): Object: 'Object Repository/logout_and_login_after_new_employee_added/logout_option' is clicked on

12-08-2024T16:55:24 - [MESSAGE][PASSED] - Object: 'Object Repository/logout_and_login_after_new_employee_added/logout_option' is clicked on

12-08-2024T16:55:24 - [TEST_STEP][PASSED] - delay(3): Delayed 3 second(s)

12-08-2024T16:55:27 - [MESSAGE][PASSED] - Delayed 3 second(s)

12-08-2024T16:55:27 - [MESSAGE][PASSED] - Call Test Case 'Test Cases/logout_testcase' successfully

12-08-2024T16:55:27 - [TEST_STEP][PASSED] - delay(3): Delayed 3 second(s)

12-08-2024T16:55:30 - [MESSAGE][PASSED] - Delayed 3 second(s)

12-08-2024T16:55:30 - [TEST_STEP][PASSED] - row = sheet.getRow(i): null

12-08-2024T16:55:30 - [TEST_STEP][PASSED] - firstName = getCell(0).getStringCellValue(): null

12-08-2024T16:55:30 - [TEST_STEP][PASSED] - Middlename = getCell(1).getStringCellValue(): null

12-08-2024T16:55:30 - [TEST_STEP][PASSED] - lastName = getCell(2).getStringCellValue(): null

12-08-2024T16:55:30 - [TEST_STEP][PASSED] - username = getCell(3).getStringCellValue(): null

12-08-2024T16:55:30 - [TEST_STEP][PASSED] - password = getCell(4).getStringCellValue(): null

12-08-2024T16:55:30 - [TEST_STEP][PASSED] - Employee_id = getCell(5).getStringCellValue(): null

12-08-2024T16:55:30 - [TEST_STEP][PASSED] - println("Logging in with Username: " + username + " and Password: " + password): null

12-08-2024T16:55:30 - [TEST_STEP][PASSED] - User_name = username: null

12-08-2024T16:55:30 - [TEST_STEP][PASSED] - Password = password: null

12-08-2024T16:55:30 - [TEST_STEP][PASSED] - First_name = firstName: null

12-08-2024T16:55:30 - [TEST_STEP][PASSED] - Last_name = lastName: null

12-08-2024T16:55:30 - [TEST_STEP][PASSED] - Middle_name = Middlename: null

12-08-2024T16:55:30 - [TEST_STEP][PASSED] - employee_id = Employee_id: null

12-08-2024T16:55:30 - [TEST_STEP][PASSED] - callTestCase(findTestCase("test_case_for_new_login_creds_excel_sheet"), [:], STOP_ON_FAILURE): Call Test Case 'Test Cases/test_case_for_new_login_creds_excel_sheet' successfully

12-08-2024T16:55:30 - [TEST_CASE][PASSED] - Test Cases/test_case_for_new_login_creds_excel_sheet: Test Cases/test_case_for_new_login_creds_excel_sheet

12-08-2024T16:55:30 - [TEST_STEP][PASSED] - refresh(): Refresh successfully

12-08-2024T16:55:31 - [MESSAGE][PASSED] - Refresh successfully

12-08-2024T16:55:31 - [TEST_STEP][PASSED] - delay(3): Delayed 3 second(s)

12-08-2024T16:55:34 - [MESSAGE][PASSED] - Delayed 3 second(s)

12-08-2024T16:55:34 - [TEST_STEP][PASSED] - verifyElementPresent(findTestObject("Object Repository/LOGIN_TEST_CASE_FOR_ORANGE_HRM/username_text_box_login_page"), 10): Object 'Object Repository/LOGIN_TEST_CASE_FOR_ORANGE_HRM/username_text_box_login_page' is present

12-08-2024T16:55:34 - [MESSAGE][PASSED] - Object 'Object Repository/LOGIN_TEST_CASE_FOR_ORANGE_HRM/username_text_box_login_page' is present

12-08-2024T16:55:34 - [TEST_STEP][PASSED] - click(findTestObject("Object Repository/LOGIN_TEST_CASE_FOR_ORANGE_HRM/username_text_box_login_page")): Object: 'Object Repository/LOGIN_TEST_CASE_FOR_ORANGE_HRM/username_text_box_login_page' is clicked on

12-08-2024T16:55:34 - [MESSAGE][PASSED] - Object: 'Object Repository/LOGIN_TEST_CASE_FOR_ORANGE_HRM/username_text_box_login_page' is clicked on

12-08-2024T16:55:34 - [TEST_STEP][PASSED] - setText(findTestObject("Object Repository/LOGIN_TEST_CASE_FOR_ORANGE_HRM/username_text_box_login_page"), User_name): Text 'User_name_XCcsvWU' is set on object 'Object Repository/LOGIN_TEST_CASE_FOR_ORANGE_HRM/username_text_box_login_page'

12-08-2024T16:55:35 - [MESSAGE][PASSED] - Text 'User_name_XCcsvWU' is set on object 'Object Repository/LOGIN_TEST_CASE_FOR_ORANGE_HRM/username_text_box_login_page'

12-08-2024T16:55:35 - [TEST_STEP][PASSED] - verifyElementPresent(findTestObject("Object Repository/LOGIN_TEST_CASE_FOR_ORANGE_HRM/password_text_box_for_login_page"), 10): Object 'Object Repository/LOGIN_TEST_CASE_FOR_ORANGE_HRM/password_text_box_for_login_page' is present

12-08-2024T16:55:35 - [MESSAGE][PASSED] - Object 'Object Repository/LOGIN_TEST_CASE_FOR_ORANGE_HRM/password_text_box_for_login_page' is present

12-08-2024T16:55:35 - [TEST_STEP][PASSED] - click(findTestObject("Object Repository/LOGIN_TEST_CASE_FOR_ORANGE_HRM/password_text_box_for_login_page")): Object: 'Object Repository/LOGIN_TEST_CASE_FOR_ORANGE_HRM/password_text_box_for_login_page' is clicked on

12-08-2024T16:55:36 - [MESSAGE][PASSED] - Object: 'Object Repository/LOGIN_TEST_CASE_FOR_ORANGE_HRM/password_text_box_for_login_page' is clicked on

12-08-2024T16:55:36 - [TEST_STEP][PASSED] - setText(findTestObject("Object Repository/LOGIN_TEST_CASE_FOR_ORANGE_HRM/password_text_box_for_login_page"), Password): Text 'Fiboo051572@@' is set on object 'Object Repository/LOGIN_TEST_CASE_FOR_ORANGE_HRM/password_text_box_for_login_page'

12-08-2024T16:55:37 - [MESSAGE][PASSED] - Text 'Fiboo051572@@' is set on object 'Object Repository/LOGIN_TEST_CASE_FOR_ORANGE_HRM/password_text_box_for_login_page'

12-08-2024T16:55:37 - [TEST_STEP][PASSED] - verifyElementPresent(findTestObject("Object Repository/LOGIN_TEST_CASE_FOR_ORANGE_HRM/login_button_for_login_page"), 10): Object 'Object Repository/LOGIN_TEST_CASE_FOR_ORANGE_HRM/login_button_for_login_page' is present

12-08-2024T16:55:37 - [MESSAGE][PASSED] - Object 'Object Repository/LOGIN_TEST_CASE_FOR_ORANGE_HRM/login_button_for_login_page' is present

12-08-2024T16:55:37 - [TEST_STEP][PASSED] - click(findTestObject("Object Repository/LOGIN_TEST_CASE_FOR_ORANGE_HRM/login_button_for_login_page")): Object: 'Object Repository/LOGIN_TEST_CASE_FOR_ORANGE_HRM/login_button_for_login_page' is clicked on

12-08-2024T16:55:37 - [MESSAGE][PASSED] - Object: 'Object Repository/LOGIN_TEST_CASE_FOR_ORANGE_HRM/login_button_for_login_page' is clicked on

12-08-2024T16:55:37 - [MESSAGE][PASSED] - Call Test Case 'Test Cases/test_case_for_new_login_creds_excel_sheet' successfully

12-08-2024T16:55:37 - [TEST_STEP][PASSED] - callTestCase(findTestCase("test_case_to_verify_data"), [:], STOP_ON_FAILURE): Call Test Case 'Test Cases/test_case_to_verify_data' successfully

12-08-2024T16:55:37 - [TEST_CASE][PASSED] - Test Cases/test_case_to_verify_data: Test Cases/test_case_to_verify_data

12-08-2024T16:55:37 - [TEST_STEP][PASSED] - delay(3): Delayed 3 second(s)

12-08-2024T16:55:40 - [MESSAGE][PASSED] - Delayed 3 second(s)

12-08-2024T16:55:40 - [TEST_STEP][PASSED] - click(findTestObject("to_verify_data/myinfo_option_from_side_bar")): Object: 'Object Repository/to_verify_data/myinfo_option_from_side_bar' is clicked on

12-08-2024T16:55:42 - [MESSAGE][PASSED] - Object: 'Object Repository/to_verify_data/myinfo_option_from_side_bar' is clicked on

12-08-2024T16:55:42 - [TEST_STEP][PASSED] - First_name = getAttribute(findTestObject("Object Repository/to_verify_data/first_name_text_box"), "value"): Attribute 'value' of object 'Object Repository/to_verify_data/first_name_text_box' is: 'First_name_AUwpsnp'

12-08-2024T16:55:44 - [MESSAGE][PASSED] - Attribute 'value' of object 'Object Repository/to_verify_data/first_name_text_box' is: 'First_name_AUwpsnp'

12-08-2024T16:55:44 - [TEST_STEP][PASSED] - out.println(First_name): null

12-08-2024T16:55:44 - [TEST_STEP][PASSED] - Middle_name = getAttribute(findTestObject("Object Repository/to_verify_data/middle_name_text_box"), "value"): Attribute 'value' of object 'Object Repository/to_verify_data/middle_name_text_box' is: 'Middle_name_nhvzGwR'

12-08-2024T16:55:44 - [MESSAGE][PASSED] - Attribute 'value' of object 'Object Repository/to_verify_data/middle_name_text_box' is: 'Middle_name_nhvzGwR'

12-08-2024T16:55:44 - [TEST_STEP][PASSED] - out.println(Middle_name): null

12-08-2024T16:55:44 - [TEST_STEP][PASSED] - Last_name = getAttribute(findTestObject("Object Repository/to_verify_data/last_name_text_box"), "value"): Attribute 'value' of object 'Object Repository/to_verify_data/last_name_text_box' is: 'Last_name_WZiLRrt'

12-08-2024T16:55:44 - [MESSAGE][PASSED] - Attribute 'value' of object 'Object Repository/to_verify_data/last_name_text_box' is: 'Last_name_WZiLRrt'

12-08-2024T16:55:44 - [TEST_STEP][PASSED] - out.println(Last_name): null

12-08-2024T16:55:44 - [TEST_STEP][PASSED] - employee_id = getAttribute(findTestObject("Object Repository/to_verify_data/employee_id"), "value"): Attribute 'value' of object 'Object Repository/to_verify_data/employee_id' is: '333247575'

12-08-2024T16:55:45 - [MESSAGE][PASSED] - Attribute 'value' of object 'Object Repository/to_verify_data/employee_id' is: '333247575'

12-08-2024T16:55:45 - [TEST_STEP][PASSED] - out.println(employee_id): null

12-08-2024T16:55:45 - [TEST_STEP][PASSED] - if (First_name == First_name): first name is same

12-08-2024T16:55:45 - [TEST_STEP][PASSED] - markPassed("first name is same"): first name is same

12-08-2024T16:55:45 - [MESSAGE][PASSED] - first name is same

12-08-2024T16:55:45 - [TEST_STEP][PASSED] - if (Middle_name == Middle_name): middle name is same

12-08-2024T16:55:45 - [TEST_STEP][PASSED] - markPassed("middle name is same"): middle name is same

12-08-2024T16:55:45 - [MESSAGE][PASSED] - middle name is same

12-08-2024T16:55:45 - [TEST_STEP][PASSED] - if (Last_name == Last_name): last name is same

12-08-2024T16:55:45 - [TEST_STEP][PASSED] - markPassed("last name is same"): last name is same

12-08-2024T16:55:45 - [MESSAGE][PASSED] - last name is same

12-08-2024T16:55:45 - [TEST_STEP][PASSED] - if (employee_id == employee_id): employee id is same

12-08-2024T16:55:45 - [TEST_STEP][PASSED] - markPassed("employee id is same"): employee id is same

12-08-2024T16:55:45 - [MESSAGE][PASSED] - employee id is same

12-08-2024T16:55:45 - [MESSAGE][PASSED] - Call Test Case 'Test Cases/test_case_to_verify_data' successfully

12-08-2024T16:55:45 - [TEST_STEP][PASSED] - callTestCase(findTestCase("logout_testcase"), [:], STOP_ON_FAILURE): Call Test Case 'Test Cases/logout_testcase' successfully

12-08-2024T16:55:45 - [TEST_CASE][PASSED] - Test Cases/logout_testcase: Test Cases/logout_testcase

12-08-2024T16:55:45 - [TEST_STEP][PASSED] - delay(3): Delayed 3 second(s)

12-08-2024T16:55:48 - [MESSAGE][PASSED] - Delayed 3 second(s)

12-08-2024T16:55:48 - [TEST_STEP][PASSED] - verifyElementPresent(findTestObject("logout_and_login_after_new_employee_added/userdropdown_for_logout_option"), 10): Object 'Object Repository/logout_and_login_after_new_employee_added/userdropdown_for_logout_option' is present

12-08-2024T16:55:48 - [MESSAGE][PASSED] - Object 'Object Repository/logout_and_login_after_new_employee_added/userdropdown_for_logout_option' is present

12-08-2024T16:55:48 - [TEST_STEP][PASSED] - delay(3): Delayed 3 second(s)

12-08-2024T16:55:51 - [MESSAGE][PASSED] - Delayed 3 second(s)

12-08-2024T16:55:51 - [TEST_STEP][PASSED] - click(findTestObject("logout_and_login_after_new_employee_added/userdropdown_for_logout_option")): Object: 'Object Repository/logout_and_login_after_new_employee_added/userdropdown_for_logout_option' is clicked on

12-08-2024T16:55:52 - [MESSAGE][PASSED] - Object: 'Object Repository/logout_and_login_after_new_employee_added/userdropdown_for_logout_option' is clicked on

12-08-2024T16:55:52 - [TEST_STEP][PASSED] - delay(3): Delayed 3 second(s)

12-08-2024T16:55:55 - [MESSAGE][PASSED] - Delayed 3 second(s)

12-08-2024T16:55:55 - [TEST_STEP][PASSED] - click(findTestObject("logout_and_login_after_new_employee_added/logout_option")): Object: 'Object Repository/logout_and_login_after_new_employee_added/logout_option' is clicked on

12-08-2024T16:55:56 - [MESSAGE][PASSED] - Object: 'Object Repository/logout_and_login_after_new_employee_added/logout_option' is clicked on

12-08-2024T16:55:56 - [TEST_STEP][PASSED] - delay(3): Delayed 3 second(s)

12-08-2024T16:55:59 - [MESSAGE][PASSED] - Delayed 3 second(s)

12-08-2024T16:55:59 - [MESSAGE][PASSED] - Call Test Case 'Test Cases/logout_testcase' successfully

12-08-2024T16:55:59 - [TEST_STEP][PASSED] - delay(3): Delayed 3 second(s)

12-08-2024T16:56:02 - [MESSAGE][PASSED] - Delayed 3 second(s)

12-08-2024T16:56:02 - [TEST_STEP][PASSED] - row = sheet.getRow(i): null

12-08-2024T16:56:02 - [TEST_STEP][PASSED] - firstName = getCell(0).getStringCellValue(): null

12-08-2024T16:56:02 - [TEST_STEP][PASSED] - Middlename = getCell(1).getStringCellValue(): null

12-08-2024T16:56:02 - [TEST_STEP][PASSED] - lastName = getCell(2).getStringCellValue(): null

12-08-2024T16:56:02 - [TEST_STEP][PASSED] - username = getCell(3).getStringCellValue(): null

12-08-2024T16:56:02 - [TEST_STEP][PASSED] - password = getCell(4).getStringCellValue(): null

12-08-2024T16:56:02 - [TEST_STEP][PASSED] - Employee_id = getCell(5).getStringCellValue(): null

12-08-2024T16:56:02 - [TEST_STEP][PASSED] - println("Logging in with Username: " + username + " and Password: " + password): null

12-08-2024T16:56:02 - [TEST_STEP][PASSED] - User_name = username: null

12-08-2024T16:56:02 - [TEST_STEP][PASSED] - Password = password: null

12-08-2024T16:56:02 - [TEST_STEP][PASSED] - First_name = firstName: null

12-08-2024T16:56:02 - [TEST_STEP][PASSED] - Last_name = lastName: null

12-08-2024T16:56:02 - [TEST_STEP][PASSED] - Middle_name = Middlename: null

12-08-2024T16:56:02 - [TEST_STEP][PASSED] - employee_id = Employee_id: null

12-08-2024T16:56:02 - [TEST_STEP][PASSED] - callTestCase(findTestCase("test_case_for_new_login_creds_excel_sheet"), [:], STOP_ON_FAILURE): Call Test Case 'Test Cases/test_case_for_new_login_creds_excel_sheet' successfully

12-08-2024T16:56:02 - [TEST_CASE][PASSED] - Test Cases/test_case_for_new_login_creds_excel_sheet: Test Cases/test_case_for_new_login_creds_excel_sheet

12-08-2024T16:56:02 - [TEST_STEP][PASSED] - refresh(): Refresh successfully

12-08-2024T16:56:03 - [MESSAGE][PASSED] - Refresh successfully

12-08-2024T16:56:03 - [TEST_STEP][PASSED] - delay(3): Delayed 3 second(s)

12-08-2024T16:56:06 - [MESSAGE][PASSED] - Delayed 3 second(s)

12-08-2024T16:56:06 - [TEST_STEP][PASSED] - verifyElementPresent(findTestObject("Object Repository/LOGIN_TEST_CASE_FOR_ORANGE_HRM/username_text_box_login_page"), 10): Object 'Object Repository/LOGIN_TEST_CASE_FOR_ORANGE_HRM/username_text_box_login_page' is present

12-08-2024T16:56:06 - [MESSAGE][PASSED] - Object 'Object Repository/LOGIN_TEST_CASE_FOR_ORANGE_HRM/username_text_box_login_page' is present

12-08-2024T16:56:06 - [TEST_STEP][PASSED] - click(findTestObject("Object Repository/LOGIN_TEST_CASE_FOR_ORANGE_HRM/username_text_box_login_page")): Object: 'Object Repository/LOGIN_TEST_CASE_FOR_ORANGE_HRM/username_text_box_login_page' is clicked on

12-08-2024T16:56:06 - [MESSAGE][PASSED] - Object: 'Object Repository/LOGIN_TEST_CASE_FOR_ORANGE_HRM/username_text_box_login_page' is clicked on

12-08-2024T16:56:06 - [TEST_STEP][PASSED] - setText(findTestObject("Object Repository/LOGIN_TEST_CASE_FOR_ORANGE_HRM/username_text_box_login_page"), User_name): Text 'User_name_vrfvoid' is set on object 'Object Repository/LOGIN_TEST_CASE_FOR_ORANGE_HRM/username_text_box_login_page'

12-08-2024T16:56:07 - [MESSAGE][PASSED] - Text 'User_name_vrfvoid' is set on object 'Object Repository/LOGIN_TEST_CASE_FOR_ORANGE_HRM/username_text_box_login_page'

12-08-2024T16:56:07 - [TEST_STEP][PASSED] - verifyElementPresent(findTestObject("Object Repository/LOGIN_TEST_CASE_FOR_ORANGE_HRM/password_text_box_for_login_page"), 10): Object 'Object Repository/LOGIN_TEST_CASE_FOR_ORANGE_HRM/password_text_box_for_login_page' is present

12-08-2024T16:56:07 - [MESSAGE][PASSED] - Object 'Object Repository/LOGIN_TEST_CASE_FOR_ORANGE_HRM/password_text_box_for_login_page' is present

12-08-2024T16:56:07 - [TEST_STEP][PASSED] - click(findTestObject("Object Repository/LOGIN_TEST_CASE_FOR_ORANGE_HRM/password_text_box_for_login_page")): Object: 'Object Repository/LOGIN_TEST_CASE_FOR_ORANGE_HRM/password_text_box_for_login_page' is clicked on

12-08-2024T16:56:08 - [MESSAGE][PASSED] - Object: 'Object Repository/LOGIN_TEST_CASE_FOR_ORANGE_HRM/password_text_box_for_login_page' is clicked on

12-08-2024T16:56:08 - [TEST_STEP][PASSED] - setText(findTestObject("Object Repository/LOGIN_TEST_CASE_FOR_ORANGE_HRM/password_text_box_for_login_page"), Password): Text 'Fiboo192186@@' is set on object 'Object Repository/LOGIN_TEST_CASE_FOR_ORANGE_HRM/password_text_box_for_login_page'

12-08-2024T16:56:09 - [MESSAGE][PASSED] - Text 'Fiboo192186@@' is set on object 'Object Repository/LOGIN_TEST_CASE_FOR_ORANGE_HRM/password_text_box_for_login_page'

12-08-2024T16:56:09 - [TEST_STEP][PASSED] - verifyElementPresent(findTestObject("Object Repository/LOGIN_TEST_CASE_FOR_ORANGE_HRM/login_button_for_login_page"), 10): Object 'Object Repository/LOGIN_TEST_CASE_FOR_ORANGE_HRM/login_button_for_login_page' is present

12-08-2024T16:56:09 - [MESSAGE][PASSED] - Object 'Object Repository/LOGIN_TEST_CASE_FOR_ORANGE_HRM/login_button_for_login_page' is present

12-08-2024T16:56:09 - [TEST_STEP][PASSED] - click(findTestObject("Object Repository/LOGIN_TEST_CASE_FOR_ORANGE_HRM/login_button_for_login_page")): Object: 'Object Repository/LOGIN_TEST_CASE_FOR_ORANGE_HRM/login_button_for_login_page' is clicked on

12-08-2024T16:56:09 - [MESSAGE][PASSED] - Object: 'Object Repository/LOGIN_TEST_CASE_FOR_ORANGE_HRM/login_button_for_login_page' is clicked on

12-08-2024T16:56:09 - [MESSAGE][PASSED] - Call Test Case 'Test Cases/test_case_for_new_login_creds_excel_sheet' successfully

12-08-2024T16:56:09 - [TEST_STEP][PASSED] - callTestCase(findTestCase("test_case_to_verify_data"), [:], STOP_ON_FAILURE): Call Test Case 'Test Cases/test_case_to_verify_data' successfully

12-08-2024T16:56:09 - [TEST_CASE][PASSED] - Test Cases/test_case_to_verify_data: Test Cases/test_case_to_verify_data

12-08-2024T16:56:09 - [TEST_STEP][PASSED] - delay(3): Delayed 3 second(s)

12-08-2024T16:56:12 - [MESSAGE][PASSED] - Delayed 3 second(s)

12-08-2024T16:56:12 - [TEST_STEP][PASSED] - click(findTestObject("to_verify_data/myinfo_option_from_side_bar")): Object: 'Object Repository/to_verify_data/myinfo_option_from_side_bar' is clicked on

12-08-2024T16:56:14 - [MESSAGE][PASSED] - Object: 'Object Repository/to_verify_data/myinfo_option_from_side_bar' is clicked on

12-08-2024T16:56:14 - [TEST_STEP][PASSED] - First_name = getAttribute(findTestObject("Object Repository/to_verify_data/first_name_text_box"), "value"): Attribute 'value' of object 'Object Repository/to_verify_data/first_name_text_box' is: 'First_name_DvKxRRr'

12-08-2024T16:56:16 - [MESSAGE][PASSED] - Attribute 'value' of object 'Object Repository/to_verify_data/first_name_text_box' is: 'First_name_DvKxRRr'

12-08-2024T16:56:16 - [TEST_STEP][PASSED] - out.println(First_name): null

12-08-2024T16:56:16 - [TEST_STEP][PASSED] - Middle_name = getAttribute(findTestObject("Object Repository/to_verify_data/middle_name_text_box"), "value"): Attribute 'value' of object 'Object Repository/to_verify_data/middle_name_text_box' is: 'Middle_name_lSegTAg'

12-08-2024T16:56:17 - [MESSAGE][PASSED] - Attribute 'value' of object 'Object Repository/to_verify_data/middle_name_text_box' is: 'Middle_name_lSegTAg'

12-08-2024T16:56:17 - [TEST_STEP][PASSED] - out.println(Middle_name): null

12-08-2024T16:56:17 - [TEST_STEP][PASSED] - Last_name = getAttribute(findTestObject("Object Repository/to_verify_data/last_name_text_box"), "value"): Attribute 'value' of object 'Object Repository/to_verify_data/last_name_text_box' is: 'Last_name_GBVFvAh'

12-08-2024T16:56:17 - [MESSAGE][PASSED] - Attribute 'value' of object 'Object Repository/to_verify_data/last_name_text_box' is: 'Last_name_GBVFvAh'

12-08-2024T16:56:17 - [TEST_STEP][PASSED] - out.println(Last_name): null

12-08-2024T16:56:17 - [TEST_STEP][PASSED] - employee_id = getAttribute(findTestObject("Object Repository/to_verify_data/employee_id"), "value"): Attribute 'value' of object 'Object Repository/to_verify_data/employee_id' is: '333132042'

12-08-2024T16:56:17 - [MESSAGE][PASSED] - Attribute 'value' of object 'Object Repository/to_verify_data/employee_id' is: '333132042'

12-08-2024T16:56:17 - [TEST_STEP][PASSED] - out.println(employee_id): null

12-08-2024T16:56:17 - [TEST_STEP][PASSED] - if (First_name == First_name): first name is same

12-08-2024T16:56:17 - [TEST_STEP][PASSED] - markPassed("first name is same"): first name is same

12-08-2024T16:56:17 - [MESSAGE][PASSED] - first name is same

12-08-2024T16:56:17 - [TEST_STEP][PASSED] - if (Middle_name == Middle_name): middle name is same

12-08-2024T16:56:17 - [TEST_STEP][PASSED] - markPassed("middle name is same"): middle name is same

12-08-2024T16:56:17 - [MESSAGE][PASSED] - middle name is same

12-08-2024T16:56:17 - [TEST_STEP][PASSED] - if (Last_name == Last_name): last name is same

12-08-2024T16:56:17 - [TEST_STEP][PASSED] - markPassed("last name is same"): last name is same

12-08-2024T16:56:17 - [MESSAGE][PASSED] - last name is same

12-08-2024T16:56:17 - [TEST_STEP][PASSED] - if (employee_id == employee_id): employee id is same

12-08-2024T16:56:17 - [TEST_STEP][PASSED] - markPassed("employee id is same"): employee id is same

12-08-2024T16:56:17 - [MESSAGE][PASSED] - employee id is same

12-08-2024T16:56:17 - [MESSAGE][PASSED] - Call Test Case 'Test Cases/test_case_to_verify_data' successfully

12-08-2024T16:56:17 - [TEST_STEP][PASSED] - callTestCase(findTestCase("logout_testcase"), [:], STOP_ON_FAILURE): Call Test Case 'Test Cases/logout_testcase' successfully

12-08-2024T16:56:17 - [TEST_CASE][PASSED] - Test Cases/logout_testcase: Test Cases/logout_testcase

12-08-2024T16:56:17 - [TEST_STEP][PASSED] - delay(3): Delayed 3 second(s)

12-08-2024T16:56:20 - [MESSAGE][PASSED] - Delayed 3 second(s)

12-08-2024T16:56:20 - [TEST_STEP][PASSED] - verifyElementPresent(findTestObject("logout_and_login_after_new_employee_added/userdropdown_for_logout_option"), 10): Object 'Object Repository/logout_and_login_after_new_employee_added/userdropdown_for_logout_option' is present

12-08-2024T16:56:20 - [MESSAGE][PASSED] - Object 'Object Repository/logout_and_login_after_new_employee_added/userdropdown_for_logout_option' is present

12-08-2024T16:56:20 - [TEST_STEP][PASSED] - delay(3): Delayed 3 second(s)

12-08-2024T16:56:23 - [MESSAGE][PASSED] - Delayed 3 second(s)

12-08-2024T16:56:23 - [TEST_STEP][PASSED] - click(findTestObject("logout_and_login_after_new_employee_added/userdropdown_for_logout_option")): Object: 'Object Repository/logout_and_login_after_new_employee_added/userdropdown_for_logout_option' is clicked on

12-08-2024T16:56:24 - [MESSAGE][PASSED] - Object: 'Object Repository/logout_and_login_after_new_employee_added/userdropdown_for_logout_option' is clicked on

12-08-2024T16:56:24 - [TEST_STEP][PASSED] - delay(3): Delayed 3 second(s)

12-08-2024T16:56:27 - [MESSAGE][PASSED] - Delayed 3 second(s)

12-08-2024T16:56:27 - [TEST_STEP][PASSED] - click(findTestObject("logout_and_login_after_new_employee_added/logout_option")): Object: 'Object Repository/logout_and_login_after_new_employee_added/logout_option' is clicked on

12-08-2024T16:56:28 - [MESSAGE][PASSED] - Object: 'Object Repository/logout_and_login_after_new_employee_added/logout_option' is clicked on

12-08-2024T16:56:28 - [TEST_STEP][PASSED] - delay(3): Delayed 3 second(s)

12-08-2024T16:56:31 - [MESSAGE][PASSED] - Delayed 3 second(s)

12-08-2024T16:56:31 - [MESSAGE][PASSED] - Call Test Case 'Test Cases/logout_testcase' successfully

12-08-2024T16:56:31 - [TEST_STEP][PASSED] - delay(3): Delayed 3 second(s)

12-08-2024T16:56:34 - [MESSAGE][PASSED] - Delayed 3 second(s)

12-08-2024T16:56:34 - [TEST_STEP][PASSED] - row = sheet.getRow(i): null

12-08-2024T16:56:34 - [TEST_STEP][PASSED] - firstName = getCell(0).getStringCellValue(): null

12-08-2024T16:56:34 - [TEST_STEP][PASSED] - Middlename = getCell(1).getStringCellValue(): null

12-08-2024T16:56:34 - [TEST_STEP][PASSED] - lastName = getCell(2).getStringCellValue(): null

12-08-2024T16:56:34 - [TEST_STEP][PASSED] - username = getCell(3).getStringCellValue(): null

12-08-2024T16:56:34 - [TEST_STEP][PASSED] - password = getCell(4).getStringCellValue(): null

12-08-2024T16:56:34 - [TEST_STEP][PASSED] - Employee_id = getCell(5).getStringCellValue(): null

12-08-2024T16:56:34 - [TEST_STEP][PASSED] - println("Logging in with Username: " + username + " and Password: " + password): null

12-08-2024T16:56:34 - [TEST_STEP][PASSED] - User_name = username: null

12-08-2024T16:56:34 - [TEST_STEP][PASSED] - Password = password: null

12-08-2024T16:56:34 - [TEST_STEP][PASSED] - First_name = firstName: null

12-08-2024T16:56:34 - [TEST_STEP][PASSED] - Last_name = lastName: null

12-08-2024T16:56:34 - [TEST_STEP][PASSED] - Middle_name = Middlename: null

12-08-2024T16:56:34 - [TEST_STEP][PASSED] - employee_id = Employee_id: null

12-08-2024T16:56:34 - [TEST_STEP][PASSED] - callTestCase(findTestCase("test_case_for_new_login_creds_excel_sheet"), [:], STOP_ON_FAILURE): Call Test Case 'Test Cases/test_case_for_new_login_creds_excel_sheet' successfully

12-08-2024T16:56:34 - [TEST_CASE][PASSED] - Test Cases/test_case_for_new_login_creds_excel_sheet: Test Cases/test_case_for_new_login_creds_excel_sheet

12-08-2024T16:56:34 - [TEST_STEP][PASSED] - refresh(): Refresh successfully

12-08-2024T16:56:35 - [MESSAGE][PASSED] - Refresh successfully

12-08-2024T16:56:35 - [TEST_STEP][PASSED] - delay(3): Delayed 3 second(s)

12-08-2024T16:56:38 - [MESSAGE][PASSED] - Delayed 3 second(s)

12-08-2024T16:56:38 - [TEST_STEP][PASSED] - verifyElementPresent(findTestObject("Object Repository/LOGIN_TEST_CASE_FOR_ORANGE_HRM/username_text_box_login_page"), 10): Object 'Object Repository/LOGIN_TEST_CASE_FOR_ORANGE_HRM/username_text_box_login_page' is present

12-08-2024T16:56:38 - [MESSAGE][PASSED] - Object 'Object Repository/LOGIN_TEST_CASE_FOR_ORANGE_HRM/username_text_box_login_page' is present

12-08-2024T16:56:38 - [TEST_STEP][PASSED] - click(findTestObject("Object Repository/LOGIN_TEST_CASE_FOR_ORANGE_HRM/username_text_box_login_page")): Object: 'Object Repository/LOGIN_TEST_CASE_FOR_ORANGE_HRM/username_text_box_login_page' is clicked on

12-08-2024T16:56:38 - [MESSAGE][PASSED] - Object: 'Object Repository/LOGIN_TEST_CASE_FOR_ORANGE_HRM/username_text_box_login_page' is clicked on

12-08-2024T16:56:38 - [TEST_STEP][PASSED] - setText(findTestObject("Object Repository/LOGIN_TEST_CASE_FOR_ORANGE_HRM/username_text_box_login_page"), User_name): Text 'User_name_snLBOGw' is set on object 'Object Repository/LOGIN_TEST_CASE_FOR_ORANGE_HRM/username_text_box_login_page'

12-08-2024T16:56:39 - [MESSAGE][PASSED] - Text 'User_name_snLBOGw' is set on object 'Object Repository/LOGIN_TEST_CASE_FOR_ORANGE_HRM/username_text_box_login_page'

12-08-2024T16:56:39 - [TEST_STEP][PASSED] - verifyElementPresent(findTestObject("Object Repository/LOGIN_TEST_CASE_FOR_ORANGE_HRM/password_text_box_for_login_page"), 10): Object 'Object Repository/LOGIN_TEST_CASE_FOR_ORANGE_HRM/password_text_box_for_login_page' is present

12-08-2024T16:56:39 - [MESSAGE][PASSED] - Object 'Object Repository/LOGIN_TEST_CASE_FOR_ORANGE_HRM/password_text_box_for_login_page' is present

12-08-2024T16:56:39 - [TEST_STEP][PASSED] - click(findTestObject("Object Repository/LOGIN_TEST_CASE_FOR_ORANGE_HRM/password_text_box_for_login_page")): Object: 'Object Repository/LOGIN_TEST_CASE_FOR_ORANGE_HRM/password_text_box_for_login_page' is clicked on

12-08-2024T16:56:40 - [MESSAGE][PASSED] - Object: 'Object Repository/LOGIN_TEST_CASE_FOR_ORANGE_HRM/password_text_box_for_login_page' is clicked on

12-08-2024T16:56:40 - [TEST_STEP][PASSED] - setText(findTestObject("Object Repository/LOGIN_TEST_CASE_FOR_ORANGE_HRM/password_text_box_for_login_page"), Password): Text 'Fiboo001247@@' is set on object 'Object Repository/LOGIN_TEST_CASE_FOR_ORANGE_HRM/password_text_box_for_login_page'

12-08-2024T16:56:41 - [MESSAGE][PASSED] - Text 'Fiboo001247@@' is set on object 'Object Repository/LOGIN_TEST_CASE_FOR_ORANGE_HRM/password_text_box_for_login_page'

12-08-2024T16:56:41 - [TEST_STEP][PASSED] - verifyElementPresent(findTestObject("Object Repository/LOGIN_TEST_CASE_FOR_ORANGE_HRM/login_button_for_login_page"), 10): Object 'Object Repository/LOGIN_TEST_CASE_FOR_ORANGE_HRM/login_button_for_login_page' is present

12-08-2024T16:56:41 - [MESSAGE][PASSED] - Object 'Object Repository/LOGIN_TEST_CASE_FOR_ORANGE_HRM/login_button_for_login_page' is present

12-08-2024T16:56:41 - [TEST_STEP][PASSED] - click(findTestObject("Object Repository/LOGIN_TEST_CASE_FOR_ORANGE_HRM/login_button_for_login_page")): Object: 'Object Repository/LOGIN_TEST_CASE_FOR_ORANGE_HRM/login_button_for_login_page' is clicked on

12-08-2024T16:56:41 - [MESSAGE][PASSED] - Object: 'Object Repository/LOGIN_TEST_CASE_FOR_ORANGE_HRM/login_button_for_login_page' is clicked on

12-08-2024T16:56:41 - [MESSAGE][PASSED] - Call Test Case 'Test Cases/test_case_for_new_login_creds_excel_sheet' successfully

12-08-2024T16:56:41 - [TEST_STEP][PASSED] - callTestCase(findTestCase("test_case_to_verify_data"), [:], STOP_ON_FAILURE): Call Test Case 'Test Cases/test_case_to_verify_data' successfully

12-08-2024T16:56:41 - [TEST_CASE][PASSED] - Test Cases/test_case_to_verify_data: Test Cases/test_case_to_verify_data

12-08-2024T16:56:41 - [TEST_STEP][PASSED] - delay(3): Delayed 3 second(s)

12-08-2024T16:56:44 - [MESSAGE][PASSED] - Delayed 3 second(s)

12-08-2024T16:56:44 - [TEST_STEP][PASSED] - click(findTestObject("to_verify_data/myinfo_option_from_side_bar")): Object: 'Object Repository/to_verify_data/myinfo_option_from_side_bar' is clicked on

12-08-2024T16:56:50 - [MESSAGE][PASSED] - Object: 'Object Repository/to_verify_data/myinfo_option_from_side_bar' is clicked on

12-08-2024T16:56:50 - [TEST_STEP][PASSED] - First_name = getAttribute(findTestObject("Object Repository/to_verify_data/first_name_text_box"), "value"): Attribute 'value' of object 'Object Repository/to_verify_data/first_name_text_box' is: 'First_name_yiKOGlw'

12-08-2024T16:56:55 - [MESSAGE][PASSED] - Attribute 'value' of object 'Object Repository/to_verify_data/first_name_text_box' is: 'First_name_yiKOGlw'

12-08-2024T16:56:55 - [TEST_STEP][PASSED] - out.println(First_name): null

12-08-2024T16:56:55 - [TEST_STEP][PASSED] - Middle_name = getAttribute(findTestObject("Object Repository/to_verify_data/middle_name_text_box"), "value"): Attribute 'value' of object 'Object Repository/to_verify_data/middle_name_text_box' is: 'Middle_name_Hylpckm'

12-08-2024T16:56:56 - [MESSAGE][PASSED] - Attribute 'value' of object 'Object Repository/to_verify_data/middle_name_text_box' is: 'Middle_name_Hylpckm'

12-08-2024T16:56:56 - [TEST_STEP][PASSED] - out.println(Middle_name): null

12-08-2024T16:56:56 - [TEST_STEP][PASSED] - Last_name = getAttribute(findTestObject("Object Repository/to_verify_data/last_name_text_box"), "value"): Attribute 'value' of object 'Object Repository/to_verify_data/last_name_text_box' is: 'Last_name_PHMvylk'

12-08-2024T16:56:56 - [MESSAGE][PASSED] - Attribute 'value' of object 'Object Repository/to_verify_data/last_name_text_box' is: 'Last_name_PHMvylk'

12-08-2024T16:56:56 - [TEST_STEP][PASSED] - out.println(Last_name): null

12-08-2024T16:56:56 - [TEST_STEP][PASSED] - employee_id = getAttribute(findTestObject("Object Repository/to_verify_data/employee_id"), "value"): Attribute 'value' of object 'Object Repository/to_verify_data/employee_id' is: '333029842'

12-08-2024T16:56:56 - [MESSAGE][PASSED] - Attribute 'value' of object 'Object Repository/to_verify_data/employee_id' is: '333029842'

12-08-2024T16:56:56 - [TEST_STEP][PASSED] - out.println(employee_id): null

12-08-2024T16:56:56 - [TEST_STEP][PASSED] - if (First_name == First_name): first name is same

12-08-2024T16:56:56 - [TEST_STEP][PASSED] - markPassed("first name is same"): first name is same

12-08-2024T16:56:56 - [MESSAGE][PASSED] - first name is same

12-08-2024T16:56:56 - [TEST_STEP][PASSED] - if (Middle_name == Middle_name): middle name is same

12-08-2024T16:56:56 - [TEST_STEP][PASSED] - markPassed("middle name is same"): middle name is same

12-08-2024T16:56:56 - [MESSAGE][PASSED] - middle name is same

12-08-2024T16:56:56 - [TEST_STEP][PASSED] - if (Last_name == Last_name): last name is same

12-08-2024T16:56:56 - [TEST_STEP][PASSED] - markPassed("last name is same"): last name is same

12-08-2024T16:56:56 - [MESSAGE][PASSED] - last name is same

12-08-2024T16:56:56 - [TEST_STEP][PASSED] - if (employee_id == employee_id): employee id is same

12-08-2024T16:56:56 - [TEST_STEP][PASSED] - markPassed("employee id is same"): employee id is same

12-08-2024T16:56:56 - [MESSAGE][PASSED] - employee id is same

12-08-2024T16:56:56 - [MESSAGE][PASSED] - Call Test Case 'Test Cases/test_case_to_verify_data' successfully

12-08-2024T16:56:56 - [TEST_STEP][PASSED] - callTestCase(findTestCase("logout_testcase"), [:], STOP_ON_FAILURE): Call Test Case 'Test Cases/logout_testcase' successfully

12-08-2024T16:56:56 - [TEST_CASE][PASSED] - Test Cases/logout_testcase: Test Cases/logout_testcase

12-08-2024T16:56:56 - [TEST_STEP][PASSED] - delay(3): Delayed 3 second(s)

12-08-2024T16:56:59 - [MESSAGE][PASSED] - Delayed 3 second(s)

12-08-2024T16:56:59 - [TEST_STEP][PASSED] - verifyElementPresent(findTestObject("logout_and_login_after_new_employee_added/userdropdown_for_logout_option"), 10): Object 'Object Repository/logout_and_login_after_new_employee_added/userdropdown_for_logout_option' is present

12-08-2024T16:57:00 - [MESSAGE][PASSED] - Object 'Object Repository/logout_and_login_after_new_employee_added/userdropdown_for_logout_option' is present

12-08-2024T16:57:00 - [TEST_STEP][PASSED] - delay(3): Delayed 3 second(s)

12-08-2024T16:57:03 - [MESSAGE][PASSED] - Delayed 3 second(s)

12-08-2024T16:57:03 - [TEST_STEP][PASSED] - click(findTestObject("logout_and_login_after_new_employee_added/userdropdown_for_logout_option")): Object: 'Object Repository/logout_and_login_after_new_employee_added/userdropdown_for_logout_option' is clicked on

12-08-2024T16:57:03 - [MESSAGE][PASSED] - Object: 'Object Repository/logout_and_login_after_new_employee_added/userdropdown_for_logout_option' is clicked on

12-08-2024T16:57:03 - [TEST_STEP][PASSED] - delay(3): Delayed 3 second(s)

12-08-2024T16:57:06 - [MESSAGE][PASSED] - Delayed 3 second(s)

12-08-2024T16:57:06 - [TEST_STEP][PASSED] - click(findTestObject("logout_and_login_after_new_employee_added/logout_option")): Object: 'Object Repository/logout_and_login_after_new_employee_added/logout_option' is clicked on

12-08-2024T16:57:08 - [MESSAGE][PASSED] - Object: 'Object Repository/logout_and_login_after_new_employee_added/logout_option' is clicked on

12-08-2024T16:57:08 - [TEST_STEP][PASSED] - delay(3): Delayed 3 second(s)

12-08-2024T16:57:11 - [MESSAGE][PASSED] - Delayed 3 second(s)

12-08-2024T16:57:11 - [MESSAGE][PASSED] - Call Test Case 'Test Cases/logout_testcase' successfully

12-08-2024T16:57:11 - [TEST_STEP][PASSED] - delay(3): Delayed 3 second(s)

12-08-2024T16:57:14 - [MESSAGE][PASSED] - Delayed 3 second(s)

12-08-2024T16:57:14 - [TEST_STEP][PASSED] - row = sheet.getRow(i): null

12-08-2024T16:57:14 - [TEST_STEP][PASSED] - firstName = getCell(0).getStringCellValue(): null

12-08-2024T16:57:14 - [TEST_STEP][PASSED] - Middlename = getCell(1).getStringCellValue(): null

12-08-2024T16:57:14 - [TEST_STEP][PASSED] - lastName = getCell(2).getStringCellValue(): null

12-08-2024T16:57:14 - [TEST_STEP][PASSED] - username = getCell(3).getStringCellValue(): null

12-08-2024T16:57:14 - [TEST_STEP][PASSED] - password = getCell(4).getStringCellValue(): null

12-08-2024T16:57:14 - [TEST_STEP][PASSED] - Employee_id = getCell(5).getStringCellValue(): null

12-08-2024T16:57:14 - [TEST_STEP][PASSED] - println("Logging in with Username: " + username + " and Password: " + password): null

12-08-2024T16:57:14 - [TEST_STEP][PASSED] - User_name = username: null

12-08-2024T16:57:14 - [TEST_STEP][PASSED] - Password = password: null

12-08-2024T16:57:14 - [TEST_STEP][PASSED] - First_name = firstName: null

12-08-2024T16:57:14 - [TEST_STEP][PASSED] - Last_name = lastName: null

12-08-2024T16:57:14 - [TEST_STEP][PASSED] - Middle_name = Middlename: null

12-08-2024T16:57:14 - [TEST_STEP][PASSED] - employee_id = Employee_id: null

12-08-2024T16:57:14 - [TEST_STEP][PASSED] - callTestCase(findTestCase("test_case_for_new_login_creds_excel_sheet"), [:], STOP_ON_FAILURE): Call Test Case 'Test Cases/test_case_for_new_login_creds_excel_sheet' successfully

12-08-2024T16:57:14 - [TEST_CASE][PASSED] - Test Cases/test_case_for_new_login_creds_excel_sheet: Test Cases/test_case_for_new_login_creds_excel_sheet

12-08-2024T16:57:14 - [TEST_STEP][PASSED] - refresh(): Refresh successfully

12-08-2024T16:57:14 - [MESSAGE][PASSED] - Refresh successfully

12-08-2024T16:57:14 - [TEST_STEP][PASSED] - delay(3): Delayed 3 second(s)

12-08-2024T16:57:17 - [MESSAGE][PASSED] - Delayed 3 second(s)

12-08-2024T16:57:17 - [TEST_STEP][PASSED] - verifyElementPresent(findTestObject("Object Repository/LOGIN_TEST_CASE_FOR_ORANGE_HRM/username_text_box_login_page"), 10): Object 'Object Repository/LOGIN_TEST_CASE_FOR_ORANGE_HRM/username_text_box_login_page' is present

12-08-2024T16:57:18 - [MESSAGE][PASSED] - Object 'Object Repository/LOGIN_TEST_CASE_FOR_ORANGE_HRM/username_text_box_login_page' is present

12-08-2024T16:57:18 - [TEST_STEP][PASSED] - click(findTestObject("Object Repository/LOGIN_TEST_CASE_FOR_ORANGE_HRM/username_text_box_login_page")): Object: 'Object Repository/LOGIN_TEST_CASE_FOR_ORANGE_HRM/username_text_box_login_page' is clicked on

12-08-2024T16:57:18 - [MESSAGE][PASSED] - Object: 'Object Repository/LOGIN_TEST_CASE_FOR_ORANGE_HRM/username_text_box_login_page' is clicked on

12-08-2024T16:57:18 - [TEST_STEP][PASSED] - setText(findTestObject("Object Repository/LOGIN_TEST_CASE_FOR_ORANGE_HRM/username_text_box_login_page"), User_name): Text 'User_name_JmSFfrs' is set on object 'Object Repository/LOGIN_TEST_CASE_FOR_ORANGE_HRM/username_text_box_login_page'

12-08-2024T16:57:19 - [MESSAGE][PASSED] - Text 'User_name_JmSFfrs' is set on object 'Object Repository/LOGIN_TEST_CASE_FOR_ORANGE_HRM/username_text_box_login_page'

12-08-2024T16:57:19 - [TEST_STEP][PASSED] - verifyElementPresent(findTestObject("Object Repository/LOGIN_TEST_CASE_FOR_ORANGE_HRM/password_text_box_for_login_page"), 10): Object 'Object Repository/LOGIN_TEST_CASE_FOR_ORANGE_HRM/password_text_box_for_login_page' is present

12-08-2024T16:57:19 - [MESSAGE][PASSED] - Object 'Object Repository/LOGIN_TEST_CASE_FOR_ORANGE_HRM/password_text_box_for_login_page' is present

12-08-2024T16:57:19 - [TEST_STEP][PASSED] - click(findTestObject("Object Repository/LOGIN_TEST_CASE_FOR_ORANGE_HRM/password_text_box_for_login_page")): Object: 'Object Repository/LOGIN_TEST_CASE_FOR_ORANGE_HRM/password_text_box_for_login_page' is clicked on

12-08-2024T16:57:19 - [MESSAGE][PASSED] - Object: 'Object Repository/LOGIN_TEST_CASE_FOR_ORANGE_HRM/password_text_box_for_login_page' is clicked on

12-08-2024T16:57:19 - [TEST_STEP][PASSED] - setText(findTestObject("Object Repository/LOGIN_TEST_CASE_FOR_ORANGE_HRM/password_text_box_for_login_page"), Password): Text 'Fiboo783702@@' is set on object 'Object Repository/LOGIN_TEST_CASE_FOR_ORANGE_HRM/password_text_box_for_login_page'

12-08-2024T16:57:20 - [MESSAGE][PASSED] - Text 'Fiboo783702@@' is set on object 'Object Repository/LOGIN_TEST_CASE_FOR_ORANGE_HRM/password_text_box_for_login_page'

12-08-2024T16:57:20 - [TEST_STEP][PASSED] - verifyElementPresent(findTestObject("Object Repository/LOGIN_TEST_CASE_FOR_ORANGE_HRM/login_button_for_login_page"), 10): Object 'Object Repository/LOGIN_TEST_CASE_FOR_ORANGE_HRM/login_button_for_login_page' is present

12-08-2024T16:57:20 - [MESSAGE][PASSED] - Object 'Object Repository/LOGIN_TEST_CASE_FOR_ORANGE_HRM/login_button_for_login_page' is present

12-08-2024T16:57:20 - [TEST_STEP][PASSED] - click(findTestObject("Object Repository/LOGIN_TEST_CASE_FOR_ORANGE_HRM/login_button_for_login_page")): Object: 'Object Repository/LOGIN_TEST_CASE_FOR_ORANGE_HRM/login_button_for_login_page' is clicked on

12-08-2024T16:57:21 - [MESSAGE][PASSED] - Object: 'Object Repository/LOGIN_TEST_CASE_FOR_ORANGE_HRM/login_button_for_login_page' is clicked on

12-08-2024T16:57:21 - [MESSAGE][PASSED] - Call Test Case 'Test Cases/test_case_for_new_login_creds_excel_sheet' successfully

12-08-2024T16:57:21 - [TEST_STEP][PASSED] - callTestCase(findTestCase("test_case_to_verify_data"), [:], STOP_ON_FAILURE): Call Test Case 'Test Cases/test_case_to_verify_data' successfully

12-08-2024T16:57:21 - [TEST_CASE][PASSED] - Test Cases/test_case_to_verify_data: Test Cases/test_case_to_verify_data

12-08-2024T16:57:21 - [TEST_STEP][PASSED] - delay(3): Delayed 3 second(s)

12-08-2024T16:57:24 - [MESSAGE][PASSED] - Delayed 3 second(s)

12-08-2024T16:57:24 - [TEST_STEP][PASSED] - click(findTestObject("to_verify_data/myinfo_option_from_side_bar")): Object: 'Object Repository/to_verify_data/myinfo_option_from_side_bar' is clicked on

12-08-2024T16:57:26 - [MESSAGE][PASSED] - Object: 'Object Repository/to_verify_data/myinfo_option_from_side_bar' is clicked on

12-08-2024T16:57:26 - [TEST_STEP][PASSED] - First_name = getAttribute(findTestObject("Object Repository/to_verify_data/first_name_text_box"), "value"): Attribute 'value' of object 'Object Repository/to_verify_data/first_name_text_box' is: 'First_name_AyNzren'

12-08-2024T16:57:29 - [MESSAGE][PASSED] - Attribute 'value' of object 'Object Repository/to_verify_data/first_name_text_box' is: 'First_name_AyNzren'

12-08-2024T16:57:29 - [TEST_STEP][PASSED] - out.println(First_name): null

12-08-2024T16:57:29 - [TEST_STEP][PASSED] - Middle_name = getAttribute(findTestObject("Object Repository/to_verify_data/middle_name_text_box"), "value"): Attribute 'value' of object 'Object Repository/to_verify_data/middle_name_text_box' is: 'Middle_name_OuIERKe'

12-08-2024T16:57:29 - [MESSAGE][PASSED] - Attribute 'value' of object 'Object Repository/to_verify_data/middle_name_text_box' is: 'Middle_name_OuIERKe'

12-08-2024T16:57:29 - [TEST_STEP][PASSED] - out.println(Middle_name): null

12-08-2024T16:57:29 - [TEST_STEP][PASSED] - Last_name = getAttribute(findTestObject("Object Repository/to_verify_data/last_name_text_box"), "value"): Attribute 'value' of object 'Object Repository/to_verify_data/last_name_text_box' is: 'Last_name_pUjdnpv'

12-08-2024T16:57:29 - [MESSAGE][PASSED] - Attribute 'value' of object 'Object Repository/to_verify_data/last_name_text_box' is: 'Last_name_pUjdnpv'

12-08-2024T16:57:29 - [TEST_STEP][PASSED] - out.println(Last_name): null

12-08-2024T16:57:29 - [TEST_STEP][PASSED] - employee_id = getAttribute(findTestObject("Object Repository/to_verify_data/employee_id"), "value"): Attribute 'value' of object 'Object Repository/to_verify_data/employee_id' is: '333609610'

12-08-2024T16:57:30 - [MESSAGE][PASSED] - Attribute 'value' of object 'Object Repository/to_verify_data/employee_id' is: '333609610'

12-08-2024T16:57:30 - [TEST_STEP][PASSED] - out.println(employee_id): null

12-08-2024T16:57:30 - [TEST_STEP][PASSED] - if (First_name == First_name): first name is same

12-08-2024T16:57:30 - [TEST_STEP][PASSED] - markPassed("first name is same"): first name is same

12-08-2024T16:57:30 - [MESSAGE][PASSED] - first name is same

12-08-2024T16:57:30 - [TEST_STEP][PASSED] - if (Middle_name == Middle_name): middle name is same

12-08-2024T16:57:30 - [TEST_STEP][PASSED] - markPassed("middle name is same"): middle name is same

12-08-2024T16:57:30 - [MESSAGE][PASSED] - middle name is same

12-08-2024T16:57:30 - [TEST_STEP][PASSED] - if (Last_name == Last_name): last name is same

12-08-2024T16:57:30 - [TEST_STEP][PASSED] - markPassed("last name is same"): last name is same

12-08-2024T16:57:30 - [MESSAGE][PASSED] - last name is same

12-08-2024T16:57:30 - [TEST_STEP][PASSED] - if (employee_id == employee_id): employee id is same

12-08-2024T16:57:30 - [TEST_STEP][PASSED] - markPassed("employee id is same"): employee id is same

12-08-2024T16:57:30 - [MESSAGE][PASSED] - employee id is same

12-08-2024T16:57:30 - [MESSAGE][PASSED] - Call Test Case 'Test Cases/test_case_to_verify_data' successfully

12-08-2024T16:57:30 - [TEST_STEP][PASSED] - callTestCase(findTestCase("logout_testcase"), [:], STOP_ON_FAILURE): Call Test Case 'Test Cases/logout_testcase' successfully

12-08-2024T16:57:30 - [TEST_CASE][PASSED] - Test Cases/logout_testcase: Test Cases/logout_testcase

12-08-2024T16:57:30 - [TEST_STEP][PASSED] - delay(3): Delayed 3 second(s)

12-08-2024T16:57:33 - [MESSAGE][PASSED] - Delayed 3 second(s)

12-08-2024T16:57:33 - [TEST_STEP][PASSED] - verifyElementPresent(findTestObject("logout_and_login_after_new_employee_added/userdropdown_for_logout_option"), 10): Object 'Object Repository/logout_and_login_after_new_employee_added/userdropdown_for_logout_option' is present

12-08-2024T16:57:33 - [MESSAGE][PASSED] - Object 'Object Repository/logout_and_login_after_new_employee_added/userdropdown_for_logout_option' is present

12-08-2024T16:57:33 - [TEST_STEP][PASSED] - delay(3): Delayed 3 second(s)

12-08-2024T16:57:36 - [MESSAGE][PASSED] - Delayed 3 second(s)

12-08-2024T16:57:36 - [TEST_STEP][PASSED] - click(findTestObject("logout_and_login_after_new_employee_added/userdropdown_for_logout_option")): Object: 'Object Repository/logout_and_login_after_new_employee_added/userdropdown_for_logout_option' is clicked on

12-08-2024T16:57:36 - [MESSAGE][PASSED] - Object: 'Object Repository/logout_and_login_after_new_employee_added/userdropdown_for_logout_option' is clicked on

12-08-2024T16:57:36 - [TEST_STEP][PASSED] - delay(3): Delayed 3 second(s)

12-08-2024T16:57:39 - [MESSAGE][PASSED] - Delayed 3 second(s)

12-08-2024T16:57:39 - [TEST_STEP][PASSED] - click(findTestObject("logout_and_login_after_new_employee_added/logout_option")): Object: 'Object Repository/logout_and_login_after_new_employee_added/logout_option' is clicked on

12-08-2024T16:57:41 - [MESSAGE][PASSED] - Object: 'Object Repository/logout_and_login_after_new_employee_added/logout_option' is clicked on

12-08-2024T16:57:41 - [TEST_STEP][PASSED] - delay(3): Delayed 3 second(s)

12-08-2024T16:57:44 - [MESSAGE][PASSED] - Delayed 3 second(s)

12-08-2024T16:57:44 - [MESSAGE][PASSED] - Call Test Case 'Test Cases/logout_testcase' successfully

12-08-2024T16:57:44 - [TEST_STEP][PASSED] - fis.close(): null

12-08-2024T16:57:44 - [TEST_STEP][PASSED] - workbook.close(): null

12-08-2024T16:57:44 - [TEST_STEP][PASSED] - println("Login process completed using data from Excel."): null

12-08-2024T16:57:44 - [MESSAGE][PASSED] - Call Test Case 'Test Cases/test_case_for_excel_automation_and_verifiying_data_in_excel' successfully]]></system-out>
         <system-err><![CDATA[]]></system-err>
      </testcase>
      <system-out><![CDATA[12-08-2024T16:36:42 - [TEST_SUITE][PASSED] - test_suite_for_excel_automation: Test Cases/test_case_for_excel_automation]]></system-out>
      <system-err><![CDATA[]]></system-err>
   </testsuite>
</testsuites>
