<?xml version="1.0" encoding="UTF-8"?>
<testsuites name="test_suite_for_ornange_hrm_with_mail_automation" time="100.247" tests="8" failures="0" errors="0">
   <testsuite name="test_suite_for_ornange_hrm_with_mail_automation" tests="8" failures="0" errors="0" time="100.247" skipped="0" timestamp="10-08-2024T19:52:27" hostname="DELL - host.docker.internal" id="Test Suites/test_suite_for_ornange_hrm_with_mail_automation">
      <properties>
         <property name="deviceName" value=""/>
         <property name="devicePlatform"/>
         <property name="logFolder" value="C:\\Users\\DELL\\git\\ornage_hrm_with_new_mail_feature\\Reports\\20240810_195221\\test_suite_for_ornange_hrm_with_mail_automation\\20240810_195221"/>
         <property name="logFiles" value="C:\\Users\\DELL\\git\\ornage_hrm_with_new_mail_feature\\Reports\\20240810_195221\\test_suite_for_ornange_hrm_with_mail_automation\\20240810_195221\\execution0.log"/>
         <property name="attachments" value=""/>
         <property name="hostName" value="DELL - host.docker.internal"/>
         <property name="os" value="Windows 11 64bit"/>
         <property name="katalonVersion" value="9.5.0.217"/>
         <property name="browser" value="Chrome 127.0.0.0"/>
         <property name="hostAddress" value="192.168.31.251"/>
         <property name="sessionId" value="bceab4c964ec6eb401605d814f0e1a97"/>
         <property name="seleniumVersion" value="3.141.59"/>
         <property name="proxyInformation" value="ProxyInformation { proxyOption=NO_PROXY, proxyServerType=HTTP, username=, password=********, proxyServerAddress=, proxyServerPort=0, executionList=&quot;&quot;, isApplyToDesiredCapabilities=true }"/>
         <property name="platform" value="Windows 11"/>
      </properties>
      <testcase name="Test Cases/LOGIN_TEST_CASE_FOR_ORANGE_HRM" time="22.409" classname="Test Cases/LOGIN_TEST_CASE_FOR_ORANGE_HRM" status="PASSED">
         <system-out><![CDATA[10-08-2024T19:52:28 - [TEST_CASE][PASSED] - Test Cases/LOGIN_TEST_CASE_FOR_ORANGE_HRM: Test Cases/LOGIN_TEST_CASE_FOR_ORANGE_HRM

10-08-2024T19:52:28 - [TEST_STEP][PASSED] - openBrowser(""): Browser is opened with url: ''

10-08-2024T19:52:28 - [MESSAGE][INFO] - Starting 'Chrome' driver

10-08-2024T19:52:29 - [MESSAGE][INFO] - Action delay is set to 0 milliseconds

10-08-2024T19:52:30 - [MESSAGE][PASSED] - Browser is opened with url: ''

10-08-2024T19:52:30 - [TEST_STEP][PASSED] - maximizeWindow(): Current window maximized

10-08-2024T19:52:31 - [MESSAGE][PASSED] - Current window maximized

10-08-2024T19:52:31 - [TEST_STEP][PASSED] - navigateToUrl("https://opensource-demo.orangehrmlive.com/web/index.php/auth/login"): Navigate to 'https://opensource-demo.orangehrmlive.com/web/index.php/auth/login' successfully

10-08-2024T19:52:45 - [MESSAGE][PASSED] - Navigate to 'https://opensource-demo.orangehrmlive.com/web/index.php/auth/login' successfully

10-08-2024T19:52:45 - [TEST_STEP][PASSED] - verifyElementPresent(findTestObject("Object Repository/LOGIN_TEST_CASE_FOR_ORANGE_HRM/username_text_box_login_page"), 10): Object 'Object Repository/LOGIN_TEST_CASE_FOR_ORANGE_HRM/username_text_box_login_page' is present

10-08-2024T19:52:46 - [MESSAGE][PASSED] - Object 'Object Repository/LOGIN_TEST_CASE_FOR_ORANGE_HRM/username_text_box_login_page' is present

10-08-2024T19:52:46 - [TEST_STEP][PASSED] - click(findTestObject("Object Repository/LOGIN_TEST_CASE_FOR_ORANGE_HRM/username_text_box_login_page")): Object: 'Object Repository/LOGIN_TEST_CASE_FOR_ORANGE_HRM/username_text_box_login_page' is clicked on

10-08-2024T19:52:46 - [MESSAGE][PASSED] - Object: 'Object Repository/LOGIN_TEST_CASE_FOR_ORANGE_HRM/username_text_box_login_page' is clicked on

10-08-2024T19:52:46 - [TEST_STEP][PASSED] - setText(findTestObject("Object Repository/LOGIN_TEST_CASE_FOR_ORANGE_HRM/username_text_box_login_page"), "Admin"): Text 'Admin' is set on object 'Object Repository/LOGIN_TEST_CASE_FOR_ORANGE_HRM/username_text_box_login_page'

10-08-2024T19:52:47 - [MESSAGE][PASSED] - Text 'Admin' is set on object 'Object Repository/LOGIN_TEST_CASE_FOR_ORANGE_HRM/username_text_box_login_page'

10-08-2024T19:52:47 - [TEST_STEP][PASSED] - verifyElementPresent(findTestObject("Object Repository/LOGIN_TEST_CASE_FOR_ORANGE_HRM/password_text_box_for_login_page"), 10): Object 'Object Repository/LOGIN_TEST_CASE_FOR_ORANGE_HRM/password_text_box_for_login_page' is present

10-08-2024T19:52:47 - [MESSAGE][PASSED] - Object 'Object Repository/LOGIN_TEST_CASE_FOR_ORANGE_HRM/password_text_box_for_login_page' is present

10-08-2024T19:52:47 - [TEST_STEP][PASSED] - click(findTestObject("Object Repository/LOGIN_TEST_CASE_FOR_ORANGE_HRM/password_text_box_for_login_page")): Object: 'Object Repository/LOGIN_TEST_CASE_FOR_ORANGE_HRM/password_text_box_for_login_page' is clicked on

10-08-2024T19:52:48 - [MESSAGE][PASSED] - Object: 'Object Repository/LOGIN_TEST_CASE_FOR_ORANGE_HRM/password_text_box_for_login_page' is clicked on

10-08-2024T19:52:48 - [TEST_STEP][PASSED] - setText(findTestObject("Object Repository/LOGIN_TEST_CASE_FOR_ORANGE_HRM/password_text_box_for_login_page"), "admin123"): Text 'admin123' is set on object 'Object Repository/LOGIN_TEST_CASE_FOR_ORANGE_HRM/password_text_box_for_login_page'

10-08-2024T19:52:48 - [MESSAGE][PASSED] - Text 'admin123' is set on object 'Object Repository/LOGIN_TEST_CASE_FOR_ORANGE_HRM/password_text_box_for_login_page'

10-08-2024T19:52:48 - [TEST_STEP][PASSED] - verifyElementPresent(findTestObject("Object Repository/LOGIN_TEST_CASE_FOR_ORANGE_HRM/login_button_for_login_page"), 0): Object 'Object Repository/LOGIN_TEST_CASE_FOR_ORANGE_HRM/login_button_for_login_page' is present

10-08-2024T19:52:48 - [MESSAGE][WARNING] - Timeout '0' is invalid. Using default page load timeout: '30'

10-08-2024T19:52:49 - [MESSAGE][PASSED] - Object 'Object Repository/LOGIN_TEST_CASE_FOR_ORANGE_HRM/login_button_for_login_page' is present

10-08-2024T19:52:49 - [TEST_STEP][PASSED] - click(findTestObject("Object Repository/LOGIN_TEST_CASE_FOR_ORANGE_HRM/login_button_for_login_page")): Object: 'Object Repository/LOGIN_TEST_CASE_FOR_ORANGE_HRM/login_button_for_login_page' is clicked on

10-08-2024T19:52:50 - [MESSAGE][PASSED] - Object: 'Object Repository/LOGIN_TEST_CASE_FOR_ORANGE_HRM/login_button_for_login_page' is clicked on]]></system-out>
         <system-err><![CDATA[]]></system-err>
      </testcase>
      <testcase name="Test Cases/ADDING_A_NEW_EMPLOYEE" time="25.901" classname="Test Cases/ADDING_A_NEW_EMPLOYEE" status="PASSED">
         <system-out><![CDATA[10-08-2024T19:52:50 - [TEST_CASE][PASSED] - Test Cases/ADDING_A_NEW_EMPLOYEE: Test Cases/ADDING_A_NEW_EMPLOYEE

10-08-2024T19:52:51 - [TEST_STEP][PASSED] - verifyElementPresent(findTestObject("ADDING_A_NEW_EMPLOYEE/pim_option_from_side_bar"), 10): Object 'Object Repository/ADDING_A_NEW_EMPLOYEE/pim_option_from_side_bar' is present

10-08-2024T19:52:52 - [MESSAGE][PASSED] - Object 'Object Repository/ADDING_A_NEW_EMPLOYEE/pim_option_from_side_bar' is present

10-08-2024T19:52:52 - [TEST_STEP][PASSED] - click(findTestObject("ADDING_A_NEW_EMPLOYEE/pim_option_from_side_bar")): Object: 'Object Repository/ADDING_A_NEW_EMPLOYEE/pim_option_from_side_bar' is clicked on

10-08-2024T19:52:53 - [MESSAGE][PASSED] - Object: 'Object Repository/ADDING_A_NEW_EMPLOYEE/pim_option_from_side_bar' is clicked on

10-08-2024T19:52:53 - [TEST_STEP][PASSED] - waitForElementPresent(findTestObject("ADDING_A_NEW_EMPLOYEE/adding_new_employee_button_in_pim_page"), 10): Object 'Object Repository/ADDING_A_NEW_EMPLOYEE/adding_new_employee_button_in_pim_page' is present

10-08-2024T19:52:54 - [MESSAGE][PASSED] - Object 'Object Repository/ADDING_A_NEW_EMPLOYEE/adding_new_employee_button_in_pim_page' is present

10-08-2024T19:52:54 - [TEST_STEP][PASSED] - click(findTestObject("ADDING_A_NEW_EMPLOYEE/adding_new_employee_button_in_pim_page")): Object: 'Object Repository/ADDING_A_NEW_EMPLOYEE/adding_new_employee_button_in_pim_page' is clicked on

10-08-2024T19:52:55 - [MESSAGE][PASSED] - Object: 'Object Repository/ADDING_A_NEW_EMPLOYEE/adding_new_employee_button_in_pim_page' is clicked on

10-08-2024T19:52:55 - [TEST_STEP][PASSED] - verifyElementPresent(findTestObject("ADDING_A_NEW_EMPLOYEE/create_login_details_checkbox"), 10): Object 'Object Repository/ADDING_A_NEW_EMPLOYEE/create_login_details_checkbox' is present

10-08-2024T19:52:56 - [MESSAGE][PASSED] - Object 'Object Repository/ADDING_A_NEW_EMPLOYEE/create_login_details_checkbox' is present

10-08-2024T19:52:56 - [TEST_STEP][PASSED] - click(findTestObject("ADDING_A_NEW_EMPLOYEE/create_login_details_checkbox")): Object: 'Object Repository/ADDING_A_NEW_EMPLOYEE/create_login_details_checkbox' is clicked on

10-08-2024T19:52:57 - [MESSAGE][PASSED] - Object: 'Object Repository/ADDING_A_NEW_EMPLOYEE/create_login_details_checkbox' is clicked on

10-08-2024T19:52:57 - [TEST_STEP][PASSED] - verifyElementPresent(findTestObject("Object Repository/ADDING_A_NEW_EMPLOYEE/Add_employee_enabled_radio_button"), 10): Object 'Object Repository/ADDING_A_NEW_EMPLOYEE/Add_employee_enabled_radio_button' is present

10-08-2024T19:52:57 - [MESSAGE][PASSED] - Object 'Object Repository/ADDING_A_NEW_EMPLOYEE/Add_employee_enabled_radio_button' is present

10-08-2024T19:52:57 - [TEST_STEP][PASSED] - click(findTestObject("Object Repository/ADDING_A_NEW_EMPLOYEE/Add_employee_enabled_radio_button")): Object: 'Object Repository/ADDING_A_NEW_EMPLOYEE/Add_employee_enabled_radio_button' is clicked on

10-08-2024T19:52:58 - [MESSAGE][PASSED] - Object: 'Object Repository/ADDING_A_NEW_EMPLOYEE/Add_employee_enabled_radio_button' is clicked on

10-08-2024T19:52:58 - [TEST_STEP][PASSED] - verifyElementPresent(findTestObject("Object Repository/ADDING_A_NEW_EMPLOYEE/Add_Employee_first_name"), 10): Object 'Object Repository/ADDING_A_NEW_EMPLOYEE/Add_Employee_first_name' is present

10-08-2024T19:52:58 - [MESSAGE][PASSED] - Object 'Object Repository/ADDING_A_NEW_EMPLOYEE/Add_Employee_first_name' is present

10-08-2024T19:52:58 - [TEST_STEP][PASSED] - click(findTestObject("Object Repository/ADDING_A_NEW_EMPLOYEE/Add_Employee_first_name")): Object: 'Object Repository/ADDING_A_NEW_EMPLOYEE/Add_Employee_first_name' is clicked on

10-08-2024T19:52:58 - [MESSAGE][PASSED] - Object: 'Object Repository/ADDING_A_NEW_EMPLOYEE/Add_Employee_first_name' is clicked on

10-08-2024T19:52:58 - [TEST_STEP][PASSED] - setText(findTestObject("Object Repository/ADDING_A_NEW_EMPLOYEE/Add_Employee_first_name"), "First_name_" + RandomStringUtils.randomAlphabetic(6)): Text 'First_name_nitmlc' is set on object 'Object Repository/ADDING_A_NEW_EMPLOYEE/Add_Employee_first_name'

10-08-2024T19:52:59 - [MESSAGE][PASSED] - Text 'First_name_nitmlc' is set on object 'Object Repository/ADDING_A_NEW_EMPLOYEE/Add_Employee_first_name'

10-08-2024T19:52:59 - [TEST_STEP][PASSED] - verifyElementPresent(findTestObject("Object Repository/ADDING_A_NEW_EMPLOYEE/Add_employee_middle_name"), 10): Object 'Object Repository/ADDING_A_NEW_EMPLOYEE/Add_employee_middle_name' is present

10-08-2024T19:52:59 - [MESSAGE][PASSED] - Object 'Object Repository/ADDING_A_NEW_EMPLOYEE/Add_employee_middle_name' is present

10-08-2024T19:52:59 - [TEST_STEP][PASSED] - click(findTestObject("Object Repository/ADDING_A_NEW_EMPLOYEE/Add_employee_middle_name")): Object: 'Object Repository/ADDING_A_NEW_EMPLOYEE/Add_employee_middle_name' is clicked on

10-08-2024T19:52:59 - [MESSAGE][PASSED] - Object: 'Object Repository/ADDING_A_NEW_EMPLOYEE/Add_employee_middle_name' is clicked on

10-08-2024T19:52:59 - [TEST_STEP][PASSED] - setText(findTestObject("Object Repository/ADDING_A_NEW_EMPLOYEE/Add_employee_middle_name"), "Middle_name_" + RandomStringUtils.randomAlphabetic(6)): Text 'Middle_name_gwcJhE' is set on object 'Object Repository/ADDING_A_NEW_EMPLOYEE/Add_employee_middle_name'

10-08-2024T19:53:00 - [MESSAGE][PASSED] - Text 'Middle_name_gwcJhE' is set on object 'Object Repository/ADDING_A_NEW_EMPLOYEE/Add_employee_middle_name'

10-08-2024T19:53:00 - [TEST_STEP][PASSED] - verifyElementPresent(findTestObject("Object Repository/ADDING_A_NEW_EMPLOYEE/Add_employee_last_name"), 10): Object 'Object Repository/ADDING_A_NEW_EMPLOYEE/Add_employee_last_name' is present

10-08-2024T19:53:00 - [MESSAGE][PASSED] - Object 'Object Repository/ADDING_A_NEW_EMPLOYEE/Add_employee_last_name' is present

10-08-2024T19:53:00 - [TEST_STEP][PASSED] - click(findTestObject("Object Repository/ADDING_A_NEW_EMPLOYEE/Add_employee_last_name")): Object: 'Object Repository/ADDING_A_NEW_EMPLOYEE/Add_employee_last_name' is clicked on

10-08-2024T19:53:01 - [MESSAGE][PASSED] - Object: 'Object Repository/ADDING_A_NEW_EMPLOYEE/Add_employee_last_name' is clicked on

10-08-2024T19:53:01 - [TEST_STEP][PASSED] - setText(findTestObject("Object Repository/ADDING_A_NEW_EMPLOYEE/Add_employee_last_name"), "Last_name_" + RandomStringUtils.randomAlphabetic(6)): Text 'Last_name_GlJhPB' is set on object 'Object Repository/ADDING_A_NEW_EMPLOYEE/Add_employee_last_name'

10-08-2024T19:53:01 - [MESSAGE][PASSED] - Text 'Last_name_GlJhPB' is set on object 'Object Repository/ADDING_A_NEW_EMPLOYEE/Add_employee_last_name'

10-08-2024T19:53:01 - [TEST_STEP][PASSED] - randomString_001 = RandomStringUtils.randomNumeric(6): null

10-08-2024T19:53:01 - [TEST_STEP][PASSED] - newValue_001 = "333" + randomString_001: null

10-08-2024T19:53:01 - [TEST_STEP][PASSED] - xpath_for_employee_id = "//label[text()='Employee Id']/ancestor::div[@class='oxd-input-group__label-wrapper']/following-sibling::div//input[@class='oxd-input oxd-input--active']": null

10-08-2024T19:53:01 - [TEST_STEP][PASSED] - inputField_001 = TestObject().addProperty("xpath", EQUALS, xpath_for_employee_id): null

10-08-2024T19:53:01 - [TEST_STEP][PASSED] - executeJavaScript(
    var element = document.evaluate("$xpath_for_employee_id", document, null, XPathResult.FIRST_ORDERED_NODE_TYPE, null).singleNodeValue;
    if (element) {
        element.value = '$newValue_001';
        var event = new Event('input', { bubbles: true });
        element.dispatchEvent(event);
    }
    , null): Execute JavaScript '
    var element = document.evaluate("//label[text()='Employee Id']/ancestor::div[@class='oxd-input-group__label-wrapper']/following-sibling::div//input[@class='oxd-input oxd-input--active']", document, null, XPathResult.FIRST_ORDERED_NODE_TYPE, null).singleNodeValue;
    if (element) {
        element.value = '333190021';
        var event = new Event('input', { bubbles: true });
        element.dispatchEvent(event);
    }
    ' successfully

10-08-2024T19:53:01 - [MESSAGE][PASSED] - Execute JavaScript '
    var element = document.evaluate("//label[text()='Employee Id']/ancestor::div[@class='oxd-input-group__label-wrapper']/following-sibling::div//input[@class='oxd-input oxd-input--active']", document, null, XPathResult.FIRST_ORDERED_NODE_TYPE, null).singleNodeValue;
    if (element) {
        element.value = '333190021';
        var event = new Event('input', { bubbles: true });
        element.dispatchEvent(event);
    }
    ' successfully

10-08-2024T19:53:01 - [TEST_STEP][PASSED] - delay(3): Delayed 3 second(s)

10-08-2024T19:53:04 - [MESSAGE][PASSED] - Delayed 3 second(s)

10-08-2024T19:53:04 - [TEST_STEP][PASSED] - randomString_for_password = RandomStringUtils.randomNumeric(4): null

10-08-2024T19:53:04 - [TEST_STEP][PASSED] - new_Value_for_password = "Fiboo" + randomString_for_password + "@@": null

10-08-2024T19:53:04 - [TEST_STEP][PASSED] - xpath_for_password = "//label[text()='Username']/ancestor::div[@class='oxd-input-group__label-wrapper']/following-sibling::div//input[@class='oxd-input oxd-input--active']": null

10-08-2024T19:53:04 - [TEST_STEP][PASSED] - inputField_for_password = TestObject().addProperty("xpath", EQUALS, xpath_for_password): null

10-08-2024T19:53:04 - [TEST_STEP][PASSED] - executeJavaScript(
    var element = document.evaluate("$xpath_for_password", document, null, XPathResult.FIRST_ORDERED_NODE_TYPE, null).singleNodeValue;
    if (element) {
        element.value = '$new_Value_for_password';
        var event = new Event('input', { bubbles: true });
        element.dispatchEvent(event);
    }
    , null): Execute JavaScript '
    var element = document.evaluate("//label[text()='Username']/ancestor::div[@class='oxd-input-group__label-wrapper']/following-sibling::div//input[@class='oxd-input oxd-input--active']", document, null, XPathResult.FIRST_ORDERED_NODE_TYPE, null).singleNodeValue;
    if (element) {
        element.value = 'Fiboo3941@@';
        var event = new Event('input', { bubbles: true });
        element.dispatchEvent(event);
    }
    ' successfully

10-08-2024T19:53:04 - [MESSAGE][PASSED] - Execute JavaScript '
    var element = document.evaluate("//label[text()='Username']/ancestor::div[@class='oxd-input-group__label-wrapper']/following-sibling::div//input[@class='oxd-input oxd-input--active']", document, null, XPathResult.FIRST_ORDERED_NODE_TYPE, null).singleNodeValue;
    if (element) {
        element.value = 'Fiboo3941@@';
        var event = new Event('input', { bubbles: true });
        element.dispatchEvent(event);
    }
    ' successfully

10-08-2024T19:53:04 - [TEST_STEP][PASSED] - delay(1): Delayed 1 second(s)

10-08-2024T19:53:05 - [MESSAGE][PASSED] - Delayed 1 second(s)

10-08-2024T19:53:05 - [TEST_STEP][PASSED] - Password = getAttribute(findTestObject("Object Repository/ADDING_A_NEW_EMPLOYEE/Add_employee_username"), "value"): Attribute 'value' of object 'Object Repository/ADDING_A_NEW_EMPLOYEE/Add_employee_username' is: 'Fiboo3941@@'

10-08-2024T19:53:06 - [MESSAGE][PASSED] - Attribute 'value' of object 'Object Repository/ADDING_A_NEW_EMPLOYEE/Add_employee_username' is: 'Fiboo3941@@'

10-08-2024T19:53:06 - [TEST_STEP][PASSED] - out.println(Password): null

10-08-2024T19:53:06 - [TEST_STEP][PASSED] - new_Value_for_password_001 = Password: null

10-08-2024T19:53:06 - [TEST_STEP][PASSED] - xpath_for_password_001 = "//label[text()='Password']/ancestor::div[@class='oxd-input-group__label-wrapper']/following-sibling::div//input[@class='oxd-input oxd-input--active']": null

10-08-2024T19:53:06 - [TEST_STEP][PASSED] - inputField_for_password_001 = TestObject().addProperty("xpath", EQUALS, xpath_for_password_001): null

10-08-2024T19:53:06 - [TEST_STEP][PASSED] - executeJavaScript(
    var element = document.evaluate("$xpath_for_password_001", document, null, XPathResult.FIRST_ORDERED_NODE_TYPE, null).singleNodeValue;
    if (element) {
        element.value = '$new_Value_for_password_001';
        var event = new Event('input', { bubbles: true });
        element.dispatchEvent(event);
    }
    , null): Execute JavaScript '
    var element = document.evaluate("//label[text()='Password']/ancestor::div[@class='oxd-input-group__label-wrapper']/following-sibling::div//input[@class='oxd-input oxd-input--active']", document, null, XPathResult.FIRST_ORDERED_NODE_TYPE, null).singleNodeValue;
    if (element) {
        element.value = 'Fiboo3941@@';
        var event = new Event('input', { bubbles: true });
        element.dispatchEvent(event);
    }
    ' successfully

10-08-2024T19:53:06 - [MESSAGE][PASSED] - Execute JavaScript '
    var element = document.evaluate("//label[text()='Password']/ancestor::div[@class='oxd-input-group__label-wrapper']/following-sibling::div//input[@class='oxd-input oxd-input--active']", document, null, XPathResult.FIRST_ORDERED_NODE_TYPE, null).singleNodeValue;
    if (element) {
        element.value = 'Fiboo3941@@';
        var event = new Event('input', { bubbles: true });
        element.dispatchEvent(event);
    }
    ' successfully

10-08-2024T19:53:06 - [TEST_STEP][PASSED] - delay(1): Delayed 1 second(s)

10-08-2024T19:53:07 - [MESSAGE][PASSED] - Delayed 1 second(s)

10-08-2024T19:53:07 - [TEST_STEP][PASSED] - new_Value_for_password_002 = Password: null

10-08-2024T19:53:07 - [TEST_STEP][PASSED] - xpath_for_password_002 = "//label[text()='Confirm Password']/ancestor::div[@class='oxd-input-group__label-wrapper']/following-sibling::div//input[@class='oxd-input oxd-input--active']": null

10-08-2024T19:53:07 - [TEST_STEP][PASSED] - inputField_for_password_002 = TestObject().addProperty("xpath", EQUALS, xpath_for_password_002): null

10-08-2024T19:53:07 - [TEST_STEP][PASSED] - executeJavaScript(
    var element = document.evaluate("$xpath_for_password_002", document, null, XPathResult.FIRST_ORDERED_NODE_TYPE, null).singleNodeValue;
    if (element) {
        element.value = '$new_Value_for_password_002';
        var event = new Event('input', { bubbles: true });
        element.dispatchEvent(event);
    }
    , null): Execute JavaScript '
    var element = document.evaluate("//label[text()='Confirm Password']/ancestor::div[@class='oxd-input-group__label-wrapper']/following-sibling::div//input[@class='oxd-input oxd-input--active']", document, null, XPathResult.FIRST_ORDERED_NODE_TYPE, null).singleNodeValue;
    if (element) {
        element.value = 'Fiboo3941@@';
        var event = new Event('input', { bubbles: true });
        element.dispatchEvent(event);
    }
    ' successfully

10-08-2024T19:53:07 - [MESSAGE][PASSED] - Execute JavaScript '
    var element = document.evaluate("//label[text()='Confirm Password']/ancestor::div[@class='oxd-input-group__label-wrapper']/following-sibling::div//input[@class='oxd-input oxd-input--active']", document, null, XPathResult.FIRST_ORDERED_NODE_TYPE, null).singleNodeValue;
    if (element) {
        element.value = 'Fiboo3941@@';
        var event = new Event('input', { bubbles: true });
        element.dispatchEvent(event);
    }
    ' successfully

10-08-2024T19:53:07 - [TEST_STEP][PASSED] - delay(1): Delayed 1 second(s)

10-08-2024T19:53:08 - [MESSAGE][PASSED] - Delayed 1 second(s)

10-08-2024T19:53:08 - [TEST_STEP][PASSED] - randomString = RandomStringUtils.randomAlphabetic(6): null

10-08-2024T19:53:08 - [TEST_STEP][PASSED] - newValue = "User_name_" + randomString: null

10-08-2024T19:53:08 - [TEST_STEP][PASSED] - xpath_for_user_name = "//label[text()='Username']/ancestor::div[@class='oxd-input-group__label-wrapper']/following-sibling::div//input[@class='oxd-input oxd-input--active']": null

10-08-2024T19:53:08 - [TEST_STEP][PASSED] - inputField = TestObject().addProperty("xpath", EQUALS, xpath_for_user_name): null

10-08-2024T19:53:08 - [TEST_STEP][PASSED] - executeJavaScript(
    var element = document.evaluate("$xpath_for_user_name", document, null, XPathResult.FIRST_ORDERED_NODE_TYPE, null).singleNodeValue;
    if (element) {
        element.value = '$newValue';
        var event = new Event('input', { bubbles: true });
        element.dispatchEvent(event);
    }
    , null): Execute JavaScript '
    var element = document.evaluate("//label[text()='Username']/ancestor::div[@class='oxd-input-group__label-wrapper']/following-sibling::div//input[@class='oxd-input oxd-input--active']", document, null, XPathResult.FIRST_ORDERED_NODE_TYPE, null).singleNodeValue;
    if (element) {
        element.value = 'User_name_TCdOhU';
        var event = new Event('input', { bubbles: true });
        element.dispatchEvent(event);
    }
    ' successfully

10-08-2024T19:53:08 - [MESSAGE][PASSED] - Execute JavaScript '
    var element = document.evaluate("//label[text()='Username']/ancestor::div[@class='oxd-input-group__label-wrapper']/following-sibling::div//input[@class='oxd-input oxd-input--active']", document, null, XPathResult.FIRST_ORDERED_NODE_TYPE, null).singleNodeValue;
    if (element) {
        element.value = 'User_name_TCdOhU';
        var event = new Event('input', { bubbles: true });
        element.dispatchEvent(event);
    }
    ' successfully

10-08-2024T19:53:08 - [TEST_STEP][PASSED] - delay(1): Delayed 1 second(s)

10-08-2024T19:53:09 - [MESSAGE][PASSED] - Delayed 1 second(s)

10-08-2024T19:53:09 - [TEST_STEP][PASSED] - User_name = getAttribute(findTestObject("Object Repository/ADDING_A_NEW_EMPLOYEE/Add_employee_username"), "value"): Attribute 'value' of object 'Object Repository/ADDING_A_NEW_EMPLOYEE/Add_employee_username' is: 'User_name_TCdOhU'

10-08-2024T19:53:10 - [MESSAGE][PASSED] - Attribute 'value' of object 'Object Repository/ADDING_A_NEW_EMPLOYEE/Add_employee_username' is: 'User_name_TCdOhU'

10-08-2024T19:53:10 - [TEST_STEP][PASSED] - out.println(User_name): null

10-08-2024T19:53:10 - [TEST_STEP][PASSED] - out.println(Password): null

10-08-2024T19:53:10 - [TEST_STEP][PASSED] - First_name = getAttribute(findTestObject("Object Repository/ADDING_A_NEW_EMPLOYEE/Add_Employee_first_name"), "value"): Attribute 'value' of object 'Object Repository/ADDING_A_NEW_EMPLOYEE/Add_Employee_first_name' is: 'First_name_nitmlc'

10-08-2024T19:53:11 - [MESSAGE][PASSED] - Attribute 'value' of object 'Object Repository/ADDING_A_NEW_EMPLOYEE/Add_Employee_first_name' is: 'First_name_nitmlc'

10-08-2024T19:53:11 - [TEST_STEP][PASSED] - out.println(First_name): null

10-08-2024T19:53:11 - [TEST_STEP][PASSED] - Middle_name = getAttribute(findTestObject("Object Repository/ADDING_A_NEW_EMPLOYEE/Add_employee_middle_name"), "value"): Attribute 'value' of object 'Object Repository/ADDING_A_NEW_EMPLOYEE/Add_employee_middle_name' is: 'Middle_name_gwcJhE'

10-08-2024T19:53:11 - [MESSAGE][PASSED] - Attribute 'value' of object 'Object Repository/ADDING_A_NEW_EMPLOYEE/Add_employee_middle_name' is: 'Middle_name_gwcJhE'

10-08-2024T19:53:11 - [TEST_STEP][PASSED] - out.println(Middle_name): null

10-08-2024T19:53:11 - [TEST_STEP][PASSED] - Last_name = getAttribute(findTestObject("Object Repository/ADDING_A_NEW_EMPLOYEE/Add_employee_last_name"), "value"): Attribute 'value' of object 'Object Repository/ADDING_A_NEW_EMPLOYEE/Add_employee_last_name' is: 'Last_name_GlJhPB'

10-08-2024T19:53:11 - [MESSAGE][PASSED] - Attribute 'value' of object 'Object Repository/ADDING_A_NEW_EMPLOYEE/Add_employee_last_name' is: 'Last_name_GlJhPB'

10-08-2024T19:53:11 - [TEST_STEP][PASSED] - out.println(Last_name): null

10-08-2024T19:53:11 - [TEST_STEP][PASSED] - employee_id = getAttribute(findTestObject("Object Repository/ADDING_A_NEW_EMPLOYEE/Add_employee_id"), "value"): Attribute 'value' of object 'Object Repository/ADDING_A_NEW_EMPLOYEE/Add_employee_id' is: '333190021'

10-08-2024T19:53:12 - [MESSAGE][PASSED] - Attribute 'value' of object 'Object Repository/ADDING_A_NEW_EMPLOYEE/Add_employee_id' is: '333190021'

10-08-2024T19:53:12 - [TEST_STEP][PASSED] - out.println(employee_id): null

10-08-2024T19:53:12 - [TEST_STEP][PASSED] - delay(4): Delayed 4 second(s)

10-08-2024T19:53:16 - [MESSAGE][PASSED] - Delayed 4 second(s)

10-08-2024T19:53:16 - [TEST_STEP][PASSED] - click(findTestObject("Object Repository/ADDING_A_NEW_EMPLOYEE/Add_employee_save_button")): Object: 'Object Repository/ADDING_A_NEW_EMPLOYEE/Add_employee_save_button' is clicked on

10-08-2024T19:53:16 - [MESSAGE][PASSED] - Object: 'Object Repository/ADDING_A_NEW_EMPLOYEE/Add_employee_save_button' is clicked on]]></system-out>
         <system-err><![CDATA[]]></system-err>
      </testcase>
      <testcase name="Test Cases/logout_testcase" time="14.377" classname="Test Cases/logout_testcase" status="PASSED">
         <system-out><![CDATA[10-08-2024T19:53:16 - [TEST_CASE][PASSED] - Test Cases/logout_testcase: Test Cases/logout_testcase

10-08-2024T19:53:16 - [TEST_STEP][PASSED] - delay(3): Delayed 3 second(s)

10-08-2024T19:53:19 - [MESSAGE][PASSED] - Delayed 3 second(s)

10-08-2024T19:53:19 - [TEST_STEP][PASSED] - verifyElementPresent(findTestObject("logout_and_login_after_new_employee_added/userdropdown_for_logout_option"), 10): Object 'Object Repository/logout_and_login_after_new_employee_added/userdropdown_for_logout_option' is present

10-08-2024T19:53:19 - [MESSAGE][PASSED] - Object 'Object Repository/logout_and_login_after_new_employee_added/userdropdown_for_logout_option' is present

10-08-2024T19:53:19 - [TEST_STEP][PASSED] - delay(3): Delayed 3 second(s)

10-08-2024T19:53:22 - [MESSAGE][PASSED] - Delayed 3 second(s)

10-08-2024T19:53:22 - [TEST_STEP][PASSED] - click(findTestObject("logout_and_login_after_new_employee_added/userdropdown_for_logout_option")): Object: 'Object Repository/logout_and_login_after_new_employee_added/userdropdown_for_logout_option' is clicked on

10-08-2024T19:53:23 - [MESSAGE][PASSED] - Object: 'Object Repository/logout_and_login_after_new_employee_added/userdropdown_for_logout_option' is clicked on

10-08-2024T19:53:23 - [TEST_STEP][PASSED] - delay(3): Delayed 3 second(s)

10-08-2024T19:53:26 - [MESSAGE][PASSED] - Delayed 3 second(s)

10-08-2024T19:53:26 - [TEST_STEP][PASSED] - click(findTestObject("logout_and_login_after_new_employee_added/logout_option")): Object: 'Object Repository/logout_and_login_after_new_employee_added/logout_option' is clicked on

10-08-2024T19:53:27 - [MESSAGE][PASSED] - Object: 'Object Repository/logout_and_login_after_new_employee_added/logout_option' is clicked on

10-08-2024T19:53:27 - [TEST_STEP][PASSED] - delay(3): Delayed 3 second(s)

10-08-2024T19:53:30 - [MESSAGE][PASSED] - Delayed 3 second(s)]]></system-out>
         <system-err><![CDATA[]]></system-err>
      </testcase>
      <testcase name="Test Cases/Test_case_to_mail_new_employee_login_creds" time="6.547" classname="Test Cases/Test_case_to_mail_new_employee_login_creds" status="PASSED">
         <system-out><![CDATA[10-08-2024T19:53:30 - [TEST_CASE][PASSED] - Test Cases/Test_case_to_mail_new_employee_login_creds: Test Cases/Test_case_to_mail_new_employee_login_creds

10-08-2024T19:53:31 - [TEST_STEP][PASSED] - props = new java.util.Properties(): null

10-08-2024T19:53:31 - [TEST_STEP][PASSED] - props.put("mail.smtp.host", "smtp-mail.outlook.com"): null

10-08-2024T19:53:31 - [TEST_STEP][PASSED] - props.put("mail.smtp.port", "587"): null

10-08-2024T19:53:31 - [TEST_STEP][PASSED] - props.put("mail.smtp.auth", "true"): null

10-08-2024T19:53:31 - [TEST_STEP][PASSED] - props.put("mail.smtp.starttls.enable", "true"): null

10-08-2024T19:53:31 - [TEST_STEP][PASSED] - emailUsername = user_name_for_sender: null

10-08-2024T19:53:31 - [TEST_STEP][PASSED] - emailPassword = sender_password: null

10-08-2024T19:53:31 - [TEST_STEP][PASSED] - session = Session.getInstance(props, new Script1723216286166$1(this, emailUsername, emailPassword)): null

10-08-2024T19:53:31 - [TEST_STEP][PASSED] - try: null

10-08-2024T19:53:31 - [TEST_STEP][PASSED] - message = new javax.mail.internet.MimeMessage(session): null

10-08-2024T19:53:31 - [TEST_STEP][PASSED] - message.setFrom(new javax.mail.internet.InternetAddress(emailUsername)): null

10-08-2024T19:53:31 - [TEST_STEP][PASSED] - message.setRecipients(TO, InternetAddress.parse(receiver_username)): null

10-08-2024T19:53:31 - [TEST_STEP][PASSED] - message.setSubject("Automation Test Results"): null

10-08-2024T19:53:31 - [TEST_STEP][PASSED] - emailBody = "
Username: " + User_name + "
Password: " + Password: null

10-08-2024T19:53:31 - [TEST_STEP][PASSED] - message.setText(emailBody): null

10-08-2024T19:53:31 - [TEST_STEP][PASSED] - Transport.send(message): null

10-08-2024T19:53:32 - [TEST_STEP][PASSED] - return new javax.mail.PasswordAuthentication(emailUsername, emailPassword): null

10-08-2024T19:53:37 - [TEST_STEP][PASSED] - println("Email sent successfully!"): null]]></system-out>
         <system-err><![CDATA[]]></system-err>
      </testcase>
      <testcase name="Test Cases/test_case_to_reterive_the_login_creds_from_mail" time="8.381" classname="Test Cases/test_case_to_reterive_the_login_creds_from_mail" status="PASSED">
         <system-out><![CDATA[10-08-2024T19:53:37 - [TEST_CASE][PASSED] - Test Cases/test_case_to_reterive_the_login_creds_from_mail: Test Cases/test_case_to_reterive_the_login_creds_from_mail

10-08-2024T19:53:37 - [TEST_STEP][PASSED] - delay(3): Delayed 3 second(s)

10-08-2024T19:53:40 - [MESSAGE][PASSED] - Delayed 3 second(s)

10-08-2024T19:53:40 - [TEST_STEP][PASSED] - props = new java.util.Properties(): null

10-08-2024T19:53:40 - [TEST_STEP][PASSED] - props.put("mail.store.protocol", "imaps"): null

10-08-2024T19:53:40 - [TEST_STEP][PASSED] - props.put("mail.imaps.host", "imap.gmail.com"): null

10-08-2024T19:53:40 - [TEST_STEP][PASSED] - props.put("mail.imaps.port", "993"): null

10-08-2024T19:53:40 - [TEST_STEP][PASSED] - props.put("mail.imaps.ssl.enable", "true"): null

10-08-2024T19:53:40 - [TEST_STEP][PASSED] - username = receiver_username: null

10-08-2024T19:53:40 - [TEST_STEP][PASSED] - password = receiver_password: null

10-08-2024T19:53:40 - [TEST_STEP][PASSED] - session = Session.getInstance(props, null): null

10-08-2024T19:53:40 - [TEST_STEP][PASSED] - try: null

10-08-2024T19:53:40 - [TEST_STEP][PASSED] - store = session.getStore("imaps"): null

10-08-2024T19:53:40 - [TEST_STEP][PASSED] - store.connect(username, password): null

10-08-2024T19:53:43 - [TEST_STEP][PASSED] - inbox = store.getFolder("INBOX"): null

10-08-2024T19:53:43 - [TEST_STEP][PASSED] - inbox.open(READ_ONLY): null

10-08-2024T19:53:43 - [TEST_STEP][PASSED] - cal = Calendar.getInstance(): null

10-08-2024T19:53:43 - [TEST_STEP][PASSED] - cal.set(YEAR, 2024): null

10-08-2024T19:53:43 - [TEST_STEP][PASSED] - cal.set(MONTH, AUGUST): null

10-08-2024T19:53:43 - [TEST_STEP][PASSED] - cal.set(DAY_OF_MONTH, 9): null

10-08-2024T19:53:43 - [TEST_STEP][PASSED] - cal.set(HOUR_OF_DAY, 0): null

10-08-2024T19:53:43 - [TEST_STEP][PASSED] - cal.set(MINUTE, 0): null

10-08-2024T19:53:43 - [TEST_STEP][PASSED] - cal.set(SECOND, 0): null

10-08-2024T19:53:43 - [TEST_STEP][PASSED] - cal.set(MILLISECOND, 0): null

10-08-2024T19:53:43 - [TEST_STEP][PASSED] - specificDate = cal.getTime(): null

10-08-2024T19:53:43 - [TEST_STEP][PASSED] - newerThan = new javax.mail.search.SentDateTerm(javax.mail.search.SentDateTerm.GE, specificDate): null

10-08-2024T19:53:43 - [TEST_STEP][PASSED] - unseenAndNewer = new javax.mail.search.AndTerm(new javax.mail.search.FlagTerm(new javax.mail.Flags(javax.mail.Flags$Flag.SEEN), false), newerThan): null

10-08-2024T19:53:43 - [TEST_STEP][PASSED] - messages = inbox.search(unseenAndNewer): null

10-08-2024T19:53:43 - [TEST_STEP][PASSED] - println("Total messages found: " + length): null

10-08-2024T19:53:43 - [TEST_STEP][PASSED] - if (length > 0): null

10-08-2024T19:53:43 - [TEST_STEP][PASSED] - for (javax.mail.Message message : messages): null

10-08-2024T19:53:43 - [TEST_STEP][PASSED] - froms = message.getFrom(): null

10-08-2024T19:53:44 - [TEST_STEP][PASSED] - sender = froms[0].toString(): null

10-08-2024T19:53:44 - [TEST_STEP][PASSED] - email = *<|>", "").trim(): null

10-08-2024T19:53:44 - [TEST_STEP][PASSED] - println("Email sender: " + email): null

10-08-2024T19:53:44 - [TEST_STEP][PASSED] - println("Full From field: " + sender): null

10-08-2024T19:53:44 - [TEST_STEP][PASSED] - println("Subject: " + message.getSubject()): null

10-08-2024T19:53:44 - [TEST_STEP][PASSED] - println("Sent Date: " + message.getSentDate()): null

10-08-2024T19:53:44 - [TEST_STEP][PASSED] - if (email.equalsIgnoreCase("aditya_T2_WORK@outlook.com")): null

10-08-2024T19:53:44 - [TEST_STEP][PASSED] - println("Match found for: " + email): null

10-08-2024T19:53:44 - [TEST_STEP][PASSED] - println("Content Type: " + message.getContentType()): null

10-08-2024T19:53:44 - [TEST_STEP][PASSED] - content = message.getContent(): null

10-08-2024T19:53:45 - [TEST_STEP][PASSED] - textContent = "": null

10-08-2024T19:53:45 - [TEST_STEP][PASSED] - if (content instanceof java.lang.String): null

10-08-2024T19:53:45 - [TEST_STEP][PASSED] - textContent = content.toString(): null

10-08-2024T19:53:45 - [TEST_STEP][PASSED] - println("Extracted Content: " + textContent): null

10-08-2024T19:53:45 - [TEST_STEP][PASSED] - usernameMatcher = textContent =~ "Username:\s*(\S+)": null

10-08-2024T19:53:45 - [TEST_STEP][PASSED] - passwordMatcher = textContent =~ "Password:\s*(\S+)": null

10-08-2024T19:53:45 - [TEST_STEP][PASSED] - if (usernameMatcher.find() && passwordMatcher.find()): null

10-08-2024T19:53:45 - [TEST_STEP][PASSED] - extractedUsername = usernameMatcher.group(1): null

10-08-2024T19:53:45 - [TEST_STEP][PASSED] - extractedPassword = passwordMatcher.group(1): null

10-08-2024T19:53:45 - [TEST_STEP][PASSED] - println("Extracted Username: " + extractedUsername): null

10-08-2024T19:53:45 - [TEST_STEP][PASSED] - println("Extracted Password: " + extractedPassword): null

10-08-2024T19:53:45 - [TEST_STEP][PASSED] - extractedUsername = extractedUsername: null

10-08-2024T19:53:45 - [TEST_STEP][PASSED] - extractedPassword = extractedPassword: null

10-08-2024T19:53:45 - [TEST_STEP][PASSED] - break: null

10-08-2024T19:53:45 - [TEST_STEP][PASSED] - inbox.close(false): null

10-08-2024T19:53:45 - [TEST_STEP][PASSED] - store.close(): null]]></system-out>
         <system-err><![CDATA[]]></system-err>
      </testcase>
      <testcase name="Test Cases/login_using_new_creds" time="6.206" classname="Test Cases/login_using_new_creds" status="PASSED">
         <system-out><![CDATA[10-08-2024T19:53:45 - [TEST_CASE][PASSED] - Test Cases/login_using_new_creds: Test Cases/login_using_new_creds

10-08-2024T19:53:45 - [TEST_STEP][PASSED] - delay(3): Delayed 3 second(s)

10-08-2024T19:53:48 - [MESSAGE][PASSED] - Delayed 3 second(s)

10-08-2024T19:53:48 - [TEST_STEP][PASSED] - verifyElementPresent(findTestObject("Object Repository/LOGIN_TEST_CASE_FOR_ORANGE_HRM/username_text_box_login_page"), 10): Object 'Object Repository/LOGIN_TEST_CASE_FOR_ORANGE_HRM/username_text_box_login_page' is present

10-08-2024T19:53:49 - [MESSAGE][PASSED] - Object 'Object Repository/LOGIN_TEST_CASE_FOR_ORANGE_HRM/username_text_box_login_page' is present

10-08-2024T19:53:49 - [TEST_STEP][PASSED] - click(findTestObject("Object Repository/LOGIN_TEST_CASE_FOR_ORANGE_HRM/username_text_box_login_page")): Object: 'Object Repository/LOGIN_TEST_CASE_FOR_ORANGE_HRM/username_text_box_login_page' is clicked on

10-08-2024T19:53:49 - [MESSAGE][PASSED] - Object: 'Object Repository/LOGIN_TEST_CASE_FOR_ORANGE_HRM/username_text_box_login_page' is clicked on

10-08-2024T19:53:49 - [TEST_STEP][PASSED] - setText(findTestObject("Object Repository/LOGIN_TEST_CASE_FOR_ORANGE_HRM/username_text_box_login_page"), extractedUsername): Text 'User_name_TCdOhU' is set on object 'Object Repository/LOGIN_TEST_CASE_FOR_ORANGE_HRM/username_text_box_login_page'

10-08-2024T19:53:49 - [MESSAGE][PASSED] - Text 'User_name_TCdOhU' is set on object 'Object Repository/LOGIN_TEST_CASE_FOR_ORANGE_HRM/username_text_box_login_page'

10-08-2024T19:53:49 - [TEST_STEP][PASSED] - verifyElementPresent(findTestObject("Object Repository/LOGIN_TEST_CASE_FOR_ORANGE_HRM/password_text_box_for_login_page"), 10): Object 'Object Repository/LOGIN_TEST_CASE_FOR_ORANGE_HRM/password_text_box_for_login_page' is present

10-08-2024T19:53:50 - [MESSAGE][PASSED] - Object 'Object Repository/LOGIN_TEST_CASE_FOR_ORANGE_HRM/password_text_box_for_login_page' is present

10-08-2024T19:53:50 - [TEST_STEP][PASSED] - click(findTestObject("Object Repository/LOGIN_TEST_CASE_FOR_ORANGE_HRM/password_text_box_for_login_page")): Object: 'Object Repository/LOGIN_TEST_CASE_FOR_ORANGE_HRM/password_text_box_for_login_page' is clicked on

10-08-2024T19:53:50 - [MESSAGE][PASSED] - Object: 'Object Repository/LOGIN_TEST_CASE_FOR_ORANGE_HRM/password_text_box_for_login_page' is clicked on

10-08-2024T19:53:50 - [TEST_STEP][PASSED] - setText(findTestObject("Object Repository/LOGIN_TEST_CASE_FOR_ORANGE_HRM/password_text_box_for_login_page"), extractedPassword): Text 'Fiboo3941@@' is set on object 'Object Repository/LOGIN_TEST_CASE_FOR_ORANGE_HRM/password_text_box_for_login_page'

10-08-2024T19:53:51 - [MESSAGE][PASSED] - Text 'Fiboo3941@@' is set on object 'Object Repository/LOGIN_TEST_CASE_FOR_ORANGE_HRM/password_text_box_for_login_page'

10-08-2024T19:53:51 - [TEST_STEP][PASSED] - verifyElementPresent(findTestObject("Object Repository/LOGIN_TEST_CASE_FOR_ORANGE_HRM/login_button_for_login_page"), 10): Object 'Object Repository/LOGIN_TEST_CASE_FOR_ORANGE_HRM/login_button_for_login_page' is present

10-08-2024T19:53:51 - [MESSAGE][PASSED] - Object 'Object Repository/LOGIN_TEST_CASE_FOR_ORANGE_HRM/login_button_for_login_page' is present

10-08-2024T19:53:51 - [TEST_STEP][PASSED] - click(findTestObject("Object Repository/LOGIN_TEST_CASE_FOR_ORANGE_HRM/login_button_for_login_page")): Object: 'Object Repository/LOGIN_TEST_CASE_FOR_ORANGE_HRM/login_button_for_login_page' is clicked on

10-08-2024T19:53:51 - [MESSAGE][PASSED] - Object: 'Object Repository/LOGIN_TEST_CASE_FOR_ORANGE_HRM/login_button_for_login_page' is clicked on]]></system-out>
         <system-err><![CDATA[]]></system-err>
      </testcase>
      <testcase name="Test Cases/test_case_to_verify_data" time="7.805" classname="Test Cases/test_case_to_verify_data" status="PASSED">
         <system-out><![CDATA[10-08-2024T19:53:51 - [TEST_CASE][PASSED] - Test Cases/test_case_to_verify_data: Test Cases/test_case_to_verify_data

10-08-2024T19:53:51 - [TEST_STEP][PASSED] - delay(3): Delayed 3 second(s)

10-08-2024T19:53:55 - [MESSAGE][PASSED] - Delayed 3 second(s)

10-08-2024T19:53:55 - [TEST_STEP][PASSED] - click(findTestObject("to_verify_data/myinfo_option_from_side_bar")): Object: 'Object Repository/to_verify_data/myinfo_option_from_side_bar' is clicked on

10-08-2024T19:53:56 - [MESSAGE][PASSED] - Object: 'Object Repository/to_verify_data/myinfo_option_from_side_bar' is clicked on

10-08-2024T19:53:56 - [TEST_STEP][PASSED] - First_name = getAttribute(findTestObject("Object Repository/to_verify_data/first_name_text_box"), "value"): Attribute 'value' of object 'Object Repository/to_verify_data/first_name_text_box' is: 'First_name_nitmlc'

10-08-2024T19:53:58 - [MESSAGE][PASSED] - Attribute 'value' of object 'Object Repository/to_verify_data/first_name_text_box' is: 'First_name_nitmlc'

10-08-2024T19:53:58 - [TEST_STEP][PASSED] - out.println(First_name): null

10-08-2024T19:53:58 - [TEST_STEP][PASSED] - Middle_name = getAttribute(findTestObject("Object Repository/to_verify_data/middle_name_text_box"), "value"): Attribute 'value' of object 'Object Repository/to_verify_data/middle_name_text_box' is: 'Middle_name_gwcJhE'

10-08-2024T19:53:59 - [MESSAGE][PASSED] - Attribute 'value' of object 'Object Repository/to_verify_data/middle_name_text_box' is: 'Middle_name_gwcJhE'

10-08-2024T19:53:59 - [TEST_STEP][PASSED] - out.println(Middle_name): null

10-08-2024T19:53:59 - [TEST_STEP][PASSED] - Last_name = getAttribute(findTestObject("Object Repository/to_verify_data/last_name_text_box"), "value"): Attribute 'value' of object 'Object Repository/to_verify_data/last_name_text_box' is: 'Last_name_GlJhPB'

10-08-2024T19:53:59 - [MESSAGE][PASSED] - Attribute 'value' of object 'Object Repository/to_verify_data/last_name_text_box' is: 'Last_name_GlJhPB'

10-08-2024T19:53:59 - [TEST_STEP][PASSED] - out.println(Last_name): null

10-08-2024T19:53:59 - [TEST_STEP][PASSED] - employee_id = getAttribute(findTestObject("Object Repository/to_verify_data/employee_id"), "value"): Attribute 'value' of object 'Object Repository/to_verify_data/employee_id' is: '333190021'

10-08-2024T19:53:59 - [MESSAGE][PASSED] - Attribute 'value' of object 'Object Repository/to_verify_data/employee_id' is: '333190021'

10-08-2024T19:53:59 - [TEST_STEP][PASSED] - out.println(employee_id): null

10-08-2024T19:53:59 - [TEST_STEP][PASSED] - if (First_name == First_name): first name is same

10-08-2024T19:53:59 - [TEST_STEP][PASSED] - markPassed("first name is same"): first name is same

10-08-2024T19:53:59 - [MESSAGE][PASSED] - first name is same

10-08-2024T19:53:59 - [TEST_STEP][PASSED] - if (Middle_name == Middle_name): middle name is same

10-08-2024T19:53:59 - [TEST_STEP][PASSED] - markPassed("middle name is same"): middle name is same

10-08-2024T19:53:59 - [MESSAGE][PASSED] - middle name is same

10-08-2024T19:53:59 - [TEST_STEP][PASSED] - if (Last_name == Last_name): last name is same

10-08-2024T19:53:59 - [TEST_STEP][PASSED] - markPassed("last name is same"): last name is same

10-08-2024T19:53:59 - [MESSAGE][PASSED] - last name is same

10-08-2024T19:53:59 - [TEST_STEP][PASSED] - if (employee_id == employee_id): employee id is same

10-08-2024T19:53:59 - [TEST_STEP][PASSED] - markPassed("employee id is same"): employee id is same

10-08-2024T19:53:59 - [MESSAGE][PASSED] - employee id is same]]></system-out>
         <system-err><![CDATA[]]></system-err>
      </testcase>
      <testcase name="Test Cases/TEST_CASE_TO_UPLOAD_PROFILE_PICTURE" time="8.352" classname="Test Cases/TEST_CASE_TO_UPLOAD_PROFILE_PICTURE" status="PASSED">
         <system-out><![CDATA[10-08-2024T19:53:59 - [TEST_CASE][PASSED] - Test Cases/TEST_CASE_TO_UPLOAD_PROFILE_PICTURE: Test Cases/TEST_CASE_TO_UPLOAD_PROFILE_PICTURE

10-08-2024T19:53:59 - [TEST_STEP][PASSED] - delay(3): Delayed 3 second(s)

10-08-2024T19:54:02 - [MESSAGE][PASSED] - Delayed 3 second(s)

10-08-2024T19:54:02 - [TEST_STEP][PASSED] - click(findTestObject("to_upload_profile_picture/employee_image_wrapper")): Object: 'Object Repository/to_upload_profile_picture/employee_image_wrapper' is clicked on

10-08-2024T19:54:03 - [MESSAGE][PASSED] - Object: 'Object Repository/to_upload_profile_picture/employee_image_wrapper' is clicked on

10-08-2024T19:54:03 - [TEST_STEP][PASSED] - delay(1): Delayed 1 second(s)

10-08-2024T19:54:04 - [MESSAGE][PASSED] - Delayed 1 second(s)

10-08-2024T19:54:04 - [TEST_STEP][PASSED] - driver = getWebDriver(): null

10-08-2024T19:54:04 - [TEST_STEP][PASSED] - wait = new org.openqa.selenium.support.ui.WebDriverWait(driver, 10): null

10-08-2024T19:54:04 - [TEST_STEP][PASSED] - fileInput = wait.until(ExpectedConditions.presenceOfElementLocated(By.cssSelector("input[type="file"]"))): null

10-08-2024T19:54:05 - [TEST_STEP][PASSED] - driver.executeScript("arguments[0].style.display = 'block';", fileInput): null

10-08-2024T19:54:05 - [TEST_STEP][PASSED] - filePath = "C:\Users\DELL\OneDrive\Desktop\profile_picture.jpg": null

10-08-2024T19:54:05 - [TEST_STEP][PASSED] - fileInput.sendKeys(filePath): null

10-08-2024T19:54:05 - [TEST_STEP][PASSED] - click(findTestObject("Object Repository/to_upload_profile_picture/save_button")): Object: 'Object Repository/to_upload_profile_picture/save_button' is clicked on

10-08-2024T19:54:05 - [MESSAGE][PASSED] - Object: 'Object Repository/to_upload_profile_picture/save_button' is clicked on

10-08-2024T19:54:05 - [TEST_STEP][PASSED] - delay(1): Delayed 1 second(s)

10-08-2024T19:54:06 - [MESSAGE][PASSED] - Delayed 1 second(s)

10-08-2024T19:54:06 - [TEST_STEP][PASSED] - click(findTestObject("to_verify_data/myinfo_option_from_side_bar")): Object: 'Object Repository/to_verify_data/myinfo_option_from_side_bar' is clicked on

10-08-2024T19:54:08 - [MESSAGE][PASSED] - Object: 'Object Repository/to_verify_data/myinfo_option_from_side_bar' is clicked on]]></system-out>
         <system-err><![CDATA[]]></system-err>
      </testcase>
      <system-out><![CDATA[10-08-2024T19:52:27 - [TEST_SUITE][PASSED] - test_suite_for_ornange_hrm_with_mail_automation: Test Cases/TEST_CASE_TO_UPLOAD_PROFILE_PICTURE]]></system-out>
      <system-err><![CDATA[]]></system-err>
   </testsuite>
</testsuites>
